000 (14405.100.000) 07/28 17:54:47 Job submitted from host: <144.92.142.140:9620?sock=9267_cb64_3>
...
001 (14405.100.000) 07/28 18:05:46 Job executing on host: <144.92.142.141:9620?sock=4744_8b2e_3>
...
007 (14405.100.000) 07/28 18:05:46 Shadow exception!
	Error from slot12@mir-exec-01.discovery.wisc.edu: Failed to execute '/mnt/ws/home/jferiante/wid-stnn_dbn-dude.sh': (errno=13: 'Permission denied')
	0  -  Run Bytes Sent By Job
	0  -  Run Bytes Received By Job
...
012 (14405.100.000) 07/28 18:05:46 Job was held.
	Error from slot12@mir-exec-01.discovery.wisc.edu: Failed to execute '/mnt/ws/home/jferiante/wid-stnn_dbn-dude.sh': (errno=13: 'Permission denied')
	Code 6 Subcode 13
...
013 (14405.100.000) 07/28 18:09:40 Job was released.
	via condor_release (by user jferiante)
...
001 (14405.100.000) 07/28 18:42:45 Job executing on host: <144.92.142.161:9620?sock=10442_34dc_3>
...
006 (14405.100.000) 07/28 18:42:54 Image size of job updated: 22460
	22  -  MemoryUsage of job (MB)
	22460  -  ResidentSetSize of job (KB)
...
006 (14405.100.000) 07/28 18:47:54 Image size of job updated: 411836
	403  -  MemoryUsage of job (MB)
	411836  -  ResidentSetSize of job (KB)
...
006 (14405.100.000) 07/28 18:52:54 Image size of job updated: 449132
	439  -  MemoryUsage of job (MB)
	449132  -  ResidentSetSize of job (KB)
...
006 (14405.100.000) 07/28 18:57:55 Image size of job updated: 477108
	466  -  MemoryUsage of job (MB)
	477108  -  ResidentSetSize of job (KB)
...
006 (14405.100.000) 07/28 19:02:56 Image size of job updated: 486980
	476  -  MemoryUsage of job (MB)
	486980  -  ResidentSetSize of job (KB)
...
006 (14405.100.000) 07/28 19:07:56 Image size of job updated: 511684
	500  -  MemoryUsage of job (MB)
	511684  -  ResidentSetSize of job (KB)
...
005 (14405.100.000) 07/28 19:09:42 Job terminated.
	(1) Normal termination (return value 0)
		Usr 0 04:08:18, Sys 0 00:25:58  -  Run Remote Usage
		Usr 0 00:00:00, Sys 0 00:00:00  -  Run Local Usage
		Usr 0 04:08:18, Sys 0 00:25:58  -  Total Remote Usage
		Usr 0 00:00:00, Sys 0 00:00:00  -  Total Local Usage
	0  -  Run Bytes Sent By Job
	0  -  Run Bytes Received By Job
	0  -  Total Bytes Sent By Job
	0  -  Total Bytes Received By Job
	Partitionable Resources :    Usage  Request Allocated
	   Cpus                 :                 1         1
	   Disk (KB)            :        1        1  34974598
	   Memory (MB)          :      500     3072      3228
...
