000 (14405.046.000) 07/28 17:54:47 Job submitted from host: <144.92.142.140:9620?sock=9267_cb64_3>
...
001 (14405.046.000) 07/28 18:05:42 Job executing on host: <144.92.142.162:9620?sock=10446_6bfc_3>
...
007 (14405.046.000) 07/28 18:05:42 Shadow exception!
	Error from slot9@opt-a002.discovery.wisc.edu: Failed to execute '/mnt/ws/home/jferiante/wid-stnn_dbn-dude.sh': (errno=13: 'Permission denied')
	0  -  Run Bytes Sent By Job
	0  -  Run Bytes Received By Job
...
012 (14405.046.000) 07/28 18:05:42 Job was held.
	Error from slot9@opt-a002.discovery.wisc.edu: Failed to execute '/mnt/ws/home/jferiante/wid-stnn_dbn-dude.sh': (errno=13: 'Permission denied')
	Code 6 Subcode 13
...
013 (14405.046.000) 07/28 18:09:40 Job was released.
	via condor_release (by user jferiante)
...
001 (14405.046.000) 07/28 18:12:47 Job executing on host: <144.92.142.178:9620?sock=3470_c397_3>
...
006 (14405.046.000) 07/28 18:12:56 Image size of job updated: 24588
	25  -  MemoryUsage of job (MB)
	24588  -  ResidentSetSize of job (KB)
...
006 (14405.046.000) 07/28 18:17:57 Image size of job updated: 253272
	248  -  MemoryUsage of job (MB)
	253272  -  ResidentSetSize of job (KB)
...
006 (14405.046.000) 07/28 18:22:58 Image size of job updated: 303184
	297  -  MemoryUsage of job (MB)
	303184  -  ResidentSetSize of job (KB)
...
006 (14405.046.000) 07/28 18:27:58 Image size of job updated: 309296
	303  -  MemoryUsage of job (MB)
	309296  -  ResidentSetSize of job (KB)
...
006 (14405.046.000) 07/28 18:32:59 Image size of job updated: 315020
	308  -  MemoryUsage of job (MB)
	315020  -  ResidentSetSize of job (KB)
...
006 (14405.046.000) 07/28 18:38:00 Image size of job updated: 315548
	309  -  MemoryUsage of job (MB)
	315548  -  ResidentSetSize of job (KB)
...
006 (14405.046.000) 07/28 18:43:00 Image size of job updated: 322688
	316  -  MemoryUsage of job (MB)
	322688  -  ResidentSetSize of job (KB)
...
006 (14405.046.000) 07/28 18:53:01 Image size of job updated: 364700
	357  -  MemoryUsage of job (MB)
	364700  -  ResidentSetSize of job (KB)
...
005 (14405.046.000) 07/28 19:06:50 Job terminated.
	(1) Normal termination (return value 0)
		Usr 0 00:52:30, Sys 0 00:05:18  -  Run Remote Usage
		Usr 0 00:00:00, Sys 0 00:00:00  -  Run Local Usage
		Usr 0 00:52:30, Sys 0 00:05:18  -  Total Remote Usage
		Usr 0 00:00:00, Sys 0 00:00:00  -  Total Local Usage
	0  -  Run Bytes Sent By Job
	0  -  Run Bytes Received By Job
	0  -  Total Bytes Sent By Job
	0  -  Total Bytes Received By Job
	Partitionable Resources :    Usage  Request Allocated
	   Cpus                 :                 1         1
	   Disk (KB)            :        1        1  49110096
	   Memory (MB)          :      357     3072      4031
...
