_CONDOR_JOB_IWD /mnt/ws/home/jferiante
Cluster 14405
Process 2
RunningOn slot13@wid-007.discovery.wisc.edu
python th_deep_belief_net.py dud_e 2
Running Theano Learn Deep Belief Net for dud_e, target: ace.........
... building the model
... getting the pretraining functions
... pre-training the model
Pre-training layer 0, epoch 0, cost  -83.9721339787
Pre-training layer 0, epoch 1, cost  -62.9207356302
Pre-training layer 1, epoch 0, cost  -1374.59068321
Pre-training layer 1, epoch 1, cost  -1356.50181617
... getting the finetuning functions
... finetuning the model
     epoch 1, minibatch 204/204, best error 50.323529 %, best_auc: 0.857548
     new best AUC!: 0.867821044001
     new best AUC!: 0.899739507749
     new best AUC!: 0.903206086376
     new best AUC!: 0.911185022058
     new best AUC!: 0.91626970018
     new best AUC!: 0.998173289023
     epoch 7, minibatch 204/204, best error 2.014706 %, best_auc: 0.998173
     new best AUC!: 0.99971701399
     epoch 8, minibatch 204/204, best error 0.455882 %, best_auc: 0.999717
     new best AUC!: 0.999925625472
     epoch 9, minibatch 204/204, best error 0.397059 %, best_auc: 0.999926
     new best AUC!: 0.999983673884
     epoch 10, minibatch 204/204, best error 0.073529 %, best_auc: 0.999984
     new best AUC!: 0.999990929936
     epoch 11, minibatch 204/204, best error 0.058824 %, best_auc: 0.999991
     new best AUC!: 0.999994557961
Optimization complete with best validation score of 0.044118 %, obtained at iteration 2244, with test performance 0.058824 %, and best_auc: 0.999995
runtime: 3573.23 secs.
