_CONDOR_JOB_IWD /mnt/ws/home/jferiante
Cluster 14405
Process 55
RunningOn slot26@mir-exec-01.discovery.wisc.edu
python th_deep_belief_net.py dud_e 55
Running Theano Learn Deep Belief Net for dud_e, target: jak2.........
... building the model
... getting the pretraining functions
... pre-training the model
Pre-training layer 0, epoch 0, cost  -120.393291169
Pre-training layer 0, epoch 1, cost  -83.4411587558
Pre-training layer 1, epoch 0, cost  -1389.33622662
Pre-training layer 1, epoch 1, cost  -1374.58127114
... getting the finetuning functions
... finetuning the model
     epoch 1, minibatch 67/67, best error 40.636364 %, best_auc: 0.807575
     new best AUC!: 0.81545270612
     new best AUC!: 0.919398077896
     epoch 28, minibatch 67/67, best error 23.545455 %, best_auc: 0.919398
     new best AUC!: 0.984016186141
     epoch 29, minibatch 67/67, best error 12.636364 %, best_auc: 0.984016
     new best AUC!: 0.992690945878
     epoch 30, minibatch 67/67, best error 5.863636 %, best_auc: 0.992691
     new best AUC!: 0.994840667678
     epoch 31, minibatch 67/67, best error 4.363636 %, best_auc: 0.994841
     new best AUC!: 0.995397066262
     epoch 32, minibatch 67/67, best error 4.318182 %, best_auc: 0.995397
     new best AUC!: 0.995649974709
     epoch 33, minibatch 67/67, best error 4.272727 %, best_auc: 0.995650
     new best AUC!: 0.995827010622
     new best AUC!: 0.99602933738
     new best AUC!: 0.996105209914
     epoch 37, minibatch 67/67, best error 4.272727 %, best_auc: 0.996105
     epoch 39, minibatch 67/67, best error 4.272727 %, best_auc: 0.996105
     new best AUC!: 0.996155791603
     new best AUC!: 0.996181082448
     new best AUC!: 0.996231664138
     epoch 44, minibatch 67/67, best error 4.272727 %, best_auc: 0.996232
     new best AUC!: 0.996256954982
Optimization complete with best validation score of 2.727273 %, obtained at iteration 2948, with test performance 4.272727 %, and best_auc: 0.996257
runtime: 3661.47 secs.
