000 (14405.093.000) 07/28 17:54:47 Job submitted from host: <144.92.142.140:9620?sock=9267_cb64_3>
...
001 (14405.093.000) 07/28 18:05:45 Job executing on host: <144.92.142.192:9620?sock=11062_0af0_13>
...
007 (14405.093.000) 07/28 18:05:45 Shadow exception!
	Error from slot8@opt-a018.discovery.wisc.edu: Failed to execute '/mnt/ws/home/jferiante/wid-stnn_dbn-dude.sh': (errno=13: 'Permission denied')
	0  -  Run Bytes Sent By Job
	0  -  Run Bytes Received By Job
...
012 (14405.093.000) 07/28 18:05:45 Job was held.
	Error from slot8@opt-a018.discovery.wisc.edu: Failed to execute '/mnt/ws/home/jferiante/wid-stnn_dbn-dude.sh': (errno=13: 'Permission denied')
	Code 6 Subcode 13
...
013 (14405.093.000) 07/28 18:09:40 Job was released.
	via condor_release (by user jferiante)
...
001 (14405.093.000) 07/28 18:34:46 Job executing on host: <144.92.142.178:9620?sock=3470_c397_3>
...
006 (14405.093.000) 07/28 18:34:54 Image size of job updated: 20876
	21  -  MemoryUsage of job (MB)
	20876  -  ResidentSetSize of job (KB)
...
006 (14405.093.000) 07/28 18:39:54 Image size of job updated: 248024
	243  -  MemoryUsage of job (MB)
	248024  -  ResidentSetSize of job (KB)
...
006 (14405.093.000) 07/28 18:44:55 Image size of job updated: 296520
	290  -  MemoryUsage of job (MB)
	296520  -  ResidentSetSize of job (KB)
...
006 (14405.093.000) 07/28 18:49:56 Image size of job updated: 306468
	300  -  MemoryUsage of job (MB)
	306468  -  ResidentSetSize of job (KB)
...
006 (14405.093.000) 07/28 18:54:56 Image size of job updated: 307640
	301  -  MemoryUsage of job (MB)
	307640  -  ResidentSetSize of job (KB)
...
006 (14405.093.000) 07/28 18:59:57 Image size of job updated: 317968
	311  -  MemoryUsage of job (MB)
	317968  -  ResidentSetSize of job (KB)
...
006 (14405.093.000) 07/28 19:04:58 Image size of job updated: 323236
	316  -  MemoryUsage of job (MB)
	323236  -  ResidentSetSize of job (KB)
...
006 (14405.093.000) 07/28 19:09:58 Image size of job updated: 325568
	318  -  MemoryUsage of job (MB)
	325568  -  ResidentSetSize of job (KB)
...
006 (14405.093.000) 07/28 19:14:58 Image size of job updated: 331932
	325  -  MemoryUsage of job (MB)
	331932  -  ResidentSetSize of job (KB)
...
005 (14405.093.000) 07/28 19:15:57 Job terminated.
	(1) Normal termination (return value 0)
		Usr 0 00:47:03, Sys 0 00:05:03  -  Run Remote Usage
		Usr 0 00:00:00, Sys 0 00:00:00  -  Run Local Usage
		Usr 0 00:47:03, Sys 0 00:05:03  -  Total Remote Usage
		Usr 0 00:00:00, Sys 0 00:00:00  -  Total Local Usage
	0  -  Run Bytes Sent By Job
	0  -  Run Bytes Received By Job
	0  -  Total Bytes Sent By Job
	0  -  Total Bytes Received By Job
	Partitionable Resources :    Usage  Request Allocated
	   Cpus                 :                 1         1
	   Disk (KB)            :        1        1  49126942
	   Memory (MB)          :      325     3072      4031
...
