000 (14405.096.000) 07/28 17:54:47 Job submitted from host: <144.92.142.140:9620?sock=9267_cb64_3>
...
001 (14405.096.000) 07/28 18:05:46 Job executing on host: <144.92.142.192:9620?sock=11062_0af0_13>
...
007 (14405.096.000) 07/28 18:05:46 Shadow exception!
	Error from slot8@opt-a018.discovery.wisc.edu: Failed to execute '/mnt/ws/home/jferiante/wid-stnn_dbn-dude.sh': (errno=13: 'Permission denied')
	0  -  Run Bytes Sent By Job
	0  -  Run Bytes Received By Job
...
012 (14405.096.000) 07/28 18:05:46 Job was held.
	Error from slot8@opt-a018.discovery.wisc.edu: Failed to execute '/mnt/ws/home/jferiante/wid-stnn_dbn-dude.sh': (errno=13: 'Permission denied')
	Code 6 Subcode 13
...
013 (14405.096.000) 07/28 18:09:40 Job was released.
	via condor_release (by user jferiante)
...
001 (14405.096.000) 07/28 18:35:45 Job executing on host: <144.92.142.180:9620?sock=7678_2498_3>
...
006 (14405.096.000) 07/28 18:35:54 Image size of job updated: 35372
	35  -  MemoryUsage of job (MB)
	35372  -  ResidentSetSize of job (KB)
...
006 (14405.096.000) 07/28 18:40:55 Image size of job updated: 557240
	545  -  MemoryUsage of job (MB)
	557240  -  ResidentSetSize of job (KB)
...
006 (14405.096.000) 07/28 18:45:56 Image size of job updated: 717732
	701  -  MemoryUsage of job (MB)
	717732  -  ResidentSetSize of job (KB)
...
006 (14405.096.000) 07/28 18:50:56 Image size of job updated: 885316
	865  -  MemoryUsage of job (MB)
	885316  -  ResidentSetSize of job (KB)
...
006 (14405.096.000) 07/28 18:55:57 Image size of job updated: 928320
	907  -  MemoryUsage of job (MB)
	928320  -  ResidentSetSize of job (KB)
...
006 (14405.096.000) 07/28 18:57:41 Image size of job updated: 939608
	907  -  MemoryUsage of job (MB)
	928320  -  ResidentSetSize of job (KB)
...
005 (14405.096.000) 07/28 18:57:41 Job terminated.
	(1) Normal termination (return value 0)
		Usr 0 02:49:29, Sys 0 00:22:11  -  Run Remote Usage
		Usr 0 00:00:00, Sys 0 00:00:00  -  Run Local Usage
		Usr 0 02:49:29, Sys 0 00:22:11  -  Total Remote Usage
		Usr 0 00:00:00, Sys 0 00:00:00  -  Total Local Usage
	0  -  Run Bytes Sent By Job
	0  -  Run Bytes Received By Job
	0  -  Total Bytes Sent By Job
	0  -  Total Bytes Received By Job
	Partitionable Resources :    Usage  Request Allocated
	   Cpus                 :                 1         1
	   Disk (KB)            :        1        1  37428357
	   Memory (MB)          :      907     3072      3228
...
