000 (14405.004.000) 07/28 17:54:46 Job submitted from host: <144.92.142.140:9620?sock=9267_cb64_3>
...
001 (14405.004.000) 07/28 18:05:21 Job executing on host: <144.92.142.141:9620?sock=4744_8b2e_3>
...
007 (14405.004.000) 07/28 18:05:21 Shadow exception!
	Error from slot17@mir-exec-01.discovery.wisc.edu: Failed to execute '/mnt/ws/home/jferiante/wid-stnn_dbn-dude.sh': (errno=13: 'Permission denied')
	0  -  Run Bytes Sent By Job
	0  -  Run Bytes Received By Job
...
012 (14405.004.000) 07/28 18:05:21 Job was held.
	Error from slot17@mir-exec-01.discovery.wisc.edu: Failed to execute '/mnt/ws/home/jferiante/wid-stnn_dbn-dude.sh': (errno=13: 'Permission denied')
	Code 6 Subcode 13
...
013 (14405.004.000) 07/28 18:09:40 Job was released.
	via condor_release (by user jferiante)
...
001 (14405.004.000) 07/28 18:09:55 Job executing on host: <144.92.142.180:9620?sock=7678_2498_3>
...
006 (14405.004.000) 07/28 18:10:04 Image size of job updated: 13136
	13  -  MemoryUsage of job (MB)
	13136  -  ResidentSetSize of job (KB)
...
006 (14405.004.000) 07/28 18:15:05 Image size of job updated: 1297300
	1267  -  MemoryUsage of job (MB)
	1297300  -  ResidentSetSize of job (KB)
...
006 (14405.004.000) 07/28 18:20:05 Image size of job updated: 1319932
	1289  -  MemoryUsage of job (MB)
	1319932  -  ResidentSetSize of job (KB)
...
006 (14405.004.000) 07/28 18:25:05 Image size of job updated: 1367056
	1336  -  MemoryUsage of job (MB)
	1367056  -  ResidentSetSize of job (KB)
...
006 (14405.004.000) 07/28 18:30:06 Image size of job updated: 1379304
	1347  -  MemoryUsage of job (MB)
	1379304  -  ResidentSetSize of job (KB)
...
006 (14405.004.000) 07/28 18:35:06 Image size of job updated: 1379556
	1348  -  MemoryUsage of job (MB)
	1379556  -  ResidentSetSize of job (KB)
...
006 (14405.004.000) 07/28 18:40:06 Image size of job updated: 1419128
	1386  -  MemoryUsage of job (MB)
	1419128  -  ResidentSetSize of job (KB)
...
006 (14405.004.000) 07/28 18:45:08 Image size of job updated: 1485728
	1451  -  MemoryUsage of job (MB)
	1485728  -  ResidentSetSize of job (KB)
...
006 (14405.004.000) 07/28 18:50:08 Image size of job updated: 1487284
	1453  -  MemoryUsage of job (MB)
	1487284  -  ResidentSetSize of job (KB)
...
006 (14405.004.000) 07/28 18:55:08 Image size of job updated: 1502120
	1467  -  MemoryUsage of job (MB)
	1502120  -  ResidentSetSize of job (KB)
...
006 (14405.004.000) 07/28 19:10:10 Image size of job updated: 1543452
	1508  -  MemoryUsage of job (MB)
	1543452  -  ResidentSetSize of job (KB)
...
006 (14405.004.000) 07/28 19:15:11 Image size of job updated: 1553464
	1518  -  MemoryUsage of job (MB)
	1553464  -  ResidentSetSize of job (KB)
...
006 (14405.004.000) 07/28 19:20:12 Image size of job updated: 1554004
	1518  -  MemoryUsage of job (MB)
	1554004  -  ResidentSetSize of job (KB)
...
006 (14405.004.000) 07/28 19:25:12 Image size of job updated: 1554252
	1518  -  MemoryUsage of job (MB)
	1554252  -  ResidentSetSize of job (KB)
...
006 (14405.004.000) 07/28 19:30:12 Image size of job updated: 1554748
	1519  -  MemoryUsage of job (MB)
	1554748  -  ResidentSetSize of job (KB)
...
006 (14405.004.000) 07/28 19:35:13 Image size of job updated: 1592300
	1555  -  MemoryUsage of job (MB)
	1592300  -  ResidentSetSize of job (KB)
...
006 (14405.004.000) 07/28 20:05:15 Image size of job updated: 1607136
	1570  -  MemoryUsage of job (MB)
	1607136  -  ResidentSetSize of job (KB)
...
006 (14405.004.000) 07/28 20:15:16 Image size of job updated: 1629664
	1592  -  MemoryUsage of job (MB)
	1629664  -  ResidentSetSize of job (KB)
...
005 (14405.004.000) 07/28 20:17:49 Job terminated.
	(1) Normal termination (return value 0)
		Usr 0 21:49:38, Sys 0 02:21:16  -  Run Remote Usage
		Usr 0 00:00:00, Sys 0 00:00:00  -  Run Local Usage
		Usr 0 21:49:38, Sys 0 02:21:16  -  Total Remote Usage
		Usr 0 00:00:00, Sys 0 00:00:00  -  Total Local Usage
	0  -  Run Bytes Sent By Job
	0  -  Run Bytes Received By Job
	0  -  Total Bytes Sent By Job
	0  -  Total Bytes Received By Job
	Partitionable Resources :    Usage  Request Allocated
	   Cpus                 :                 1         1
	   Disk (KB)            :        1        1  37428240
	   Memory (MB)          :     1592     3072      3228
...
