000 (14405.080.000) 07/28 17:54:47 Job submitted from host: <144.92.142.140:9620?sock=9267_cb64_3>
...
001 (14405.080.000) 07/28 18:05:44 Job executing on host: <144.92.142.141:9620?sock=4744_8b2e_3>
...
007 (14405.080.000) 07/28 18:05:44 Shadow exception!
	Error from slot27@mir-exec-01.discovery.wisc.edu: Failed to execute '/mnt/ws/home/jferiante/wid-stnn_dbn-dude.sh': (errno=13: 'Permission denied')
	0  -  Run Bytes Sent By Job
	0  -  Run Bytes Received By Job
...
012 (14405.080.000) 07/28 18:05:44 Job was held.
	Error from slot27@mir-exec-01.discovery.wisc.edu: Failed to execute '/mnt/ws/home/jferiante/wid-stnn_dbn-dude.sh': (errno=13: 'Permission denied')
	Code 6 Subcode 13
...
013 (14405.080.000) 07/28 18:09:40 Job was released.
	via condor_release (by user jferiante)
...
001 (14405.080.000) 07/28 18:27:47 Job executing on host: <144.92.142.163:9620?sock=10480_4475_3>
...
006 (14405.080.000) 07/28 18:27:56 Image size of job updated: 20876
	21  -  MemoryUsage of job (MB)
	20876  -  ResidentSetSize of job (KB)
...
006 (14405.080.000) 07/28 18:32:56 Image size of job updated: 515036
	503  -  MemoryUsage of job (MB)
	515036  -  ResidentSetSize of job (KB)
...
006 (14405.080.000) 07/28 18:37:56 Image size of job updated: 536564
	524  -  MemoryUsage of job (MB)
	536564  -  ResidentSetSize of job (KB)
...
006 (14405.080.000) 07/28 18:42:57 Image size of job updated: 547668
	535  -  MemoryUsage of job (MB)
	547668  -  ResidentSetSize of job (KB)
...
006 (14405.080.000) 07/28 18:47:58 Image size of job updated: 548000
	536  -  MemoryUsage of job (MB)
	548000  -  ResidentSetSize of job (KB)
...
006 (14405.080.000) 07/28 18:52:58 Image size of job updated: 555716
	543  -  MemoryUsage of job (MB)
	555716  -  ResidentSetSize of job (KB)
...
006 (14405.080.000) 07/28 18:57:58 Image size of job updated: 567392
	555  -  MemoryUsage of job (MB)
	567392  -  ResidentSetSize of job (KB)
...
006 (14405.080.000) 07/28 19:02:59 Image size of job updated: 580196
	567  -  MemoryUsage of job (MB)
	580196  -  ResidentSetSize of job (KB)
...
006 (14405.080.000) 07/28 19:04:50 Image size of job updated: 589448
	567  -  MemoryUsage of job (MB)
	580196  -  ResidentSetSize of job (KB)
...
005 (14405.080.000) 07/28 19:04:50 Job terminated.
	(1) Normal termination (return value 0)
		Usr 0 05:57:13, Sys 0 00:34:42  -  Run Remote Usage
		Usr 0 00:00:00, Sys 0 00:00:00  -  Run Local Usage
		Usr 0 05:57:13, Sys 0 00:34:42  -  Total Remote Usage
		Usr 0 00:00:00, Sys 0 00:00:00  -  Total Local Usage
	0  -  Run Bytes Sent By Job
	0  -  Run Bytes Received By Job
	0  -  Total Bytes Sent By Job
	0  -  Total Bytes Received By Job
	Partitionable Resources :    Usage  Request Allocated
	   Cpus                 :                 1         1
	   Disk (KB)            :        1        1  34974354
	   Memory (MB)          :      567     3072      3228
...
