_CONDOR_JOB_IWD /mnt/ws/home/jferiante
Cluster 14405
Process 91
RunningOn slot19@wid-007.discovery.wisc.edu
python th_deep_belief_net.py dud_e 91
Running Theano Learn Deep Belief Net for dud_e, target: src.........
... building the model
... getting the pretraining functions
... pre-training the model
Pre-training layer 0, epoch 0, cost  -93.6274068368
Pre-training layer 0, epoch 1, cost  -74.6683592873
Pre-training layer 1, epoch 0, cost  -1367.50978308
Pre-training layer 1, epoch 1, cost  -1351.16249737
... getting the finetuning functions
... finetuning the model
     epoch 1, minibatch 359/359, best error 41.647059 %, best_auc: 0.767662
     new best AUC!: 0.807265106772
     new best AUC!: 0.932737099162
     epoch 3, minibatch 359/359, best error 11.495798 %, best_auc: 0.932737
     new best AUC!: 0.984696330738
     epoch 4, minibatch 359/359, best error 3.294118 %, best_auc: 0.984696
     new best AUC!: 0.997686354056
     epoch 5, minibatch 359/359, best error 2.243697 %, best_auc: 0.997686
     new best AUC!: 0.998334347259
     epoch 6, minibatch 359/359, best error 2.302521 %, best_auc: 0.998334
     new best AUC!: 0.998436027043
     epoch 7, minibatch 359/359, best error 2.327731 %, best_auc: 0.998436
     epoch 8, minibatch 359/359, best error 2.310924 %, best_auc: 0.998436
     epoch 9, minibatch 359/359, best error 2.310924 %, best_auc: 0.998436
     epoch 10, minibatch 359/359, best error 2.521008 %, best_auc: 0.998436
     epoch 11, minibatch 359/359, best error 2.495798 %, best_auc: 0.998436
     epoch 12, minibatch 359/359, best error 2.478992 %, best_auc: 0.998436
     epoch 14, minibatch 359/359, best error 2.453782 %, best_auc: 0.998436
Optimization complete with best validation score of 1.966387 %, obtained at iteration 5026, with test performance 2.453782 %, and best_auc: 0.998436
runtime: 8097.10 secs.
