_CONDOR_JOB_IWD /mnt/ws/home/jferiante
Cluster 14405
Process 81
RunningOn slot5@opt-a008.discovery.wisc.edu
python th_deep_belief_net.py dud_e 81
Running Theano Learn Deep Belief Net for dud_e, target: pparg.........
... building the model
... getting the pretraining functions
... pre-training the model
Pre-training layer 0, epoch 0, cost  -87.0856732746
Pre-training layer 0, epoch 1, cost  -66.9035016916
Pre-training layer 1, epoch 0, cost  -1363.97402765
Pre-training layer 1, epoch 1, cost  -1342.44741544
... getting the finetuning functions
... finetuning the model
     epoch 1, minibatch 285/285, best error 7.000000 %, best_auc: 0.944588
     new best AUC!: 0.962903671843
     epoch 2, minibatch 285/285, best error 4.755319 %, best_auc: 0.962904
     new best AUC!: 0.968131134953
     epoch 3, minibatch 285/285, best error 3.265957 %, best_auc: 0.968131
     new best AUC!: 0.971083161501
     epoch 4, minibatch 285/285, best error 3.170213 %, best_auc: 0.971083
     new best AUC!: 0.972685364177
     epoch 5, minibatch 285/285, best error 3.074468 %, best_auc: 0.972685
     new best AUC!: 0.974239910218
     epoch 6, minibatch 285/285, best error 2.734043 %, best_auc: 0.974240
     new best AUC!: 0.974599684258
     epoch 7, minibatch 285/285, best error 2.734043 %, best_auc: 0.974600
     new best AUC!: 0.974816488391
     epoch 8, minibatch 285/285, best error 2.723404 %, best_auc: 0.974816
     new best AUC!: 0.974876226991
     epoch 9, minibatch 285/285, best error 2.712766 %, best_auc: 0.974876
     new best AUC!: 0.97565148635
     epoch 11, minibatch 285/285, best error 2.691489 %, best_auc: 0.975651
     new best AUC!: 0.97801216788
     epoch 13, minibatch 285/285, best error 2.691489 %, best_auc: 0.978012
     epoch 14, minibatch 285/285, best error 2.680851 %, best_auc: 0.978012
     new best AUC!: 0.979009601134
     new best AUC!: 0.979316348777
     new best AUC!: 0.979498249458
     new best AUC!: 0.979796271237
     epoch 27, minibatch 285/285, best error 2.648936 %, best_auc: 0.979796
     new best AUC!: 0.980031198316
     new best AUC!: 0.980240619026
     new best AUC!: 0.9804023831
     epoch 33, minibatch 285/285, best error 2.638298 %, best_auc: 0.980402
     new best AUC!: 0.98046077926
     new best AUC!: 0.980487628069
     epoch 36, minibatch 285/285, best error 2.638298 %, best_auc: 0.980488
     new best AUC!: 0.980585626222
     new best AUC!: 0.980613146251
     new best AUC!: 0.980724568808
     new best AUC!: 0.980750075177
     new best AUC!: 0.980944729042
     new best AUC!: 0.981007152523
     new best AUC!: 0.981252819125
     new best AUC!: 0.981558895547
     new best AUC!: 0.981753549413
     new best AUC!: 0.98183543828
     new best AUC!: 0.982190513779
     new best AUC!: 0.982495918981
     new best AUC!: 0.982591232253
     epoch 76, minibatch 285/285, best error 2.595745 %, best_auc: 0.982591
     epoch 78, minibatch 285/285, best error 2.595745 %, best_auc: 0.982591
     new best AUC!: 0.982636875228
     new best AUC!: 0.982832871534
     epoch 92, minibatch 285/285, best error 2.585106 %, best_auc: 0.982833
     new best AUC!: 0.98306175763
     new best AUC!: 0.983082565457
     new best AUC!: 0.983122167451
     new best AUC!: 0.983166467985
     new best AUC!: 0.983198015336
     new best AUC!: 0.983353067208
     new best AUC!: 0.983404079945
     new best AUC!: 0.983524899585
     new best AUC!: 0.983525570806
     new best AUC!: 0.983606117233
     new best AUC!: 0.983714854909
     new best AUC!: 0.98377660717
     new best AUC!: 0.983857153597
     new best AUC!: 0.983864537019
     new best AUC!: 0.9838672219
     new best AUC!: 0.983886016066
     new best AUC!: 0.983944412226
     new best AUC!: 0.983947097107
     new best AUC!: 0.983953138089
     new best AUC!: 0.984063218206
     new best AUC!: 0.984069930408
     new best AUC!: 0.984078656271
     new best AUC!: 0.984079327491
     new best AUC!: 0.984114902163
Optimization complete with best validation score of 4.500000 %, obtained at iteration 26220, with test performance 2.585106 %, and best_auc: 0.984115
runtime: 190412.48 secs.
