013 (14384.098.000) 07/28 18:09:39 Job was released.
	via condor_release (by user jferiante)
...
001 (14384.098.000) 07/28 18:09:54 Job executing on host: <144.92.142.167:9620?sock=8499_6821_3>
...
007 (14384.098.000) 07/28 18:09:54 Shadow exception!
	Error from slot6@opt-a007.discovery.wisc.edu: Failed to execute '/mnt/ws/home/jferiante/wid_jobs/th_deep_belief_net/wid-stnn_dbn-dude.sh': (errno=2: 'No such file or directory')
	0  -  Run Bytes Sent By Job
	0  -  Run Bytes Received By Job
...
012 (14384.098.000) 07/28 18:09:54 Job was held.
	Error from slot6@opt-a007.discovery.wisc.edu: Failed to execute '/mnt/ws/home/jferiante/wid_jobs/th_deep_belief_net/wid-stnn_dbn-dude.sh': (errno=2: 'No such file or directory')
	Code 6 Subcode 2
...
013 (14384.098.000) 07/28 18:10:35 Job was released.
	via condor_release (by user jferiante)
...
001 (14384.098.000) 07/28 18:11:07 Job executing on host: <144.92.142.181:9620?sock=7576_d24e_3>
...
007 (14384.098.000) 07/28 18:11:07 Shadow exception!
	Error from slot14@opt-a016.discovery.wisc.edu: Failed to execute '/mnt/ws/home/jferiante/wid_jobs/th_deep_belief_net/wid-stnn_dbn-dude.sh': (errno=2: 'No such file or directory')
	0  -  Run Bytes Sent By Job
	0  -  Run Bytes Received By Job
...
012 (14384.098.000) 07/28 18:11:07 Job was held.
	Error from slot14@opt-a016.discovery.wisc.edu: Failed to execute '/mnt/ws/home/jferiante/wid_jobs/th_deep_belief_net/wid-stnn_dbn-dude.sh': (errno=2: 'No such file or directory')
	Code 6 Subcode 2
...
013 (14384.098.000) 07/28 19:07:45 Job was released.
	via condor_release (by user jferiante)
...
001 (14384.098.000) 07/28 19:09:08 Job executing on host: <144.92.142.141:9620?sock=4744_8b2e_3>
...
007 (14384.098.000) 07/28 19:09:08 Shadow exception!
	Error from slot28@mir-exec-01.discovery.wisc.edu: Failed to execute '/mnt/ws/home/jferiante/wid_jobs/th_deep_belief_net/wid-stnn_dbn-dude.sh': (errno=2: 'No such file or directory')
	0  -  Run Bytes Sent By Job
	0  -  Run Bytes Received By Job
...
012 (14384.098.000) 07/28 19:09:08 Job was held.
	Error from slot28@mir-exec-01.discovery.wisc.edu: Failed to execute '/mnt/ws/home/jferiante/wid_jobs/th_deep_belief_net/wid-stnn_dbn-dude.sh': (errno=2: 'No such file or directory')
	Code 6 Subcode 2
...
013 (14384.098.000) 07/28 19:37:52 Job was released.
	via condor_release (by user jferiante)
...
001 (14384.098.000) 07/28 19:38:17 Job executing on host: <144.92.142.178:9620?sock=3470_c397_3>
...
007 (14384.098.000) 07/28 19:38:17 Shadow exception!
	Error from slot3@wid-007.discovery.wisc.edu: Failed to execute '/mnt/ws/home/jferiante/wid_jobs/th_deep_belief_net/wid-stnn_dbn-dude.sh': (errno=2: 'No such file or directory')
	0  -  Run Bytes Sent By Job
	0  -  Run Bytes Received By Job
...
012 (14384.098.000) 07/28 19:38:17 Job was held.
	Error from slot3@wid-007.discovery.wisc.edu: Failed to execute '/mnt/ws/home/jferiante/wid_jobs/th_deep_belief_net/wid-stnn_dbn-dude.sh': (errno=2: 'No such file or directory')
	Code 6 Subcode 2
...
009 (14384.098.000) 07/29 12:01:20 Job was aborted by the user.
	via condor_rm (by user jferiante)
...
