000 (14405.083.000) 07/28 17:54:47 Job submitted from host: <144.92.142.140:9620?sock=9267_cb64_3>
...
001 (14405.083.000) 07/28 18:05:45 Job executing on host: <144.92.142.192:9620?sock=11062_0af0_13>
...
007 (14405.083.000) 07/28 18:05:45 Shadow exception!
	Error from slot8@opt-a018.discovery.wisc.edu: Failed to execute '/mnt/ws/home/jferiante/wid-stnn_dbn-dude.sh': (errno=13: 'Permission denied')
	0  -  Run Bytes Sent By Job
	0  -  Run Bytes Received By Job
...
012 (14405.083.000) 07/28 18:05:45 Job was held.
	Error from slot8@opt-a018.discovery.wisc.edu: Failed to execute '/mnt/ws/home/jferiante/wid-stnn_dbn-dude.sh': (errno=13: 'Permission denied')
	Code 6 Subcode 13
...
013 (14405.083.000) 07/28 18:09:40 Job was released.
	via condor_release (by user jferiante)
...
001 (14405.083.000) 07/28 18:28:47 Job executing on host: <144.92.142.174:9620?sock=5096_79fc_3>
...
006 (14405.083.000) 07/28 18:28:56 Image size of job updated: 27812
	28  -  MemoryUsage of job (MB)
	27812  -  ResidentSetSize of job (KB)
...
006 (14405.083.000) 07/28 18:33:56 Image size of job updated: 390124
	381  -  MemoryUsage of job (MB)
	390124  -  ResidentSetSize of job (KB)
...
006 (14405.083.000) 07/28 18:38:56 Image size of job updated: 427444
	418  -  MemoryUsage of job (MB)
	427444  -  ResidentSetSize of job (KB)
...
006 (14405.083.000) 07/28 18:43:57 Image size of job updated: 467560
	457  -  MemoryUsage of job (MB)
	467560  -  ResidentSetSize of job (KB)
...
006 (14405.083.000) 07/28 18:46:00 Image size of job updated: 474700
	457  -  MemoryUsage of job (MB)
	467560  -  ResidentSetSize of job (KB)
...
005 (14405.083.000) 07/28 18:46:00 Job terminated.
	(1) Normal termination (return value 0)
		Usr 0 01:39:06, Sys 0 00:07:46  -  Run Remote Usage
		Usr 0 00:00:00, Sys 0 00:00:00  -  Run Local Usage
		Usr 0 01:39:06, Sys 0 00:07:46  -  Total Remote Usage
		Usr 0 00:00:00, Sys 0 00:00:00  -  Total Local Usage
	0  -  Run Bytes Sent By Job
	0  -  Run Bytes Received By Job
	0  -  Total Bytes Sent By Job
	0  -  Total Bytes Received By Job
	Partitionable Resources :    Usage  Request Allocated
	   Cpus                 :                 1         1
	   Disk (KB)            :        1        1  27963867
	   Memory (MB)          :      457     3072      4031
...
