000 (14405.036.000) 07/28 17:54:47 Job submitted from host: <144.92.142.140:9620?sock=9267_cb64_3>
...
001 (14405.036.000) 07/28 18:05:41 Job executing on host: <144.92.142.162:9620?sock=10446_6bfc_3>
...
007 (14405.036.000) 07/28 18:05:41 Shadow exception!
	Error from slot9@opt-a002.discovery.wisc.edu: Failed to execute '/mnt/ws/home/jferiante/wid-stnn_dbn-dude.sh': (errno=13: 'Permission denied')
	0  -  Run Bytes Sent By Job
	0  -  Run Bytes Received By Job
...
012 (14405.036.000) 07/28 18:05:41 Job was held.
	Error from slot9@opt-a002.discovery.wisc.edu: Failed to execute '/mnt/ws/home/jferiante/wid-stnn_dbn-dude.sh': (errno=13: 'Permission denied')
	Code 6 Subcode 13
...
013 (14405.036.000) 07/28 18:09:39 Job was released.
	via condor_release (by user jferiante)
...
001 (14405.036.000) 07/28 18:12:49 Job executing on host: <144.92.142.141:9620?sock=4744_8b2e_3>
...
006 (14405.036.000) 07/28 18:12:58 Image size of job updated: 12592
	13  -  MemoryUsage of job (MB)
	12592  -  ResidentSetSize of job (KB)
...
006 (14405.036.000) 07/28 18:17:58 Image size of job updated: 176260
	172  -  MemoryUsage of job (MB)
	176064  -  ResidentSetSize of job (KB)
...
006 (14405.036.000) 07/28 18:22:58 Image size of job updated: 183500
	180  -  MemoryUsage of job (MB)
	183304  -  ResidentSetSize of job (KB)
...
006 (14405.036.000) 07/28 18:27:59 Image size of job updated: 183768
	180  -  MemoryUsage of job (MB)
	183572  -  ResidentSetSize of job (KB)
...
006 (14405.036.000) 07/28 18:33:00 Image size of job updated: 188608
	184  -  MemoryUsage of job (MB)
	188412  -  ResidentSetSize of job (KB)
...
005 (14405.036.000) 07/28 18:44:57 Job terminated.
	(1) Normal termination (return value 0)
		Usr 0 00:25:28, Sys 0 00:03:09  -  Run Remote Usage
		Usr 0 00:00:00, Sys 0 00:00:00  -  Run Local Usage
		Usr 0 00:25:28, Sys 0 00:03:09  -  Total Remote Usage
		Usr 0 00:00:00, Sys 0 00:00:00  -  Total Local Usage
	0  -  Run Bytes Sent By Job
	0  -  Run Bytes Received By Job
	0  -  Total Bytes Sent By Job
	0  -  Total Bytes Received By Job
	Partitionable Resources :    Usage  Request Allocated
	   Cpus                 :                 1         1
	   Disk (KB)            :        1        1  10268313
	   Memory (MB)          :      184     3072      4031
...
