013 (14384.078.000) 07/28 18:09:39 Job was released.
	via condor_release (by user jferiante)
...
001 (14384.078.000) 07/28 18:09:53 Job executing on host: <144.92.142.167:9620?sock=8499_6821_3>
...
007 (14384.078.000) 07/28 18:09:53 Shadow exception!
	Error from slot4@opt-a007.discovery.wisc.edu: Failed to execute '/mnt/ws/home/jferiante/wid_jobs/th_deep_belief_net/wid-stnn_dbn-dude.sh': (errno=2: 'No such file or directory')
	0  -  Run Bytes Sent By Job
	0  -  Run Bytes Received By Job
...
012 (14384.078.000) 07/28 18:09:53 Job was held.
	Error from slot4@opt-a007.discovery.wisc.edu: Failed to execute '/mnt/ws/home/jferiante/wid_jobs/th_deep_belief_net/wid-stnn_dbn-dude.sh': (errno=2: 'No such file or directory')
	Code 6 Subcode 2
...
013 (14384.078.000) 07/28 18:10:34 Job was released.
	via condor_release (by user jferiante)
...
001 (14384.078.000) 07/28 18:11:05 Job executing on host: <144.92.142.136:9620?sock=6083_9576_4>
...
007 (14384.078.000) 07/28 18:11:05 Shadow exception!
	Error from slot12@roy-exec-1.discovery.wisc.edu: Failed to execute '/mnt/ws/home/jferiante/wid_jobs/th_deep_belief_net/wid-stnn_dbn-dude.sh': (errno=2: 'No such file or directory')
	0  -  Run Bytes Sent By Job
	0  -  Run Bytes Received By Job
...
012 (14384.078.000) 07/28 18:11:05 Job was held.
	Error from slot12@roy-exec-1.discovery.wisc.edu: Failed to execute '/mnt/ws/home/jferiante/wid_jobs/th_deep_belief_net/wid-stnn_dbn-dude.sh': (errno=2: 'No such file or directory')
	Code 6 Subcode 2
...
013 (14384.078.000) 07/28 19:07:45 Job was released.
	via condor_release (by user jferiante)
...
001 (14384.078.000) 07/28 19:08:22 Job executing on host: <144.92.142.178:9620?sock=3470_c397_3>
...
007 (14384.078.000) 07/28 19:08:22 Shadow exception!
	Error from slot14@wid-007.discovery.wisc.edu: Failed to execute '/mnt/ws/home/jferiante/wid_jobs/th_deep_belief_net/wid-stnn_dbn-dude.sh': (errno=2: 'No such file or directory')
	0  -  Run Bytes Sent By Job
	0  -  Run Bytes Received By Job
...
012 (14384.078.000) 07/28 19:08:22 Job was held.
	Error from slot14@wid-007.discovery.wisc.edu: Failed to execute '/mnt/ws/home/jferiante/wid_jobs/th_deep_belief_net/wid-stnn_dbn-dude.sh': (errno=2: 'No such file or directory')
	Code 6 Subcode 2
...
013 (14384.078.000) 07/28 19:37:52 Job was released.
	via condor_release (by user jferiante)
...
001 (14384.078.000) 07/28 19:39:06 Job executing on host: <144.92.142.141:9620?sock=4744_8b2e_3>
...
007 (14384.078.000) 07/28 19:39:06 Shadow exception!
	Error from slot3@mir-exec-01.discovery.wisc.edu: Failed to execute '/mnt/ws/home/jferiante/wid_jobs/th_deep_belief_net/wid-stnn_dbn-dude.sh': (errno=2: 'No such file or directory')
	0  -  Run Bytes Sent By Job
	0  -  Run Bytes Received By Job
...
012 (14384.078.000) 07/28 19:39:06 Job was held.
	Error from slot3@mir-exec-01.discovery.wisc.edu: Failed to execute '/mnt/ws/home/jferiante/wid_jobs/th_deep_belief_net/wid-stnn_dbn-dude.sh': (errno=2: 'No such file or directory')
	Code 6 Subcode 2
...
009 (14384.078.000) 07/29 12:01:20 Job was aborted by the user.
	via condor_rm (by user jferiante)
...
