_CONDOR_JOB_IWD /mnt/ws/home/jferiante
Cluster 14405
Process 24
RunningOn slot32@mir-exec-01.discovery.wisc.edu
python th_deep_belief_net.py dud_e 24
Running Theano Learn Deep Belief Net for dud_e, target: def.........
... building the model
... getting the pretraining functions
... pre-training the model
Pre-training layer 0, epoch 0, cost  -111.099312031
Pre-training layer 0, epoch 1, cost  -70.3486679227
Pre-training layer 1, epoch 0, cost  -1390.40483526
Pre-training layer 1, epoch 1, cost  -1375.36585329
... getting the finetuning functions
... finetuning the model
     epoch 1, minibatch 63/63, best error 45.523810 %, best_auc: 0.741077
     new best AUC!: 0.898594158675
     epoch 2, minibatch 63/63, best error 20.809524 %, best_auc: 0.898594
     new best AUC!: 0.998910200523
     epoch 3, minibatch 63/63, best error 2.952381 %, best_auc: 0.998910
     new best AUC!: 0.999945510026
     epoch 4, minibatch 63/63, best error 0.095238 %, best_auc: 0.999946
     new best AUC!: 1.0
     epoch 5, minibatch 63/63, best error 0.095238 %, best_auc: 1.000000
     epoch 9, minibatch 63/63, best error 0.000000 %, best_auc: 1.000000
     new best AUC!: 1.0
Optimization complete with best validation score of 1.428571 %, obtained at iteration 567, with test performance 0.000000 %, and best_auc: 1.000000
runtime: 3152.12 secs.
