000 (14405.066.000) 07/28 17:54:47 Job submitted from host: <144.92.142.140:9620?sock=9267_cb64_3>
...
001 (14405.066.000) 07/28 18:05:43 Job executing on host: <144.92.142.141:9620?sock=4744_8b2e_3>
...
007 (14405.066.000) 07/28 18:05:43 Shadow exception!
	Error from slot27@mir-exec-01.discovery.wisc.edu: Failed to execute '/mnt/ws/home/jferiante/wid-stnn_dbn-dude.sh': (errno=13: 'Permission denied')
	0  -  Run Bytes Sent By Job
	0  -  Run Bytes Received By Job
...
012 (14405.066.000) 07/28 18:05:44 Job was held.
	Error from slot27@mir-exec-01.discovery.wisc.edu: Failed to execute '/mnt/ws/home/jferiante/wid-stnn_dbn-dude.sh': (errno=13: 'Permission denied')
	Code 6 Subcode 13
...
013 (14405.066.000) 07/28 18:09:40 Job was released.
	via condor_release (by user jferiante)
...
001 (14405.066.000) 07/28 18:18:44 Job executing on host: <144.92.142.178:9620?sock=3470_c397_3>
...
006 (14405.066.000) 07/28 18:18:53 Image size of job updated: 20812
	21  -  MemoryUsage of job (MB)
	20812  -  ResidentSetSize of job (KB)
...
006 (14405.066.000) 07/28 18:23:54 Image size of job updated: 248980
	244  -  MemoryUsage of job (MB)
	248980  -  ResidentSetSize of job (KB)
...
006 (14405.066.000) 07/28 18:28:54 Image size of job updated: 296888
	290  -  MemoryUsage of job (MB)
	296888  -  ResidentSetSize of job (KB)
...
006 (14405.066.000) 07/28 18:33:54 Image size of job updated: 298152
	292  -  MemoryUsage of job (MB)
	298152  -  ResidentSetSize of job (KB)
...
006 (14405.066.000) 07/28 18:38:55 Image size of job updated: 299288
	293  -  MemoryUsage of job (MB)
	299288  -  ResidentSetSize of job (KB)
...
006 (14405.066.000) 07/28 18:43:56 Image size of job updated: 304180
	298  -  MemoryUsage of job (MB)
	304180  -  ResidentSetSize of job (KB)
...
006 (14405.066.000) 07/28 18:48:56 Image size of job updated: 308668
	302  -  MemoryUsage of job (MB)
	308668  -  ResidentSetSize of job (KB)
...
006 (14405.066.000) 07/28 18:58:58 Image size of job updated: 311252
	304  -  MemoryUsage of job (MB)
	311252  -  ResidentSetSize of job (KB)
...
006 (14405.066.000) 07/28 19:03:58 Image size of job updated: 330072
	323  -  MemoryUsage of job (MB)
	330072  -  ResidentSetSize of job (KB)
...
006 (14405.066.000) 07/28 19:06:32 Image size of job updated: 334964
	323  -  MemoryUsage of job (MB)
	330072  -  ResidentSetSize of job (KB)
...
005 (14405.066.000) 07/28 19:06:32 Job terminated.
	(1) Normal termination (return value 0)
		Usr 0 00:45:35, Sys 0 00:04:35  -  Run Remote Usage
		Usr 0 00:00:00, Sys 0 00:00:00  -  Run Local Usage
		Usr 0 00:45:35, Sys 0 00:04:35  -  Total Remote Usage
		Usr 0 00:00:00, Sys 0 00:00:00  -  Total Local Usage
	0  -  Run Bytes Sent By Job
	0  -  Run Bytes Received By Job
	0  -  Total Bytes Sent By Job
	0  -  Total Bytes Received By Job
	Partitionable Resources :    Usage  Request Allocated
	   Cpus                 :                 1         1
	   Disk (KB)            :        1        1  49126940
	   Memory (MB)          :      323     3072      4031
...
