013 (14384.101.000) 07/28 18:09:41 Job was released.
	via condor_release (by user jferiante)
...
001 (14384.101.000) 07/28 18:09:54 Job executing on host: <144.92.142.181:9620?sock=7576_d24e_3>
...
007 (14384.101.000) 07/28 18:09:55 Shadow exception!
	Error from slot13@opt-a016.discovery.wisc.edu: Failed to execute '/mnt/ws/home/jferiante/wid_jobs/th_deep_belief_net/wid-stnn_dbn-dude.sh': (errno=2: 'No such file or directory')
	0  -  Run Bytes Sent By Job
	0  -  Run Bytes Received By Job
...
012 (14384.101.000) 07/28 18:09:55 Job was held.
	Error from slot13@opt-a016.discovery.wisc.edu: Failed to execute '/mnt/ws/home/jferiante/wid_jobs/th_deep_belief_net/wid-stnn_dbn-dude.sh': (errno=2: 'No such file or directory')
	Code 6 Subcode 2
...
013 (14384.101.000) 07/28 18:10:36 Job was released.
	via condor_release (by user jferiante)
...
001 (14384.101.000) 07/28 18:11:07 Job executing on host: <144.92.142.163:9620?sock=10480_4475_3>
...
007 (14384.101.000) 07/28 18:11:07 Shadow exception!
	Error from slot8@opt-a003.discovery.wisc.edu: Failed to execute '/mnt/ws/home/jferiante/wid_jobs/th_deep_belief_net/wid-stnn_dbn-dude.sh': (errno=2: 'No such file or directory')
	0  -  Run Bytes Sent By Job
	0  -  Run Bytes Received By Job
...
012 (14384.101.000) 07/28 18:11:07 Job was held.
	Error from slot8@opt-a003.discovery.wisc.edu: Failed to execute '/mnt/ws/home/jferiante/wid_jobs/th_deep_belief_net/wid-stnn_dbn-dude.sh': (errno=2: 'No such file or directory')
	Code 6 Subcode 2
...
013 (14384.101.000) 07/28 19:07:45 Job was released.
	via condor_release (by user jferiante)
...
001 (14384.101.000) 07/28 19:08:22 Job executing on host: <144.92.142.141:9620?sock=4744_8b2e_3>
...
007 (14384.101.000) 07/28 19:08:22 Shadow exception!
	Error from slot8@mir-exec-01.discovery.wisc.edu: Failed to execute '/mnt/ws/home/jferiante/wid_jobs/th_deep_belief_net/wid-stnn_dbn-dude.sh': (errno=2: 'No such file or directory')
	0  -  Run Bytes Sent By Job
	0  -  Run Bytes Received By Job
...
012 (14384.101.000) 07/28 19:08:22 Job was held.
	Error from slot8@mir-exec-01.discovery.wisc.edu: Failed to execute '/mnt/ws/home/jferiante/wid_jobs/th_deep_belief_net/wid-stnn_dbn-dude.sh': (errno=2: 'No such file or directory')
	Code 6 Subcode 2
...
013 (14384.101.000) 07/28 19:37:52 Job was released.
	via condor_release (by user jferiante)
...
001 (14384.101.000) 07/28 19:38:06 Job executing on host: <144.92.142.174:9620?sock=5096_79fc_3>
...
007 (14384.101.000) 07/28 19:38:06 Shadow exception!
	Error from slot5@opt-a014.discovery.wisc.edu: Failed to execute '/mnt/ws/home/jferiante/wid_jobs/th_deep_belief_net/wid-stnn_dbn-dude.sh': (errno=2: 'No such file or directory')
	0  -  Run Bytes Sent By Job
	0  -  Run Bytes Received By Job
...
012 (14384.101.000) 07/28 19:38:07 Job was held.
	Error from slot5@opt-a014.discovery.wisc.edu: Failed to execute '/mnt/ws/home/jferiante/wid_jobs/th_deep_belief_net/wid-stnn_dbn-dude.sh': (errno=2: 'No such file or directory')
	Code 6 Subcode 2
...
009 (14384.101.000) 07/29 12:01:21 Job was aborted by the user.
	via condor_rm (by user jferiante)
...
