[16:46:23] Explicit valence for atom # 11 C, 5, is greater than permitted
[16:46:23] sanitise [16:46:23] ZINC36048734: [16:46:25] ZINC01578907: Warning - no explicit hydrogens in mol2 file but needed for formal charge estimation.
[16:46:25] ZINC01578907: Warning - no explicit hydrogens in mol2 file but needed for formal charge estimation.
[16:46:28] Explicit valence for atom # 11 C, 5, is greater than permitted
[16:46:28] sanitise [16:46:28] ZINC36048653: [16:46:28] Explicit valence for atom # 24 C, 5, is greater than permitted
[16:46:28] sanitise [16:46:28] ZINC35675023: [16:46:28] Explicit valence for atom # 19 C, 5, is greater than permitted
[16:46:28] sanitise [16:46:28] ZINC36048833: [16:46:28] Explicit valence for atom # 30 C, 5, is greater than permitted
[16:46:28] sanitise [16:46:28] ZINC36048179: [16:46:28] Explicit valence for atom # 25 C, 5, is greater than permitted
[16:46:28] sanitise [16:46:28] ZINC36048643: [16:46:28] Explicit valence for atom # 19 C, 5, is greater than permitted
[16:46:28] sanitise [16:46:28] ZINC36048834: [16:46:30] Explicit valence for atom # 25 C, 5, is greater than permitted
[16:46:30] sanitise [16:46:30] ZINC35673795: [16:46:30] Explicit valence for atom # 12 C, 5, is greater than permitted
[16:46:30] sanitise [16:46:30] ZINC35674948: [16:46:30] Explicit valence for atom # 11 C, 5, is greater than permitted
[16:46:30] sanitise [16:46:30] ZINC35674984: [16:46:30] Explicit valence for atom # 11 C, 5, is greater than permitted
[16:46:30] sanitise [16:46:30] ZINC35674986: [16:46:30] Explicit valence for atom # 26 C, 5, is greater than permitted
[16:46:30] sanitise [16:46:30] ZINC35675061: [16:46:30] Explicit valence for atom # 22 C, 5, is greater than permitted
[16:46:30] sanitise [16:46:30] ZINC36048641: [16:46:30] Explicit valence for atom # 22 C, 5, is greater than permitted
[16:46:30] sanitise [16:46:30] ZINC36048642: [16:46:30] Explicit valence for atom # 11 C, 5, is greater than permitted
[16:46:30] sanitise [16:46:30] ZINC35674938: [16:46:30] Explicit valence for atom # 23 C, 5, is greater than permitted
[16:46:30] sanitise [16:46:30] ZINC36048625: [16:46:30] Explicit valence for atom # 11 C, 5, is greater than permitted
[16:46:30] sanitise [16:46:30] ZINC35674992: [16:46:30] Explicit valence for atom # 11 C, 5, is greater than permitted
[16:46:30] sanitise [16:46:30] ZINC36048189: [16:46:30] Explicit valence for atom # 11 C, 5, is greater than permitted
[16:46:30] sanitise [16:46:30] ZINC36048190: [16:46:30] Explicit valence for atom # 11 C, 5, is greater than permitted
[16:46:30] sanitise [16:46:30] ZINC36048778: [16:46:30] Explicit valence for atom # 11 C, 5, is greater than permitted
[16:46:30] sanitise [16:46:30] ZINC36048876: [16:46:30] Explicit valence for atom # 11 C, 5, is greater than permitted
[16:46:30] sanitise [16:46:30] ZINC36048662: [16:46:38] Explicit valence for atom # 11 C, 5, is greater than permitted
[16:46:38] sanitise [16:46:38] ZINC36048755: [16:46:38] Explicit valence for atom # 11 C, 5, is greater than permitted
[16:46:38] sanitise [16:46:38] ZINC36048756: [16:46:38] Explicit valence for atom # 11 C, 5, is greater than permitted
[16:46:38] sanitise [16:46:38] ZINC36048769: [16:46:38] Explicit valence for atom # 11 C, 5, is greater than permitted
[16:46:38] sanitise [16:46:38] ZINC36048770: [16:46:38] Explicit valence for atom # 11 C, 5, is greater than permitted
[16:46:38] sanitise [16:46:38] ZINC36048816: [16:46:38] Explicit valence for atom # 11 C, 5, is greater than permitted
[16:46:38] sanitise [16:46:38] ZINC36048818: [16:46:38] Explicit valence for atom # 11 C, 5, is greater than permitted
[16:46:38] sanitise [16:46:38] ZINC36048767: [16:46:38] Explicit valence for atom # 11 C, 5, is greater than permitted
[16:46:38] sanitise [16:46:38] ZINC36048797: [16:46:38] Explicit valence for atom # 23 C, 5, is greater than permitted
[16:46:38] sanitise [16:46:38] ZINC36048167: [16:46:39] Explicit valence for atom # 11 C, 5, is greater than permitted
[16:46:39] sanitise [16:46:39] ZINC36048743: [16:46:39] Explicit valence for atom # 11 C, 5, is greater than permitted
[16:46:39] sanitise [16:46:39] ZINC36048744: [16:46:47] Explicit valence for atom # 17 C, 5, is greater than permitted
[16:46:47] sanitise [16:46:47] ZINC35674982: [16:46:47] Explicit valence for atom # 24 C, 5, is greater than permitted
[16:46:47] sanitise [16:46:47] ZINC35675083: [16:46:47] Explicit valence for atom # 18 C, 5, is greater than permitted
[16:46:47] sanitise [16:46:47] ZINC36048776: [16:46:47] Explicit valence for atom # 11 C, 5, is greater than permitted
[16:46:47] sanitise [16:46:47] ZINC36048802: [16:46:47] Explicit valence for atom # 11 C, 5, is greater than permitted
[16:46:47] sanitise [16:46:47] ZINC35675065: [16:46:47] Explicit valence for atom # 17 C, 5, is greater than permitted
[16:46:47] sanitise [16:46:47] ZINC36048176: [16:46:47] Explicit valence for atom # 17 C, 5, is greater than permitted
[16:46:47] sanitise [16:46:47] ZINC36048789: [16:46:47] Explicit valence for atom # 17 C, 5, is greater than permitted
[16:46:47] sanitise [16:46:47] ZINC36048791: [16:46:47] Explicit valence for atom # 17 C, 5, is greater than permitted
[16:46:47] sanitise [16:46:47] ZINC36048794: [16:46:47] Explicit valence for atom # 22 C, 5, is greater than permitted
[16:46:47] sanitise [16:46:47] ZINC36048902: [16:47:08] ZINC50986554: warning - charged amidine and isFixed atom.
[16:47:08] ZINC50986554: warning - charged amidine and isFixed atom.
[16:47:08] ZINC50987799: warning - charged amidine and isFixed atom.
[16:47:08] ZINC50987799: warning - charged amidine and isFixed atom.
[16:47:08] ZINC50996599: warning - charged amidine and isFixed atom.
[16:47:08] ZINC50996599: warning - charged amidine and isFixed atom.
[16:47:08] ZINC50998261: warning - charged amidine and isFixed atom.
[16:47:08] ZINC50998261: warning - charged amidine and isFixed atom.
[16:47:08] ZINC50998882: warning - charged amidine and isFixed atom.
[16:47:08] ZINC50998882: warning - charged amidine and isFixed atom.
[16:47:08] ZINC50999985: warning - charged amidine and isFixed atom.
[16:47:08] ZINC50999985: warning - charged amidine and isFixed atom.
[16:47:08] ZINC51000797: warning - charged amidine and isFixed atom.
[16:47:08] ZINC51000797: warning - charged amidine and isFixed atom.
[16:47:08] ZINC60280413: warning - charged amidine and isFixed atom.
[16:47:08] ZINC60280413: warning - charged amidine and isFixed atom.
[16:47:08] ZINC51002541: warning - charged amidine and isFixed atom.
[16:47:08] ZINC51002541: warning - charged amidine and isFixed atom.
[16:47:09] ZINC50999798: warning - charged amidine and isFixed atom.
[16:47:09] ZINC50999798: warning - charged amidine and isFixed atom.
