[17:07:07] Explicit valence for atom # 12 C, 5, is greater than permitted
[17:07:07] sanitise [17:07:07] ZINC36048677: [17:07:07] ZINC01674851: Warning - no explicit hydrogens in mol2 file but needed for formal charge estimation.
[17:07:07] ZINC01674851: Warning - no explicit hydrogens in mol2 file but needed for formal charge estimation.
[17:07:07] Explicit valence for atom # 21 C, 5, is greater than permitted
[17:07:07] sanitise [17:07:07] ZINC36048153: [17:07:08] Explicit valence for atom # 11 C, 5, is greater than permitted
[17:07:08] sanitise [17:07:08] ZINC35675035: [17:07:08] Explicit valence for atom # 17 C, 5, is greater than permitted
[17:07:08] sanitise [17:07:08] ZINC35675041: [17:07:08] Explicit valence for atom # 17 C, 5, is greater than permitted
[17:07:08] sanitise [17:07:08] ZINC36048844: [17:07:11] Explicit valence for atom # 25 C, 5, is greater than permitted
[17:07:11] sanitise [17:07:11] ZINC36048604: [17:07:11] Explicit valence for atom # 12 C, 5, is greater than permitted
[17:07:11] sanitise [17:07:11] ZINC36048673: [17:07:11] Explicit valence for atom # 12 C, 5, is greater than permitted
[17:07:11] sanitise [17:07:11] ZINC36048686: [17:07:11] Explicit valence for atom # 11 C, 5, is greater than permitted
[17:07:11] sanitise [17:07:11] ZINC36048804: [17:07:12] Explicit valence for atom # 11 C, 5, is greater than permitted
[17:07:12] sanitise [17:07:12] ZINC35673781: [17:07:12] Explicit valence for atom # 18 C, 5, is greater than permitted
[17:07:12] sanitise [17:07:12] ZINC35674944: [17:07:12] Explicit valence for atom # 23 C, 5, is greater than permitted
[17:07:12] sanitise [17:07:12] ZINC35675031: [17:07:12] Explicit valence for atom # 11 C, 5, is greater than permitted
[17:07:12] sanitise [17:07:12] ZINC36048654: [17:07:12] Explicit valence for atom # 12 C, 5, is greater than permitted
[17:07:12] sanitise [17:07:12] ZINC36048685: [17:07:12] Explicit valence for atom # 12 C, 5, is greater than permitted
[17:07:12] sanitise [17:07:12] ZINC36048699: [17:07:12] Explicit valence for atom # 11 C, 5, is greater than permitted
[17:07:12] sanitise [17:07:12] ZINC35673783: [17:07:13] Explicit valence for atom # 23 C, 5, is greater than permitted
[17:07:13] sanitise [17:07:13] ZINC35675029: [17:07:13] Explicit valence for atom # 12 C, 5, is greater than permitted
[17:07:13] sanitise [17:07:13] ZINC36048687: [17:07:13] Explicit valence for atom # 12 C, 5, is greater than permitted
[17:07:13] sanitise [17:07:13] ZINC36048690: [17:07:13] Explicit valence for atom # 11 C, 5, is greater than permitted
[17:07:13] sanitise [17:07:13] ZINC36048805: [17:07:13] Explicit valence for atom # 11 C, 5, is greater than permitted
[17:07:13] sanitise [17:07:13] ZINC36048806: [17:07:13] Explicit valence for atom # 11 C, 5, is greater than permitted
[17:07:13] sanitise [17:07:13] ZINC36048817: [17:07:13] Explicit valence for atom # 11 C, 5, is greater than permitted
[17:07:13] sanitise [17:07:13] ZINC35674984: [17:07:13] Explicit valence for atom # 11 C, 5, is greater than permitted
[17:07:13] sanitise [17:07:13] ZINC36048174: [17:07:13] Explicit valence for atom # 11 C, 5, is greater than permitted
[17:07:13] sanitise [17:07:13] ZINC36048753: [17:07:13] Explicit valence for atom # 11 C, 5, is greater than permitted
[17:07:13] sanitise [17:07:13] ZINC36048807: [17:07:13] Explicit valence for atom # 11 C, 5, is greater than permitted
[17:07:13] sanitise [17:07:13] ZINC36048785: [17:07:14] Explicit valence for atom # 25 C, 5, is greater than permitted
[17:07:14] sanitise [17:07:14] ZINC36048646: [17:07:14] Explicit valence for atom # 19 C, 5, is greater than permitted
[17:07:14] sanitise [17:07:14] ZINC44563488: [17:07:16] Explicit valence for atom # 18 C, 5, is greater than permitted
[17:07:16] sanitise [17:07:16] ZINC36048731: [17:07:16] Explicit valence for atom # 18 C, 5, is greater than permitted
[17:07:16] sanitise [17:07:16] ZINC36048732: [17:07:16] Explicit valence for atom # 11 C, 5, is greater than permitted
[17:07:16] sanitise [17:07:16] ZINC36048890: [17:07:17] Explicit valence for atom # 25 C, 5, is greater than permitted
[17:07:17] sanitise [17:07:17] ZINC36048644: [17:07:17] Explicit valence for atom # 11 C, 5, is greater than permitted
[17:07:17] sanitise [17:07:17] ZINC36048845: 