000 (14411.016.000) 08/01 05:08:37 Job submitted from host: <144.92.142.140:9620?sock=9267_cb64_3>
...
001 (14411.016.000) 08/01 05:09:03 Job executing on host: <144.92.142.168:9620?sock=3732_3c9c_3>
...
006 (14411.016.000) 08/01 05:09:11 Image size of job updated: 12844
	13  -  MemoryUsage of job (MB)
	12844  -  ResidentSetSize of job (KB)
...
006 (14411.016.000) 08/01 05:14:11 Image size of job updated: 265624
	260  -  MemoryUsage of job (MB)
	265624  -  ResidentSetSize of job (KB)
...
006 (14411.016.000) 08/01 05:19:12 Image size of job updated: 329088
	322  -  MemoryUsage of job (MB)
	329088  -  ResidentSetSize of job (KB)
...
006 (14411.016.000) 08/01 05:24:12 Image size of job updated: 375340
	367  -  MemoryUsage of job (MB)
	375340  -  ResidentSetSize of job (KB)
...
006 (14411.016.000) 08/01 05:29:12 Image size of job updated: 392696
	384  -  MemoryUsage of job (MB)
	392696  -  ResidentSetSize of job (KB)
...
006 (14411.016.000) 08/01 05:34:13 Image size of job updated: 401108
	392  -  MemoryUsage of job (MB)
	401108  -  ResidentSetSize of job (KB)
...
006 (14411.016.000) 08/01 05:39:14 Image size of job updated: 408120
	399  -  MemoryUsage of job (MB)
	408120  -  ResidentSetSize of job (KB)
...
006 (14411.016.000) 08/01 05:44:14 Image size of job updated: 457860
	448  -  MemoryUsage of job (MB)
	457860  -  ResidentSetSize of job (KB)
...
006 (14411.016.000) 08/01 06:09:16 Image size of job updated: 458032
	448  -  MemoryUsage of job (MB)
	458032  -  ResidentSetSize of job (KB)
...
005 (14411.016.000) 08/01 06:14:22 Job terminated.
	(1) Normal termination (return value 0)
		Usr 0 09:33:49, Sys 0 00:24:43  -  Run Remote Usage
		Usr 0 00:00:00, Sys 0 00:00:00  -  Run Local Usage
		Usr 0 09:33:49, Sys 0 00:24:43  -  Total Remote Usage
		Usr 0 00:00:00, Sys 0 00:00:00  -  Total Local Usage
	0  -  Run Bytes Sent By Job
	0  -  Run Bytes Received By Job
	0  -  Total Bytes Sent By Job
	0  -  Total Bytes Received By Job
	Partitionable Resources :    Usage  Request Allocated
	   Cpus                 :                 4         4
	   Disk (KB)            :        1        1  79623494
	   Memory (MB)          :      448     6144     21508
...
