_CONDOR_JOB_IWD /mnt/ws/home/jferiante
Cluster 14411
Process 4
RunningOn slot4@opt-a015.discovery.wisc.edu
python th_deep_belief_net.py muv 4
Running Theano Learn Deep Belief Net for muv, target: 652.........
... building the model
... getting the pretraining functions
... pre-training the model
Pre-training layer 0, epoch 0, cost  -1443.4685599
Pre-training layer 0, epoch 1, cost  -1439.06305287
Pre-training layer 0, epoch 2, cost  -1434.05357547
Pre-training layer 0, epoch 3, cost  -1428.29099881
Pre-training layer 0, epoch 4, cost  -1423.60650139
Pre-training layer 0, epoch 5, cost  -1417.95738548
Pre-training layer 0, epoch 6, cost  -1412.97377352
Pre-training layer 0, epoch 7, cost  -1407.28581296
Pre-training layer 0, epoch 8, cost  -1402.03905072
Pre-training layer 0, epoch 9, cost  -1397.14371164
Pre-training layer 1, epoch 0, cost  -1537.25577998
Pre-training layer 1, epoch 1, cost  -1536.8311341
Pre-training layer 1, epoch 2, cost  -1536.84489626
Pre-training layer 1, epoch 3, cost  -1536.54272141
Pre-training layer 1, epoch 4, cost  -1536.58495707
Pre-training layer 1, epoch 5, cost  -1536.10732699
Pre-training layer 1, epoch 6, cost  -1536.12696358
Pre-training layer 1, epoch 7, cost  -1536.05083856
Pre-training layer 1, epoch 8, cost  -1535.64609537
Pre-training layer 1, epoch 9, cost  -1535.22244825
... getting the finetuning functions
... finetuning the model
epoch 1, minibatch 95/95, validation error 5.677419 %
     epoch 1, minibatch 95/95, best error 5.612903 %, best_auc: 0.555333
epoch 2, minibatch 95/95, validation error 5.677419 %
     new best AUC!: 0.580055555556
epoch 3, minibatch 95/95, validation error 5.677419 %
     new best AUC!: 0.6045
epoch 4, minibatch 95/95, validation error 5.677419 %
     new best AUC!: 0.636111111111
epoch 5, minibatch 95/95, validation error 5.677419 %
     new best AUC!: 0.664055555556
epoch 6, minibatch 95/95, validation error 5.677419 %
     new best AUC!: 0.686277777778
epoch 7, minibatch 95/95, validation error 5.677419 %
     new best AUC!: 0.698277777778
epoch 8, minibatch 95/95, validation error 5.677419 %
     new best AUC!: 0.705611111111
epoch 9, minibatch 95/95, validation error 5.677419 %
     new best AUC!: 0.709944444444
epoch 10, minibatch 95/95, validation error 5.709677 %
     new best AUC!: 0.711833333333
epoch 11, minibatch 95/95, validation error 5.709677 %
     new best AUC!: 0.712277777778
epoch 12, minibatch 95/95, validation error 5.709677 %
     new best AUC!: 0.712666666667
epoch 13, minibatch 95/95, validation error 5.709677 %
     new best AUC!: 0.713222222222
epoch 14, minibatch 95/95, validation error 5.709677 %
     new best AUC!: 0.713388888889
epoch 15, minibatch 95/95, validation error 5.709677 %
     new best AUC!: 0.715055555556
epoch 16, minibatch 95/95, validation error 5.709677 %
     new best AUC!: 0.715833333333
epoch 17, minibatch 95/95, validation error 5.741935 %
     new best AUC!: 0.716638888889
epoch 18, minibatch 95/95, validation error 5.741935 %
     new best AUC!: 0.717777777778
epoch 19, minibatch 95/95, validation error 5.741935 %
     new best AUC!: 0.718444444444
epoch 20, minibatch 95/95, validation error 5.741935 %
     new best AUC!: 0.719722222222
epoch 21, minibatch 95/95, validation error 5.741935 %
     new best AUC!: 0.720777777778
epoch 22, minibatch 95/95, validation error 5.741935 %
     new best AUC!: 0.721555555556
epoch 23, minibatch 95/95, validation error 5.741935 %
     new best AUC!: 0.722611111111
epoch 24, minibatch 95/95, validation error 5.741935 %
     new best AUC!: 0.723055555556
epoch 25, minibatch 95/95, validation error 5.741935 %
     new best AUC!: 0.723722222222
epoch 26, minibatch 95/95, validation error 5.741935 %
     new best AUC!: 0.724666666667
epoch 27, minibatch 95/95, validation error 5.741935 %
     new best AUC!: 0.725972222222
epoch 28, minibatch 95/95, validation error 5.741935 %
     new best AUC!: 0.726777777778
epoch 29, minibatch 95/95, validation error 5.741935 %
     new best AUC!: 0.727666666667
epoch 30, minibatch 95/95, validation error 5.741935 %
     new best AUC!: 0.727861111111
epoch 31, minibatch 95/95, validation error 5.741935 %
     new best AUC!: 0.728583333333
epoch 32, minibatch 95/95, validation error 5.741935 %
     new best AUC!: 0.729111111111
epoch 33, minibatch 95/95, validation error 5.741935 %
     new best AUC!: 0.729555555556
epoch 34, minibatch 95/95, validation error 5.741935 %
     new best AUC!: 0.730611111111
epoch 35, minibatch 95/95, validation error 5.741935 %
     new best AUC!: 0.731166666667
epoch 36, minibatch 95/95, validation error 5.741935 %
     new best AUC!: 0.731944444444
epoch 37, minibatch 95/95, validation error 5.741935 %
     new best AUC!: 0.732111111111
epoch 38, minibatch 95/95, validation error 5.741935 %
     new best AUC!: 0.732333333333
epoch 39, minibatch 95/95, validation error 5.741935 %
     new best AUC!: 0.732611111111
epoch 40, minibatch 95/95, validation error 5.741935 %
     new best AUC!: 0.732833333333
epoch 41, minibatch 95/95, validation error 5.741935 %
     new best AUC!: 0.733722222222
epoch 42, minibatch 95/95, validation error 5.741935 %
     new best AUC!: 0.734277777778
epoch 43, minibatch 95/95, validation error 5.741935 %
     new best AUC!: 0.734722222222
epoch 44, minibatch 95/95, validation error 5.741935 %
     new best AUC!: 0.735055555556
epoch 45, minibatch 95/95, validation error 5.741935 %
epoch 46, minibatch 95/95, validation error 5.741935 %
     new best AUC!: 0.73525
epoch 47, minibatch 95/95, validation error 5.741935 %
     new best AUC!: 0.735555555556
epoch 48, minibatch 95/95, validation error 5.741935 %
     new best AUC!: 0.735888888889
epoch 49, minibatch 95/95, validation error 5.741935 %
     new best AUC!: 0.736305555556
epoch 50, minibatch 95/95, validation error 5.741935 %
     new best AUC!: 0.736777777778
epoch 51, minibatch 95/95, validation error 5.741935 %
     new best AUC!: 0.737333333333
epoch 52, minibatch 95/95, validation error 5.741935 %
     new best AUC!: 0.737416666667
epoch 53, minibatch 95/95, validation error 5.741935 %
     new best AUC!: 0.737638888889
epoch 54, minibatch 95/95, validation error 5.741935 %
     new best AUC!: 0.737805555556
epoch 55, minibatch 95/95, validation error 5.741935 %
     new best AUC!: 0.738027777778
epoch 56, minibatch 95/95, validation error 5.741935 %
     new best AUC!: 0.738138888889
epoch 57, minibatch 95/95, validation error 5.741935 %
     new best AUC!: 0.738361111111
epoch 58, minibatch 95/95, validation error 5.741935 %
     new best AUC!: 0.738444444444
epoch 59, minibatch 95/95, validation error 5.741935 %
     new best AUC!: 0.738666666667
epoch 60, minibatch 95/95, validation error 5.741935 %
     new best AUC!: 0.738833333333
epoch 61, minibatch 95/95, validation error 5.741935 %
     new best AUC!: 0.739027777778
epoch 62, minibatch 95/95, validation error 5.741935 %
     new best AUC!: 0.739305555556
epoch 63, minibatch 95/95, validation error 5.741935 %
     new best AUC!: 0.739416666667
epoch 64, minibatch 95/95, validation error 5.741935 %
     new best AUC!: 0.739666666667
epoch 65, minibatch 95/95, validation error 5.741935 %
     new best AUC!: 0.73975
epoch 66, minibatch 95/95, validation error 5.741935 %
     new best AUC!: 0.740055555556
epoch 67, minibatch 95/95, validation error 5.741935 %
     new best AUC!: 0.740111111111
epoch 68, minibatch 95/95, validation error 5.741935 %
epoch 69, minibatch 95/95, validation error 5.741935 %
     new best AUC!: 0.740472222222
epoch 70, minibatch 95/95, validation error 5.741935 %
     new best AUC!: 0.740638888889
epoch 71, minibatch 95/95, validation error 5.741935 %
     new best AUC!: 0.74075
epoch 72, minibatch 95/95, validation error 5.741935 %
epoch 73, minibatch 95/95, validation error 5.741935 %
     new best AUC!: 0.740777777778
epoch 74, minibatch 95/95, validation error 5.741935 %
     new best AUC!: 0.740888888889
epoch 75, minibatch 95/95, validation error 5.741935 %
     new best AUC!: 0.741194444444
epoch 76, minibatch 95/95, validation error 5.741935 %
epoch 77, minibatch 95/95, validation error 5.741935 %
epoch 78, minibatch 95/95, validation error 5.741935 %
     new best AUC!: 0.741361111111
epoch 79, minibatch 95/95, validation error 5.741935 %
     new best AUC!: 0.741472222222
epoch 80, minibatch 95/95, validation error 5.741935 %
     new best AUC!: 0.74175
epoch 81, minibatch 95/95, validation error 5.741935 %
     new best AUC!: 0.741777777778
epoch 82, minibatch 95/95, validation error 5.741935 %
     new best AUC!: 0.741805555556
epoch 83, minibatch 95/95, validation error 5.741935 %
     new best AUC!: 0.742138888889
epoch 84, minibatch 95/95, validation error 5.741935 %
     new best AUC!: 0.742361111111
epoch 85, minibatch 95/95, validation error 5.741935 %
     new best AUC!: 0.742666666667
epoch 86, minibatch 95/95, validation error 5.741935 %
epoch 87, minibatch 95/95, validation error 5.741935 %
epoch 88, minibatch 95/95, validation error 5.741935 %
     new best AUC!: 0.742972222222
epoch 89, minibatch 95/95, validation error 5.741935 %
     new best AUC!: 0.743
epoch 90, minibatch 95/95, validation error 5.741935 %
epoch 91, minibatch 95/95, validation error 5.741935 %
     new best AUC!: 0.743055555556
epoch 92, minibatch 95/95, validation error 5.741935 %
     new best AUC!: 0.743833333333
epoch 93, minibatch 95/95, validation error 5.741935 %
epoch 94, minibatch 95/95, validation error 5.741935 %
epoch 95, minibatch 95/95, validation error 5.741935 %
epoch 96, minibatch 95/95, validation error 5.741935 %
epoch 97, minibatch 95/95, validation error 5.741935 %
epoch 98, minibatch 95/95, validation error 5.741935 %
     new best AUC!: 0.744111111111
epoch 99, minibatch 95/95, validation error 5.741935 %
epoch 100, minibatch 95/95, validation error 5.741935 %
epoch 101, minibatch 95/95, validation error 5.741935 %
epoch 102, minibatch 95/95, validation error 5.741935 %
     new best AUC!: 0.744138888889
epoch 103, minibatch 95/95, validation error 5.741935 %
     new best AUC!: 0.745388888889
epoch 104, minibatch 95/95, validation error 5.741935 %
epoch 105, minibatch 95/95, validation error 5.741935 %
epoch 106, minibatch 95/95, validation error 5.741935 %
epoch 107, minibatch 95/95, validation error 5.741935 %
epoch 108, minibatch 95/95, validation error 5.741935 %
epoch 109, minibatch 95/95, validation error 5.741935 %
epoch 110, minibatch 95/95, validation error 5.741935 %
epoch 111, minibatch 95/95, validation error 5.741935 %
     new best AUC!: 0.746611111111
epoch 112, minibatch 95/95, validation error 5.741935 %
epoch 113, minibatch 95/95, validation error 5.741935 %
epoch 114, minibatch 95/95, validation error 5.741935 %
epoch 115, minibatch 95/95, validation error 5.741935 %
epoch 116, minibatch 95/95, validation error 5.741935 %
epoch 117, minibatch 95/95, validation error 5.741935 %
epoch 118, minibatch 95/95, validation error 5.741935 %
epoch 119, minibatch 95/95, validation error 5.741935 %
     new best AUC!: 0.74675
epoch 120, minibatch 95/95, validation error 5.741935 %
epoch 121, minibatch 95/95, validation error 5.741935 %
epoch 122, minibatch 95/95, validation error 5.741935 %
     new best AUC!: 0.746861111111
epoch 123, minibatch 95/95, validation error 5.741935 %
epoch 124, minibatch 95/95, validation error 5.741935 %
epoch 125, minibatch 95/95, validation error 5.741935 %
epoch 126, minibatch 95/95, validation error 5.741935 %
epoch 127, minibatch 95/95, validation error 5.741935 %
epoch 128, minibatch 95/95, validation error 5.741935 %
epoch 129, minibatch 95/95, validation error 5.741935 %
epoch 130, minibatch 95/95, validation error 5.741935 %
epoch 131, minibatch 95/95, validation error 5.741935 %
     new best AUC!: 0.747472222222
epoch 132, minibatch 95/95, validation error 5.741935 %
     new best AUC!: 0.751055555556
epoch 133, minibatch 95/95, validation error 5.741935 %
epoch 134, minibatch 95/95, validation error 5.741935 %
epoch 135, minibatch 95/95, validation error 5.741935 %
epoch 136, minibatch 95/95, validation error 5.741935 %
epoch 137, minibatch 95/95, validation error 5.741935 %
epoch 138, minibatch 95/95, validation error 5.741935 %
epoch 139, minibatch 95/95, validation error 5.741935 %
epoch 140, minibatch 95/95, validation error 5.741935 %
epoch 141, minibatch 95/95, validation error 5.741935 %
epoch 142, minibatch 95/95, validation error 5.741935 %
epoch 143, minibatch 95/95, validation error 5.741935 %
epoch 144, minibatch 95/95, validation error 5.741935 %
epoch 145, minibatch 95/95, validation error 5.741935 %
epoch 146, minibatch 95/95, validation error 5.741935 %
epoch 147, minibatch 95/95, validation error 5.741935 %
epoch 148, minibatch 95/95, validation error 5.741935 %
epoch 149, minibatch 95/95, validation error 5.741935 %
epoch 150, minibatch 95/95, validation error 5.741935 %
epoch 151, minibatch 95/95, validation error 5.741935 %
epoch 152, minibatch 95/95, validation error 5.741935 %
epoch 153, minibatch 95/95, validation error 5.741935 %
epoch 154, minibatch 95/95, validation error 5.741935 %
epoch 155, minibatch 95/95, validation error 5.741935 %
epoch 156, minibatch 95/95, validation error 5.741935 %
epoch 157, minibatch 95/95, validation error 5.741935 %
epoch 158, minibatch 95/95, validation error 5.741935 %
epoch 159, minibatch 95/95, validation error 5.741935 %
epoch 160, minibatch 95/95, validation error 5.741935 %
epoch 161, minibatch 95/95, validation error 5.741935 %
epoch 162, minibatch 95/95, validation error 5.741935 %
epoch 163, minibatch 95/95, validation error 5.741935 %
epoch 164, minibatch 95/95, validation error 5.741935 %
epoch 165, minibatch 95/95, validation error 5.741935 %
epoch 166, minibatch 95/95, validation error 5.741935 %
epoch 167, minibatch 95/95, validation error 5.741935 %
epoch 168, minibatch 95/95, validation error 5.741935 %
epoch 169, minibatch 95/95, validation error 5.741935 %
epoch 170, minibatch 95/95, validation error 5.741935 %
epoch 171, minibatch 95/95, validation error 5.741935 %
epoch 172, minibatch 95/95, validation error 5.741935 %
epoch 173, minibatch 95/95, validation error 5.741935 %
epoch 174, minibatch 95/95, validation error 5.741935 %
epoch 175, minibatch 95/95, validation error 5.741935 %
     new best AUC!: 0.751333333333
epoch 176, minibatch 95/95, validation error 5.741935 %
epoch 177, minibatch 95/95, validation error 5.741935 %
epoch 178, minibatch 95/95, validation error 5.741935 %
epoch 179, minibatch 95/95, validation error 5.741935 %
epoch 180, minibatch 95/95, validation error 5.741935 %
epoch 181, minibatch 95/95, validation error 5.741935 %
epoch 182, minibatch 95/95, validation error 5.741935 %
epoch 183, minibatch 95/95, validation error 5.741935 %
epoch 184, minibatch 95/95, validation error 5.741935 %
epoch 185, minibatch 95/95, validation error 5.741935 %
epoch 186, minibatch 95/95, validation error 5.741935 %
epoch 187, minibatch 95/95, validation error 5.741935 %
epoch 188, minibatch 95/95, validation error 5.741935 %
epoch 189, minibatch 95/95, validation error 5.741935 %
epoch 190, minibatch 95/95, validation error 5.741935 %
epoch 191, minibatch 95/95, validation error 5.741935 %
epoch 192, minibatch 95/95, validation error 5.741935 %
epoch 193, minibatch 95/95, validation error 5.741935 %
     new best AUC!: 0.751583333333
epoch 194, minibatch 95/95, validation error 5.741935 %
     new best AUC!: 0.754888888889
epoch 195, minibatch 95/95, validation error 5.741935 %
     new best AUC!: 0.754944444444
epoch 196, minibatch 95/95, validation error 5.741935 %
epoch 197, minibatch 95/95, validation error 5.741935 %
epoch 198, minibatch 95/95, validation error 5.741935 %
     new best AUC!: 0.755027777778
epoch 199, minibatch 95/95, validation error 5.741935 %
     new best AUC!: 0.756416666667
epoch 200, minibatch 95/95, validation error 5.741935 %
epoch 201, minibatch 95/95, validation error 5.741935 %
epoch 202, minibatch 95/95, validation error 5.741935 %
     new best AUC!: 0.756666666667
epoch 203, minibatch 95/95, validation error 5.741935 %
     new best AUC!: 0.757583333333
epoch 204, minibatch 95/95, validation error 5.741935 %
epoch 205, minibatch 95/95, validation error 5.741935 %
epoch 206, minibatch 95/95, validation error 5.741935 %
epoch 207, minibatch 95/95, validation error 5.741935 %
epoch 208, minibatch 95/95, validation error 5.741935 %
     new best AUC!: 0.760611111111
epoch 209, minibatch 95/95, validation error 5.741935 %
     new best AUC!: 0.761166666667
epoch 210, minibatch 95/95, validation error 5.741935 %
epoch 211, minibatch 95/95, validation error 5.741935 %
epoch 212, minibatch 95/95, validation error 5.741935 %
epoch 213, minibatch 95/95, validation error 5.741935 %
epoch 214, minibatch 95/95, validation error 5.741935 %
epoch 215, minibatch 95/95, validation error 5.741935 %
epoch 216, minibatch 95/95, validation error 5.741935 %
epoch 217, minibatch 95/95, validation error 5.741935 %
epoch 218, minibatch 95/95, validation error 5.741935 %
epoch 219, minibatch 95/95, validation error 5.741935 %
epoch 220, minibatch 95/95, validation error 5.741935 %
epoch 221, minibatch 95/95, validation error 5.741935 %
epoch 222, minibatch 95/95, validation error 5.741935 %
epoch 223, minibatch 95/95, validation error 5.741935 %
epoch 224, minibatch 95/95, validation error 5.741935 %
epoch 225, minibatch 95/95, validation error 5.741935 %
epoch 226, minibatch 95/95, validation error 5.741935 %
epoch 227, minibatch 95/95, validation error 5.741935 %
epoch 228, minibatch 95/95, validation error 5.741935 %
epoch 229, minibatch 95/95, validation error 5.741935 %
epoch 230, minibatch 95/95, validation error 5.741935 %
epoch 231, minibatch 95/95, validation error 5.741935 %
epoch 232, minibatch 95/95, validation error 5.741935 %
epoch 233, minibatch 95/95, validation error 5.741935 %
     new best AUC!: 0.761666666667
epoch 234, minibatch 95/95, validation error 5.741935 %
epoch 235, minibatch 95/95, validation error 5.741935 %
epoch 236, minibatch 95/95, validation error 5.741935 %
epoch 237, minibatch 95/95, validation error 5.741935 %
epoch 238, minibatch 95/95, validation error 5.741935 %
epoch 239, minibatch 95/95, validation error 5.741935 %
epoch 240, minibatch 95/95, validation error 5.741935 %
epoch 241, minibatch 95/95, validation error 5.741935 %
epoch 242, minibatch 95/95, validation error 5.741935 %
epoch 243, minibatch 95/95, validation error 5.741935 %
     new best AUC!: 0.763
epoch 244, minibatch 95/95, validation error 5.741935 %
epoch 245, minibatch 95/95, validation error 5.741935 %
epoch 246, minibatch 95/95, validation error 5.741935 %
epoch 247, minibatch 95/95, validation error 5.741935 %
epoch 248, minibatch 95/95, validation error 5.741935 %
epoch 249, minibatch 95/95, validation error 5.741935 %
epoch 250, minibatch 95/95, validation error 5.741935 %
epoch 251, minibatch 95/95, validation error 5.741935 %
epoch 252, minibatch 95/95, validation error 5.741935 %
epoch 253, minibatch 95/95, validation error 5.741935 %
epoch 254, minibatch 95/95, validation error 5.741935 %
epoch 255, minibatch 95/95, validation error 5.741935 %
epoch 256, minibatch 95/95, validation error 5.741935 %
epoch 257, minibatch 95/95, validation error 5.741935 %
     new best AUC!: 0.765388888889
epoch 258, minibatch 95/95, validation error 5.741935 %
epoch 259, minibatch 95/95, validation error 5.741935 %
epoch 260, minibatch 95/95, validation error 5.741935 %
epoch 261, minibatch 95/95, validation error 5.741935 %
epoch 262, minibatch 95/95, validation error 5.741935 %
epoch 263, minibatch 95/95, validation error 5.741935 %
epoch 264, minibatch 95/95, validation error 5.741935 %
epoch 265, minibatch 95/95, validation error 5.741935 %
epoch 266, minibatch 95/95, validation error 5.741935 %
     new best AUC!: 0.765722222222
epoch 267, minibatch 95/95, validation error 5.741935 %
epoch 268, minibatch 95/95, validation error 5.741935 %
epoch 269, minibatch 95/95, validation error 5.741935 %
epoch 270, minibatch 95/95, validation error 5.741935 %
epoch 271, minibatch 95/95, validation error 5.741935 %
epoch 272, minibatch 95/95, validation error 5.741935 %
epoch 273, minibatch 95/95, validation error 5.741935 %
epoch 274, minibatch 95/95, validation error 5.741935 %
epoch 275, minibatch 95/95, validation error 5.741935 %
epoch 276, minibatch 95/95, validation error 5.741935 %
epoch 277, minibatch 95/95, validation error 5.741935 %
epoch 278, minibatch 95/95, validation error 5.741935 %
epoch 279, minibatch 95/95, validation error 5.741935 %
epoch 280, minibatch 95/95, validation error 5.741935 %
epoch 281, minibatch 95/95, validation error 5.741935 %
     new best AUC!: 0.766944444444
epoch 282, minibatch 95/95, validation error 5.741935 %
epoch 283, minibatch 95/95, validation error 5.741935 %
epoch 284, minibatch 95/95, validation error 5.741935 %
epoch 285, minibatch 95/95, validation error 5.741935 %
epoch 286, minibatch 95/95, validation error 5.741935 %
epoch 287, minibatch 95/95, validation error 5.741935 %
epoch 288, minibatch 95/95, validation error 5.741935 %
epoch 289, minibatch 95/95, validation error 5.741935 %
epoch 290, minibatch 95/95, validation error 5.741935 %
epoch 291, minibatch 95/95, validation error 5.741935 %
epoch 292, minibatch 95/95, validation error 5.741935 %
epoch 293, minibatch 95/95, validation error 5.741935 %
epoch 294, minibatch 95/95, validation error 5.741935 %
epoch 295, minibatch 95/95, validation error 5.741935 %
     new best AUC!: 0.767277777778
epoch 296, minibatch 95/95, validation error 5.741935 %
epoch 297, minibatch 95/95, validation error 5.741935 %
epoch 298, minibatch 95/95, validation error 5.741935 %
epoch 299, minibatch 95/95, validation error 5.741935 %
     new best AUC!: 0.767388888889
epoch 300, minibatch 95/95, validation error 5.741935 %
epoch 301, minibatch 95/95, validation error 5.741935 %
epoch 302, minibatch 95/95, validation error 5.741935 %
epoch 303, minibatch 95/95, validation error 5.741935 %
epoch 304, minibatch 95/95, validation error 5.741935 %
epoch 305, minibatch 95/95, validation error 5.741935 %
epoch 306, minibatch 95/95, validation error 5.741935 %
epoch 307, minibatch 95/95, validation error 5.741935 %
epoch 308, minibatch 95/95, validation error 5.741935 %
epoch 309, minibatch 95/95, validation error 5.741935 %
epoch 310, minibatch 95/95, validation error 5.741935 %
epoch 311, minibatch 95/95, validation error 5.741935 %
epoch 312, minibatch 95/95, validation error 5.741935 %
epoch 313, minibatch 95/95, validation error 5.741935 %
epoch 314, minibatch 95/95, validation error 5.741935 %
epoch 315, minibatch 95/95, validation error 5.741935 %
epoch 316, minibatch 95/95, validation error 5.741935 %
epoch 317, minibatch 95/95, validation error 5.741935 %
epoch 318, minibatch 95/95, validation error 5.741935 %
epoch 319, minibatch 95/95, validation error 5.741935 %
epoch 320, minibatch 95/95, validation error 5.741935 %
epoch 321, minibatch 95/95, validation error 5.741935 %
epoch 322, minibatch 95/95, validation error 5.741935 %
epoch 323, minibatch 95/95, validation error 5.741935 %
epoch 324, minibatch 95/95, validation error 5.741935 %
epoch 325, minibatch 95/95, validation error 5.741935 %
epoch 326, minibatch 95/95, validation error 5.741935 %
epoch 327, minibatch 95/95, validation error 5.741935 %
     new best AUC!: 0.771527777778
epoch 328, minibatch 95/95, validation error 5.741935 %
epoch 329, minibatch 95/95, validation error 5.741935 %
epoch 330, minibatch 95/95, validation error 5.741935 %
epoch 331, minibatch 95/95, validation error 5.741935 %
epoch 332, minibatch 95/95, validation error 5.741935 %
epoch 333, minibatch 95/95, validation error 5.741935 %
epoch 334, minibatch 95/95, validation error 5.741935 %
epoch 335, minibatch 95/95, validation error 5.741935 %
epoch 336, minibatch 95/95, validation error 5.741935 %
epoch 337, minibatch 95/95, validation error 5.741935 %
epoch 338, minibatch 95/95, validation error 5.741935 %
epoch 339, minibatch 95/95, validation error 5.741935 %
epoch 340, minibatch 95/95, validation error 5.741935 %
epoch 341, minibatch 95/95, validation error 5.741935 %
epoch 342, minibatch 95/95, validation error 5.741935 %
epoch 343, minibatch 95/95, validation error 5.741935 %
epoch 344, minibatch 95/95, validation error 5.741935 %
epoch 345, minibatch 95/95, validation error 5.741935 %
epoch 346, minibatch 95/95, validation error 5.741935 %
epoch 347, minibatch 95/95, validation error 5.741935 %
epoch 348, minibatch 95/95, validation error 5.741935 %
epoch 349, minibatch 95/95, validation error 5.741935 %
epoch 350, minibatch 95/95, validation error 5.741935 %
epoch 351, minibatch 95/95, validation error 5.741935 %
epoch 352, minibatch 95/95, validation error 5.741935 %
epoch 353, minibatch 95/95, validation error 5.741935 %
epoch 354, minibatch 95/95, validation error 5.741935 %
epoch 355, minibatch 95/95, validation error 5.741935 %
epoch 356, minibatch 95/95, validation error 5.741935 %
epoch 357, minibatch 95/95, validation error 5.741935 %
epoch 358, minibatch 95/95, validation error 5.741935 %
epoch 359, minibatch 95/95, validation error 5.741935 %
epoch 360, minibatch 95/95, validation error 5.741935 %
epoch 361, minibatch 95/95, validation error 5.741935 %
epoch 362, minibatch 95/95, validation error 5.741935 %
epoch 363, minibatch 95/95, validation error 5.741935 %
epoch 364, minibatch 95/95, validation error 5.741935 %
epoch 365, minibatch 95/95, validation error 5.741935 %
epoch 366, minibatch 95/95, validation error 5.741935 %
epoch 367, minibatch 95/95, validation error 5.741935 %
epoch 368, minibatch 95/95, validation error 5.741935 %
epoch 369, minibatch 95/95, validation error 5.741935 %
epoch 370, minibatch 95/95, validation error 5.741935 %
epoch 371, minibatch 95/95, validation error 5.741935 %
epoch 372, minibatch 95/95, validation error 5.741935 %
epoch 373, minibatch 95/95, validation error 5.741935 %
epoch 374, minibatch 95/95, validation error 5.741935 %
epoch 375, minibatch 95/95, validation error 5.741935 %
epoch 376, minibatch 95/95, validation error 5.741935 %
epoch 377, minibatch 95/95, validation error 5.741935 %
epoch 378, minibatch 95/95, validation error 5.741935 %
epoch 379, minibatch 95/95, validation error 5.741935 %
epoch 380, minibatch 95/95, validation error 5.741935 %
epoch 381, minibatch 95/95, validation error 5.741935 %
epoch 382, minibatch 95/95, validation error 5.741935 %
epoch 383, minibatch 95/95, validation error 5.741935 %
epoch 384, minibatch 95/95, validation error 5.741935 %
epoch 385, minibatch 95/95, validation error 5.741935 %
epoch 386, minibatch 95/95, validation error 5.741935 %
epoch 387, minibatch 95/95, validation error 5.741935 %
epoch 388, minibatch 95/95, validation error 5.741935 %
epoch 389, minibatch 95/95, validation error 5.741935 %
epoch 390, minibatch 95/95, validation error 5.741935 %
epoch 391, minibatch 95/95, validation error 5.741935 %
epoch 392, minibatch 95/95, validation error 5.741935 %
epoch 393, minibatch 95/95, validation error 5.741935 %
epoch 394, minibatch 95/95, validation error 5.741935 %
epoch 395, minibatch 95/95, validation error 5.741935 %
epoch 396, minibatch 95/95, validation error 5.741935 %
epoch 397, minibatch 95/95, validation error 5.741935 %
epoch 398, minibatch 95/95, validation error 5.741935 %
epoch 399, minibatch 95/95, validation error 5.741935 %
epoch 400, minibatch 95/95, validation error 5.741935 %
epoch 401, minibatch 95/95, validation error 5.741935 %
epoch 402, minibatch 95/95, validation error 5.741935 %
epoch 403, minibatch 95/95, validation error 5.741935 %
epoch 404, minibatch 95/95, validation error 5.741935 %
epoch 405, minibatch 95/95, validation error 5.741935 %
epoch 406, minibatch 95/95, validation error 5.741935 %
epoch 407, minibatch 95/95, validation error 5.741935 %
epoch 408, minibatch 95/95, validation error 5.741935 %
epoch 409, minibatch 95/95, validation error 5.741935 %
epoch 410, minibatch 95/95, validation error 5.741935 %
epoch 411, minibatch 95/95, validation error 5.741935 %
epoch 412, minibatch 95/95, validation error 5.741935 %
epoch 413, minibatch 95/95, validation error 5.741935 %
epoch 414, minibatch 95/95, validation error 5.741935 %
epoch 415, minibatch 95/95, validation error 5.741935 %
epoch 416, minibatch 95/95, validation error 5.741935 %
epoch 417, minibatch 95/95, validation error 5.741935 %
epoch 418, minibatch 95/95, validation error 5.741935 %
epoch 419, minibatch 95/95, validation error 5.741935 %
epoch 420, minibatch 95/95, validation error 5.741935 %
epoch 421, minibatch 95/95, validation error 5.741935 %
epoch 422, minibatch 95/95, validation error 5.741935 %
epoch 423, minibatch 95/95, validation error 5.741935 %
epoch 424, minibatch 95/95, validation error 5.741935 %
epoch 425, minibatch 95/95, validation error 5.741935 %
epoch 426, minibatch 95/95, validation error 5.741935 %
epoch 427, minibatch 95/95, validation error 5.741935 %
epoch 428, minibatch 95/95, validation error 5.741935 %
epoch 429, minibatch 95/95, validation error 5.741935 %
epoch 430, minibatch 95/95, validation error 5.741935 %
epoch 431, minibatch 95/95, validation error 5.741935 %
epoch 432, minibatch 95/95, validation error 5.741935 %
epoch 433, minibatch 95/95, validation error 5.741935 %
epoch 434, minibatch 95/95, validation error 5.741935 %
epoch 435, minibatch 95/95, validation error 5.741935 %
epoch 436, minibatch 95/95, validation error 5.741935 %
epoch 437, minibatch 95/95, validation error 5.741935 %
epoch 438, minibatch 95/95, validation error 5.741935 %
epoch 439, minibatch 95/95, validation error 5.741935 %
epoch 440, minibatch 95/95, validation error 5.741935 %
epoch 441, minibatch 95/95, validation error 5.741935 %
epoch 442, minibatch 95/95, validation error 5.741935 %
epoch 443, minibatch 95/95, validation error 5.741935 %
epoch 444, minibatch 95/95, validation error 5.741935 %
epoch 445, minibatch 95/95, validation error 5.741935 %
epoch 446, minibatch 95/95, validation error 5.741935 %
epoch 447, minibatch 95/95, validation error 5.741935 %
epoch 448, minibatch 95/95, validation error 5.741935 %
epoch 449, minibatch 95/95, validation error 5.741935 %
epoch 450, minibatch 95/95, validation error 5.741935 %
epoch 451, minibatch 95/95, validation error 5.741935 %
epoch 452, minibatch 95/95, validation error 5.741935 %
epoch 453, minibatch 95/95, validation error 5.741935 %
epoch 454, minibatch 95/95, validation error 5.741935 %
epoch 455, minibatch 95/95, validation error 5.741935 %
epoch 456, minibatch 95/95, validation error 5.741935 %
epoch 457, minibatch 95/95, validation error 5.741935 %
epoch 458, minibatch 95/95, validation error 5.741935 %
epoch 459, minibatch 95/95, validation error 5.741935 %
epoch 460, minibatch 95/95, validation error 5.741935 %
epoch 461, minibatch 95/95, validation error 5.741935 %
epoch 462, minibatch 95/95, validation error 5.741935 %
epoch 463, minibatch 95/95, validation error 5.741935 %
epoch 464, minibatch 95/95, validation error 5.741935 %
epoch 465, minibatch 95/95, validation error 5.741935 %
epoch 466, minibatch 95/95, validation error 5.741935 %
epoch 467, minibatch 95/95, validation error 5.741935 %
epoch 468, minibatch 95/95, validation error 5.741935 %
epoch 469, minibatch 95/95, validation error 5.741935 %
epoch 470, minibatch 95/95, validation error 5.741935 %
epoch 471, minibatch 95/95, validation error 5.741935 %
epoch 472, minibatch 95/95, validation error 5.741935 %
epoch 473, minibatch 95/95, validation error 5.741935 %
epoch 474, minibatch 95/95, validation error 5.741935 %
epoch 475, minibatch 95/95, validation error 5.741935 %
epoch 476, minibatch 95/95, validation error 5.741935 %
epoch 477, minibatch 95/95, validation error 5.741935 %
epoch 478, minibatch 95/95, validation error 5.741935 %
epoch 479, minibatch 95/95, validation error 5.741935 %
epoch 480, minibatch 95/95, validation error 5.741935 %
epoch 481, minibatch 95/95, validation error 5.741935 %
epoch 482, minibatch 95/95, validation error 5.741935 %
epoch 483, minibatch 95/95, validation error 5.741935 %
epoch 484, minibatch 95/95, validation error 5.741935 %
epoch 485, minibatch 95/95, validation error 5.741935 %
epoch 486, minibatch 95/95, validation error 5.741935 %
epoch 487, minibatch 95/95, validation error 5.741935 %
epoch 488, minibatch 95/95, validation error 5.741935 %
epoch 489, minibatch 95/95, validation error 5.741935 %
epoch 490, minibatch 95/95, validation error 5.741935 %
epoch 491, minibatch 95/95, validation error 5.741935 %
epoch 492, minibatch 95/95, validation error 5.741935 %
epoch 493, minibatch 95/95, validation error 5.741935 %
epoch 494, minibatch 95/95, validation error 5.741935 %
epoch 495, minibatch 95/95, validation error 5.741935 %
epoch 496, minibatch 95/95, validation error 5.741935 %
epoch 497, minibatch 95/95, validation error 5.741935 %
epoch 498, minibatch 95/95, validation error 5.741935 %
epoch 499, minibatch 95/95, validation error 5.741935 %
epoch 500, minibatch 95/95, validation error 5.741935 %
epoch 501, minibatch 95/95, validation error 5.741935 %
epoch 502, minibatch 95/95, validation error 5.741935 %
epoch 503, minibatch 95/95, validation error 5.741935 %
epoch 504, minibatch 95/95, validation error 5.741935 %
epoch 505, minibatch 95/95, validation error 5.741935 %
epoch 506, minibatch 95/95, validation error 5.741935 %
epoch 507, minibatch 95/95, validation error 5.741935 %
epoch 508, minibatch 95/95, validation error 5.741935 %
epoch 509, minibatch 95/95, validation error 5.741935 %
epoch 510, minibatch 95/95, validation error 5.741935 %
epoch 511, minibatch 95/95, validation error 5.741935 %
epoch 512, minibatch 95/95, validation error 5.741935 %
epoch 513, minibatch 95/95, validation error 5.741935 %
epoch 514, minibatch 95/95, validation error 5.741935 %
epoch 515, minibatch 95/95, validation error 5.741935 %
epoch 516, minibatch 95/95, validation error 5.741935 %
epoch 517, minibatch 95/95, validation error 5.741935 %
epoch 518, minibatch 95/95, validation error 5.741935 %
epoch 519, minibatch 95/95, validation error 5.741935 %
epoch 520, minibatch 95/95, validation error 5.741935 %
epoch 521, minibatch 95/95, validation error 5.741935 %
epoch 522, minibatch 95/95, validation error 5.741935 %
epoch 523, minibatch 95/95, validation error 5.741935 %
epoch 524, minibatch 95/95, validation error 5.741935 %
epoch 525, minibatch 95/95, validation error 5.741935 %
epoch 526, minibatch 95/95, validation error 5.741935 %
epoch 527, minibatch 95/95, validation error 5.741935 %
epoch 528, minibatch 95/95, validation error 5.741935 %
epoch 529, minibatch 95/95, validation error 5.741935 %
epoch 530, minibatch 95/95, validation error 5.741935 %
epoch 531, minibatch 95/95, validation error 5.741935 %
epoch 532, minibatch 95/95, validation error 5.741935 %
epoch 533, minibatch 95/95, validation error 5.741935 %
epoch 534, minibatch 95/95, validation error 5.741935 %
epoch 535, minibatch 95/95, validation error 5.741935 %
epoch 536, minibatch 95/95, validation error 5.741935 %
epoch 537, minibatch 95/95, validation error 5.741935 %
epoch 538, minibatch 95/95, validation error 5.741935 %
epoch 539, minibatch 95/95, validation error 5.741935 %
epoch 540, minibatch 95/95, validation error 5.741935 %
epoch 541, minibatch 95/95, validation error 5.741935 %
epoch 542, minibatch 95/95, validation error 5.741935 %
epoch 543, minibatch 95/95, validation error 5.741935 %
epoch 544, minibatch 95/95, validation error 5.741935 %
epoch 545, minibatch 95/95, validation error 5.741935 %
epoch 546, minibatch 95/95, validation error 5.741935 %
epoch 547, minibatch 95/95, validation error 5.741935 %
epoch 548, minibatch 95/95, validation error 5.741935 %
epoch 549, minibatch 95/95, validation error 5.741935 %
epoch 550, minibatch 95/95, validation error 5.741935 %
epoch 551, minibatch 95/95, validation error 5.741935 %
epoch 552, minibatch 95/95, validation error 5.741935 %
epoch 553, minibatch 95/95, validation error 5.741935 %
epoch 554, minibatch 95/95, validation error 5.741935 %
epoch 555, minibatch 95/95, validation error 5.741935 %
epoch 556, minibatch 95/95, validation error 5.741935 %
epoch 557, minibatch 95/95, validation error 5.741935 %
epoch 558, minibatch 95/95, validation error 5.741935 %
epoch 559, minibatch 95/95, validation error 5.741935 %
epoch 560, minibatch 95/95, validation error 5.741935 %
epoch 561, minibatch 95/95, validation error 5.741935 %
epoch 562, minibatch 95/95, validation error 5.741935 %
epoch 563, minibatch 95/95, validation error 5.741935 %
epoch 564, minibatch 95/95, validation error 5.741935 %
epoch 565, minibatch 95/95, validation error 5.741935 %
epoch 566, minibatch 95/95, validation error 5.741935 %
epoch 567, minibatch 95/95, validation error 5.741935 %
epoch 568, minibatch 95/95, validation error 5.741935 %
epoch 569, minibatch 95/95, validation error 5.741935 %
epoch 570, minibatch 95/95, validation error 5.741935 %
epoch 571, minibatch 95/95, validation error 5.741935 %
epoch 572, minibatch 95/95, validation error 5.741935 %
epoch 573, minibatch 95/95, validation error 5.741935 %
epoch 574, minibatch 95/95, validation error 5.741935 %
epoch 575, minibatch 95/95, validation error 5.741935 %
epoch 576, minibatch 95/95, validation error 5.741935 %
epoch 577, minibatch 95/95, validation error 5.741935 %
epoch 578, minibatch 95/95, validation error 5.741935 %
epoch 579, minibatch 95/95, validation error 5.741935 %
epoch 580, minibatch 95/95, validation error 5.741935 %
epoch 581, minibatch 95/95, validation error 5.741935 %
epoch 582, minibatch 95/95, validation error 5.741935 %
epoch 583, minibatch 95/95, validation error 5.741935 %
epoch 584, minibatch 95/95, validation error 5.741935 %
epoch 585, minibatch 95/95, validation error 5.741935 %
epoch 586, minibatch 95/95, validation error 5.741935 %
epoch 587, minibatch 95/95, validation error 5.741935 %
epoch 588, minibatch 95/95, validation error 5.741935 %
epoch 589, minibatch 95/95, validation error 5.741935 %
epoch 590, minibatch 95/95, validation error 5.741935 %
epoch 591, minibatch 95/95, validation error 5.741935 %
epoch 592, minibatch 95/95, validation error 5.741935 %
epoch 593, minibatch 95/95, validation error 5.741935 %
epoch 594, minibatch 95/95, validation error 5.741935 %
epoch 595, minibatch 95/95, validation error 5.741935 %
epoch 596, minibatch 95/95, validation error 5.741935 %
epoch 597, minibatch 95/95, validation error 5.741935 %
epoch 598, minibatch 95/95, validation error 5.741935 %
epoch 599, minibatch 95/95, validation error 5.741935 %
epoch 600, minibatch 95/95, validation error 5.741935 %
epoch 601, minibatch 95/95, validation error 5.741935 %
epoch 602, minibatch 95/95, validation error 5.741935 %
epoch 603, minibatch 95/95, validation error 5.741935 %
epoch 604, minibatch 95/95, validation error 5.741935 %
epoch 605, minibatch 95/95, validation error 5.741935 %
epoch 606, minibatch 95/95, validation error 5.741935 %
epoch 607, minibatch 95/95, validation error 5.741935 %
epoch 608, minibatch 95/95, validation error 5.741935 %
epoch 609, minibatch 95/95, validation error 5.741935 %
epoch 610, minibatch 95/95, validation error 5.741935 %
epoch 611, minibatch 95/95, validation error 5.741935 %
epoch 612, minibatch 95/95, validation error 5.741935 %
epoch 613, minibatch 95/95, validation error 5.741935 %
epoch 614, minibatch 95/95, validation error 5.741935 %
epoch 615, minibatch 95/95, validation error 5.741935 %
epoch 616, minibatch 95/95, validation error 5.741935 %
epoch 617, minibatch 95/95, validation error 5.741935 %
epoch 618, minibatch 95/95, validation error 5.741935 %
epoch 619, minibatch 95/95, validation error 5.741935 %
epoch 620, minibatch 95/95, validation error 5.741935 %
epoch 621, minibatch 95/95, validation error 5.741935 %
epoch 622, minibatch 95/95, validation error 5.741935 %
epoch 623, minibatch 95/95, validation error 5.741935 %
epoch 624, minibatch 95/95, validation error 5.741935 %
epoch 625, minibatch 95/95, validation error 5.741935 %
epoch 626, minibatch 95/95, validation error 5.741935 %
epoch 627, minibatch 95/95, validation error 5.741935 %
epoch 628, minibatch 95/95, validation error 5.741935 %
epoch 629, minibatch 95/95, validation error 5.741935 %
epoch 630, minibatch 95/95, validation error 5.741935 %
epoch 631, minibatch 95/95, validation error 5.741935 %
epoch 632, minibatch 95/95, validation error 5.741935 %
epoch 633, minibatch 95/95, validation error 5.741935 %
epoch 634, minibatch 95/95, validation error 5.741935 %
epoch 635, minibatch 95/95, validation error 5.741935 %
epoch 636, minibatch 95/95, validation error 5.741935 %
epoch 637, minibatch 95/95, validation error 5.741935 %
epoch 638, minibatch 95/95, validation error 5.741935 %
epoch 639, minibatch 95/95, validation error 5.741935 %
epoch 640, minibatch 95/95, validation error 5.741935 %
epoch 641, minibatch 95/95, validation error 5.741935 %
epoch 642, minibatch 95/95, validation error 5.741935 %
epoch 643, minibatch 95/95, validation error 5.741935 %
epoch 644, minibatch 95/95, validation error 5.741935 %
epoch 645, minibatch 95/95, validation error 5.741935 %
epoch 646, minibatch 95/95, validation error 5.741935 %
epoch 647, minibatch 95/95, validation error 5.741935 %
epoch 648, minibatch 95/95, validation error 5.741935 %
epoch 649, minibatch 95/95, validation error 5.741935 %
epoch 650, minibatch 95/95, validation error 5.741935 %
epoch 651, minibatch 95/95, validation error 5.741935 %
epoch 652, minibatch 95/95, validation error 5.741935 %
epoch 653, minibatch 95/95, validation error 5.741935 %
Optimization complete with best validation score of 5.677419 %, obtained at iteration 95, with test performance 5.612903 %, and best_auc: 0.771528
runtime: 119275.36 secs.
