000 (14411.023.000) 08/01 05:08:37 Job submitted from host: <144.92.142.140:9620?sock=9267_cb64_3>
...
001 (14411.023.000) 08/01 05:09:05 Job executing on host: <144.92.142.171:9620?sock=8523_2124_4>
...
006 (14411.023.000) 08/01 05:09:13 Image size of job updated: 10040
	10  -  MemoryUsage of job (MB)
	10040  -  ResidentSetSize of job (KB)
...
006 (14411.023.000) 08/01 05:10:19 Image size of job updated: 42028
	10  -  MemoryUsage of job (MB)
	10040  -  ResidentSetSize of job (KB)
...
005 (14411.023.000) 08/01 05:10:19 Job terminated.
	(1) Normal termination (return value 1)
		Usr 0 00:00:00, Sys 0 00:00:00  -  Run Remote Usage
		Usr 0 00:00:00, Sys 0 00:00:00  -  Run Local Usage
		Usr 0 00:00:00, Sys 0 00:00:00  -  Total Remote Usage
		Usr 0 00:00:00, Sys 0 00:00:00  -  Total Local Usage
	0  -  Run Bytes Sent By Job
	0  -  Run Bytes Received By Job
	0  -  Total Bytes Sent By Job
	0  -  Total Bytes Received By Job
	Partitionable Resources :    Usage  Request Allocated
	   Cpus                 :                 4         4
	   Disk (KB)            :        1        1 161870047
	   Memory (MB)          :       10     6144     16121
...
