000 (14411.033.000) 08/01 05:08:37 Job submitted from host: <144.92.142.140:9620?sock=9267_cb64_3>
...
001 (14411.033.000) 08/01 05:09:08 Job executing on host: <144.92.142.171:9620?sock=8523_2124_4>
...
006 (14411.033.000) 08/01 05:09:16 Image size of job updated: 8412
	9  -  MemoryUsage of job (MB)
	8412  -  ResidentSetSize of job (KB)
...
006 (14411.033.000) 08/01 05:10:28 Image size of job updated: 41792
	9  -  MemoryUsage of job (MB)
	8412  -  ResidentSetSize of job (KB)
...
005 (14411.033.000) 08/01 05:10:28 Job terminated.
	(1) Normal termination (return value 1)
		Usr 0 00:00:00, Sys 0 00:00:00  -  Run Remote Usage
		Usr 0 00:00:00, Sys 0 00:00:00  -  Run Local Usage
		Usr 0 00:00:00, Sys 0 00:00:00  -  Total Remote Usage
		Usr 0 00:00:00, Sys 0 00:00:00  -  Total Local Usage
	0  -  Run Bytes Sent By Job
	0  -  Run Bytes Received By Job
	0  -  Total Bytes Sent By Job
	0  -  Total Bytes Received By Job
	Partitionable Resources :    Usage  Request Allocated
	   Cpus                 :                 4         4
	   Disk (KB)            :        1        1 161870047
	   Memory (MB)          :        9     6144     16121
...
