_CONDOR_JOB_IWD /mnt/ws/home/jferiante
Cluster 14411
Process 0
RunningOn slot6@opt-a002.discovery.wisc.edu
python th_deep_belief_net.py muv 0
Running Theano Learn Deep Belief Net for muv, target: 466.........
... building the model
... getting the pretraining functions
... pre-training the model
Pre-training layer 0, epoch 0, cost  -1443.30215558
Pre-training layer 0, epoch 1, cost  -1438.76196916
Pre-training layer 0, epoch 2, cost  -1433.80080576
Pre-training layer 0, epoch 3, cost  -1427.98133207
Pre-training layer 0, epoch 4, cost  -1423.12723988
Pre-training layer 0, epoch 5, cost  -1417.28871114
Pre-training layer 0, epoch 6, cost  -1412.82239584
Pre-training layer 0, epoch 7, cost  -1407.07184447
Pre-training layer 0, epoch 8, cost  -1402.13645535
Pre-training layer 0, epoch 9, cost  -1397.26516908
Pre-training layer 1, epoch 0, cost  -1537.45607988
Pre-training layer 1, epoch 1, cost  -1537.32332322
Pre-training layer 1, epoch 2, cost  -1537.11724913
Pre-training layer 1, epoch 3, cost  -1536.73379982
Pre-training layer 1, epoch 4, cost  -1536.9900383
Pre-training layer 1, epoch 5, cost  -1536.50996824
Pre-training layer 1, epoch 6, cost  -1536.51196604
Pre-training layer 1, epoch 7, cost  -1536.17316604
Pre-training layer 1, epoch 8, cost  -1535.98612919
Pre-training layer 1, epoch 9, cost  -1535.76286121
... getting the finetuning functions
... finetuning the model
epoch 1, minibatch 95/95, validation error 5.709677 %
     epoch 1, minibatch 95/95, best error 5.580645 %, best_auc: 0.391056
epoch 2, minibatch 95/95, validation error 5.709677 %
     new best AUC!: 0.433722222222
epoch 3, minibatch 95/95, validation error 5.709677 %
     new best AUC!: 0.463666666667
epoch 4, minibatch 95/95, validation error 5.709677 %
     new best AUC!: 0.487111111111
epoch 5, minibatch 95/95, validation error 5.709677 %
     new best AUC!: 0.500444444444
epoch 6, minibatch 95/95, validation error 5.709677 %
     new best AUC!: 0.503333333333
epoch 7, minibatch 95/95, validation error 5.709677 %
epoch 8, minibatch 95/95, validation error 5.709677 %
epoch 9, minibatch 95/95, validation error 5.709677 %
epoch 10, minibatch 95/95, validation error 5.741935 %
epoch 11, minibatch 95/95, validation error 5.774194 %
epoch 12, minibatch 95/95, validation error 5.774194 %
epoch 13, minibatch 95/95, validation error 5.806452 %
epoch 14, minibatch 95/95, validation error 5.838710 %
epoch 15, minibatch 95/95, validation error 5.903226 %
epoch 16, minibatch 95/95, validation error 5.903226 %
epoch 17, minibatch 95/95, validation error 4.967742 %
     epoch 17, minibatch 95/95, best error 5.774194 %, best_auc: 0.503333
epoch 18, minibatch 95/95, validation error 4.967742 %
epoch 19, minibatch 95/95, validation error 4.967742 %
epoch 20, minibatch 95/95, validation error 4.967742 %
epoch 21, minibatch 95/95, validation error 4.967742 %
epoch 22, minibatch 95/95, validation error 4.967742 %
epoch 23, minibatch 95/95, validation error 4.903226 %
     epoch 23, minibatch 95/95, best error 5.806452 %, best_auc: 0.503333
epoch 24, minibatch 95/95, validation error 4.903226 %
epoch 25, minibatch 95/95, validation error 4.903226 %
epoch 26, minibatch 95/95, validation error 4.903226 %
epoch 27, minibatch 95/95, validation error 4.903226 %
epoch 28, minibatch 95/95, validation error 4.903226 %
epoch 29, minibatch 95/95, validation error 4.903226 %
epoch 30, minibatch 95/95, validation error 4.903226 %
epoch 31, minibatch 95/95, validation error 4.903226 %
epoch 32, minibatch 95/95, validation error 4.903226 %
epoch 33, minibatch 95/95, validation error 4.903226 %
epoch 34, minibatch 95/95, validation error 4.903226 %
epoch 35, minibatch 95/95, validation error 4.903226 %
epoch 36, minibatch 95/95, validation error 4.903226 %
epoch 37, minibatch 95/95, validation error 4.903226 %
epoch 38, minibatch 95/95, validation error 4.903226 %
epoch 39, minibatch 95/95, validation error 4.903226 %
epoch 40, minibatch 95/95, validation error 4.903226 %
epoch 41, minibatch 95/95, validation error 4.903226 %
epoch 42, minibatch 95/95, validation error 4.903226 %
epoch 43, minibatch 95/95, validation error 4.903226 %
epoch 44, minibatch 95/95, validation error 4.903226 %
epoch 45, minibatch 95/95, validation error 4.903226 %
Optimization complete with best validation score of 4.903226 %, obtained at iteration 2185, with test performance 5.806452 %, and best_auc: 0.503333
runtime: 22359.28 secs.
