_CONDOR_JOB_IWD /mnt/ws/home/jferiante
Cluster 14411
Process 7
RunningOn slot3@opt-a010.discovery.wisc.edu
python th_deep_belief_net.py muv 7
Running Theano Learn Deep Belief Net for muv, target: 712.........
... building the model
... getting the pretraining functions
... pre-training the model
Pre-training layer 0, epoch 0, cost  -1447.13206693
Pre-training layer 0, epoch 1, cost  -1442.32066364
Pre-training layer 0, epoch 2, cost  -1437.79512707
Pre-training layer 0, epoch 3, cost  -1432.72409
Pre-training layer 0, epoch 4, cost  -1427.18512639
Pre-training layer 0, epoch 5, cost  -1421.65632202
Pre-training layer 0, epoch 6, cost  -1416.68050043
Pre-training layer 0, epoch 7, cost  -1410.79179568
Pre-training layer 0, epoch 8, cost  -1405.6178695
Pre-training layer 0, epoch 9, cost  -1400.84732484
Pre-training layer 1, epoch 0, cost  -1537.74731325
Pre-training layer 1, epoch 1, cost  -1537.42008604
Pre-training layer 1, epoch 2, cost  -1537.17007435
Pre-training layer 1, epoch 3, cost  -1537.04757199
Pre-training layer 1, epoch 4, cost  -1537.29419253
Pre-training layer 1, epoch 5, cost  -1536.62534013
Pre-training layer 1, epoch 6, cost  -1536.57717558
Pre-training layer 1, epoch 7, cost  -1536.39649992
Pre-training layer 1, epoch 8, cost  -1536.07797019
Pre-training layer 1, epoch 9, cost  -1535.79546536
... getting the finetuning functions
... finetuning the model
epoch 1, minibatch 95/95, validation error 5.741935 %
     epoch 1, minibatch 95/95, best error 5.645161 %, best_auc: 0.749722
epoch 2, minibatch 95/95, validation error 5.741935 %
     new best AUC!: 0.765944444444
epoch 3, minibatch 95/95, validation error 5.741935 %
epoch 4, minibatch 95/95, validation error 5.741935 %
epoch 5, minibatch 95/95, validation error 5.741935 %
epoch 6, minibatch 95/95, validation error 5.741935 %
epoch 7, minibatch 95/95, validation error 5.741935 %
epoch 8, minibatch 95/95, validation error 5.741935 %
epoch 9, minibatch 95/95, validation error 5.741935 %
epoch 10, minibatch 95/95, validation error 5.774194 %
epoch 11, minibatch 95/95, validation error 5.774194 %
epoch 12, minibatch 95/95, validation error 5.774194 %
epoch 13, minibatch 95/95, validation error 5.806452 %
epoch 14, minibatch 95/95, validation error 5.806452 %
epoch 15, minibatch 95/95, validation error 5.806452 %
epoch 16, minibatch 95/95, validation error 5.838710 %
epoch 17, minibatch 95/95, validation error 5.838710 %
epoch 18, minibatch 95/95, validation error 5.838710 %
epoch 19, minibatch 95/95, validation error 5.838710 %
epoch 20, minibatch 95/95, validation error 5.838710 %
epoch 21, minibatch 95/95, validation error 5.838710 %
epoch 22, minibatch 95/95, validation error 5.806452 %
epoch 23, minibatch 95/95, validation error 5.806452 %
epoch 24, minibatch 95/95, validation error 5.806452 %
epoch 25, minibatch 95/95, validation error 5.806452 %
epoch 26, minibatch 95/95, validation error 5.806452 %
epoch 27, minibatch 95/95, validation error 5.806452 %
epoch 28, minibatch 95/95, validation error 5.806452 %
epoch 29, minibatch 95/95, validation error 5.806452 %
epoch 30, minibatch 95/95, validation error 5.806452 %
Optimization complete with best validation score of 5.741935 %, obtained at iteration 95, with test performance 5.645161 %, and best_auc: 0.765944
runtime: 4754.61 secs.
