000 (14411.027.000) 08/01 05:08:37 Job submitted from host: <144.92.142.140:9620?sock=9267_cb64_3>
...
001 (14411.027.000) 08/01 05:09:06 Job executing on host: <144.92.142.192:9620?sock=11062_0af0_13>
...
006 (14411.027.000) 08/01 05:09:14 Image size of job updated: 8168
	8  -  MemoryUsage of job (MB)
	8168  -  ResidentSetSize of job (KB)
...
006 (14411.027.000) 08/01 05:10:29 Image size of job updated: 41040
	8  -  MemoryUsage of job (MB)
	8168  -  ResidentSetSize of job (KB)
...
005 (14411.027.000) 08/01 05:10:29 Job terminated.
	(1) Normal termination (return value 1)
		Usr 0 00:00:00, Sys 0 00:00:00  -  Run Remote Usage
		Usr 0 00:00:00, Sys 0 00:00:00  -  Run Local Usage
		Usr 0 00:00:00, Sys 0 00:00:00  -  Total Remote Usage
		Usr 0 00:00:00, Sys 0 00:00:00  -  Total Local Usage
	0  -  Run Bytes Sent By Job
	0  -  Run Bytes Received By Job
	0  -  Total Bytes Sent By Job
	0  -  Total Bytes Received By Job
	Partitionable Resources :    Usage  Request Allocated
	   Cpus                 :                 4         4
	   Disk (KB)            :        1        1  36448417
	   Memory (MB)          :        8     6144     12915
...
