_CONDOR_JOB_IWD /mnt/ws/home/jferiante
Cluster 14411
Process 15
RunningOn slot6@opt-a015.discovery.wisc.edu
python th_deep_belief_net.py muv 15
Running Theano Learn Deep Belief Net for muv, target: 858.........
... building the model
... getting the pretraining functions
... pre-training the model
Pre-training layer 0, epoch 0, cost  -1445.49152923
Pre-training layer 0, epoch 1, cost  -1441.07435217
Pre-training layer 0, epoch 2, cost  -1435.5498863
Pre-training layer 0, epoch 3, cost  -1430.5776119
Pre-training layer 0, epoch 4, cost  -1425.77448989
Pre-training layer 0, epoch 5, cost  -1420.12291621
Pre-training layer 0, epoch 6, cost  -1415.68440374
Pre-training layer 0, epoch 7, cost  -1409.68164907
Pre-training layer 0, epoch 8, cost  -1405.05620069
Pre-training layer 0, epoch 9, cost  -1399.7334099
Pre-training layer 1, epoch 0, cost  -1537.50543664
Pre-training layer 1, epoch 1, cost  -1537.22699561
Pre-training layer 1, epoch 2, cost  -1537.07909304
Pre-training layer 1, epoch 3, cost  -1536.86835919
Pre-training layer 1, epoch 4, cost  -1536.89762743
Pre-training layer 1, epoch 5, cost  -1536.45499544
Pre-training layer 1, epoch 6, cost  -1536.4694425
Pre-training layer 1, epoch 7, cost  -1536.24720241
Pre-training layer 1, epoch 8, cost  -1535.97402714
Pre-training layer 1, epoch 9, cost  -1535.66223814
... getting the finetuning functions
... finetuning the model
epoch 1, minibatch 95/95, validation error 5.645161 %
     epoch 1, minibatch 95/95, best error 5.645161 %, best_auc: 0.801222
epoch 2, minibatch 95/95, validation error 5.645161 %
     new best AUC!: 0.802
epoch 3, minibatch 95/95, validation error 5.645161 %
epoch 4, minibatch 95/95, validation error 5.645161 %
epoch 5, minibatch 95/95, validation error 5.645161 %
epoch 6, minibatch 95/95, validation error 5.645161 %
epoch 7, minibatch 95/95, validation error 5.645161 %
epoch 8, minibatch 95/95, validation error 5.645161 %
epoch 9, minibatch 95/95, validation error 5.709677 %
epoch 10, minibatch 95/95, validation error 5.774194 %
epoch 11, minibatch 95/95, validation error 5.806452 %
epoch 12, minibatch 95/95, validation error 5.838710 %
epoch 13, minibatch 95/95, validation error 5.838710 %
epoch 14, minibatch 95/95, validation error 5.838710 %
epoch 15, minibatch 95/95, validation error 5.838710 %
epoch 16, minibatch 95/95, validation error 5.870968 %
epoch 17, minibatch 95/95, validation error 5.903226 %
epoch 18, minibatch 95/95, validation error 5.935484 %
epoch 19, minibatch 95/95, validation error 6.000000 %
epoch 20, minibatch 95/95, validation error 6.000000 %
epoch 21, minibatch 95/95, validation error 6.000000 %
epoch 22, minibatch 95/95, validation error 6.000000 %
epoch 23, minibatch 95/95, validation error 6.000000 %
epoch 24, minibatch 95/95, validation error 6.000000 %
epoch 25, minibatch 95/95, validation error 6.000000 %
epoch 26, minibatch 95/95, validation error 6.000000 %
epoch 27, minibatch 95/95, validation error 6.000000 %
epoch 28, minibatch 95/95, validation error 6.000000 %
epoch 29, minibatch 95/95, validation error 6.000000 %
epoch 30, minibatch 95/95, validation error 6.000000 %
Optimization complete with best validation score of 5.645161 %, obtained at iteration 95, with test performance 5.645161 %, and best_auc: 0.802000
runtime: 11620.91 secs.
