_CONDOR_JOB_IWD /mnt/ws/home/jferiante
Cluster 14411
Process 16
RunningOn slot1@opt-a008.discovery.wisc.edu
python th_deep_belief_net.py muv 16
Running Theano Learn Deep Belief Net for muv, target: 859.........
... building the model
... getting the pretraining functions
... pre-training the model
Pre-training layer 0, epoch 0, cost  -1444.97745695
Pre-training layer 0, epoch 1, cost  -1439.38782965
Pre-training layer 0, epoch 2, cost  -1434.24285849
Pre-training layer 0, epoch 3, cost  -1429.42705897
Pre-training layer 0, epoch 4, cost  -1424.45404774
Pre-training layer 0, epoch 5, cost  -1418.71684695
Pre-training layer 0, epoch 6, cost  -1413.91112532
Pre-training layer 0, epoch 7, cost  -1408.1063328
Pre-training layer 0, epoch 8, cost  -1402.99574028
Pre-training layer 0, epoch 9, cost  -1397.83750372
Pre-training layer 1, epoch 0, cost  -1537.45876362
Pre-training layer 1, epoch 1, cost  -1537.21397691
Pre-training layer 1, epoch 2, cost  -1537.27386317
Pre-training layer 1, epoch 3, cost  -1536.74510765
Pre-training layer 1, epoch 4, cost  -1536.98376155
Pre-training layer 1, epoch 5, cost  -1536.47161546
Pre-training layer 1, epoch 6, cost  -1536.53413996
Pre-training layer 1, epoch 7, cost  -1536.30606752
Pre-training layer 1, epoch 8, cost  -1535.8247962
Pre-training layer 1, epoch 9, cost  -1535.66091402
... getting the finetuning functions
... finetuning the model
epoch 1, minibatch 95/95, validation error 5.580645 %
     epoch 1, minibatch 95/95, best error 5.709677 %, best_auc: 0.452778
epoch 2, minibatch 95/95, validation error 5.580645 %
     new best AUC!: 0.489027777778
epoch 3, minibatch 95/95, validation error 5.580645 %
     new best AUC!: 0.513833333333
epoch 4, minibatch 95/95, validation error 5.580645 %
     new best AUC!: 0.532222222222
epoch 5, minibatch 95/95, validation error 5.580645 %
     new best AUC!: 0.541666666667
epoch 6, minibatch 95/95, validation error 5.580645 %
     new best AUC!: 0.548722222222
epoch 7, minibatch 95/95, validation error 5.580645 %
     new best AUC!: 0.551777777778
epoch 8, minibatch 95/95, validation error 5.580645 %
     new best AUC!: 0.554388888889
epoch 9, minibatch 95/95, validation error 5.580645 %
     new best AUC!: 0.557333333333
epoch 10, minibatch 95/95, validation error 5.580645 %
     new best AUC!: 0.559777777778
epoch 11, minibatch 95/95, validation error 5.580645 %
     new best AUC!: 0.559777777778
epoch 12, minibatch 95/95, validation error 5.580645 %
     new best AUC!: 0.560055555556
epoch 13, minibatch 95/95, validation error 5.580645 %
     new best AUC!: 0.560388888889
epoch 14, minibatch 95/95, validation error 5.580645 %
epoch 15, minibatch 95/95, validation error 5.645161 %
epoch 16, minibatch 95/95, validation error 5.677419 %
epoch 17, minibatch 95/95, validation error 5.709677 %
epoch 18, minibatch 95/95, validation error 5.709677 %
     new best AUC!: 0.560833333333
epoch 19, minibatch 95/95, validation error 5.709677 %
     new best AUC!: 0.562888888889
epoch 20, minibatch 95/95, validation error 5.741935 %
     new best AUC!: 0.5645
epoch 21, minibatch 95/95, validation error 5.741935 %
     new best AUC!: 0.565888888889
epoch 22, minibatch 95/95, validation error 5.741935 %
     new best AUC!: 0.567
epoch 23, minibatch 95/95, validation error 5.741935 %
     new best AUC!: 0.567888888889
epoch 24, minibatch 95/95, validation error 5.741935 %
     new best AUC!: 0.568777777778
epoch 25, minibatch 95/95, validation error 5.709677 %
     new best AUC!: 0.569888888889
epoch 26, minibatch 95/95, validation error 5.741935 %
     new best AUC!: 0.57
epoch 27, minibatch 95/95, validation error 5.709677 %
     new best AUC!: 0.570055555556
epoch 28, minibatch 95/95, validation error 5.709677 %
     new best AUC!: 0.570111111111
epoch 29, minibatch 95/95, validation error 5.709677 %
     new best AUC!: 0.570611111111
epoch 30, minibatch 95/95, validation error 5.709677 %
epoch 31, minibatch 95/95, validation error 5.709677 %
epoch 32, minibatch 95/95, validation error 5.709677 %
     new best AUC!: 0.571722222222
epoch 33, minibatch 95/95, validation error 5.677419 %
epoch 34, minibatch 95/95, validation error 5.677419 %
epoch 35, minibatch 95/95, validation error 5.677419 %
     new best AUC!: 0.571944444444
epoch 36, minibatch 95/95, validation error 5.677419 %
     new best AUC!: 0.572
epoch 37, minibatch 95/95, validation error 5.677419 %
epoch 38, minibatch 95/95, validation error 5.645161 %
epoch 39, minibatch 95/95, validation error 5.645161 %
     new best AUC!: 0.572611111111
epoch 40, minibatch 95/95, validation error 5.645161 %
epoch 41, minibatch 95/95, validation error 5.645161 %
epoch 42, minibatch 95/95, validation error 5.645161 %
epoch 43, minibatch 95/95, validation error 5.645161 %
epoch 44, minibatch 95/95, validation error 5.645161 %
     new best AUC!: 0.572611111111
epoch 45, minibatch 95/95, validation error 5.645161 %
     new best AUC!: 0.573222222222
epoch 46, minibatch 95/95, validation error 5.645161 %
     new best AUC!: 0.573805555556
epoch 47, minibatch 95/95, validation error 5.645161 %
     new best AUC!: 0.574
epoch 48, minibatch 95/95, validation error 5.645161 %
     new best AUC!: 0.574055555556
epoch 49, minibatch 95/95, validation error 5.645161 %
     new best AUC!: 0.574138888889
epoch 50, minibatch 95/95, validation error 5.645161 %
epoch 51, minibatch 95/95, validation error 5.612903 %
epoch 52, minibatch 95/95, validation error 5.612903 %
     new best AUC!: 0.574527777778
epoch 53, minibatch 95/95, validation error 5.612903 %
epoch 54, minibatch 95/95, validation error 5.612903 %
epoch 55, minibatch 95/95, validation error 5.612903 %
     new best AUC!: 0.574638888889
epoch 56, minibatch 95/95, validation error 5.612903 %
     new best AUC!: 0.574694444444
epoch 57, minibatch 95/95, validation error 5.612903 %
epoch 58, minibatch 95/95, validation error 5.612903 %
     new best AUC!: 0.574833333333
epoch 59, minibatch 95/95, validation error 5.612903 %
epoch 60, minibatch 95/95, validation error 5.612903 %
epoch 61, minibatch 95/95, validation error 5.612903 %
epoch 62, minibatch 95/95, validation error 5.612903 %
epoch 63, minibatch 95/95, validation error 5.612903 %
epoch 64, minibatch 95/95, validation error 5.612903 %
epoch 65, minibatch 95/95, validation error 5.612903 %
epoch 66, minibatch 95/95, validation error 5.612903 %
epoch 67, minibatch 95/95, validation error 5.612903 %
epoch 68, minibatch 95/95, validation error 5.612903 %
epoch 69, minibatch 95/95, validation error 5.612903 %
epoch 70, minibatch 95/95, validation error 5.612903 %
     new best AUC!: 0.575111111111
epoch 71, minibatch 95/95, validation error 5.612903 %
     new best AUC!: 0.575166666667
epoch 72, minibatch 95/95, validation error 5.612903 %
     new best AUC!: 0.575388888889
epoch 73, minibatch 95/95, validation error 5.612903 %
epoch 74, minibatch 95/95, validation error 5.612903 %
epoch 75, minibatch 95/95, validation error 5.612903 %
epoch 76, minibatch 95/95, validation error 5.612903 %
epoch 77, minibatch 95/95, validation error 5.612903 %
epoch 78, minibatch 95/95, validation error 5.612903 %
     new best AUC!: 0.575472222222
epoch 79, minibatch 95/95, validation error 5.612903 %
     new best AUC!: 0.575833333333
epoch 80, minibatch 95/95, validation error 5.612903 %
epoch 81, minibatch 95/95, validation error 5.612903 %
epoch 82, minibatch 95/95, validation error 5.612903 %
epoch 83, minibatch 95/95, validation error 5.612903 %
epoch 84, minibatch 95/95, validation error 5.612903 %
epoch 85, minibatch 95/95, validation error 5.612903 %
epoch 86, minibatch 95/95, validation error 5.612903 %
epoch 87, minibatch 95/95, validation error 5.612903 %
epoch 88, minibatch 95/95, validation error 5.612903 %
epoch 89, minibatch 95/95, validation error 5.612903 %
epoch 90, minibatch 95/95, validation error 5.612903 %
epoch 91, minibatch 95/95, validation error 5.612903 %
epoch 92, minibatch 95/95, validation error 5.612903 %
     new best AUC!: 0.576333333333
epoch 93, minibatch 95/95, validation error 5.612903 %
epoch 94, minibatch 95/95, validation error 5.612903 %
epoch 95, minibatch 95/95, validation error 5.612903 %
epoch 96, minibatch 95/95, validation error 5.612903 %
epoch 97, minibatch 95/95, validation error 5.612903 %
epoch 98, minibatch 95/95, validation error 5.612903 %
epoch 99, minibatch 95/95, validation error 5.612903 %
epoch 100, minibatch 95/95, validation error 5.612903 %
epoch 101, minibatch 95/95, validation error 5.612903 %
epoch 102, minibatch 95/95, validation error 5.612903 %
epoch 103, minibatch 95/95, validation error 5.612903 %
epoch 104, minibatch 95/95, validation error 5.612903 %
epoch 105, minibatch 95/95, validation error 5.612903 %
epoch 106, minibatch 95/95, validation error 5.612903 %
epoch 107, minibatch 95/95, validation error 5.612903 %
epoch 108, minibatch 95/95, validation error 5.612903 %
epoch 109, minibatch 95/95, validation error 5.612903 %
epoch 110, minibatch 95/95, validation error 5.612903 %
epoch 111, minibatch 95/95, validation error 5.612903 %
epoch 112, minibatch 95/95, validation error 5.612903 %
epoch 113, minibatch 95/95, validation error 5.612903 %
epoch 114, minibatch 95/95, validation error 5.612903 %
epoch 115, minibatch 95/95, validation error 5.612903 %
epoch 116, minibatch 95/95, validation error 5.612903 %
epoch 117, minibatch 95/95, validation error 5.612903 %
epoch 118, minibatch 95/95, validation error 5.612903 %
epoch 119, minibatch 95/95, validation error 5.612903 %
epoch 120, minibatch 95/95, validation error 5.612903 %
epoch 121, minibatch 95/95, validation error 5.612903 %
epoch 122, minibatch 95/95, validation error 5.612903 %
epoch 123, minibatch 95/95, validation error 5.612903 %
epoch 124, minibatch 95/95, validation error 5.612903 %
epoch 125, minibatch 95/95, validation error 5.612903 %
epoch 126, minibatch 95/95, validation error 5.612903 %
epoch 127, minibatch 95/95, validation error 5.612903 %
epoch 128, minibatch 95/95, validation error 5.612903 %
epoch 129, minibatch 95/95, validation error 5.612903 %
epoch 130, minibatch 95/95, validation error 5.612903 %
epoch 131, minibatch 95/95, validation error 5.612903 %
epoch 132, minibatch 95/95, validation error 5.612903 %
epoch 133, minibatch 95/95, validation error 5.612903 %
epoch 134, minibatch 95/95, validation error 5.612903 %
epoch 135, minibatch 95/95, validation error 5.612903 %
epoch 136, minibatch 95/95, validation error 5.612903 %
     new best AUC!: 0.578777777778
epoch 137, minibatch 95/95, validation error 5.612903 %
epoch 138, minibatch 95/95, validation error 5.612903 %
epoch 139, minibatch 95/95, validation error 5.612903 %
epoch 140, minibatch 95/95, validation error 5.612903 %
epoch 141, minibatch 95/95, validation error 5.612903 %
epoch 142, minibatch 95/95, validation error 5.612903 %
epoch 143, minibatch 95/95, validation error 5.612903 %
epoch 144, minibatch 95/95, validation error 5.612903 %
epoch 145, minibatch 95/95, validation error 5.612903 %
epoch 146, minibatch 95/95, validation error 5.612903 %
     new best AUC!: 0.580805555556
epoch 147, minibatch 95/95, validation error 5.612903 %
epoch 148, minibatch 95/95, validation error 5.612903 %
     new best AUC!: 0.581361111111
epoch 149, minibatch 95/95, validation error 5.612903 %
epoch 150, minibatch 95/95, validation error 5.612903 %
epoch 151, minibatch 95/95, validation error 5.612903 %
epoch 152, minibatch 95/95, validation error 5.612903 %
     new best AUC!: 0.581527777778
epoch 153, minibatch 95/95, validation error 5.612903 %
epoch 154, minibatch 95/95, validation error 5.612903 %
epoch 155, minibatch 95/95, validation error 5.612903 %
epoch 156, minibatch 95/95, validation error 5.612903 %
epoch 157, minibatch 95/95, validation error 5.612903 %
epoch 158, minibatch 95/95, validation error 5.612903 %
epoch 159, minibatch 95/95, validation error 5.612903 %
epoch 160, minibatch 95/95, validation error 5.612903 %
epoch 161, minibatch 95/95, validation error 5.612903 %
     new best AUC!: 0.582416666667
epoch 162, minibatch 95/95, validation error 5.612903 %
epoch 163, minibatch 95/95, validation error 5.612903 %
epoch 164, minibatch 95/95, validation error 5.612903 %
epoch 165, minibatch 95/95, validation error 5.612903 %
epoch 166, minibatch 95/95, validation error 5.612903 %
epoch 167, minibatch 95/95, validation error 5.612903 %
epoch 168, minibatch 95/95, validation error 5.612903 %
epoch 169, minibatch 95/95, validation error 5.612903 %
epoch 170, minibatch 95/95, validation error 5.612903 %
epoch 171, minibatch 95/95, validation error 5.612903 %
epoch 172, minibatch 95/95, validation error 5.612903 %
epoch 173, minibatch 95/95, validation error 5.612903 %
epoch 174, minibatch 95/95, validation error 5.612903 %
epoch 175, minibatch 95/95, validation error 5.612903 %
epoch 176, minibatch 95/95, validation error 5.612903 %
epoch 177, minibatch 95/95, validation error 5.612903 %
epoch 178, minibatch 95/95, validation error 5.612903 %
     new best AUC!: 0.583222222222
epoch 179, minibatch 95/95, validation error 5.612903 %
epoch 180, minibatch 95/95, validation error 5.612903 %
epoch 181, minibatch 95/95, validation error 5.612903 %
epoch 182, minibatch 95/95, validation error 5.612903 %
epoch 183, minibatch 95/95, validation error 5.612903 %
epoch 184, minibatch 95/95, validation error 5.612903 %
epoch 185, minibatch 95/95, validation error 5.612903 %
epoch 186, minibatch 95/95, validation error 5.612903 %
epoch 187, minibatch 95/95, validation error 5.612903 %
epoch 188, minibatch 95/95, validation error 5.612903 %
epoch 189, minibatch 95/95, validation error 5.612903 %
epoch 190, minibatch 95/95, validation error 5.612903 %
epoch 191, minibatch 95/95, validation error 5.612903 %
epoch 192, minibatch 95/95, validation error 5.612903 %
epoch 193, minibatch 95/95, validation error 5.612903 %
epoch 194, minibatch 95/95, validation error 5.612903 %
epoch 195, minibatch 95/95, validation error 5.612903 %
epoch 196, minibatch 95/95, validation error 5.612903 %
epoch 197, minibatch 95/95, validation error 5.612903 %
epoch 198, minibatch 95/95, validation error 5.612903 %
epoch 199, minibatch 95/95, validation error 5.612903 %
epoch 200, minibatch 95/95, validation error 5.612903 %
epoch 201, minibatch 95/95, validation error 5.612903 %
epoch 202, minibatch 95/95, validation error 5.612903 %
epoch 203, minibatch 95/95, validation error 5.612903 %
epoch 204, minibatch 95/95, validation error 5.612903 %
epoch 205, minibatch 95/95, validation error 5.612903 %
epoch 206, minibatch 95/95, validation error 5.612903 %
epoch 207, minibatch 95/95, validation error 5.612903 %
epoch 208, minibatch 95/95, validation error 5.612903 %
epoch 209, minibatch 95/95, validation error 5.612903 %
     new best AUC!: 0.58725
epoch 210, minibatch 95/95, validation error 5.612903 %
epoch 211, minibatch 95/95, validation error 5.612903 %
epoch 212, minibatch 95/95, validation error 5.612903 %
epoch 213, minibatch 95/95, validation error 5.612903 %
     new best AUC!: 0.589916666667
epoch 214, minibatch 95/95, validation error 5.612903 %
epoch 215, minibatch 95/95, validation error 5.612903 %
epoch 216, minibatch 95/95, validation error 5.612903 %
epoch 217, minibatch 95/95, validation error 5.612903 %
epoch 218, minibatch 95/95, validation error 5.612903 %
epoch 219, minibatch 95/95, validation error 5.612903 %
epoch 220, minibatch 95/95, validation error 5.612903 %
epoch 221, minibatch 95/95, validation error 5.612903 %
     new best AUC!: 0.590611111111
epoch 222, minibatch 95/95, validation error 5.612903 %
     new best AUC!: 0.591083333333
epoch 223, minibatch 95/95, validation error 5.612903 %
epoch 224, minibatch 95/95, validation error 5.612903 %
epoch 225, minibatch 95/95, validation error 5.612903 %
epoch 226, minibatch 95/95, validation error 5.612903 %
epoch 227, minibatch 95/95, validation error 5.612903 %
epoch 228, minibatch 95/95, validation error 5.612903 %
epoch 229, minibatch 95/95, validation error 5.612903 %
epoch 230, minibatch 95/95, validation error 5.612903 %
epoch 231, minibatch 95/95, validation error 5.612903 %
epoch 232, minibatch 95/95, validation error 5.612903 %
epoch 233, minibatch 95/95, validation error 5.612903 %
epoch 234, minibatch 95/95, validation error 5.612903 %
epoch 235, minibatch 95/95, validation error 5.612903 %
epoch 236, minibatch 95/95, validation error 5.612903 %
epoch 237, minibatch 95/95, validation error 5.612903 %
epoch 238, minibatch 95/95, validation error 5.612903 %
epoch 239, minibatch 95/95, validation error 5.612903 %
epoch 240, minibatch 95/95, validation error 5.612903 %
epoch 241, minibatch 95/95, validation error 5.612903 %
epoch 242, minibatch 95/95, validation error 5.612903 %
epoch 243, minibatch 95/95, validation error 5.612903 %
epoch 244, minibatch 95/95, validation error 5.612903 %
epoch 245, minibatch 95/95, validation error 5.612903 %
epoch 246, minibatch 95/95, validation error 5.612903 %
epoch 247, minibatch 95/95, validation error 5.612903 %
epoch 248, minibatch 95/95, validation error 5.612903 %
epoch 249, minibatch 95/95, validation error 5.612903 %
epoch 250, minibatch 95/95, validation error 5.612903 %
epoch 251, minibatch 95/95, validation error 5.612903 %
epoch 252, minibatch 95/95, validation error 5.612903 %
epoch 253, minibatch 95/95, validation error 5.612903 %
epoch 254, minibatch 95/95, validation error 5.612903 %
epoch 255, minibatch 95/95, validation error 5.612903 %
epoch 256, minibatch 95/95, validation error 5.612903 %
epoch 257, minibatch 95/95, validation error 5.612903 %
epoch 258, minibatch 95/95, validation error 5.612903 %
epoch 259, minibatch 95/95, validation error 5.612903 %
     new best AUC!: 0.592805555556
epoch 260, minibatch 95/95, validation error 5.612903 %
epoch 261, minibatch 95/95, validation error 5.612903 %
epoch 262, minibatch 95/95, validation error 5.612903 %
epoch 263, minibatch 95/95, validation error 5.612903 %
epoch 264, minibatch 95/95, validation error 5.612903 %
epoch 265, minibatch 95/95, validation error 5.612903 %
epoch 266, minibatch 95/95, validation error 5.612903 %
epoch 267, minibatch 95/95, validation error 5.612903 %
epoch 268, minibatch 95/95, validation error 5.612903 %
epoch 269, minibatch 95/95, validation error 5.612903 %
epoch 270, minibatch 95/95, validation error 5.612903 %
epoch 271, minibatch 95/95, validation error 5.612903 %
epoch 272, minibatch 95/95, validation error 5.612903 %
epoch 273, minibatch 95/95, validation error 5.612903 %
epoch 274, minibatch 95/95, validation error 5.612903 %
epoch 275, minibatch 95/95, validation error 5.612903 %
epoch 276, minibatch 95/95, validation error 5.612903 %
epoch 277, minibatch 95/95, validation error 5.612903 %
epoch 278, minibatch 95/95, validation error 5.612903 %
epoch 279, minibatch 95/95, validation error 5.612903 %
epoch 280, minibatch 95/95, validation error 5.612903 %
epoch 281, minibatch 95/95, validation error 5.612903 %
epoch 282, minibatch 95/95, validation error 5.612903 %
epoch 283, minibatch 95/95, validation error 5.612903 %
epoch 284, minibatch 95/95, validation error 5.612903 %
epoch 285, minibatch 95/95, validation error 5.612903 %
epoch 286, minibatch 95/95, validation error 5.612903 %
epoch 287, minibatch 95/95, validation error 5.612903 %
epoch 288, minibatch 95/95, validation error 5.612903 %
epoch 289, minibatch 95/95, validation error 5.612903 %
epoch 290, minibatch 95/95, validation error 5.612903 %
epoch 291, minibatch 95/95, validation error 5.612903 %
epoch 292, minibatch 95/95, validation error 5.612903 %
epoch 293, minibatch 95/95, validation error 5.612903 %
epoch 294, minibatch 95/95, validation error 5.612903 %
epoch 295, minibatch 95/95, validation error 5.612903 %
epoch 296, minibatch 95/95, validation error 5.612903 %
epoch 297, minibatch 95/95, validation error 5.612903 %
epoch 298, minibatch 95/95, validation error 5.612903 %
epoch 299, minibatch 95/95, validation error 5.612903 %
epoch 300, minibatch 95/95, validation error 5.612903 %
epoch 301, minibatch 95/95, validation error 5.612903 %
epoch 302, minibatch 95/95, validation error 5.612903 %
epoch 303, minibatch 95/95, validation error 5.612903 %
epoch 304, minibatch 95/95, validation error 5.612903 %
epoch 305, minibatch 95/95, validation error 5.612903 %
epoch 306, minibatch 95/95, validation error 5.612903 %
epoch 307, minibatch 95/95, validation error 5.612903 %
epoch 308, minibatch 95/95, validation error 5.612903 %
epoch 309, minibatch 95/95, validation error 5.612903 %
epoch 310, minibatch 95/95, validation error 5.612903 %
epoch 311, minibatch 95/95, validation error 5.612903 %
epoch 312, minibatch 95/95, validation error 5.612903 %
epoch 313, minibatch 95/95, validation error 5.612903 %
epoch 314, minibatch 95/95, validation error 5.612903 %
epoch 315, minibatch 95/95, validation error 5.612903 %
epoch 316, minibatch 95/95, validation error 5.612903 %
epoch 317, minibatch 95/95, validation error 5.612903 %
epoch 318, minibatch 95/95, validation error 5.612903 %
epoch 319, minibatch 95/95, validation error 5.612903 %
epoch 320, minibatch 95/95, validation error 5.612903 %
epoch 321, minibatch 95/95, validation error 5.612903 %
epoch 322, minibatch 95/95, validation error 5.612903 %
epoch 323, minibatch 95/95, validation error 5.612903 %
epoch 324, minibatch 95/95, validation error 5.612903 %
epoch 325, minibatch 95/95, validation error 5.612903 %
epoch 326, minibatch 95/95, validation error 5.612903 %
epoch 327, minibatch 95/95, validation error 5.612903 %
epoch 328, minibatch 95/95, validation error 5.612903 %
epoch 329, minibatch 95/95, validation error 5.612903 %
epoch 330, minibatch 95/95, validation error 5.612903 %
epoch 331, minibatch 95/95, validation error 5.612903 %
epoch 332, minibatch 95/95, validation error 5.612903 %
epoch 333, minibatch 95/95, validation error 5.612903 %
epoch 334, minibatch 95/95, validation error 5.612903 %
epoch 335, minibatch 95/95, validation error 5.612903 %
epoch 336, minibatch 95/95, validation error 5.612903 %
epoch 337, minibatch 95/95, validation error 5.612903 %
epoch 338, minibatch 95/95, validation error 5.612903 %
epoch 339, minibatch 95/95, validation error 5.612903 %
epoch 340, minibatch 95/95, validation error 5.612903 %
epoch 341, minibatch 95/95, validation error 5.612903 %
epoch 342, minibatch 95/95, validation error 5.612903 %
epoch 343, minibatch 95/95, validation error 5.612903 %
epoch 344, minibatch 95/95, validation error 5.612903 %
epoch 345, minibatch 95/95, validation error 5.612903 %
epoch 346, minibatch 95/95, validation error 5.612903 %
epoch 347, minibatch 95/95, validation error 5.612903 %
epoch 348, minibatch 95/95, validation error 5.612903 %
epoch 349, minibatch 95/95, validation error 5.612903 %
epoch 350, minibatch 95/95, validation error 5.612903 %
epoch 351, minibatch 95/95, validation error 5.612903 %
epoch 352, minibatch 95/95, validation error 5.612903 %
epoch 353, minibatch 95/95, validation error 5.612903 %
epoch 354, minibatch 95/95, validation error 5.612903 %
epoch 355, minibatch 95/95, validation error 5.612903 %
epoch 356, minibatch 95/95, validation error 5.612903 %
epoch 357, minibatch 95/95, validation error 5.612903 %
epoch 358, minibatch 95/95, validation error 5.612903 %
epoch 359, minibatch 95/95, validation error 5.612903 %
epoch 360, minibatch 95/95, validation error 5.612903 %
epoch 361, minibatch 95/95, validation error 5.612903 %
epoch 362, minibatch 95/95, validation error 5.612903 %
epoch 363, minibatch 95/95, validation error 5.612903 %
epoch 364, minibatch 95/95, validation error 5.612903 %
epoch 365, minibatch 95/95, validation error 5.612903 %
epoch 366, minibatch 95/95, validation error 5.612903 %
epoch 367, minibatch 95/95, validation error 5.612903 %
epoch 368, minibatch 95/95, validation error 5.612903 %
epoch 369, minibatch 95/95, validation error 5.612903 %
epoch 370, minibatch 95/95, validation error 5.612903 %
epoch 371, minibatch 95/95, validation error 5.612903 %
epoch 372, minibatch 95/95, validation error 5.612903 %
epoch 373, minibatch 95/95, validation error 5.612903 %
epoch 374, minibatch 95/95, validation error 5.612903 %
epoch 375, minibatch 95/95, validation error 5.612903 %
epoch 376, minibatch 95/95, validation error 5.612903 %
epoch 377, minibatch 95/95, validation error 5.612903 %
epoch 378, minibatch 95/95, validation error 5.612903 %
epoch 379, minibatch 95/95, validation error 5.612903 %
epoch 380, minibatch 95/95, validation error 5.612903 %
epoch 381, minibatch 95/95, validation error 5.612903 %
epoch 382, minibatch 95/95, validation error 5.612903 %
epoch 383, minibatch 95/95, validation error 5.612903 %
epoch 384, minibatch 95/95, validation error 5.612903 %
epoch 385, minibatch 95/95, validation error 5.612903 %
epoch 386, minibatch 95/95, validation error 5.612903 %
epoch 387, minibatch 95/95, validation error 5.612903 %
epoch 388, minibatch 95/95, validation error 5.612903 %
epoch 389, minibatch 95/95, validation error 5.612903 %
epoch 390, minibatch 95/95, validation error 5.612903 %
epoch 391, minibatch 95/95, validation error 5.612903 %
epoch 392, minibatch 95/95, validation error 5.612903 %
epoch 393, minibatch 95/95, validation error 5.612903 %
epoch 394, minibatch 95/95, validation error 5.612903 %
epoch 395, minibatch 95/95, validation error 5.612903 %
epoch 396, minibatch 95/95, validation error 5.612903 %
epoch 397, minibatch 95/95, validation error 5.612903 %
epoch 398, minibatch 95/95, validation error 5.612903 %
epoch 399, minibatch 95/95, validation error 5.612903 %
epoch 400, minibatch 95/95, validation error 5.612903 %
epoch 401, minibatch 95/95, validation error 5.612903 %
epoch 402, minibatch 95/95, validation error 5.612903 %
epoch 403, minibatch 95/95, validation error 5.612903 %
epoch 404, minibatch 95/95, validation error 5.612903 %
epoch 405, minibatch 95/95, validation error 5.612903 %
epoch 406, minibatch 95/95, validation error 5.612903 %
epoch 407, minibatch 95/95, validation error 5.612903 %
epoch 408, minibatch 95/95, validation error 5.612903 %
epoch 409, minibatch 95/95, validation error 5.612903 %
epoch 410, minibatch 95/95, validation error 5.612903 %
epoch 411, minibatch 95/95, validation error 5.612903 %
epoch 412, minibatch 95/95, validation error 5.612903 %
epoch 413, minibatch 95/95, validation error 5.612903 %
epoch 414, minibatch 95/95, validation error 5.612903 %
epoch 415, minibatch 95/95, validation error 5.612903 %
epoch 416, minibatch 95/95, validation error 5.612903 %
epoch 417, minibatch 95/95, validation error 5.612903 %
epoch 418, minibatch 95/95, validation error 5.612903 %
epoch 419, minibatch 95/95, validation error 5.612903 %
epoch 420, minibatch 95/95, validation error 5.612903 %
epoch 421, minibatch 95/95, validation error 5.612903 %
epoch 422, minibatch 95/95, validation error 5.612903 %
epoch 423, minibatch 95/95, validation error 5.612903 %
epoch 424, minibatch 95/95, validation error 5.612903 %
epoch 425, minibatch 95/95, validation error 5.612903 %
epoch 426, minibatch 95/95, validation error 5.612903 %
epoch 427, minibatch 95/95, validation error 5.612903 %
epoch 428, minibatch 95/95, validation error 5.612903 %
epoch 429, minibatch 95/95, validation error 5.612903 %
epoch 430, minibatch 95/95, validation error 5.612903 %
epoch 431, minibatch 95/95, validation error 5.612903 %
epoch 432, minibatch 95/95, validation error 5.612903 %
epoch 433, minibatch 95/95, validation error 5.612903 %
epoch 434, minibatch 95/95, validation error 5.612903 %
epoch 435, minibatch 95/95, validation error 5.612903 %
epoch 436, minibatch 95/95, validation error 5.612903 %
epoch 437, minibatch 95/95, validation error 5.612903 %
epoch 438, minibatch 95/95, validation error 5.612903 %
epoch 439, minibatch 95/95, validation error 5.612903 %
epoch 440, minibatch 95/95, validation error 5.612903 %
epoch 441, minibatch 95/95, validation error 5.612903 %
epoch 442, minibatch 95/95, validation error 5.612903 %
epoch 443, minibatch 95/95, validation error 5.612903 %
epoch 444, minibatch 95/95, validation error 5.612903 %
epoch 445, minibatch 95/95, validation error 5.612903 %
epoch 446, minibatch 95/95, validation error 5.612903 %
epoch 447, minibatch 95/95, validation error 5.612903 %
epoch 448, minibatch 95/95, validation error 5.612903 %
epoch 449, minibatch 95/95, validation error 5.612903 %
epoch 450, minibatch 95/95, validation error 5.612903 %
epoch 451, minibatch 95/95, validation error 5.612903 %
epoch 452, minibatch 95/95, validation error 5.612903 %
epoch 453, minibatch 95/95, validation error 5.612903 %
epoch 454, minibatch 95/95, validation error 5.612903 %
epoch 455, minibatch 95/95, validation error 5.612903 %
epoch 456, minibatch 95/95, validation error 5.612903 %
epoch 457, minibatch 95/95, validation error 5.612903 %
epoch 458, minibatch 95/95, validation error 5.612903 %
epoch 459, minibatch 95/95, validation error 5.612903 %
epoch 460, minibatch 95/95, validation error 5.612903 %
epoch 461, minibatch 95/95, validation error 5.612903 %
epoch 462, minibatch 95/95, validation error 5.612903 %
epoch 463, minibatch 95/95, validation error 5.612903 %
epoch 464, minibatch 95/95, validation error 5.612903 %
epoch 465, minibatch 95/95, validation error 5.612903 %
epoch 466, minibatch 95/95, validation error 5.612903 %
epoch 467, minibatch 95/95, validation error 5.612903 %
epoch 468, minibatch 95/95, validation error 5.612903 %
epoch 469, minibatch 95/95, validation error 5.612903 %
epoch 470, minibatch 95/95, validation error 5.612903 %
epoch 471, minibatch 95/95, validation error 5.612903 %
epoch 472, minibatch 95/95, validation error 5.612903 %
epoch 473, minibatch 95/95, validation error 5.612903 %
epoch 474, minibatch 95/95, validation error 5.612903 %
epoch 475, minibatch 95/95, validation error 5.612903 %
epoch 476, minibatch 95/95, validation error 5.612903 %
epoch 477, minibatch 95/95, validation error 5.612903 %
epoch 478, minibatch 95/95, validation error 5.612903 %
epoch 479, minibatch 95/95, validation error 5.612903 %
epoch 480, minibatch 95/95, validation error 5.612903 %
epoch 481, minibatch 95/95, validation error 5.612903 %
epoch 482, minibatch 95/95, validation error 5.612903 %
epoch 483, minibatch 95/95, validation error 5.612903 %
epoch 484, minibatch 95/95, validation error 5.612903 %
epoch 485, minibatch 95/95, validation error 5.612903 %
epoch 486, minibatch 95/95, validation error 5.612903 %
epoch 487, minibatch 95/95, validation error 5.612903 %
epoch 488, minibatch 95/95, validation error 5.612903 %
epoch 489, minibatch 95/95, validation error 5.612903 %
epoch 490, minibatch 95/95, validation error 5.612903 %
epoch 491, minibatch 95/95, validation error 5.612903 %
epoch 492, minibatch 95/95, validation error 5.612903 %
epoch 493, minibatch 95/95, validation error 5.612903 %
epoch 494, minibatch 95/95, validation error 5.612903 %
epoch 495, minibatch 95/95, validation error 5.612903 %
epoch 496, minibatch 95/95, validation error 5.612903 %
epoch 497, minibatch 95/95, validation error 5.612903 %
epoch 498, minibatch 95/95, validation error 5.612903 %
epoch 499, minibatch 95/95, validation error 5.612903 %
epoch 500, minibatch 95/95, validation error 5.612903 %
epoch 501, minibatch 95/95, validation error 5.612903 %
epoch 502, minibatch 95/95, validation error 5.612903 %
epoch 503, minibatch 95/95, validation error 5.612903 %
epoch 504, minibatch 95/95, validation error 5.612903 %
epoch 505, minibatch 95/95, validation error 5.612903 %
epoch 506, minibatch 95/95, validation error 5.612903 %
epoch 507, minibatch 95/95, validation error 5.612903 %
epoch 508, minibatch 95/95, validation error 5.612903 %
epoch 509, minibatch 95/95, validation error 5.612903 %
epoch 510, minibatch 95/95, validation error 5.612903 %
epoch 511, minibatch 95/95, validation error 5.612903 %
epoch 512, minibatch 95/95, validation error 5.612903 %
epoch 513, minibatch 95/95, validation error 5.612903 %
epoch 514, minibatch 95/95, validation error 5.612903 %
epoch 515, minibatch 95/95, validation error 5.612903 %
epoch 516, minibatch 95/95, validation error 5.612903 %
epoch 517, minibatch 95/95, validation error 5.612903 %
Optimization complete with best validation score of 5.580645 %, obtained at iteration 95, with test performance 5.709677 %, and best_auc: 0.592806
runtime: 35915.49 secs.
