000 (14411.012.000) 08/01 05:08:37 Job submitted from host: <144.92.142.140:9620?sock=9267_cb64_3>
...
001 (14411.012.000) 08/01 05:09:03 Job executing on host: <144.92.142.174:9620?sock=5096_79fc_3>
...
006 (14411.012.000) 08/01 05:09:12 Image size of job updated: 12392
	13  -  MemoryUsage of job (MB)
	12392  -  ResidentSetSize of job (KB)
...
006 (14411.012.000) 08/01 05:14:13 Image size of job updated: 331684
	324  -  MemoryUsage of job (MB)
	331684  -  ResidentSetSize of job (KB)
...
006 (14411.012.000) 08/01 05:19:13 Image size of job updated: 473488
	463  -  MemoryUsage of job (MB)
	473488  -  ResidentSetSize of job (KB)
...
006 (14411.012.000) 08/01 05:24:13 Image size of job updated: 535128
	523  -  MemoryUsage of job (MB)
	535128  -  ResidentSetSize of job (KB)
...
006 (14411.012.000) 08/01 05:56:09 Image size of job updated: 2108148
	523  -  MemoryUsage of job (MB)
	535128  -  ResidentSetSize of job (KB)
...
005 (14411.012.000) 08/01 05:56:09 Job terminated.
	(1) Normal termination (return value 0)
		Usr 0 09:00:38, Sys 0 00:24:25  -  Run Remote Usage
		Usr 0 00:00:00, Sys 0 00:00:00  -  Run Local Usage
		Usr 0 09:00:38, Sys 0 00:24:25  -  Total Remote Usage
		Usr 0 00:00:00, Sys 0 00:00:00  -  Total Local Usage
	0  -  Run Bytes Sent By Job
	0  -  Run Bytes Received By Job
	0  -  Total Bytes Sent By Job
	0  -  Total Bytes Received By Job
	Partitionable Resources :    Usage  Request Allocated
	   Cpus                 :                 4         4
	   Disk (KB)            :        1        1  26666881
	   Memory (MB)          :      523     6144     16126
...
