_CONDOR_JOB_IWD /mnt/ws/home/jferiante
Cluster 14411
Process 14
RunningOn slot6@opt-a004.discovery.wisc.edu
python th_deep_belief_net.py muv 14
Running Theano Learn Deep Belief Net for muv, target: 852.........
... building the model
... getting the pretraining functions
... pre-training the model
Pre-training layer 0, epoch 0, cost  -1448.01031888
Pre-training layer 0, epoch 1, cost  -1443.53359026
Pre-training layer 0, epoch 2, cost  -1439.05624357
Pre-training layer 0, epoch 3, cost  -1433.10246247
Pre-training layer 0, epoch 4, cost  -1428.37717114
Pre-training layer 0, epoch 5, cost  -1423.16374627
Pre-training layer 0, epoch 6, cost  -1418.01090237
Pre-training layer 0, epoch 7, cost  -1412.43475539
Pre-training layer 0, epoch 8, cost  -1407.19569357
Pre-training layer 0, epoch 9, cost  -1402.42634327
Pre-training layer 1, epoch 0, cost  -1537.99929173
Pre-training layer 1, epoch 1, cost  -1537.55092047
Pre-training layer 1, epoch 2, cost  -1537.61026656
Pre-training layer 1, epoch 3, cost  -1537.26287281
Pre-training layer 1, epoch 4, cost  -1537.51403108
Pre-training layer 1, epoch 5, cost  -1537.01104188
Pre-training layer 1, epoch 6, cost  -1536.91972317
Pre-training layer 1, epoch 7, cost  -1536.86884988
Pre-training layer 1, epoch 8, cost  -1536.45632251
Pre-training layer 1, epoch 9, cost  -1536.21312416
... getting the finetuning functions
... finetuning the model
epoch 1, minibatch 95/95, validation error 5.677419 %
     epoch 1, minibatch 95/95, best error 5.645161 %, best_auc: 0.578333
epoch 2, minibatch 95/95, validation error 5.677419 %
     new best AUC!: 0.660111111111
epoch 3, minibatch 95/95, validation error 5.677419 %
     new best AUC!: 0.689722222222
epoch 4, minibatch 95/95, validation error 5.677419 %
     new best AUC!: 0.7155
epoch 5, minibatch 95/95, validation error 5.677419 %
     new best AUC!: 0.738222222222
epoch 6, minibatch 95/95, validation error 5.677419 %
     new best AUC!: 0.76
epoch 7, minibatch 95/95, validation error 5.677419 %
     new best AUC!: 0.775777777778
epoch 8, minibatch 95/95, validation error 5.709677 %
     new best AUC!: 0.790111111111
epoch 9, minibatch 95/95, validation error 5.709677 %
     new best AUC!: 0.803833333333
epoch 10, minibatch 95/95, validation error 5.709677 %
     new best AUC!: 0.814111111111
epoch 11, minibatch 95/95, validation error 5.709677 %
     new best AUC!: 0.823444444444
epoch 12, minibatch 95/95, validation error 5.709677 %
     new best AUC!: 0.8315
epoch 13, minibatch 95/95, validation error 5.709677 %
     new best AUC!: 0.839444444444
epoch 14, minibatch 95/95, validation error 5.709677 %
     new best AUC!: 0.845555555556
epoch 15, minibatch 95/95, validation error 5.709677 %
     new best AUC!: 0.850833333333
epoch 16, minibatch 95/95, validation error 5.709677 %
     new best AUC!: 0.855
epoch 17, minibatch 95/95, validation error 5.709677 %
     new best AUC!: 0.859277777778
epoch 18, minibatch 95/95, validation error 5.709677 %
     new best AUC!: 0.861611111111
epoch 19, minibatch 95/95, validation error 5.709677 %
     new best AUC!: 0.863555555556
epoch 20, minibatch 95/95, validation error 5.709677 %
     new best AUC!: 0.865444444444
epoch 21, minibatch 95/95, validation error 5.709677 %
     new best AUC!: 0.866388888889
epoch 22, minibatch 95/95, validation error 5.709677 %
     new best AUC!: 0.867444444444
epoch 23, minibatch 95/95, validation error 5.709677 %
     new best AUC!: 0.868
epoch 24, minibatch 95/95, validation error 5.709677 %
     new best AUC!: 0.868944444444
epoch 25, minibatch 95/95, validation error 5.709677 %
     new best AUC!: 0.869277777778
epoch 26, minibatch 95/95, validation error 5.709677 %
     new best AUC!: 0.869888888889
epoch 27, minibatch 95/95, validation error 5.709677 %
epoch 28, minibatch 95/95, validation error 5.709677 %
     new best AUC!: 0.870444444444
epoch 29, minibatch 95/95, validation error 5.709677 %
     new best AUC!: 0.8705
epoch 30, minibatch 95/95, validation error 5.709677 %
epoch 31, minibatch 95/95, validation error 5.709677 %
     new best AUC!: 0.870777777778
epoch 32, minibatch 95/95, validation error 5.709677 %
epoch 33, minibatch 95/95, validation error 5.709677 %
epoch 34, minibatch 95/95, validation error 5.709677 %
epoch 35, minibatch 95/95, validation error 5.709677 %
epoch 36, minibatch 95/95, validation error 5.709677 %
epoch 37, minibatch 95/95, validation error 5.709677 %
epoch 38, minibatch 95/95, validation error 5.709677 %
epoch 39, minibatch 95/95, validation error 5.709677 %
     new best AUC!: 0.870888888889
epoch 40, minibatch 95/95, validation error 5.709677 %
epoch 41, minibatch 95/95, validation error 5.709677 %
     new best AUC!: 0.870888888889
epoch 42, minibatch 95/95, validation error 5.709677 %
epoch 43, minibatch 95/95, validation error 5.709677 %
epoch 44, minibatch 95/95, validation error 5.709677 %
epoch 45, minibatch 95/95, validation error 5.709677 %
epoch 46, minibatch 95/95, validation error 5.709677 %
epoch 47, minibatch 95/95, validation error 5.709677 %
epoch 48, minibatch 95/95, validation error 5.709677 %
epoch 49, minibatch 95/95, validation error 5.709677 %
epoch 50, minibatch 95/95, validation error 5.709677 %
epoch 51, minibatch 95/95, validation error 5.709677 %
epoch 52, minibatch 95/95, validation error 5.709677 %
epoch 53, minibatch 95/95, validation error 5.709677 %
epoch 54, minibatch 95/95, validation error 5.709677 %
epoch 55, minibatch 95/95, validation error 5.709677 %
epoch 56, minibatch 95/95, validation error 5.709677 %
epoch 57, minibatch 95/95, validation error 5.709677 %
epoch 58, minibatch 95/95, validation error 5.709677 %
epoch 59, minibatch 95/95, validation error 5.709677 %
epoch 60, minibatch 95/95, validation error 5.709677 %
epoch 61, minibatch 95/95, validation error 5.709677 %
epoch 62, minibatch 95/95, validation error 5.709677 %
epoch 63, minibatch 95/95, validation error 5.709677 %
epoch 64, minibatch 95/95, validation error 5.709677 %
epoch 65, minibatch 95/95, validation error 5.709677 %
epoch 66, minibatch 95/95, validation error 5.709677 %
epoch 67, minibatch 95/95, validation error 5.709677 %
epoch 68, minibatch 95/95, validation error 5.709677 %
epoch 69, minibatch 95/95, validation error 5.709677 %
epoch 70, minibatch 95/95, validation error 5.709677 %
epoch 71, minibatch 95/95, validation error 5.709677 %
epoch 72, minibatch 95/95, validation error 5.709677 %
epoch 73, minibatch 95/95, validation error 5.709677 %
epoch 74, minibatch 95/95, validation error 5.709677 %
epoch 75, minibatch 95/95, validation error 5.709677 %
epoch 76, minibatch 95/95, validation error 5.709677 %
epoch 77, minibatch 95/95, validation error 5.709677 %
epoch 78, minibatch 95/95, validation error 5.709677 %
epoch 79, minibatch 95/95, validation error 5.709677 %
epoch 80, minibatch 95/95, validation error 5.709677 %
epoch 81, minibatch 95/95, validation error 5.709677 %
Optimization complete with best validation score of 5.677419 %, obtained at iteration 95, with test performance 5.645161 %, and best_auc: 0.870889
runtime: 31144.46 secs.
