000 (14411.028.000) 08/01 05:08:37 Job submitted from host: <144.92.142.140:9620?sock=9267_cb64_3>
...
001 (14411.028.000) 08/01 05:09:03 Job executing on host: <144.92.142.170:9620?sock=8495_73f6_4>
...
006 (14411.028.000) 08/01 05:09:12 Image size of job updated: 10716
	11  -  MemoryUsage of job (MB)
	10716  -  ResidentSetSize of job (KB)
...
006 (14411.028.000) 08/01 05:10:26 Image size of job updated: 43736
	11  -  MemoryUsage of job (MB)
	10716  -  ResidentSetSize of job (KB)
...
005 (14411.028.000) 08/01 05:10:26 Job terminated.
	(1) Normal termination (return value 1)
		Usr 0 00:00:00, Sys 0 00:00:00  -  Run Remote Usage
		Usr 0 00:00:00, Sys 0 00:00:00  -  Run Local Usage
		Usr 0 00:00:00, Sys 0 00:00:00  -  Total Remote Usage
		Usr 0 00:00:00, Sys 0 00:00:00  -  Total Local Usage
	0  -  Run Bytes Sent By Job
	0  -  Run Bytes Received By Job
	0  -  Total Bytes Sent By Job
	0  -  Total Bytes Received By Job
	Partitionable Resources :    Usage  Request Allocated
	   Cpus                 :                 4         4
	   Disk (KB)            :        1        1 162310351
	   Memory (MB)          :       11     6144     21508
...
