_CONDOR_JOB_IWD /mnt/ws/home/jferiante
Cluster 14411
Process 8
RunningOn slot3@opt-a004.discovery.wisc.edu
python th_deep_belief_net.py muv 8
Running Theano Learn Deep Belief Net for muv, target: 713.........
... building the model
... getting the pretraining functions
... pre-training the model
Pre-training layer 0, epoch 0, cost  -1447.62122572
Pre-training layer 0, epoch 1, cost  -1442.53959871
Pre-training layer 0, epoch 2, cost  -1437.75469426
Pre-training layer 0, epoch 3, cost  -1432.53795702
Pre-training layer 0, epoch 4, cost  -1427.30352143
Pre-training layer 0, epoch 5, cost  -1421.97779295
Pre-training layer 0, epoch 6, cost  -1417.08768741
Pre-training layer 0, epoch 7, cost  -1411.71313583
Pre-training layer 0, epoch 8, cost  -1405.89958246
Pre-training layer 0, epoch 9, cost  -1401.52951096
Pre-training layer 1, epoch 0, cost  -1537.50792588
Pre-training layer 1, epoch 1, cost  -1537.27797656
Pre-training layer 1, epoch 2, cost  -1537.30739487
Pre-training layer 1, epoch 3, cost  -1536.88281201
Pre-training layer 1, epoch 4, cost  -1537.1439859
Pre-training layer 1, epoch 5, cost  -1536.6266579
Pre-training layer 1, epoch 6, cost  -1536.53953393
Pre-training layer 1, epoch 7, cost  -1536.31969948
Pre-training layer 1, epoch 8, cost  -1535.94525121
Pre-training layer 1, epoch 9, cost  -1535.76475342
... getting the finetuning functions
... finetuning the model
epoch 1, minibatch 95/95, validation error 5.580645 %
     epoch 1, minibatch 95/95, best error 5.709677 %, best_auc: 0.696500
epoch 2, minibatch 95/95, validation error 5.580645 %
     new best AUC!: 0.737111111111
epoch 3, minibatch 95/95, validation error 5.580645 %
     new best AUC!: 0.741722222222
epoch 4, minibatch 95/95, validation error 5.580645 %
     new best AUC!: 0.755111111111
epoch 5, minibatch 95/95, validation error 5.580645 %
     new best AUC!: 0.770916666667
epoch 6, minibatch 95/95, validation error 5.580645 %
     new best AUC!: 0.784277777778
epoch 7, minibatch 95/95, validation error 5.580645 %
     new best AUC!: 0.794777777778
epoch 8, minibatch 95/95, validation error 5.580645 %
     new best AUC!: 0.804166666667
epoch 9, minibatch 95/95, validation error 5.580645 %
     new best AUC!: 0.810833333333
epoch 10, minibatch 95/95, validation error 5.580645 %
     new best AUC!: 0.815555555556
epoch 11, minibatch 95/95, validation error 5.580645 %
     new best AUC!: 0.818777777778
epoch 12, minibatch 95/95, validation error 5.580645 %
     new best AUC!: 0.8215
epoch 13, minibatch 95/95, validation error 5.645161 %
     new best AUC!: 0.822111111111
epoch 14, minibatch 95/95, validation error 5.709677 %
     new best AUC!: 0.823
epoch 15, minibatch 95/95, validation error 5.741935 %
     new best AUC!: 0.823833333333
epoch 16, minibatch 95/95, validation error 5.774194 %
epoch 17, minibatch 95/95, validation error 5.806452 %
     new best AUC!: 0.823888888889
epoch 18, minibatch 95/95, validation error 5.806452 %
epoch 19, minibatch 95/95, validation error 5.806452 %
epoch 20, minibatch 95/95, validation error 5.806452 %
     new best AUC!: 0.824222222222
epoch 21, minibatch 95/95, validation error 5.774194 %
     new best AUC!: 0.824722222222
epoch 22, minibatch 95/95, validation error 5.774194 %
epoch 23, minibatch 95/95, validation error 5.774194 %
     new best AUC!: 0.824777777778
epoch 24, minibatch 95/95, validation error 5.774194 %
     new best AUC!: 0.824888888889
epoch 25, minibatch 95/95, validation error 5.774194 %
epoch 26, minibatch 95/95, validation error 5.774194 %
epoch 27, minibatch 95/95, validation error 5.806452 %
epoch 28, minibatch 95/95, validation error 5.806452 %
epoch 29, minibatch 95/95, validation error 5.774194 %
epoch 30, minibatch 95/95, validation error 5.774194 %
epoch 31, minibatch 95/95, validation error 5.774194 %
epoch 32, minibatch 95/95, validation error 5.774194 %
epoch 33, minibatch 95/95, validation error 5.774194 %
epoch 34, minibatch 95/95, validation error 5.741935 %
epoch 35, minibatch 95/95, validation error 5.741935 %
epoch 36, minibatch 95/95, validation error 5.741935 %
epoch 37, minibatch 95/95, validation error 5.741935 %
epoch 38, minibatch 95/95, validation error 5.741935 %
epoch 39, minibatch 95/95, validation error 5.741935 %
epoch 40, minibatch 95/95, validation error 5.741935 %
epoch 41, minibatch 95/95, validation error 5.741935 %
epoch 42, minibatch 95/95, validation error 5.741935 %
epoch 43, minibatch 95/95, validation error 5.741935 %
epoch 44, minibatch 95/95, validation error 5.741935 %
epoch 45, minibatch 95/95, validation error 5.741935 %
epoch 46, minibatch 95/95, validation error 5.741935 %
epoch 47, minibatch 95/95, validation error 5.741935 %
Optimization complete with best validation score of 5.580645 %, obtained at iteration 95, with test performance 5.709677 %, and best_auc: 0.824889
runtime: 22651.42 secs.
