_CONDOR_JOB_IWD /mnt/ws/home/jferiante
Cluster 14411
Process 12
RunningOn slot3@opt-a014.discovery.wisc.edu
python th_deep_belief_net.py muv 12
Running Theano Learn Deep Belief Net for muv, target: 832.........
... building the model
... getting the pretraining functions
... pre-training the model
Pre-training layer 0, epoch 0, cost  -1446.84784875
Pre-training layer 0, epoch 1, cost  -1441.03229052
Pre-training layer 0, epoch 2, cost  -1436.15361543
Pre-training layer 0, epoch 3, cost  -1430.91831072
Pre-training layer 0, epoch 4, cost  -1426.00555991
Pre-training layer 0, epoch 5, cost  -1420.39442426
Pre-training layer 0, epoch 6, cost  -1415.78457463
Pre-training layer 0, epoch 7, cost  -1410.04390897
Pre-training layer 0, epoch 8, cost  -1404.52039129
Pre-training layer 0, epoch 9, cost  -1399.99538866
Pre-training layer 1, epoch 0, cost  -1537.49028448
Pre-training layer 1, epoch 1, cost  -1537.28036931
Pre-training layer 1, epoch 2, cost  -1537.10787554
Pre-training layer 1, epoch 3, cost  -1536.68620516
Pre-training layer 1, epoch 4, cost  -1537.07762323
Pre-training layer 1, epoch 5, cost  -1536.41298933
Pre-training layer 1, epoch 6, cost  -1536.27527893
Pre-training layer 1, epoch 7, cost  -1536.23225891
Pre-training layer 1, epoch 8, cost  -1536.03897642
Pre-training layer 1, epoch 9, cost  -1535.73351238
... getting the finetuning functions
... finetuning the model
epoch 1, minibatch 95/95, validation error 5.580645 %
     epoch 1, minibatch 95/95, best error 5.709677 %, best_auc: 0.803778
epoch 2, minibatch 95/95, validation error 5.580645 %
     new best AUC!: 0.877611111111
epoch 3, minibatch 95/95, validation error 5.580645 %
     new best AUC!: 0.905777777778
epoch 4, minibatch 95/95, validation error 5.580645 %
     new best AUC!: 0.925166666667
epoch 5, minibatch 95/95, validation error 5.580645 %
     new best AUC!: 0.938833333333
epoch 6, minibatch 95/95, validation error 5.580645 %
     new best AUC!: 0.949833333333
epoch 7, minibatch 95/95, validation error 5.580645 %
     new best AUC!: 0.957111111111
epoch 8, minibatch 95/95, validation error 5.580645 %
     new best AUC!: 0.962166666667
epoch 9, minibatch 95/95, validation error 4.677419 %
     new best AUC!: 0.965444444444
     epoch 9, minibatch 95/95, best error 5.709677 %, best_auc: 0.965444
epoch 10, minibatch 95/95, validation error 4.677419 %
     new best AUC!: 0.969333333333
epoch 11, minibatch 95/95, validation error 4.709677 %
     new best AUC!: 0.971777777778
epoch 12, minibatch 95/95, validation error 4.709677 %
     new best AUC!: 0.974666666667
epoch 13, minibatch 95/95, validation error 4.709677 %
     new best AUC!: 0.977
epoch 14, minibatch 95/95, validation error 4.709677 %
     new best AUC!: 0.978777777778
epoch 15, minibatch 95/95, validation error 4.741935 %
     new best AUC!: 0.980611111111
epoch 16, minibatch 95/95, validation error 4.741935 %
     new best AUC!: 0.981888888889
epoch 17, minibatch 95/95, validation error 4.741935 %
     new best AUC!: 0.982833333333
epoch 18, minibatch 95/95, validation error 4.741935 %
     new best AUC!: 0.983833333333
epoch 19, minibatch 95/95, validation error 4.741935 %
     new best AUC!: 0.984888888889
epoch 20, minibatch 95/95, validation error 4.741935 %
     new best AUC!: 0.985277777778
epoch 21, minibatch 95/95, validation error 4.741935 %
     new best AUC!: 0.985722222222
epoch 22, minibatch 95/95, validation error 4.741935 %
     new best AUC!: 0.986055555556
epoch 23, minibatch 95/95, validation error 4.741935 %
     new best AUC!: 0.986388888889
epoch 24, minibatch 95/95, validation error 4.741935 %
     new best AUC!: 0.986944444444
epoch 25, minibatch 95/95, validation error 4.741935 %
     new best AUC!: 0.987166666667
epoch 26, minibatch 95/95, validation error 4.741935 %
     new best AUC!: 0.9875
epoch 27, minibatch 95/95, validation error 4.741935 %
     new best AUC!: 0.987833333333
epoch 28, minibatch 95/95, validation error 4.741935 %
     new best AUC!: 0.988055555556
epoch 29, minibatch 95/95, validation error 4.741935 %
     new best AUC!: 0.988166666667
epoch 30, minibatch 95/95, validation error 3.774194 %
     new best AUC!: 0.988222222222
     epoch 30, minibatch 95/95, best error 2.870968 %, best_auc: 0.988222
epoch 31, minibatch 95/95, validation error 3.774194 %
     new best AUC!: 0.9885
epoch 32, minibatch 95/95, validation error 3.774194 %
     new best AUC!: 0.988611111111
epoch 33, minibatch 95/95, validation error 3.774194 %
     new best AUC!: 0.988888888889
epoch 34, minibatch 95/95, validation error 3.774194 %
     new best AUC!: 0.989055555556
epoch 35, minibatch 95/95, validation error 3.774194 %
     new best AUC!: 0.989166666667
epoch 36, minibatch 95/95, validation error 3.774194 %
     new best AUC!: 0.989277777778
epoch 37, minibatch 95/95, validation error 3.774194 %
     new best AUC!: 0.9895
epoch 38, minibatch 95/95, validation error 3.774194 %
epoch 39, minibatch 95/95, validation error 3.774194 %
epoch 40, minibatch 95/95, validation error 3.774194 %
     new best AUC!: 0.989555555556
epoch 41, minibatch 95/95, validation error 3.774194 %
     new best AUC!: 0.989611111111
epoch 42, minibatch 95/95, validation error 3.774194 %
     new best AUC!: 0.989666666667
epoch 43, minibatch 95/95, validation error 3.774194 %
     new best AUC!: 0.989722222222
epoch 44, minibatch 95/95, validation error 3.774194 %
epoch 45, minibatch 95/95, validation error 3.774194 %
     new best AUC!: 0.989833333333
epoch 46, minibatch 95/95, validation error 3.774194 %
epoch 47, minibatch 95/95, validation error 3.774194 %
epoch 48, minibatch 95/95, validation error 3.774194 %
epoch 49, minibatch 95/95, validation error 3.774194 %
epoch 50, minibatch 95/95, validation error 4.741935 %
epoch 51, minibatch 95/95, validation error 4.741935 %
epoch 52, minibatch 95/95, validation error 4.741935 %
epoch 53, minibatch 95/95, validation error 4.741935 %
epoch 54, minibatch 95/95, validation error 4.741935 %
epoch 55, minibatch 95/95, validation error 4.741935 %
epoch 56, minibatch 95/95, validation error 4.741935 %
epoch 57, minibatch 95/95, validation error 4.741935 %
epoch 58, minibatch 95/95, validation error 4.741935 %
epoch 59, minibatch 95/95, validation error 4.741935 %
     new best AUC!: 0.989888888889
epoch 60, minibatch 95/95, validation error 4.741935 %
epoch 61, minibatch 95/95, validation error 4.741935 %
     new best AUC!: 0.99
epoch 62, minibatch 95/95, validation error 4.741935 %
     new best AUC!: 0.990055555556
epoch 63, minibatch 95/95, validation error 4.741935 %
epoch 64, minibatch 95/95, validation error 4.741935 %
epoch 65, minibatch 95/95, validation error 4.741935 %
     new best AUC!: 0.990166666667
epoch 66, minibatch 95/95, validation error 4.741935 %
epoch 67, minibatch 95/95, validation error 4.741935 %
epoch 68, minibatch 95/95, validation error 4.741935 %
     new best AUC!: 0.990222222222
epoch 69, minibatch 95/95, validation error 4.741935 %
     new best AUC!: 0.99025
epoch 70, minibatch 95/95, validation error 4.741935 %
epoch 71, minibatch 95/95, validation error 4.709677 %
epoch 72, minibatch 95/95, validation error 4.709677 %
epoch 73, minibatch 95/95, validation error 4.709677 %
epoch 74, minibatch 95/95, validation error 4.709677 %
epoch 75, minibatch 95/95, validation error 4.709677 %
epoch 76, minibatch 95/95, validation error 4.709677 %
epoch 77, minibatch 95/95, validation error 4.709677 %
epoch 78, minibatch 95/95, validation error 4.709677 %
epoch 79, minibatch 95/95, validation error 4.709677 %
     new best AUC!: 0.990277777778
epoch 80, minibatch 95/95, validation error 4.709677 %
     new best AUC!: 0.990333333333
epoch 81, minibatch 95/95, validation error 4.709677 %
epoch 82, minibatch 95/95, validation error 4.709677 %
epoch 83, minibatch 95/95, validation error 4.709677 %
epoch 84, minibatch 95/95, validation error 4.709677 %
epoch 85, minibatch 95/95, validation error 4.709677 %
epoch 86, minibatch 95/95, validation error 4.709677 %
epoch 87, minibatch 95/95, validation error 4.709677 %
     new best AUC!: 0.990388888889
epoch 88, minibatch 95/95, validation error 4.709677 %
epoch 89, minibatch 95/95, validation error 4.709677 %
epoch 90, minibatch 95/95, validation error 4.709677 %
     new best AUC!: 0.990444444444
epoch 91, minibatch 95/95, validation error 4.709677 %
epoch 92, minibatch 95/95, validation error 4.709677 %
epoch 93, minibatch 95/95, validation error 4.709677 %
epoch 94, minibatch 95/95, validation error 4.709677 %
epoch 95, minibatch 95/95, validation error 4.709677 %
epoch 96, minibatch 95/95, validation error 4.709677 %
epoch 97, minibatch 95/95, validation error 4.709677 %
epoch 98, minibatch 95/95, validation error 4.709677 %
     new best AUC!: 0.9905
epoch 99, minibatch 95/95, validation error 4.709677 %
epoch 100, minibatch 95/95, validation error 4.709677 %
epoch 101, minibatch 95/95, validation error 4.709677 %
epoch 102, minibatch 95/95, validation error 4.709677 %
epoch 103, minibatch 95/95, validation error 4.709677 %
epoch 104, minibatch 95/95, validation error 4.709677 %
epoch 105, minibatch 95/95, validation error 4.709677 %
epoch 106, minibatch 95/95, validation error 4.709677 %
epoch 107, minibatch 95/95, validation error 4.709677 %
     new best AUC!: 0.990555555556
epoch 108, minibatch 95/95, validation error 4.709677 %
epoch 109, minibatch 95/95, validation error 4.709677 %
     new best AUC!: 0.990611111111
epoch 110, minibatch 95/95, validation error 4.709677 %
epoch 111, minibatch 95/95, validation error 4.709677 %
epoch 112, minibatch 95/95, validation error 4.709677 %
epoch 113, minibatch 95/95, validation error 4.709677 %
     new best AUC!: 0.990666666667
epoch 114, minibatch 95/95, validation error 4.709677 %
epoch 115, minibatch 95/95, validation error 4.709677 %
     new best AUC!: 0.990666666667
epoch 116, minibatch 95/95, validation error 4.709677 %
epoch 117, minibatch 95/95, validation error 4.709677 %
epoch 118, minibatch 95/95, validation error 4.709677 %
epoch 119, minibatch 95/95, validation error 4.709677 %
epoch 120, minibatch 95/95, validation error 4.709677 %
epoch 121, minibatch 95/95, validation error 4.709677 %
epoch 122, minibatch 95/95, validation error 4.709677 %
     new best AUC!: 0.990722222222
epoch 123, minibatch 95/95, validation error 4.709677 %
     new best AUC!: 0.990722222222
epoch 124, minibatch 95/95, validation error 4.709677 %
     new best AUC!: 0.990777777778
epoch 125, minibatch 95/95, validation error 4.709677 %
epoch 126, minibatch 95/95, validation error 4.709677 %
epoch 127, minibatch 95/95, validation error 4.709677 %
epoch 128, minibatch 95/95, validation error 4.709677 %
epoch 129, minibatch 95/95, validation error 4.709677 %
epoch 130, minibatch 95/95, validation error 4.709677 %
epoch 131, minibatch 95/95, validation error 4.709677 %
epoch 132, minibatch 95/95, validation error 4.709677 %
epoch 133, minibatch 95/95, validation error 4.709677 %
epoch 134, minibatch 95/95, validation error 4.709677 %
     new best AUC!: 0.990833333333
epoch 135, minibatch 95/95, validation error 4.709677 %
epoch 136, minibatch 95/95, validation error 4.709677 %
epoch 137, minibatch 95/95, validation error 4.709677 %
epoch 138, minibatch 95/95, validation error 4.709677 %
epoch 139, minibatch 95/95, validation error 4.709677 %
epoch 140, minibatch 95/95, validation error 4.709677 %
epoch 141, minibatch 95/95, validation error 4.709677 %
epoch 142, minibatch 95/95, validation error 4.709677 %
epoch 143, minibatch 95/95, validation error 4.709677 %
epoch 144, minibatch 95/95, validation error 4.709677 %
epoch 145, minibatch 95/95, validation error 4.709677 %
epoch 146, minibatch 95/95, validation error 4.709677 %
epoch 147, minibatch 95/95, validation error 4.709677 %
epoch 148, minibatch 95/95, validation error 4.709677 %
epoch 149, minibatch 95/95, validation error 4.709677 %
epoch 150, minibatch 95/95, validation error 4.709677 %
epoch 151, minibatch 95/95, validation error 4.709677 %
epoch 152, minibatch 95/95, validation error 4.709677 %
epoch 153, minibatch 95/95, validation error 4.709677 %
epoch 154, minibatch 95/95, validation error 4.709677 %
epoch 155, minibatch 95/95, validation error 4.709677 %
epoch 156, minibatch 95/95, validation error 4.709677 %
epoch 157, minibatch 95/95, validation error 4.709677 %
epoch 158, minibatch 95/95, validation error 4.709677 %
epoch 159, minibatch 95/95, validation error 4.709677 %
epoch 160, minibatch 95/95, validation error 4.709677 %
epoch 161, minibatch 95/95, validation error 4.709677 %
epoch 162, minibatch 95/95, validation error 4.709677 %
epoch 163, minibatch 95/95, validation error 4.709677 %
epoch 164, minibatch 95/95, validation error 4.709677 %
epoch 165, minibatch 95/95, validation error 4.709677 %
epoch 166, minibatch 95/95, validation error 4.709677 %
epoch 167, minibatch 95/95, validation error 4.709677 %
epoch 168, minibatch 95/95, validation error 4.709677 %
epoch 169, minibatch 95/95, validation error 4.709677 %
epoch 170, minibatch 95/95, validation error 4.709677 %
epoch 171, minibatch 95/95, validation error 4.709677 %
epoch 172, minibatch 95/95, validation error 4.709677 %
     new best AUC!: 0.990888888889
epoch 173, minibatch 95/95, validation error 4.709677 %
epoch 174, minibatch 95/95, validation error 4.709677 %
epoch 175, minibatch 95/95, validation error 4.709677 %
epoch 176, minibatch 95/95, validation error 4.709677 %
     new best AUC!: 0.990944444444
epoch 177, minibatch 95/95, validation error 4.709677 %
epoch 178, minibatch 95/95, validation error 4.709677 %
     new best AUC!: 0.990944444444
epoch 179, minibatch 95/95, validation error 4.709677 %
epoch 180, minibatch 95/95, validation error 4.709677 %
epoch 181, minibatch 95/95, validation error 4.709677 %
epoch 182, minibatch 95/95, validation error 4.709677 %
epoch 183, minibatch 95/95, validation error 4.709677 %
epoch 184, minibatch 95/95, validation error 4.709677 %
epoch 185, minibatch 95/95, validation error 4.709677 %
epoch 186, minibatch 95/95, validation error 4.709677 %
epoch 187, minibatch 95/95, validation error 4.709677 %
epoch 188, minibatch 95/95, validation error 4.709677 %
epoch 189, minibatch 95/95, validation error 4.709677 %
epoch 190, minibatch 95/95, validation error 4.709677 %
epoch 191, minibatch 95/95, validation error 4.709677 %
epoch 192, minibatch 95/95, validation error 4.709677 %
epoch 193, minibatch 95/95, validation error 4.709677 %
epoch 194, minibatch 95/95, validation error 4.709677 %
epoch 195, minibatch 95/95, validation error 4.709677 %
epoch 196, minibatch 95/95, validation error 4.709677 %
epoch 197, minibatch 95/95, validation error 4.709677 %
epoch 198, minibatch 95/95, validation error 4.709677 %
epoch 199, minibatch 95/95, validation error 4.709677 %
epoch 200, minibatch 95/95, validation error 4.709677 %
epoch 201, minibatch 95/95, validation error 4.709677 %
epoch 202, minibatch 95/95, validation error 4.709677 %
epoch 203, minibatch 95/95, validation error 4.709677 %
epoch 204, minibatch 95/95, validation error 4.709677 %
epoch 205, minibatch 95/95, validation error 4.709677 %
epoch 206, minibatch 95/95, validation error 4.709677 %
epoch 207, minibatch 95/95, validation error 4.709677 %
epoch 208, minibatch 95/95, validation error 4.709677 %
epoch 209, minibatch 95/95, validation error 4.709677 %
epoch 210, minibatch 95/95, validation error 4.709677 %
epoch 211, minibatch 95/95, validation error 4.709677 %
epoch 212, minibatch 95/95, validation error 4.709677 %
epoch 213, minibatch 95/95, validation error 4.709677 %
epoch 214, minibatch 95/95, validation error 4.709677 %
epoch 215, minibatch 95/95, validation error 4.709677 %
epoch 216, minibatch 95/95, validation error 4.709677 %
epoch 217, minibatch 95/95, validation error 4.709677 %
epoch 218, minibatch 95/95, validation error 4.709677 %
epoch 219, minibatch 95/95, validation error 4.709677 %
epoch 220, minibatch 95/95, validation error 4.709677 %
epoch 221, minibatch 95/95, validation error 4.709677 %
epoch 222, minibatch 95/95, validation error 4.709677 %
epoch 223, minibatch 95/95, validation error 4.709677 %
epoch 224, minibatch 95/95, validation error 4.709677 %
epoch 225, minibatch 95/95, validation error 4.709677 %
epoch 226, minibatch 95/95, validation error 4.709677 %
epoch 227, minibatch 95/95, validation error 4.709677 %
epoch 228, minibatch 95/95, validation error 4.709677 %
epoch 229, minibatch 95/95, validation error 4.709677 %
epoch 230, minibatch 95/95, validation error 4.709677 %
epoch 231, minibatch 95/95, validation error 4.709677 %
epoch 232, minibatch 95/95, validation error 4.709677 %
epoch 233, minibatch 95/95, validation error 4.709677 %
epoch 234, minibatch 95/95, validation error 4.709677 %
epoch 235, minibatch 95/95, validation error 4.709677 %
epoch 236, minibatch 95/95, validation error 4.709677 %
epoch 237, minibatch 95/95, validation error 4.709677 %
epoch 238, minibatch 95/95, validation error 4.709677 %
epoch 239, minibatch 95/95, validation error 4.709677 %
epoch 240, minibatch 95/95, validation error 4.709677 %
epoch 241, minibatch 95/95, validation error 4.709677 %
epoch 242, minibatch 95/95, validation error 4.709677 %
epoch 243, minibatch 95/95, validation error 4.709677 %
epoch 244, minibatch 95/95, validation error 4.709677 %
epoch 245, minibatch 95/95, validation error 4.709677 %
epoch 246, minibatch 95/95, validation error 4.709677 %
epoch 247, minibatch 95/95, validation error 4.709677 %
epoch 248, minibatch 95/95, validation error 4.709677 %
epoch 249, minibatch 95/95, validation error 4.709677 %
epoch 250, minibatch 95/95, validation error 4.709677 %
epoch 251, minibatch 95/95, validation error 4.709677 %
     new best AUC!: 0.991
epoch 252, minibatch 95/95, validation error 4.709677 %
epoch 253, minibatch 95/95, validation error 4.709677 %
epoch 254, minibatch 95/95, validation error 4.709677 %
epoch 255, minibatch 95/95, validation error 4.709677 %
     new best AUC!: 0.991
epoch 256, minibatch 95/95, validation error 4.709677 %
epoch 257, minibatch 95/95, validation error 4.709677 %
epoch 258, minibatch 95/95, validation error 4.709677 %
epoch 259, minibatch 95/95, validation error 4.709677 %
epoch 260, minibatch 95/95, validation error 4.709677 %
epoch 261, minibatch 95/95, validation error 4.709677 %
epoch 262, minibatch 95/95, validation error 4.709677 %
epoch 263, minibatch 95/95, validation error 4.709677 %
epoch 264, minibatch 95/95, validation error 4.709677 %
epoch 265, minibatch 95/95, validation error 4.709677 %
epoch 266, minibatch 95/95, validation error 4.709677 %
epoch 267, minibatch 95/95, validation error 4.709677 %
     new best AUC!: 0.991055555556
epoch 268, minibatch 95/95, validation error 4.709677 %
epoch 269, minibatch 95/95, validation error 4.709677 %
epoch 270, minibatch 95/95, validation error 4.709677 %
epoch 271, minibatch 95/95, validation error 4.709677 %
epoch 272, minibatch 95/95, validation error 4.709677 %
epoch 273, minibatch 95/95, validation error 4.709677 %
epoch 274, minibatch 95/95, validation error 4.709677 %
epoch 275, minibatch 95/95, validation error 4.709677 %
epoch 276, minibatch 95/95, validation error 4.709677 %
epoch 277, minibatch 95/95, validation error 4.709677 %
epoch 278, minibatch 95/95, validation error 4.709677 %
epoch 279, minibatch 95/95, validation error 4.709677 %
epoch 280, minibatch 95/95, validation error 4.709677 %
epoch 281, minibatch 95/95, validation error 4.709677 %
epoch 282, minibatch 95/95, validation error 4.709677 %
epoch 283, minibatch 95/95, validation error 4.709677 %
epoch 284, minibatch 95/95, validation error 4.709677 %
epoch 285, minibatch 95/95, validation error 4.709677 %
epoch 286, minibatch 95/95, validation error 4.709677 %
epoch 287, minibatch 95/95, validation error 4.709677 %
epoch 288, minibatch 95/95, validation error 4.709677 %
epoch 289, minibatch 95/95, validation error 4.709677 %
epoch 290, minibatch 95/95, validation error 4.709677 %
epoch 291, minibatch 95/95, validation error 4.709677 %
epoch 292, minibatch 95/95, validation error 4.709677 %
epoch 293, minibatch 95/95, validation error 4.709677 %
epoch 294, minibatch 95/95, validation error 4.709677 %
epoch 295, minibatch 95/95, validation error 4.709677 %
epoch 296, minibatch 95/95, validation error 4.709677 %
epoch 297, minibatch 95/95, validation error 4.709677 %
epoch 298, minibatch 95/95, validation error 4.709677 %
epoch 299, minibatch 95/95, validation error 4.709677 %
epoch 300, minibatch 95/95, validation error 4.709677 %
epoch 301, minibatch 95/95, validation error 4.709677 %
epoch 302, minibatch 95/95, validation error 4.709677 %
epoch 303, minibatch 95/95, validation error 4.709677 %
epoch 304, minibatch 95/95, validation error 4.709677 %
epoch 305, minibatch 95/95, validation error 4.709677 %
epoch 306, minibatch 95/95, validation error 4.709677 %
epoch 307, minibatch 95/95, validation error 4.709677 %
epoch 308, minibatch 95/95, validation error 4.709677 %
epoch 309, minibatch 95/95, validation error 4.709677 %
epoch 310, minibatch 95/95, validation error 4.709677 %
epoch 311, minibatch 95/95, validation error 4.709677 %
epoch 312, minibatch 95/95, validation error 4.709677 %
epoch 313, minibatch 95/95, validation error 4.709677 %
epoch 314, minibatch 95/95, validation error 4.709677 %
epoch 315, minibatch 95/95, validation error 4.709677 %
epoch 316, minibatch 95/95, validation error 4.709677 %
epoch 317, minibatch 95/95, validation error 4.709677 %
epoch 318, minibatch 95/95, validation error 4.709677 %
epoch 319, minibatch 95/95, validation error 4.709677 %
epoch 320, minibatch 95/95, validation error 4.709677 %
epoch 321, minibatch 95/95, validation error 4.709677 %
epoch 322, minibatch 95/95, validation error 4.709677 %
epoch 323, minibatch 95/95, validation error 4.709677 %
epoch 324, minibatch 95/95, validation error 4.709677 %
epoch 325, minibatch 95/95, validation error 4.709677 %
epoch 326, minibatch 95/95, validation error 4.709677 %
epoch 327, minibatch 95/95, validation error 4.709677 %
epoch 328, minibatch 95/95, validation error 4.709677 %
epoch 329, minibatch 95/95, validation error 4.709677 %
epoch 330, minibatch 95/95, validation error 4.709677 %
epoch 331, minibatch 95/95, validation error 4.709677 %
epoch 332, minibatch 95/95, validation error 4.709677 %
epoch 333, minibatch 95/95, validation error 4.709677 %
epoch 334, minibatch 95/95, validation error 4.709677 %
epoch 335, minibatch 95/95, validation error 4.709677 %
epoch 336, minibatch 95/95, validation error 4.709677 %
epoch 337, minibatch 95/95, validation error 4.709677 %
epoch 338, minibatch 95/95, validation error 4.709677 %
epoch 339, minibatch 95/95, validation error 4.709677 %
epoch 340, minibatch 95/95, validation error 4.709677 %
epoch 341, minibatch 95/95, validation error 4.709677 %
epoch 342, minibatch 95/95, validation error 4.709677 %
epoch 343, minibatch 95/95, validation error 4.709677 %
epoch 344, minibatch 95/95, validation error 4.709677 %
epoch 345, minibatch 95/95, validation error 4.709677 %
epoch 346, minibatch 95/95, validation error 4.709677 %
epoch 347, minibatch 95/95, validation error 4.709677 %
epoch 348, minibatch 95/95, validation error 4.709677 %
epoch 349, minibatch 95/95, validation error 4.709677 %
epoch 350, minibatch 95/95, validation error 4.709677 %
epoch 351, minibatch 95/95, validation error 4.709677 %
epoch 352, minibatch 95/95, validation error 4.709677 %
epoch 353, minibatch 95/95, validation error 4.709677 %
epoch 354, minibatch 95/95, validation error 4.709677 %
epoch 355, minibatch 95/95, validation error 4.709677 %
epoch 356, minibatch 95/95, validation error 4.709677 %
epoch 357, minibatch 95/95, validation error 4.709677 %
epoch 358, minibatch 95/95, validation error 4.709677 %
epoch 359, minibatch 95/95, validation error 4.709677 %
epoch 360, minibatch 95/95, validation error 4.709677 %
epoch 361, minibatch 95/95, validation error 4.709677 %
epoch 362, minibatch 95/95, validation error 4.709677 %
epoch 363, minibatch 95/95, validation error 4.709677 %
epoch 364, minibatch 95/95, validation error 4.709677 %
epoch 365, minibatch 95/95, validation error 4.709677 %
epoch 366, minibatch 95/95, validation error 4.709677 %
epoch 367, minibatch 95/95, validation error 4.709677 %
epoch 368, minibatch 95/95, validation error 4.709677 %
epoch 369, minibatch 95/95, validation error 4.709677 %
epoch 370, minibatch 95/95, validation error 4.709677 %
epoch 371, minibatch 95/95, validation error 4.709677 %
epoch 372, minibatch 95/95, validation error 4.709677 %
epoch 373, minibatch 95/95, validation error 4.709677 %
epoch 374, minibatch 95/95, validation error 4.709677 %
epoch 375, minibatch 95/95, validation error 4.709677 %
epoch 376, minibatch 95/95, validation error 4.709677 %
epoch 377, minibatch 95/95, validation error 4.709677 %
epoch 378, minibatch 95/95, validation error 4.709677 %
epoch 379, minibatch 95/95, validation error 4.709677 %
epoch 380, minibatch 95/95, validation error 4.709677 %
epoch 381, minibatch 95/95, validation error 4.709677 %
epoch 382, minibatch 95/95, validation error 4.709677 %
epoch 383, minibatch 95/95, validation error 4.709677 %
epoch 384, minibatch 95/95, validation error 4.709677 %
epoch 385, minibatch 95/95, validation error 4.709677 %
epoch 386, minibatch 95/95, validation error 4.709677 %
epoch 387, minibatch 95/95, validation error 4.709677 %
epoch 388, minibatch 95/95, validation error 4.709677 %
epoch 389, minibatch 95/95, validation error 4.709677 %
epoch 390, minibatch 95/95, validation error 4.709677 %
epoch 391, minibatch 95/95, validation error 4.709677 %
epoch 392, minibatch 95/95, validation error 4.709677 %
epoch 393, minibatch 95/95, validation error 4.709677 %
epoch 394, minibatch 95/95, validation error 4.709677 %
epoch 395, minibatch 95/95, validation error 4.709677 %
epoch 396, minibatch 95/95, validation error 4.709677 %
epoch 397, minibatch 95/95, validation error 4.709677 %
epoch 398, minibatch 95/95, validation error 4.709677 %
epoch 399, minibatch 95/95, validation error 4.709677 %
epoch 400, minibatch 95/95, validation error 4.709677 %
epoch 401, minibatch 95/95, validation error 4.709677 %
epoch 402, minibatch 95/95, validation error 4.709677 %
epoch 403, minibatch 95/95, validation error 4.709677 %
epoch 404, minibatch 95/95, validation error 4.709677 %
epoch 405, minibatch 95/95, validation error 4.709677 %
epoch 406, minibatch 95/95, validation error 4.709677 %
epoch 407, minibatch 95/95, validation error 4.709677 %
epoch 408, minibatch 95/95, validation error 4.709677 %
epoch 409, minibatch 95/95, validation error 4.709677 %
epoch 410, minibatch 95/95, validation error 4.709677 %
epoch 411, minibatch 95/95, validation error 4.709677 %
epoch 412, minibatch 95/95, validation error 4.709677 %
epoch 413, minibatch 95/95, validation error 4.709677 %
epoch 414, minibatch 95/95, validation error 4.709677 %
epoch 415, minibatch 95/95, validation error 4.709677 %
epoch 416, minibatch 95/95, validation error 4.709677 %
epoch 417, minibatch 95/95, validation error 4.709677 %
epoch 418, minibatch 95/95, validation error 4.709677 %
epoch 419, minibatch 95/95, validation error 4.709677 %
epoch 420, minibatch 95/95, validation error 4.709677 %
epoch 421, minibatch 95/95, validation error 4.709677 %
epoch 422, minibatch 95/95, validation error 4.709677 %
epoch 423, minibatch 95/95, validation error 4.709677 %
epoch 424, minibatch 95/95, validation error 4.709677 %
epoch 425, minibatch 95/95, validation error 4.709677 %
epoch 426, minibatch 95/95, validation error 4.709677 %
epoch 427, minibatch 95/95, validation error 4.709677 %
epoch 428, minibatch 95/95, validation error 4.709677 %
epoch 429, minibatch 95/95, validation error 4.709677 %
epoch 430, minibatch 95/95, validation error 4.709677 %
epoch 431, minibatch 95/95, validation error 4.709677 %
epoch 432, minibatch 95/95, validation error 4.709677 %
epoch 433, minibatch 95/95, validation error 4.709677 %
epoch 434, minibatch 95/95, validation error 4.709677 %
epoch 435, minibatch 95/95, validation error 4.709677 %
epoch 436, minibatch 95/95, validation error 4.709677 %
epoch 437, minibatch 95/95, validation error 4.709677 %
epoch 438, minibatch 95/95, validation error 4.709677 %
epoch 439, minibatch 95/95, validation error 4.709677 %
epoch 440, minibatch 95/95, validation error 4.709677 %
epoch 441, minibatch 95/95, validation error 4.709677 %
epoch 442, minibatch 95/95, validation error 4.709677 %
epoch 443, minibatch 95/95, validation error 4.709677 %
epoch 444, minibatch 95/95, validation error 4.709677 %
epoch 445, minibatch 95/95, validation error 4.709677 %
epoch 446, minibatch 95/95, validation error 4.709677 %
epoch 447, minibatch 95/95, validation error 4.709677 %
epoch 448, minibatch 95/95, validation error 4.709677 %
epoch 449, minibatch 95/95, validation error 4.709677 %
epoch 450, minibatch 95/95, validation error 4.709677 %
epoch 451, minibatch 95/95, validation error 4.709677 %
epoch 452, minibatch 95/95, validation error 4.709677 %
epoch 453, minibatch 95/95, validation error 4.709677 %
epoch 454, minibatch 95/95, validation error 4.709677 %
epoch 455, minibatch 95/95, validation error 4.709677 %
epoch 456, minibatch 95/95, validation error 4.709677 %
epoch 457, minibatch 95/95, validation error 4.709677 %
epoch 458, minibatch 95/95, validation error 4.709677 %
epoch 459, minibatch 95/95, validation error 4.709677 %
epoch 460, minibatch 95/95, validation error 4.709677 %
epoch 461, minibatch 95/95, validation error 4.709677 %
epoch 462, minibatch 95/95, validation error 4.709677 %
epoch 463, minibatch 95/95, validation error 4.709677 %
epoch 464, minibatch 95/95, validation error 4.709677 %
epoch 465, minibatch 95/95, validation error 4.709677 %
epoch 466, minibatch 95/95, validation error 4.709677 %
epoch 467, minibatch 95/95, validation error 4.709677 %
epoch 468, minibatch 95/95, validation error 4.709677 %
epoch 469, minibatch 95/95, validation error 4.709677 %
epoch 470, minibatch 95/95, validation error 4.709677 %
epoch 471, minibatch 95/95, validation error 4.709677 %
epoch 472, minibatch 95/95, validation error 4.709677 %
epoch 473, minibatch 95/95, validation error 4.709677 %
epoch 474, minibatch 95/95, validation error 4.709677 %
epoch 475, minibatch 95/95, validation error 4.709677 %
epoch 476, minibatch 95/95, validation error 4.709677 %
epoch 477, minibatch 95/95, validation error 4.709677 %
epoch 478, minibatch 95/95, validation error 4.709677 %
epoch 479, minibatch 95/95, validation error 4.709677 %
epoch 480, minibatch 95/95, validation error 4.709677 %
epoch 481, minibatch 95/95, validation error 4.709677 %
epoch 482, minibatch 95/95, validation error 4.709677 %
epoch 483, minibatch 95/95, validation error 4.709677 %
epoch 484, minibatch 95/95, validation error 4.709677 %
epoch 485, minibatch 95/95, validation error 4.709677 %
epoch 486, minibatch 95/95, validation error 4.709677 %
epoch 487, minibatch 95/95, validation error 4.709677 %
epoch 488, minibatch 95/95, validation error 4.709677 %
epoch 489, minibatch 95/95, validation error 4.709677 %
epoch 490, minibatch 95/95, validation error 4.709677 %
epoch 491, minibatch 95/95, validation error 4.709677 %
epoch 492, minibatch 95/95, validation error 4.709677 %
epoch 493, minibatch 95/95, validation error 4.709677 %
epoch 494, minibatch 95/95, validation error 4.709677 %
epoch 495, minibatch 95/95, validation error 4.709677 %
epoch 496, minibatch 95/95, validation error 4.709677 %
epoch 497, minibatch 95/95, validation error 4.709677 %
epoch 498, minibatch 95/95, validation error 4.709677 %
epoch 499, minibatch 95/95, validation error 4.709677 %
epoch 500, minibatch 95/95, validation error 4.709677 %
epoch 501, minibatch 95/95, validation error 4.709677 %
epoch 502, minibatch 95/95, validation error 4.709677 %
epoch 503, minibatch 95/95, validation error 4.709677 %
epoch 504, minibatch 95/95, validation error 4.709677 %
epoch 505, minibatch 95/95, validation error 4.709677 %
epoch 506, minibatch 95/95, validation error 4.709677 %
epoch 507, minibatch 95/95, validation error 4.709677 %
epoch 508, minibatch 95/95, validation error 4.709677 %
epoch 509, minibatch 95/95, validation error 4.709677 %
epoch 510, minibatch 95/95, validation error 4.709677 %
epoch 511, minibatch 95/95, validation error 4.709677 %
epoch 512, minibatch 95/95, validation error 4.709677 %
epoch 513, minibatch 95/95, validation error 4.709677 %
epoch 514, minibatch 95/95, validation error 4.709677 %
epoch 515, minibatch 95/95, validation error 4.709677 %
epoch 516, minibatch 95/95, validation error 4.709677 %
epoch 517, minibatch 95/95, validation error 4.709677 %
epoch 518, minibatch 95/95, validation error 4.709677 %
epoch 519, minibatch 95/95, validation error 4.709677 %
epoch 520, minibatch 95/95, validation error 4.709677 %
epoch 521, minibatch 95/95, validation error 4.709677 %
epoch 522, minibatch 95/95, validation error 4.709677 %
epoch 523, minibatch 95/95, validation error 4.709677 %
epoch 524, minibatch 95/95, validation error 4.709677 %
epoch 525, minibatch 95/95, validation error 4.709677 %
epoch 526, minibatch 95/95, validation error 4.709677 %
epoch 527, minibatch 95/95, validation error 4.709677 %
epoch 528, minibatch 95/95, validation error 4.709677 %
epoch 529, minibatch 95/95, validation error 4.709677 %
epoch 530, minibatch 95/95, validation error 4.709677 %
epoch 531, minibatch 95/95, validation error 4.709677 %
epoch 532, minibatch 95/95, validation error 4.709677 %
epoch 533, minibatch 95/95, validation error 4.709677 %
Optimization complete with best validation score of 3.774194 %, obtained at iteration 2850, with test performance 2.870968 %, and best_auc: 0.991056
runtime: 33890.28 secs.
