000 (14411.000.000) 08/01 05:08:37 Job submitted from host: <144.92.142.140:9620?sock=9267_cb64_3>
...
001 (14411.000.000) 08/01 05:09:04 Job executing on host: <144.92.142.162:9620?sock=10446_6bfc_3>
...
006 (14411.000.000) 08/01 05:09:12 Image size of job updated: 10276
	11  -  MemoryUsage of job (MB)
	10276  -  ResidentSetSize of job (KB)
...
006 (14411.000.000) 08/01 05:14:12 Image size of job updated: 350128
	342  -  MemoryUsage of job (MB)
	350128  -  ResidentSetSize of job (KB)
...
006 (14411.000.000) 08/01 05:19:13 Image size of job updated: 475012
	464  -  MemoryUsage of job (MB)
	475012  -  ResidentSetSize of job (KB)
...
006 (14411.000.000) 08/01 05:24:13 Image size of job updated: 492984
	482  -  MemoryUsage of job (MB)
	492984  -  ResidentSetSize of job (KB)
...
006 (14411.000.000) 08/01 05:29:13 Image size of job updated: 538036
	526  -  MemoryUsage of job (MB)
	538036  -  ResidentSetSize of job (KB)
...
006 (14411.000.000) 08/01 05:31:58 Image size of job updated: 556748
	526  -  MemoryUsage of job (MB)
	538036  -  ResidentSetSize of job (KB)
...
005 (14411.000.000) 08/01 05:31:58 Job terminated.
	(1) Normal termination (return value 0)
		Usr 0 05:42:45, Sys 0 00:30:02  -  Run Remote Usage
		Usr 0 00:00:00, Sys 0 00:00:00  -  Run Local Usage
		Usr 0 05:42:45, Sys 0 00:30:02  -  Total Remote Usage
		Usr 0 00:00:00, Sys 0 00:00:00  -  Total Local Usage
	0  -  Run Bytes Sent By Job
	0  -  Run Bytes Received By Job
	0  -  Total Bytes Sent By Job
	0  -  Total Bytes Received By Job
	Partitionable Resources :    Usage  Request Allocated
	   Cpus                 :                 4         4
	   Disk (KB)            :        1        1  33867566
	   Memory (MB)          :      526     6144     12915
...
