000 (14372.009.000) 07/28 16:16:44 Job submitted from host: <144.92.142.140:9620?sock=9267_cb64_3>
...
001 (14372.009.000) 07/28 16:16:47 Job executing on host: <144.92.142.141:9620?sock=4744_8b2e_3>
...
006 (14372.009.000) 07/28 16:16:47 Image size of job updated: 105156
	0  -  MemoryUsage of job (MB)
	0  -  ResidentSetSize of job (KB)
...
005 (14372.009.000) 07/28 16:16:47 Job terminated.
	(1) Normal termination (return value 0)
		Usr 0 00:00:00, Sys 0 00:00:00  -  Run Remote Usage
		Usr 0 00:00:00, Sys 0 00:00:00  -  Run Local Usage
		Usr 0 00:00:00, Sys 0 00:00:00  -  Total Remote Usage
		Usr 0 00:00:00, Sys 0 00:00:00  -  Total Local Usage
	0  -  Run Bytes Sent By Job
	0  -  Run Bytes Received By Job
	0  -  Total Bytes Sent By Job
	0  -  Total Bytes Received By Job
	Partitionable Resources :    Usage  Request Allocated
	   Cpus                 :                 1         1
	   Disk (KB)            :        1        1  10268464
	   Memory (MB)          :        0     2048      4031
...
