_CONDOR_JOB_IWD /mnt/ws/home/jferiante
Cluster 14408
Process 2
RunningOn slot2@opt-a001.discovery.wisc.edu
python th_deep_belief_net.py pcba 2
Running Theano Learn Deep Belief Net for pcba, target: aid1452.........
... building the model
... getting the pretraining functions
... pre-training the model
Pre-training layer 0, epoch 0, cost  -73.1097749574
Pre-training layer 0, epoch 1, cost  -60.4299469868
Pre-training layer 0, epoch 2, cost  -55.0253740999
Pre-training layer 0, epoch 3, cost  -51.3845021693
Pre-training layer 0, epoch 4, cost  -48.7233113497
Pre-training layer 0, epoch 5, cost  -46.5661184814
Pre-training layer 0, epoch 6, cost  -44.8900363364
Pre-training layer 0, epoch 7, cost  -43.3737343525
Pre-training layer 1, epoch 0, cost  -1351.60800685
Pre-training layer 1, epoch 1, cost  -1339.76862169
Pre-training layer 1, epoch 2, cost  -1338.63916039
Pre-training layer 1, epoch 3, cost  -1338.06379374
Pre-training layer 1, epoch 4, cost  -1337.75203595
Pre-training layer 1, epoch 5, cost  -1337.58607138
Pre-training layer 1, epoch 6, cost  -1337.49586357
Pre-training layer 1, epoch 7, cost  -1337.44478346
... getting the finetuning functions
... finetuning the model
epoch 1, minibatch 942/942, validation error 3.335463 %
     epoch 1, minibatch 942/942, best error 3.348243 %, best_auc: 0.435226
epoch 2, minibatch 942/942, validation error 3.335463 %
     new best AUC!: 0.43921917763
epoch 3, minibatch 942/942, validation error 3.335463 %
     new best AUC!: 0.439238961981
epoch 4, minibatch 942/942, validation error 3.335463 %
     new best AUC!: 0.441901370302
epoch 5, minibatch 942/942, validation error 3.335463 %
     new best AUC!: 0.445215249024
epoch 6, minibatch 942/942, validation error 3.335463 %
epoch 7, minibatch 942/942, validation error 3.335463 %
epoch 8, minibatch 942/942, validation error 3.335463 %
     new best AUC!: 0.447545091832
epoch 9, minibatch 942/942, validation error 3.335463 %
epoch 10, minibatch 942/942, validation error 3.335463 %
epoch 11, minibatch 942/942, validation error 3.335463 %
epoch 12, minibatch 942/942, validation error 3.335463 %
epoch 13, minibatch 942/942, validation error 3.335463 %
epoch 14, minibatch 942/942, validation error 3.335463 %
epoch 15, minibatch 942/942, validation error 3.335463 %
epoch 16, minibatch 942/942, validation error 3.335463 %
epoch 17, minibatch 942/942, validation error 3.335463 %
epoch 18, minibatch 942/942, validation error 3.335463 %
epoch 19, minibatch 942/942, validation error 3.335463 %
epoch 20, minibatch 942/942, validation error 3.335463 %
epoch 21, minibatch 942/942, validation error 3.335463 %
epoch 22, minibatch 942/942, validation error 3.335463 %
epoch 23, minibatch 942/942, validation error 3.335463 %
epoch 24, minibatch 942/942, validation error 3.335463 %
epoch 25, minibatch 942/942, validation error 3.335463 %
epoch 26, minibatch 942/942, validation error 3.335463 %
epoch 27, minibatch 942/942, validation error 3.335463 %
epoch 28, minibatch 942/942, validation error 3.335463 %
epoch 29, minibatch 942/942, validation error 3.335463 %
epoch 30, minibatch 942/942, validation error 3.335463 %
Optimization complete with best validation score of 3.335463 %, obtained at iteration 942, with test performance 3.348243 %, and best_auc: 0.447545
runtime: 146439.60 secs.
