_CONDOR_JOB_IWD /mnt/ws/home/jferiante
Cluster 14409
Process 61
RunningOn slot1@opt-a015.discovery.wisc.edu
python th_deep_belief_net.py pcba 61
Running Theano Learn Deep Belief Net for pcba, target: aid588453.........
... building the model
... getting the pretraining functions
... pre-training the model
Pre-training layer 0, epoch 0, cost  -1369.10513617
Pre-training layer 0, epoch 1, cost  -1227.08389934
Pre-training layer 0, epoch 2, cost  -1105.76644268
Pre-training layer 0, epoch 3, cost  -1002.00349194
Pre-training layer 0, epoch 4, cost  -912.473226207
Pre-training layer 0, epoch 5, cost  -835.143512157
Pre-training layer 0, epoch 6, cost  -768.001521511
Pre-training layer 0, epoch 7, cost  -709.347198447
Pre-training layer 0, epoch 8, cost  -657.957386478
Pre-training layer 0, epoch 9, cost  -612.666952994
Pre-training layer 1, epoch 0, cost  -1536.63102616
Pre-training layer 1, epoch 1, cost  -1530.52280329
Pre-training layer 1, epoch 2, cost  -1524.77396181
Pre-training layer 1, epoch 3, cost  -1519.37102724
Pre-training layer 1, epoch 4, cost  -1514.22665939
Pre-training layer 1, epoch 5, cost  -1509.39431119
Pre-training layer 1, epoch 6, cost  -1504.82069289
Pre-training layer 1, epoch 7, cost  -1500.53421234
Pre-training layer 1, epoch 8, cost  -1496.47628389
Pre-training layer 1, epoch 9, cost  -1492.59577007
... getting the finetuning functions
... finetuning the model
epoch 1, minibatch 2999/2999, validation error 18.540541 %
     epoch 1, minibatch 2999/2999, best error 18.387387 %, best_auc: 0.861030
epoch 2, minibatch 2999/2999, validation error 16.000000 %
     new best AUC!: 0.878637851915
     epoch 2, minibatch 2999/2999, best error 16.458458 %, best_auc: 0.878638
epoch 3, minibatch 2999/2999, validation error 15.359359 %
     new best AUC!: 0.885055443903
     epoch 3, minibatch 2999/2999, best error 15.427427 %, best_auc: 0.885055
epoch 4, minibatch 2999/2999, validation error 14.925926 %
     new best AUC!: 0.889201812122
     epoch 4, minibatch 2999/2999, best error 14.892893 %, best_auc: 0.889202
epoch 5, minibatch 2999/2999, validation error 14.526527 %
     new best AUC!: 0.892480806914
     epoch 5, minibatch 2999/2999, best error 14.600601 %, best_auc: 0.892481
epoch 6, minibatch 2999/2999, validation error 14.372372 %
     new best AUC!: 0.895091485371
     epoch 6, minibatch 2999/2999, best error 14.279279 %, best_auc: 0.895091
epoch 7, minibatch 2999/2999, validation error 14.351351 %
     new best AUC!: 0.89703689561
     epoch 7, minibatch 2999/2999, best error 13.763764 %, best_auc: 0.897037
epoch 8, minibatch 2999/2999, validation error 14.185185 %
     new best AUC!: 0.898306880035
     epoch 8, minibatch 2999/2999, best error 13.228228 %, best_auc: 0.898307
epoch 9, minibatch 2999/2999, validation error 14.057057 %
     new best AUC!: 0.898986710546
     epoch 9, minibatch 2999/2999, best error 13.045045 %, best_auc: 0.898987
epoch 10, minibatch 2999/2999, validation error 14.053053 %
     new best AUC!: 0.89918318009
     epoch 10, minibatch 2999/2999, best error 13.143143 %, best_auc: 0.899183
epoch 11, minibatch 2999/2999, validation error 13.972973 %
     epoch 11, minibatch 2999/2999, best error 13.072072 %, best_auc: 0.899183
epoch 12, minibatch 2999/2999, validation error 13.980981 %
epoch 13, minibatch 2999/2999, validation error 14.025025 %
epoch 14, minibatch 2999/2999, validation error 13.940941 %
     epoch 14, minibatch 2999/2999, best error 12.905906 %, best_auc: 0.899183
epoch 15, minibatch 2999/2999, validation error 13.731732 %
     epoch 15, minibatch 2999/2999, best error 12.877878 %, best_auc: 0.899183
epoch 16, minibatch 2999/2999, validation error 13.697698 %
     epoch 16, minibatch 2999/2999, best error 12.949950 %, best_auc: 0.899183
epoch 17, minibatch 2999/2999, validation error 13.829830 %
epoch 18, minibatch 2999/2999, validation error 13.838839 %
epoch 19, minibatch 2999/2999, validation error 13.957958 %
epoch 20, minibatch 2999/2999, validation error 14.042042 %
epoch 21, minibatch 2999/2999, validation error 14.318318 %
epoch 22, minibatch 2999/2999, validation error 14.265265 %
epoch 23, minibatch 2999/2999, validation error 14.326326 %
epoch 24, minibatch 2999/2999, validation error 14.393393 %
epoch 25, minibatch 2999/2999, validation error 14.459459 %
epoch 26, minibatch 2999/2999, validation error 14.788789 %
epoch 27, minibatch 2999/2999, validation error 14.911912 %
epoch 28, minibatch 2999/2999, validation error 14.978979 %
epoch 29, minibatch 2999/2999, validation error 15.020020 %
epoch 30, minibatch 2999/2999, validation error 15.007007 %
Optimization complete with best validation score of 13.697698 %, obtained at iteration 47984, with test performance 12.949950 %, and best_auc: 0.899183
runtime: 375836.80 secs.
