000 (14409.068.000) 08/01 05:07:06 Job submitted from host: <144.92.142.140:9620?sock=9267_cb64_3>
...
001 (14409.068.000) 08/01 23:59:53 Job executing on host: <144.92.142.192:9620?sock=11062_0af0_13>
...
006 (14409.068.000) 08/02 00:00:02 Image size of job updated: 9404
	10  -  MemoryUsage of job (MB)
	9404  -  ResidentSetSize of job (KB)
...
006 (14409.068.000) 08/02 00:05:02 Image size of job updated: 2510928
	2453  -  MemoryUsage of job (MB)
	2510928  -  ResidentSetSize of job (KB)
...
006 (14409.068.000) 08/02 00:10:02 Image size of job updated: 5836668
	5700  -  MemoryUsage of job (MB)
	5836668  -  ResidentSetSize of job (KB)
...
006 (14409.068.000) 08/02 00:15:03 Image size of job updated: 5839544
	5703  -  MemoryUsage of job (MB)
	5839544  -  ResidentSetSize of job (KB)
...
006 (14409.068.000) 08/02 00:20:04 Image size of job updated: 5842380
	5706  -  MemoryUsage of job (MB)
	5842380  -  ResidentSetSize of job (KB)
...
006 (14409.068.000) 08/02 00:30:05 Image size of job updated: 5842452
	5706  -  MemoryUsage of job (MB)
	5842452  -  ResidentSetSize of job (KB)
...
006 (14409.068.000) 08/02 00:55:09 Image size of job updated: 5847288
	5711  -  MemoryUsage of job (MB)
	5847288  -  ResidentSetSize of job (KB)
...
006 (14409.068.000) 08/02 01:05:09 Image size of job updated: 5847340
	5711  -  MemoryUsage of job (MB)
	5847340  -  ResidentSetSize of job (KB)
...
006 (14409.068.000) 08/02 01:30:12 Image size of job updated: 5886780
	5749  -  MemoryUsage of job (MB)
	5886780  -  ResidentSetSize of job (KB)
...
006 (14409.068.000) 08/02 01:35:12 Image size of job updated: 5886784
	5749  -  MemoryUsage of job (MB)
	5886784  -  ResidentSetSize of job (KB)
...
006 (14409.068.000) 08/02 02:35:19 Image size of job updated: 7137564
	6971  -  MemoryUsage of job (MB)
	7137564  -  ResidentSetSize of job (KB)
...
006 (14409.068.000) 08/02 03:30:25 Image size of job updated: 7213392
	7045  -  MemoryUsage of job (MB)
	7213392  -  ResidentSetSize of job (KB)
...
006 (14409.068.000) 08/02 04:05:29 Image size of job updated: 7242352
	7073  -  MemoryUsage of job (MB)
	7242352  -  ResidentSetSize of job (KB)
...
006 (14409.068.000) 08/02 04:20:30 Image size of job updated: 7260624
	7091  -  MemoryUsage of job (MB)
	7260624  -  ResidentSetSize of job (KB)
...
006 (14409.068.000) 08/02 04:27:31 Image size of job updated: 9440032
	7091  -  MemoryUsage of job (MB)
	7260624  -  ResidentSetSize of job (KB)
...
005 (14409.068.000) 08/02 04:27:31 Job terminated.
	(1) Normal termination (return value 0)
		Usr 4 07:18:37, Sys 0 08:29:59  -  Run Remote Usage
		Usr 0 00:00:00, Sys 0 00:00:00  -  Run Local Usage
		Usr 4 07:18:37, Sys 0 08:29:59  -  Total Remote Usage
		Usr 0 00:00:00, Sys 0 00:00:00  -  Total Local Usage
	0  -  Run Bytes Sent By Job
	0  -  Run Bytes Received By Job
	0  -  Total Bytes Sent By Job
	0  -  Total Bytes Received By Job
	Partitionable Resources :    Usage  Request Allocated
	   Cpus                 :                 8         8
	   Disk (KB)            :        1        1  36572022
	   Memory (MB)          :     7091    10240     25831
...
