_CONDOR_JOB_IWD /mnt/ws/home/jferiante
Cluster 14409
Process 63
RunningOn slot2@opt-a016.discovery.wisc.edu
python th_deep_belief_net.py pcba 63
Running Theano Learn Deep Belief Net for pcba, target: aid588579.........
... building the model
... getting the pretraining functions
... pre-training the model
Pre-training layer 0, epoch 0, cost  -1375.43322524
Pre-training layer 0, epoch 1, cost  -1245.14386375
Pre-training layer 0, epoch 2, cost  -1132.04083705
Pre-training layer 0, epoch 3, cost  -1033.83496135
Pre-training layer 0, epoch 4, cost  -948.388385114
Pre-training layer 0, epoch 5, cost  -873.572602048
Pre-training layer 0, epoch 6, cost  -807.73066791
Pre-training layer 0, epoch 7, cost  -749.763651508
Pre-training layer 0, epoch 8, cost  -698.415153447
Pre-training layer 0, epoch 9, cost  -652.84789157
Pre-training layer 1, epoch 0, cost  -1536.72914304
Pre-training layer 1, epoch 1, cost  -1531.14480596
Pre-training layer 1, epoch 2, cost  -1525.95647746
Pre-training layer 1, epoch 3, cost  -1520.91763695
Pre-training layer 1, epoch 4, cost  -1516.22176064
Pre-training layer 1, epoch 5, cost  -1511.72663909
Pre-training layer 1, epoch 6, cost  -1507.4644974
Pre-training layer 1, epoch 7, cost  -1503.41707663
Pre-training layer 1, epoch 8, cost  -1499.58128379
Pre-training layer 1, epoch 9, cost  -1495.98891069
... getting the finetuning functions
... finetuning the model
epoch 1, minibatch 2716/2716, validation error 8.744751 %
     epoch 1, minibatch 2716/2716, best error 8.247514 %, best_auc: 0.889350
epoch 2, minibatch 2716/2716, validation error 8.245304 %
     new best AUC!: 0.898035457419
     epoch 2, minibatch 2716/2716, best error 7.887293 %, best_auc: 0.898035
epoch 3, minibatch 2716/2716, validation error 8.097238 %
     new best AUC!: 0.898500800253
     epoch 3, minibatch 2716/2716, best error 7.786740 %, best_auc: 0.898501
epoch 4, minibatch 2716/2716, validation error 8.074033 %
     epoch 4, minibatch 2716/2716, best error 7.950276 %, best_auc: 0.898501
epoch 5, minibatch 2716/2716, validation error 8.016575 %
     epoch 5, minibatch 2716/2716, best error 7.854144 %, best_auc: 0.898501
epoch 6, minibatch 2716/2716, validation error 7.923757 %
     epoch 6, minibatch 2716/2716, best error 7.796685 %, best_auc: 0.898501
epoch 7, minibatch 2716/2716, validation error 7.939227 %
epoch 8, minibatch 2716/2716, validation error 7.991160 %
epoch 9, minibatch 2716/2716, validation error 7.911602 %
     epoch 9, minibatch 2716/2716, best error 7.548066 %, best_auc: 0.898501
epoch 10, minibatch 2716/2716, validation error 7.890608 %
     epoch 10, minibatch 2716/2716, best error 7.525967 %, best_auc: 0.898501
epoch 11, minibatch 2716/2716, validation error 7.974586 %
epoch 12, minibatch 2716/2716, validation error 8.085083 %
epoch 13, minibatch 2716/2716, validation error 7.971271 %
epoch 14, minibatch 2716/2716, validation error 7.903867 %
epoch 15, minibatch 2716/2716, validation error 7.897238 %
epoch 16, minibatch 2716/2716, validation error 7.987845 %
epoch 17, minibatch 2716/2716, validation error 8.095028 %
epoch 18, minibatch 2716/2716, validation error 8.051934 %
epoch 19, minibatch 2716/2716, validation error 8.122652 %
epoch 20, minibatch 2716/2716, validation error 8.267403 %
epoch 21, minibatch 2716/2716, validation error 8.302762 %
epoch 22, minibatch 2716/2716, validation error 8.385635 %
epoch 23, minibatch 2716/2716, validation error 8.401105 %
epoch 24, minibatch 2716/2716, validation error 8.436464 %
epoch 25, minibatch 2716/2716, validation error 8.529282 %
epoch 26, minibatch 2716/2716, validation error 8.500552 %
epoch 27, minibatch 2716/2716, validation error 8.572376 %
epoch 28, minibatch 2716/2716, validation error 8.649724 %
epoch 29, minibatch 2716/2716, validation error 8.730387 %
epoch 30, minibatch 2716/2716, validation error 8.709392 %
Optimization complete with best validation score of 7.890608 %, obtained at iteration 27160, with test performance 7.525967 %, and best_auc: 0.898501
runtime: 306792.33 secs.
