_CONDOR_JOB_IWD /mnt/ws/home/jferiante
Cluster 14409
Process 17
RunningOn slot2@opt-a016.discovery.wisc.edu
python th_deep_belief_net.py pcba 17
Running Theano Learn Deep Belief Net for pcba, target: aid2101.........
... building the model
... getting the pretraining functions
... pre-training the model
Pre-training layer 0, epoch 0, cost  -1395.40420624
Pre-training layer 0, epoch 1, cost  -1296.60546299
Pre-training layer 0, epoch 2, cost  -1207.74481253
Pre-training layer 0, epoch 3, cost  -1127.41204183
Pre-training layer 0, epoch 4, cost  -1054.99587533
Pre-training layer 0, epoch 5, cost  -989.604654753
Pre-training layer 0, epoch 6, cost  -930.135555017
Pre-training layer 0, epoch 7, cost  -876.357072204
Pre-training layer 0, epoch 8, cost  -827.334790121
Pre-training layer 0, epoch 9, cost  -782.769824431
Pre-training layer 1, epoch 0, cost  -1537.10823979
Pre-training layer 1, epoch 1, cost  -1533.03390086
Pre-training layer 1, epoch 2, cost  -1529.08858943
Pre-training layer 1, epoch 3, cost  -1525.38290066
Pre-training layer 1, epoch 4, cost  -1521.73573255
Pre-training layer 1, epoch 5, cost  -1518.20505434
Pre-training layer 1, epoch 6, cost  -1514.89833341
Pre-training layer 1, epoch 7, cost  -1511.67255223
Pre-training layer 1, epoch 8, cost  -1508.56390823
Pre-training layer 1, epoch 9, cost  -1505.54852071
... getting the finetuning functions
... finetuning the model
epoch 1, minibatch 1979/1979, validation error 2.591806 %
     epoch 1, minibatch 1979/1979, best error 2.594841 %, best_auc: 0.753704
epoch 2, minibatch 1979/1979, validation error 2.163885 %
     new best AUC!: 0.83023392905
     epoch 2, minibatch 1979/1979, best error 2.089530 %, best_auc: 0.830234
epoch 3, minibatch 1979/1979, validation error 2.004552 %
     new best AUC!: 0.847153211569
     epoch 3, minibatch 1979/1979, best error 1.931715 %, best_auc: 0.847153
epoch 4, minibatch 1979/1979, validation error 2.010622 %
     new best AUC!: 0.850135345523
epoch 5, minibatch 1979/1979, validation error 2.015175 %
     new best AUC!: 0.850285380554
epoch 6, minibatch 1979/1979, validation error 2.050076 %
epoch 7, minibatch 1979/1979, validation error 2.018209 %
epoch 8, minibatch 1979/1979, validation error 1.919575 %
     epoch 8, minibatch 1979/1979, best error 1.901366 %, best_auc: 0.850285
epoch 9, minibatch 1979/1979, validation error 1.908953 %
     epoch 9, minibatch 1979/1979, best error 1.904401 %, best_auc: 0.850285
epoch 10, minibatch 1979/1979, validation error 1.852807 %
     epoch 10, minibatch 1979/1979, best error 1.898331 %, best_auc: 0.850285
epoch 11, minibatch 1979/1979, validation error 1.842185 %
     epoch 11, minibatch 1979/1979, best error 1.931715 %, best_auc: 0.850285
epoch 12, minibatch 1979/1979, validation error 1.866464 %
epoch 13, minibatch 1979/1979, validation error 1.901366 %
epoch 14, minibatch 1979/1979, validation error 1.895296 %
epoch 15, minibatch 1979/1979, validation error 1.887709 %
epoch 16, minibatch 1979/1979, validation error 1.878604 %
epoch 17, minibatch 1979/1979, validation error 1.916540 %
epoch 18, minibatch 1979/1979, validation error 1.905918 %
epoch 19, minibatch 1979/1979, validation error 1.905918 %
epoch 20, minibatch 1979/1979, validation error 1.899848 %
epoch 21, minibatch 1979/1979, validation error 1.890744 %
epoch 22, minibatch 1979/1979, validation error 1.883156 %
epoch 23, minibatch 1979/1979, validation error 1.878604 %
epoch 24, minibatch 1979/1979, validation error 1.871017 %
epoch 25, minibatch 1979/1979, validation error 1.866464 %
epoch 26, minibatch 1979/1979, validation error 1.852807 %
epoch 27, minibatch 1979/1979, validation error 1.848255 %
epoch 28, minibatch 1979/1979, validation error 1.843703 %
epoch 29, minibatch 1979/1979, validation error 1.843703 %
epoch 30, minibatch 1979/1979, validation error 1.839150 %
     epoch 30, minibatch 1979/1979, best error 1.827011 %, best_auc: 0.850285
Optimization complete with best validation score of 1.839150 %, obtained at iteration 59370, with test performance 1.827011 %, and best_auc: 0.850285
runtime: 233745.34 secs.
