000 (14409.093.000) 08/01 05:07:06 Job submitted from host: <144.92.142.140:9620?sock=9267_cb64_3>
...
001 (14409.093.000) 08/02 10:12:22 Job executing on host: <144.92.142.164:9620?sock=10436_0991_3>
...
006 (14409.093.000) 08/02 10:12:31 Image size of job updated: 32888
	33  -  MemoryUsage of job (MB)
	32888  -  ResidentSetSize of job (KB)
...
006 (14409.093.000) 08/02 10:17:32 Image size of job updated: 2839112
	2773  -  MemoryUsage of job (MB)
	2839112  -  ResidentSetSize of job (KB)
...
006 (14409.093.000) 08/02 10:22:33 Image size of job updated: 5534192
	5405  -  MemoryUsage of job (MB)
	5534192  -  ResidentSetSize of job (KB)
...
006 (14409.093.000) 08/02 10:27:33 Image size of job updated: 6750856
	6593  -  MemoryUsage of job (MB)
	6750856  -  ResidentSetSize of job (KB)
...
006 (14409.093.000) 08/02 10:32:33 Image size of job updated: 6776404
	6618  -  MemoryUsage of job (MB)
	6776404  -  ResidentSetSize of job (KB)
...
006 (14409.093.000) 08/02 10:37:34 Image size of job updated: 6779208
	6621  -  MemoryUsage of job (MB)
	6779208  -  ResidentSetSize of job (KB)
...
006 (14409.093.000) 08/02 10:57:36 Image size of job updated: 6779240
	6621  -  MemoryUsage of job (MB)
	6779240  -  ResidentSetSize of job (KB)
...
006 (14409.093.000) 08/02 11:02:36 Image size of job updated: 6824228
	6665  -  MemoryUsage of job (MB)
	6824228  -  ResidentSetSize of job (KB)
...
006 (14409.093.000) 08/02 11:12:38 Image size of job updated: 6824264
	6665  -  MemoryUsage of job (MB)
	6824264  -  ResidentSetSize of job (KB)
...
006 (14409.093.000) 08/02 11:17:38 Image size of job updated: 6824360
	6665  -  MemoryUsage of job (MB)
	6824360  -  ResidentSetSize of job (KB)
...
006 (14409.093.000) 08/02 11:32:40 Image size of job updated: 6824372
	6665  -  MemoryUsage of job (MB)
	6824372  -  ResidentSetSize of job (KB)
...
006 (14409.093.000) 08/02 11:52:42 Image size of job updated: 6824392
	6665  -  MemoryUsage of job (MB)
	6824392  -  ResidentSetSize of job (KB)
...
006 (14409.093.000) 08/02 13:22:52 Image size of job updated: 6828496
	6669  -  MemoryUsage of job (MB)
	6828496  -  ResidentSetSize of job (KB)
...
006 (14409.093.000) 08/02 15:43:06 Image size of job updated: 6833804
	6674  -  MemoryUsage of job (MB)
	6833804  -  ResidentSetSize of job (KB)
...
006 (14409.093.000) 08/02 15:48:06 Image size of job updated: 6843492
	6684  -  MemoryUsage of job (MB)
	6843492  -  ResidentSetSize of job (KB)
...
006 (14409.093.000) 08/02 16:03:08 Image size of job updated: 6843768
	6684  -  MemoryUsage of job (MB)
	6843768  -  ResidentSetSize of job (KB)
...
006 (14409.093.000) 08/02 16:13:09 Image size of job updated: 6844024
	6684  -  MemoryUsage of job (MB)
	6844024  -  ResidentSetSize of job (KB)
...
006 (14409.093.000) 08/02 16:28:10 Image size of job updated: 6844144
	6684  -  MemoryUsage of job (MB)
	6844144  -  ResidentSetSize of job (KB)
...
006 (14409.093.000) 08/02 16:33:11 Image size of job updated: 6852112
	6692  -  MemoryUsage of job (MB)
	6852112  -  ResidentSetSize of job (KB)
...
006 (14409.093.000) 08/02 16:43:11 Image size of job updated: 10009336
	9775  -  MemoryUsage of job (MB)
	10009336  -  ResidentSetSize of job (KB)
...
006 (14409.093.000) 08/02 16:53:13 Image size of job updated: 10009432
	9775  -  MemoryUsage of job (MB)
	10009432  -  ResidentSetSize of job (KB)
...
006 (14409.093.000) 08/02 17:03:14 Image size of job updated: 10018664
	9784  -  MemoryUsage of job (MB)
	10018664  -  ResidentSetSize of job (KB)
...
006 (14409.093.000) 08/02 17:38:17 Image size of job updated: 10019620
	9785  -  MemoryUsage of job (MB)
	10019620  -  ResidentSetSize of job (KB)
...
006 (14409.093.000) 08/02 19:58:32 Image size of job updated: 10029984
	9795  -  MemoryUsage of job (MB)
	10029984  -  ResidentSetSize of job (KB)
...
