_CONDOR_JOB_IWD /mnt/ws/home/jferiante
Cluster 14409
Process 18
RunningOn slot2@opt-a015.discovery.wisc.edu
python th_deep_belief_net.py pcba 18
Running Theano Learn Deep Belief Net for pcba, target: aid2147.........
... building the model
... getting the pretraining functions
... pre-training the model
Pre-training layer 0, epoch 0, cost  -1396.96350372
Pre-training layer 0, epoch 1, cost  -1298.7993899
Pre-training layer 0, epoch 2, cost  -1210.28032011
Pre-training layer 0, epoch 3, cost  -1130.40195714
Pre-training layer 0, epoch 4, cost  -1058.23170132
Pre-training layer 0, epoch 5, cost  -993.030815871
Pre-training layer 0, epoch 6, cost  -933.805236429
Pre-training layer 0, epoch 7, cost  -880.114036244
Pre-training layer 0, epoch 8, cost  -831.059224868
Pre-training layer 0, epoch 9, cost  -786.406048571
Pre-training layer 1, epoch 0, cost  -1537.49715388
Pre-training layer 1, epoch 1, cost  -1533.47353775
Pre-training layer 1, epoch 2, cost  -1529.57444991
Pre-training layer 1, epoch 3, cost  -1525.86111825
Pre-training layer 1, epoch 4, cost  -1522.230065
Pre-training layer 1, epoch 5, cost  -1518.74626655
Pre-training layer 1, epoch 6, cost  -1515.42159148
Pre-training layer 1, epoch 7, cost  -1512.1742532
Pre-training layer 1, epoch 8, cost  -1509.08522426
Pre-training layer 1, epoch 9, cost  -1506.13296704
... getting the finetuning functions
... finetuning the model
epoch 1, minibatch 1966/1966, validation error 22.074809 %
     epoch 1, minibatch 1966/1966, best error 22.267176 %, best_auc: 0.791508
epoch 2, minibatch 1966/1966, validation error 20.816794 %
     new best AUC!: 0.803441691774
     epoch 2, minibatch 1966/1966, best error 21.572519 %, best_auc: 0.803442
epoch 3, minibatch 1966/1966, validation error 20.418321 %
     new best AUC!: 0.80635398998
     epoch 3, minibatch 1966/1966, best error 21.465649 %, best_auc: 0.806354
epoch 4, minibatch 1966/1966, validation error 19.778626 %
     new best AUC!: 0.807363802722
     epoch 4, minibatch 1966/1966, best error 21.429008 %, best_auc: 0.807364
epoch 5, minibatch 1966/1966, validation error 19.844275 %
     new best AUC!: 0.808019986738
epoch 6, minibatch 1966/1966, validation error 19.467176 %
     new best AUC!: 0.808802951529
     epoch 6, minibatch 1966/1966, best error 20.998473 %, best_auc: 0.808803
epoch 7, minibatch 1966/1966, validation error 19.560305 %
     new best AUC!: 0.809681259848
epoch 8, minibatch 1966/1966, validation error 19.596947 %
     new best AUC!: 0.810387356539
epoch 9, minibatch 1966/1966, validation error 19.738931 %
     new best AUC!: 0.810750126249
epoch 10, minibatch 1966/1966, validation error 20.112977 %
     new best AUC!: 0.810770149357
epoch 11, minibatch 1966/1966, validation error 20.424427 %
epoch 12, minibatch 1966/1966, validation error 20.690076 %
epoch 13, minibatch 1966/1966, validation error 20.772519 %
epoch 14, minibatch 1966/1966, validation error 20.607634 %
epoch 15, minibatch 1966/1966, validation error 20.621374 %
epoch 16, minibatch 1966/1966, validation error 20.499237 %
epoch 17, minibatch 1966/1966, validation error 20.674809 %
epoch 18, minibatch 1966/1966, validation error 20.919084 %
epoch 19, minibatch 1966/1966, validation error 20.970992 %
epoch 20, minibatch 1966/1966, validation error 21.074809 %
epoch 21, minibatch 1966/1966, validation error 20.912977 %
epoch 22, minibatch 1966/1966, validation error 20.929771 %
epoch 23, minibatch 1966/1966, validation error 20.957252 %
epoch 24, minibatch 1966/1966, validation error 21.015267 %
epoch 25, minibatch 1966/1966, validation error 21.071756 %
epoch 26, minibatch 1966/1966, validation error 21.090076 %
epoch 27, minibatch 1966/1966, validation error 21.261069 %
epoch 28, minibatch 1966/1966, validation error 21.540458 %
epoch 29, minibatch 1966/1966, validation error 21.703817 %
epoch 30, minibatch 1966/1966, validation error 21.809160 %
Optimization complete with best validation score of 19.467176 %, obtained at iteration 11796, with test performance 20.998473 %, and best_auc: 0.810770
runtime: 234064.45 secs.
