_CONDOR_JOB_IWD /mnt/ws/home/jferiante
Cluster 14409
Process 3
RunningOn slot2@opt-a001.discovery.wisc.edu
python th_deep_belief_net.py pcba 3
Running Theano Learn Deep Belief Net for pcba, target: aid1454.........
... building the model
... getting the pretraining functions
... pre-training the model
Pre-training layer 0, epoch 0, cost  -1425.10569347
Pre-training layer 0, epoch 1, cost  -1378.96715066
Pre-training layer 0, epoch 2, cost  -1334.43017909
Pre-training layer 0, epoch 3, cost  -1292.32908026
Pre-training layer 0, epoch 4, cost  -1252.13829064
Pre-training layer 0, epoch 5, cost  -1213.73028626
Pre-training layer 0, epoch 6, cost  -1176.6568015
Pre-training layer 0, epoch 7, cost  -1141.62861474
Pre-training layer 0, epoch 8, cost  -1108.15526421
Pre-training layer 0, epoch 9, cost  -1076.08680035
Pre-training layer 1, epoch 0, cost  -1537.77229173
Pre-training layer 1, epoch 1, cost  -1536.00892004
Pre-training layer 1, epoch 2, cost  -1534.18180167
Pre-training layer 1, epoch 3, cost  -1532.36536523
Pre-training layer 1, epoch 4, cost  -1530.75745334
Pre-training layer 1, epoch 5, cost  -1528.95884102
Pre-training layer 1, epoch 6, cost  -1527.35297892
Pre-training layer 1, epoch 7, cost  -1525.73648573
Pre-training layer 1, epoch 8, cost  -1524.15376223
Pre-training layer 1, epoch 9, cost  -1522.44677669
... getting the finetuning functions
... finetuning the model
epoch 1, minibatch 877/877, validation error 10.479452 %
     epoch 1, minibatch 877/877, best error 10.469178 %, best_auc: 0.767673
epoch 2, minibatch 877/877, validation error 9.239726 %
     new best AUC!: 0.812237776389
     epoch 2, minibatch 877/877, best error 9.886986 %, best_auc: 0.812238
epoch 3, minibatch 877/877, validation error 8.349315 %
     new best AUC!: 0.835043829473
     epoch 3, minibatch 877/877, best error 9.321918 %, best_auc: 0.835044
epoch 4, minibatch 877/877, validation error 7.722603 %
     new best AUC!: 0.840587156046
     epoch 4, minibatch 877/877, best error 8.931507 %, best_auc: 0.840587
epoch 5, minibatch 877/877, validation error 7.739726 %
epoch 6, minibatch 877/877, validation error 7.739726 %
epoch 7, minibatch 877/877, validation error 7.842466 %
epoch 8, minibatch 877/877, validation error 7.917808 %
epoch 9, minibatch 877/877, validation error 7.873288 %
epoch 10, minibatch 877/877, validation error 8.106164 %
epoch 11, minibatch 877/877, validation error 8.113014 %
epoch 12, minibatch 877/877, validation error 8.116438 %
epoch 13, minibatch 877/877, validation error 8.311644 %
epoch 14, minibatch 877/877, validation error 8.294521 %
epoch 15, minibatch 877/877, validation error 8.263699 %
epoch 16, minibatch 877/877, validation error 8.352740 %
epoch 17, minibatch 877/877, validation error 8.321918 %
epoch 18, minibatch 877/877, validation error 8.393836 %
epoch 19, minibatch 877/877, validation error 8.349315 %
epoch 20, minibatch 877/877, validation error 8.339041 %
epoch 21, minibatch 877/877, validation error 8.513699 %
epoch 22, minibatch 877/877, validation error 8.496575 %
epoch 23, minibatch 877/877, validation error 8.472603 %
epoch 24, minibatch 877/877, validation error 8.445205 %
epoch 25, minibatch 877/877, validation error 8.417808 %
epoch 26, minibatch 877/877, validation error 8.400685 %
epoch 27, minibatch 877/877, validation error 8.482877 %
epoch 28, minibatch 877/877, validation error 8.565068 %
epoch 29, minibatch 877/877, validation error 8.438356 %
epoch 30, minibatch 877/877, validation error 8.421233 %
Optimization complete with best validation score of 7.722603 %, obtained at iteration 3508, with test performance 8.931507 %, and best_auc: 0.840587
runtime: 157246.09 secs.
