_CONDOR_JOB_IWD /mnt/ws/home/jferiante
Cluster 14409
Process 62
RunningOn slot1@opt-a016.discovery.wisc.edu
python th_deep_belief_net.py pcba 62
Running Theano Learn Deep Belief Net for pcba, target: aid588456.........
... building the model
... getting the pretraining functions
... pre-training the model
Pre-training layer 0, epoch 0, cost  -1385.54146692
Pre-training layer 0, epoch 1, cost  -1271.51701159
Pre-training layer 0, epoch 2, cost  -1170.50139302
Pre-training layer 0, epoch 3, cost  -1081.17075362
Pre-training layer 0, epoch 4, cost  -1001.93125708
Pre-training layer 0, epoch 5, cost  -931.382875927
Pre-training layer 0, epoch 6, cost  -868.475171892
Pre-training layer 0, epoch 7, cost  -811.955919408
Pre-training layer 0, epoch 8, cost  -761.376749782
Pre-training layer 0, epoch 9, cost  -715.838474043
Pre-training layer 1, epoch 0, cost  -1536.83766241
Pre-training layer 1, epoch 1, cost  -1532.09429751
Pre-training layer 1, epoch 2, cost  -1527.50627074
Pre-training layer 1, epoch 3, cost  -1523.18063937
Pre-training layer 1, epoch 4, cost  -1518.98833607
Pre-training layer 1, epoch 5, cost  -1515.03005495
Pre-training layer 1, epoch 6, cost  -1511.21067455
Pre-training layer 1, epoch 7, cost  -1507.58186621
Pre-training layer 1, epoch 8, cost  -1504.09868938
Pre-training layer 1, epoch 9, cost  -1500.75709236
... getting the finetuning functions
... finetuning the model
epoch 1, minibatch 2326/2326, validation error 0.387097 %
     epoch 1, minibatch 2326/2326, best error 0.387097 %, best_auc: 0.908405
epoch 2, minibatch 2326/2326, validation error 0.387097 %
     new best AUC!: 0.940496750473
epoch 3, minibatch 2326/2326, validation error 0.387097 %
     new best AUC!: 0.940620387872
epoch 4, minibatch 2326/2326, validation error 0.387097 %
epoch 5, minibatch 2326/2326, validation error 0.350968 %
     epoch 5, minibatch 2326/2326, best error 0.270968 %, best_auc: 0.940620
epoch 6, minibatch 2326/2326, validation error 0.350968 %
epoch 7, minibatch 2326/2326, validation error 0.313548 %
     epoch 7, minibatch 2326/2326, best error 0.276129 %, best_auc: 0.940620
epoch 8, minibatch 2326/2326, validation error 0.314839 %
epoch 9, minibatch 2326/2326, validation error 0.317419 %
epoch 10, minibatch 2326/2326, validation error 0.318710 %
epoch 11, minibatch 2326/2326, validation error 0.318710 %
epoch 12, minibatch 2326/2326, validation error 0.317419 %
epoch 13, minibatch 2326/2326, validation error 0.317419 %
epoch 14, minibatch 2326/2326, validation error 0.317419 %
epoch 15, minibatch 2326/2326, validation error 0.317419 %
epoch 16, minibatch 2326/2326, validation error 0.278710 %
     epoch 16, minibatch 2326/2326, best error 0.243871 %, best_auc: 0.940620
epoch 17, minibatch 2326/2326, validation error 0.278710 %
epoch 18, minibatch 2326/2326, validation error 0.278710 %
epoch 19, minibatch 2326/2326, validation error 0.278710 %
epoch 20, minibatch 2326/2326, validation error 0.278710 %
epoch 21, minibatch 2326/2326, validation error 0.278710 %
epoch 22, minibatch 2326/2326, validation error 0.278710 %
epoch 23, minibatch 2326/2326, validation error 0.278710 %
epoch 24, minibatch 2326/2326, validation error 0.278710 %
epoch 25, minibatch 2326/2326, validation error 0.278710 %
epoch 26, minibatch 2326/2326, validation error 0.278710 %
epoch 27, minibatch 2326/2326, validation error 0.278710 %
epoch 28, minibatch 2326/2326, validation error 0.278710 %
epoch 29, minibatch 2326/2326, validation error 0.278710 %
epoch 30, minibatch 2326/2326, validation error 0.277419 %
     epoch 30, minibatch 2326/2326, best error 0.236129 %, best_auc: 0.940620
epoch 31, minibatch 2326/2326, validation error 0.277419 %
Optimization complete with best validation score of 0.277419 %, obtained at iteration 69780, with test performance 0.236129 %, and best_auc: 0.940620
runtime: 290873.16 secs.
