_CONDOR_JOB_IWD /mnt/ws/home/jferiante
Cluster 14409
Process 69
RunningOn slot1@opt-a002.discovery.wisc.edu
python th_deep_belief_net.py pcba 69
Running Theano Learn Deep Belief Net for pcba, target: aid602233.........
... building the model
... getting the pretraining functions
... pre-training the model
Pre-training layer 0, epoch 0, cost  -1385.54425653
Pre-training layer 0, epoch 1, cost  -1272.04103415
Pre-training layer 0, epoch 2, cost  -1171.36189741
Pre-training layer 0, epoch 3, cost  -1082.35449614
Pre-training layer 0, epoch 4, cost  -1003.38960182
Pre-training layer 0, epoch 5, cost  -932.978262703
Pre-training layer 0, epoch 6, cost  -870.078406952
Pre-training layer 0, epoch 7, cost  -813.651754683
Pre-training layer 0, epoch 8, cost  -763.213779813
Pre-training layer 0, epoch 9, cost  -717.595235179
Pre-training layer 1, epoch 0, cost  -1536.86008459
Pre-training layer 1, epoch 1, cost  -1532.1188941
Pre-training layer 1, epoch 2, cost  -1527.5381779
Pre-training layer 1, epoch 3, cost  -1523.22141436
Pre-training layer 1, epoch 4, cost  -1519.10476809
Pre-training layer 1, epoch 5, cost  -1515.13812689
Pre-training layer 1, epoch 6, cost  -1511.32787153
Pre-training layer 1, epoch 7, cost  -1507.70429748
Pre-training layer 1, epoch 8, cost  -1504.21412252
Pre-training layer 1, epoch 9, cost  -1500.87534317
... getting the finetuning functions
... finetuning the model
epoch 1, minibatch 2315/2315, validation error 1.284047 %
     epoch 1, minibatch 2315/2315, best error 1.284047 %, best_auc: 0.791662
epoch 2, minibatch 2315/2315, validation error 1.284047 %
     new best AUC!: 0.829797694725
epoch 3, minibatch 2315/2315, validation error 1.163424 %
     new best AUC!: 0.840429869374
     epoch 3, minibatch 2315/2315, best error 1.160830 %, best_auc: 0.840430
epoch 4, minibatch 2315/2315, validation error 1.184176 %
     new best AUC!: 0.841614249636
epoch 5, minibatch 2315/2315, validation error 1.093385 %
     epoch 5, minibatch 2315/2315, best error 1.088197 %, best_auc: 0.841614
epoch 6, minibatch 2315/2315, validation error 1.088197 %
     epoch 6, minibatch 2315/2315, best error 1.099870 %, best_auc: 0.841614
epoch 7, minibatch 2315/2315, validation error 1.095979 %
epoch 8, minibatch 2315/2315, validation error 1.093385 %
     new best AUC!: 0.84192550994
epoch 9, minibatch 2315/2315, validation error 1.088197 %
     new best AUC!: 0.844530947628
epoch 10, minibatch 2315/2315, validation error 1.093385 %
     new best AUC!: 0.849723525273
epoch 11, minibatch 2315/2315, validation error 1.124514 %
     new best AUC!: 0.850587496365
epoch 12, minibatch 2315/2315, validation error 1.079118 %
     epoch 12, minibatch 2315/2315, best error 1.210117 %, best_auc: 0.850587
epoch 13, minibatch 2315/2315, validation error 1.079118 %
epoch 14, minibatch 2315/2315, validation error 1.076524 %
     new best AUC!: 0.853900578884
     epoch 14, minibatch 2315/2315, best error 1.169909 %, best_auc: 0.853901
epoch 15, minibatch 2315/2315, validation error 1.079118 %
epoch 16, minibatch 2315/2315, validation error 1.079118 %
epoch 17, minibatch 2315/2315, validation error 1.077821 %
     new best AUC!: 0.854106229462
epoch 18, minibatch 2315/2315, validation error 1.077821 %
     new best AUC!: 0.854941759518
epoch 19, minibatch 2315/2315, validation error 1.070039 %
     new best AUC!: 0.857660762466
     epoch 19, minibatch 2315/2315, best error 1.191958 %, best_auc: 0.857661
epoch 20, minibatch 2315/2315, validation error 1.066148 %
     new best AUC!: 0.858504645834
     epoch 20, minibatch 2315/2315, best error 1.228275 %, best_auc: 0.858505
epoch 21, minibatch 2315/2315, validation error 1.062257 %
     new best AUC!: 0.860289470094
     epoch 21, minibatch 2315/2315, best error 1.224384 %, best_auc: 0.860289
epoch 22, minibatch 2315/2315, validation error 1.064851 %
     new best AUC!: 0.860999899362
epoch 23, minibatch 2315/2315, validation error 1.063554 %
     new best AUC!: 0.86181931946
epoch 24, minibatch 2315/2315, validation error 1.060960 %
     epoch 24, minibatch 2315/2315, best error 1.219196 %, best_auc: 0.861819
epoch 25, minibatch 2315/2315, validation error 1.057069 %
     new best AUC!: 0.863011058591
     epoch 25, minibatch 2315/2315, best error 1.217899 %, best_auc: 0.863011
epoch 26, minibatch 2315/2315, validation error 1.055772 %
     new best AUC!: 0.864567558999
     epoch 26, minibatch 2315/2315, best error 1.216602 %, best_auc: 0.864568
epoch 27, minibatch 2315/2315, validation error 1.053178 %
     new best AUC!: 0.866140766031
     epoch 27, minibatch 2315/2315, best error 1.215305 %, best_auc: 0.866141
epoch 28, minibatch 2315/2315, validation error 1.051881 %
     epoch 28, minibatch 2315/2315, best error 1.214008 %, best_auc: 0.866141
epoch 29, minibatch 2315/2315, validation error 1.050584 %
     new best AUC!: 0.866215945836
     epoch 29, minibatch 2315/2315, best error 1.211414 %, best_auc: 0.866216
epoch 30, minibatch 2315/2315, validation error 1.051881 %
     new best AUC!: 0.866898530732
epoch 31, minibatch 2315/2315, validation error 1.050584 %
     new best AUC!: 0.868159483018
epoch 32, minibatch 2315/2315, validation error 1.047990 %
     epoch 32, minibatch 2315/2315, best error 1.208820 %, best_auc: 0.868159
epoch 33, minibatch 2315/2315, validation error 1.086900 %
epoch 34, minibatch 2315/2315, validation error 1.084306 %
epoch 35, minibatch 2315/2315, validation error 1.083009 %
epoch 36, minibatch 2315/2315, validation error 1.081712 %
epoch 37, minibatch 2315/2315, validation error 1.081712 %
epoch 38, minibatch 2315/2315, validation error 1.080415 %
epoch 39, minibatch 2315/2315, validation error 1.079118 %
epoch 40, minibatch 2315/2315, validation error 1.079118 %
epoch 41, minibatch 2315/2315, validation error 1.079118 %
epoch 42, minibatch 2315/2315, validation error 1.079118 %
epoch 43, minibatch 2315/2315, validation error 1.075227 %
epoch 44, minibatch 2315/2315, validation error 1.075227 %
epoch 45, minibatch 2315/2315, validation error 1.073930 %
epoch 46, minibatch 2315/2315, validation error 1.073930 %
epoch 47, minibatch 2315/2315, validation error 1.072633 %
epoch 48, minibatch 2315/2315, validation error 1.071336 %
epoch 49, minibatch 2315/2315, validation error 1.071336 %
epoch 50, minibatch 2315/2315, validation error 1.071336 %
epoch 51, minibatch 2315/2315, validation error 1.070039 %
epoch 52, minibatch 2315/2315, validation error 1.070039 %
epoch 53, minibatch 2315/2315, validation error 1.070039 %
epoch 54, minibatch 2315/2315, validation error 1.070039 %
epoch 55, minibatch 2315/2315, validation error 1.070039 %
epoch 56, minibatch 2315/2315, validation error 1.070039 %
epoch 57, minibatch 2315/2315, validation error 1.070039 %
epoch 58, minibatch 2315/2315, validation error 1.070039 %
epoch 59, minibatch 2315/2315, validation error 1.070039 %
epoch 60, minibatch 2315/2315, validation error 1.070039 %
epoch 61, minibatch 2315/2315, validation error 1.070039 %
Optimization complete with best validation score of 1.047990 %, obtained at iteration 74080, with test performance 1.208820 %, and best_auc: 0.868159
runtime: 613583.01 secs.
