_CONDOR_JOB_IWD /mnt/ws/home/jferiante
Cluster 14409
Process 43
RunningOn slot2@opt-a001.discovery.wisc.edu
python th_deep_belief_net.py pcba 43
Running Theano Learn Deep Belief Net for pcba, target: aid485367.........
... building the model
... getting the pretraining functions
... pre-training the model
Pre-training layer 0, epoch 0, cost  -1392.71513592
Pre-training layer 0, epoch 1, cost  -1289.39475549
Pre-training layer 0, epoch 2, cost  -1196.71529679
Pre-training layer 0, epoch 3, cost  -1113.6702356
Pre-training layer 0, epoch 4, cost  -1038.9441062
Pre-training layer 0, epoch 5, cost  -971.956970781
Pre-training layer 0, epoch 6, cost  -911.391548285
Pre-training layer 0, epoch 7, cost  -856.666082399
Pre-training layer 0, epoch 8, cost  -806.927291891
Pre-training layer 0, epoch 9, cost  -761.953570532
Pre-training layer 1, epoch 0, cost  -1537.11062029
Pre-training layer 1, epoch 1, cost  -1532.79470269
Pre-training layer 1, epoch 2, cost  -1528.63121705
Pre-training layer 1, epoch 3, cost  -1524.76292664
Pre-training layer 1, epoch 4, cost  -1520.94088848
Pre-training layer 1, epoch 5, cost  -1517.32224574
Pre-training layer 1, epoch 6, cost  -1513.83552726
Pre-training layer 1, epoch 7, cost  -1510.45142464
Pre-training layer 1, epoch 8, cost  -1507.22389178
Pre-training layer 1, epoch 9, cost  -1504.135382
... getting the finetuning functions
... finetuning the model
epoch 1, minibatch 2081/2081, validation error 4.696970 %
     epoch 1, minibatch 2081/2081, best error 4.779221 %, best_auc: 0.776692
epoch 2, minibatch 2081/2081, validation error 4.173160 %
     new best AUC!: 0.825223383171
     epoch 2, minibatch 2081/2081, best error 4.443001 %, best_auc: 0.825223
epoch 3, minibatch 2081/2081, validation error 3.940837 %
     new best AUC!: 0.840538220917
     epoch 3, minibatch 2081/2081, best error 4.655123 %, best_auc: 0.840538
epoch 4, minibatch 2081/2081, validation error 4.222222 %
     new best AUC!: 0.842157386466
epoch 5, minibatch 2081/2081, validation error 4.513709 %
epoch 6, minibatch 2081/2081, validation error 4.679654 %
epoch 7, minibatch 2081/2081, validation error 4.633478 %
epoch 8, minibatch 2081/2081, validation error 4.699856 %
epoch 9, minibatch 2081/2081, validation error 4.574315 %
epoch 10, minibatch 2081/2081, validation error 4.588745 %
epoch 11, minibatch 2081/2081, validation error 4.496392 %
epoch 12, minibatch 2081/2081, validation error 4.398268 %
epoch 13, minibatch 2081/2081, validation error 4.320346 %
epoch 14, minibatch 2081/2081, validation error 4.230880 %
epoch 15, minibatch 2081/2081, validation error 4.196248 %
epoch 16, minibatch 2081/2081, validation error 4.118326 %
epoch 17, minibatch 2081/2081, validation error 4.089466 %
epoch 18, minibatch 2081/2081, validation error 3.981241 %
epoch 19, minibatch 2081/2081, validation error 3.904762 %
     epoch 19, minibatch 2081/2081, best error 3.810967 %, best_auc: 0.842157
epoch 20, minibatch 2081/2081, validation error 3.862915 %
     epoch 20, minibatch 2081/2081, best error 3.848485 %, best_auc: 0.842157
epoch 21, minibatch 2081/2081, validation error 3.868687 %
epoch 22, minibatch 2081/2081, validation error 3.842713 %
     epoch 22, minibatch 2081/2081, best error 3.721501 %, best_auc: 0.842157
epoch 23, minibatch 2081/2081, validation error 3.832612 %
     epoch 23, minibatch 2081/2081, best error 3.669553 %, best_auc: 0.842157
epoch 24, minibatch 2081/2081, validation error 3.790765 %
     epoch 24, minibatch 2081/2081, best error 3.756133 %, best_auc: 0.842157
epoch 25, minibatch 2081/2081, validation error 3.802309 %
epoch 26, minibatch 2081/2081, validation error 3.823954 %
epoch 27, minibatch 2081/2081, validation error 3.802309 %
epoch 28, minibatch 2081/2081, validation error 3.825397 %
epoch 29, minibatch 2081/2081, validation error 3.890332 %
epoch 30, minibatch 2081/2081, validation error 3.881674 %
epoch 31, minibatch 2081/2081, validation error 3.868687 %
epoch 32, minibatch 2081/2081, validation error 3.848485 %
epoch 33, minibatch 2081/2081, validation error 3.835498 %
epoch 34, minibatch 2081/2081, validation error 3.825397 %
epoch 35, minibatch 2081/2081, validation error 3.819625 %
epoch 36, minibatch 2081/2081, validation error 3.852814 %
epoch 37, minibatch 2081/2081, validation error 3.838384 %
epoch 38, minibatch 2081/2081, validation error 3.823954 %
epoch 39, minibatch 2081/2081, validation error 3.815296 %
epoch 40, minibatch 2081/2081, validation error 3.806638 %
epoch 41, minibatch 2081/2081, validation error 3.842713 %
epoch 42, minibatch 2081/2081, validation error 3.838384 %
epoch 43, minibatch 2081/2081, validation error 3.875902 %
epoch 44, minibatch 2081/2081, validation error 3.871573 %
epoch 45, minibatch 2081/2081, validation error 3.868687 %
epoch 46, minibatch 2081/2081, validation error 3.862915 %
epoch 47, minibatch 2081/2081, validation error 3.862915 %
Optimization complete with best validation score of 3.790765 %, obtained at iteration 49944, with test performance 3.756133 %, and best_auc: 0.842157
runtime: 453223.84 secs.
