_CONDOR_JOB_IWD /mnt/ws/home/jferiante
Cluster 14409
Process 83
RunningOn slot1@opt-a001.discovery.wisc.edu
python th_deep_belief_net.py pcba 83
Running Theano Learn Deep Belief Net for pcba, target: aid624417.........
... building the model
... getting the pretraining functions
... pre-training the model
Pre-training layer 0, epoch 0, cost  -1354.0473873
Pre-training layer 0, epoch 1, cost  -1190.98889864
Pre-training layer 0, epoch 2, cost  -1055.49438035
Pre-training layer 0, epoch 3, cost  -942.562033511
Pre-training layer 0, epoch 4, cost  -847.538041703
Pre-training layer 0, epoch 5, cost  -767.212846686
Pre-training layer 0, epoch 6, cost  -698.741012862
Pre-training layer 0, epoch 7, cost  -640.236787538
Pre-training layer 0, epoch 8, cost  -589.744176802
Pre-training layer 0, epoch 9, cost  -545.909635255
Pre-training layer 1, epoch 0, cost  -1536.21703867
Pre-training layer 1, epoch 1, cost  -1529.05267133
Pre-training layer 1, epoch 2, cost  -1522.35758902
Pre-training layer 1, epoch 3, cost  -1516.13242795
Pre-training layer 1, epoch 4, cost  -1510.29057907
Pre-training layer 1, epoch 5, cost  -1504.86181537
Pre-training layer 1, epoch 6, cost  -1499.78883177
Pre-training layer 1, epoch 7, cost  -1495.03006322
Pre-training layer 1, epoch 8, cost  -1490.59635104
Pre-training layer 1, epoch 9, cost  -1486.44153452
... getting the finetuning functions
... finetuning the model
epoch 1, minibatch 3542/3542, validation error 30.377119 %
     epoch 1, minibatch 3542/3542, best error 30.424576 %, best_auc: 0.767806
epoch 2, minibatch 3542/3542, validation error 29.133898 %
     new best AUC!: 0.778283952882
     epoch 2, minibatch 3542/3542, best error 29.705932 %, best_auc: 0.778284
epoch 3, minibatch 3542/3542, validation error 28.717797 %
     new best AUC!: 0.782081709663
     epoch 3, minibatch 3542/3542, best error 29.145763 %, best_auc: 0.782082
epoch 4, minibatch 3542/3542, validation error 28.740678 %
     new best AUC!: 0.784545100624
epoch 5, minibatch 3542/3542, validation error 28.731356 %
     new best AUC!: 0.78681138967
epoch 6, minibatch 3542/3542, validation error 28.654237 %
     new best AUC!: 0.788985687349
     epoch 6, minibatch 3542/3542, best error 29.076271 %, best_auc: 0.788986
epoch 7, minibatch 3542/3542, validation error 28.733051 %
     new best AUC!: 0.790988080578
epoch 8, minibatch 3542/3542, validation error 28.812712 %
     new best AUC!: 0.792613646016
epoch 9, minibatch 3542/3542, validation error 28.507627 %
     new best AUC!: 0.793568616183
     epoch 9, minibatch 3542/3542, best error 28.563559 %, best_auc: 0.793569
epoch 10, minibatch 3542/3542, validation error 28.107627 %
     new best AUC!: 0.793618765618
     epoch 10, minibatch 3542/3542, best error 28.381356 %, best_auc: 0.793619
epoch 11, minibatch 3542/3542, validation error 27.669492 %
     epoch 11, minibatch 3542/3542, best error 28.205085 %, best_auc: 0.793619
epoch 12, minibatch 3542/3542, validation error 27.214407 %
     epoch 12, minibatch 3542/3542, best error 27.880508 %, best_auc: 0.793619
epoch 13, minibatch 3542/3542, validation error 26.838136 %
     epoch 13, minibatch 3542/3542, best error 27.690678 %, best_auc: 0.793619
epoch 14, minibatch 3542/3542, validation error 26.857627 %
epoch 15, minibatch 3542/3542, validation error 26.318644 %
     epoch 15, minibatch 3542/3542, best error 26.430508 %, best_auc: 0.793619
epoch 16, minibatch 3542/3542, validation error 26.134746 %
     epoch 16, minibatch 3542/3542, best error 25.911017 %, best_auc: 0.793619
epoch 17, minibatch 3542/3542, validation error 26.056780 %
     epoch 17, minibatch 3542/3542, best error 25.496610 %, best_auc: 0.793619
epoch 18, minibatch 3542/3542, validation error 25.780508 %
     epoch 18, minibatch 3542/3542, best error 25.216949 %, best_auc: 0.793619
epoch 19, minibatch 3542/3542, validation error 25.510169 %
     epoch 19, minibatch 3542/3542, best error 25.373729 %, best_auc: 0.793619
epoch 20, minibatch 3542/3542, validation error 25.311864 %
     epoch 20, minibatch 3542/3542, best error 25.259322 %, best_auc: 0.793619
epoch 21, minibatch 3542/3542, validation error 25.443220 %
epoch 22, minibatch 3542/3542, validation error 25.452542 %
epoch 23, minibatch 3542/3542, validation error 25.623729 %
epoch 24, minibatch 3542/3542, validation error 25.850000 %
epoch 25, minibatch 3542/3542, validation error 26.117797 %
epoch 26, minibatch 3542/3542, validation error 26.485593 %
epoch 27, minibatch 3542/3542, validation error 26.741525 %
epoch 28, minibatch 3542/3542, validation error 27.125424 %
epoch 29, minibatch 3542/3542, validation error 27.296610 %
epoch 30, minibatch 3542/3542, validation error 27.485593 %
epoch 31, minibatch 3542/3542, validation error 27.953390 %
epoch 32, minibatch 3542/3542, validation error 28.203390 %
epoch 33, minibatch 3542/3542, validation error 28.350000 %
epoch 34, minibatch 3542/3542, validation error 28.450847 %
epoch 35, minibatch 3542/3542, validation error 28.766949 %
epoch 36, minibatch 3542/3542, validation error 28.894068 %
epoch 37, minibatch 3542/3542, validation error 28.835593 %
epoch 38, minibatch 3542/3542, validation error 28.845763 %
epoch 39, minibatch 3542/3542, validation error 28.873729 %
Optimization complete with best validation score of 25.311864 %, obtained at iteration 70840, with test performance 25.259322 %, and best_auc: 0.793619
runtime: 740918.37 secs.
