_CONDOR_JOB_IWD /mnt/ws/home/jferiante
Cluster 14409
Process 49
RunningOn slot2@opt-a016.discovery.wisc.edu
python th_deep_belief_net.py pcba 49
Running Theano Learn Deep Belief Net for pcba, target: aid504339.........
... building the model
... getting the pretraining functions
... pre-training the model
Pre-training layer 0, epoch 0, cost  -1336.67032275
Pre-training layer 0, epoch 1, cost  -1145.17578755
Pre-training layer 0, epoch 2, cost  -992.176551826
Pre-training layer 0, epoch 3, cost  -868.984071912
Pre-training layer 0, epoch 4, cost  -768.804768449
Pre-training layer 0, epoch 5, cost  -686.320856877
Pre-training layer 0, epoch 6, cost  -618.102027252
Pre-training layer 0, epoch 7, cost  -560.903288347
Pre-training layer 0, epoch 8, cost  -512.579923774
Pre-training layer 0, epoch 9, cost  -471.41489527
Pre-training layer 1, epoch 0, cost  -1535.74311692
Pre-training layer 1, epoch 1, cost  -1527.10452238
Pre-training layer 1, epoch 2, cost  -1519.17094728
Pre-training layer 1, epoch 3, cost  -1511.85594754
Pre-training layer 1, epoch 4, cost  -1505.14543871
Pre-training layer 1, epoch 5, cost  -1498.96552407
Pre-training layer 1, epoch 6, cost  -1493.266668
Pre-training layer 1, epoch 7, cost  -1488.02790287
Pre-training layer 1, epoch 8, cost  -1483.16963182
Pre-training layer 1, epoch 9, cost  -1478.65163938
... getting the finetuning functions
... finetuning the model
epoch 1, minibatch 4330/4330, validation error 25.979210 %
     epoch 1, minibatch 4330/4330, best error 26.139293 %, best_auc: 0.819820
epoch 2, minibatch 4330/4330, validation error 24.844075 %
     new best AUC!: 0.830967680937
     epoch 2, minibatch 4330/4330, best error 24.916840 %, best_auc: 0.830968
epoch 3, minibatch 4330/4330, validation error 24.001386 %
     new best AUC!: 0.838260358676
     epoch 3, minibatch 4330/4330, best error 24.085239 %, best_auc: 0.838260
epoch 4, minibatch 4330/4330, validation error 23.038115 %
     new best AUC!: 0.844692877787
     epoch 4, minibatch 4330/4330, best error 23.397782 %, best_auc: 0.844693
epoch 5, minibatch 4330/4330, validation error 22.467082 %
     new best AUC!: 0.850303672752
     epoch 5, minibatch 4330/4330, best error 22.604297 %, best_auc: 0.850304
epoch 6, minibatch 4330/4330, validation error 21.929314 %
     new best AUC!: 0.855012124754
     epoch 6, minibatch 4330/4330, best error 21.993763 %, best_auc: 0.855012
epoch 7, minibatch 4330/4330, validation error 21.627166 %
     new best AUC!: 0.858747252844
     epoch 7, minibatch 4330/4330, best error 21.484407 %, best_auc: 0.858747
epoch 8, minibatch 4330/4330, validation error 21.392931 %
     new best AUC!: 0.861428543096
     epoch 8, minibatch 4330/4330, best error 20.970894 %, best_auc: 0.861429
epoch 9, minibatch 4330/4330, validation error 21.173250 %
     new best AUC!: 0.863126562946
     epoch 9, minibatch 4330/4330, best error 21.010395 %, best_auc: 0.863127
epoch 10, minibatch 4330/4330, validation error 21.126126 %
     new best AUC!: 0.864071503758
     epoch 10, minibatch 4330/4330, best error 21.140679 %, best_auc: 0.864072
epoch 11, minibatch 4330/4330, validation error 21.444906 %
     new best AUC!: 0.86451923905
epoch 12, minibatch 4330/4330, validation error 21.746362 %
     new best AUC!: 0.864654284193
epoch 13, minibatch 4330/4330, validation error 21.897436 %
epoch 14, minibatch 4330/4330, validation error 22.281358 %
epoch 15, minibatch 4330/4330, validation error 22.436590 %
epoch 16, minibatch 4330/4330, validation error 22.518365 %
epoch 17, minibatch 4330/4330, validation error 22.668053 %
epoch 18, minibatch 4330/4330, validation error 22.850312 %
epoch 19, minibatch 4330/4330, validation error 23.056826 %
epoch 20, minibatch 4330/4330, validation error 23.355509 %
epoch 21, minibatch 4330/4330, validation error 23.843382 %
epoch 22, minibatch 4330/4330, validation error 24.112266 %
epoch 23, minibatch 4330/4330, validation error 24.408870 %
epoch 24, minibatch 4330/4330, validation error 24.729730 %
epoch 25, minibatch 4330/4330, validation error 25.115038 %
epoch 26, minibatch 4330/4330, validation error 25.282051 %
epoch 27, minibatch 4330/4330, validation error 25.356202 %
epoch 28, minibatch 4330/4330, validation error 25.613306 %
epoch 29, minibatch 4330/4330, validation error 25.834373 %
epoch 30, minibatch 4330/4330, validation error 25.984754 %
Optimization complete with best validation score of 21.126126 %, obtained at iteration 43300, with test performance 21.140679 %, and best_auc: 0.864654
runtime: 508456.52 secs.
