000 (14409.118.000) 08/01 05:07:06 Job submitted from host: <144.92.142.140:9620?sock=9267_cb64_3>
...
001 (14409.118.000) 08/02 18:06:59 Job executing on host: <144.92.142.192:9620?sock=11062_0af0_13>
...
006 (14409.118.000) 08/02 18:07:08 Image size of job updated: 31616
	31  -  MemoryUsage of job (MB)
	31616  -  ResidentSetSize of job (KB)
...
006 (14409.118.000) 08/02 18:12:08 Image size of job updated: 921300
	900  -  MemoryUsage of job (MB)
	921300  -  ResidentSetSize of job (KB)
...
006 (14409.118.000) 08/02 18:27:09 Image size of job updated: 927448
	906  -  MemoryUsage of job (MB)
	927448  -  ResidentSetSize of job (KB)
...
006 (14409.118.000) 08/02 18:37:10 Image size of job updated: 952500
	931  -  MemoryUsage of job (MB)
	952500  -  ResidentSetSize of job (KB)
...
006 (14409.118.000) 08/02 18:42:11 Image size of job updated: 980664
	958  -  MemoryUsage of job (MB)
	980664  -  ResidentSetSize of job (KB)
...
006 (14409.118.000) 08/02 18:47:11 Image size of job updated: 1016504
	993  -  MemoryUsage of job (MB)
	1016504  -  ResidentSetSize of job (KB)
...
006 (14409.118.000) 08/02 18:52:12 Image size of job updated: 1025312
	1002  -  MemoryUsage of job (MB)
	1025312  -  ResidentSetSize of job (KB)
...
006 (14409.118.000) 08/02 18:55:26 Image size of job updated: 1363956
	1002  -  MemoryUsage of job (MB)
	1025312  -  ResidentSetSize of job (KB)
...
005 (14409.118.000) 08/02 18:55:26 Job terminated.
	(1) Normal termination (return value 0)
		Usr 0 18:27:37, Sys 0 01:32:58  -  Run Remote Usage
		Usr 0 00:00:00, Sys 0 00:00:00  -  Run Local Usage
		Usr 0 18:27:37, Sys 0 01:32:58  -  Total Remote Usage
		Usr 0 00:00:00, Sys 0 00:00:00  -  Total Local Usage
	0  -  Run Bytes Sent By Job
	0  -  Run Bytes Received By Job
	0  -  Total Bytes Sent By Job
	0  -  Total Bytes Received By Job
	Partitionable Resources :    Usage  Request Allocated
	   Cpus                 :                 8         8
	   Disk (KB)            :        1        1  36531043
	   Memory (MB)          :     1002    10240     25831
...
