_CONDOR_JOB_IWD /mnt/ws/home/jferiante
Cluster 14409
Process 123
RunningOn slot1@opt-a003.discovery.wisc.edu
python th_deep_belief_net.py pcba 123
Running Theano Learn Deep Belief Net for pcba, target: aid925.........
... building the model
... getting the pretraining functions
... pre-training the model
Pre-training layer 0, epoch 0, cost  -1438.29331515
Pre-training layer 0, epoch 1, cost  -1416.90603582
Pre-training layer 0, epoch 2, cost  -1396.2817535
Pre-training layer 0, epoch 3, cost  -1375.8541569
Pre-training layer 0, epoch 4, cost  -1355.88938226
Pre-training layer 0, epoch 5, cost  -1336.11581417
Pre-training layer 0, epoch 6, cost  -1316.7511585
Pre-training layer 0, epoch 7, cost  -1298.35136122
Pre-training layer 0, epoch 8, cost  -1279.51806597
Pre-training layer 0, epoch 9, cost  -1261.67935113
Pre-training layer 1, epoch 0, cost  -1537.58863165
Pre-training layer 1, epoch 1, cost  -1536.91436547
Pre-training layer 1, epoch 2, cost  -1535.9895395
Pre-training layer 1, epoch 3, cost  -1535.18589256
Pre-training layer 1, epoch 4, cost  -1534.36686877
Pre-training layer 1, epoch 5, cost  -1533.58731415
Pre-training layer 1, epoch 6, cost  -1532.84913567
Pre-training layer 1, epoch 7, cost  -1531.95602831
Pre-training layer 1, epoch 8, cost  -1531.26964625
Pre-training layer 1, epoch 9, cost  -1530.61786606
... getting the finetuning functions
... finetuning the model
epoch 1, minibatch 393/393, validation error 1.600000 %
     epoch 1, minibatch 393/393, best error 1.615385 %, best_auc: 0.637641
epoch 2, minibatch 393/393, validation error 1.600000 %
     new best AUC!: 0.661957293794
epoch 3, minibatch 393/393, validation error 1.600000 %
     new best AUC!: 0.672389683033
epoch 4, minibatch 393/393, validation error 1.600000 %
     new best AUC!: 0.68611826334
epoch 5, minibatch 393/393, validation error 1.600000 %
     new best AUC!: 0.703764538755
epoch 6, minibatch 393/393, validation error 1.384615 %
     new best AUC!: 0.721788155909
     epoch 6, minibatch 393/393, best error 1.638462 %, best_auc: 0.721788
epoch 7, minibatch 393/393, validation error 1.392308 %
     new best AUC!: 0.735960667673
epoch 8, minibatch 393/393, validation error 1.400000 %
     new best AUC!: 0.745605078576
epoch 9, minibatch 393/393, validation error 1.400000 %
     new best AUC!: 0.752186362426
epoch 10, minibatch 393/393, validation error 1.423077 %
     new best AUC!: 0.756359318121
epoch 11, minibatch 393/393, validation error 1.423077 %
     new best AUC!: 0.758895276569
epoch 12, minibatch 393/393, validation error 1.423077 %
     new best AUC!: 0.760132735506
epoch 13, minibatch 393/393, validation error 1.430769 %
epoch 14, minibatch 393/393, validation error 1.430769 %
epoch 15, minibatch 393/393, validation error 1.438462 %
epoch 16, minibatch 393/393, validation error 1.438462 %
epoch 17, minibatch 393/393, validation error 1.438462 %
epoch 18, minibatch 393/393, validation error 1.430769 %
epoch 19, minibatch 393/393, validation error 1.430769 %
epoch 20, minibatch 393/393, validation error 1.430769 %
epoch 21, minibatch 393/393, validation error 1.430769 %
epoch 22, minibatch 393/393, validation error 1.423077 %
epoch 23, minibatch 393/393, validation error 1.415385 %
epoch 24, minibatch 393/393, validation error 1.415385 %
epoch 25, minibatch 393/393, validation error 1.415385 %
epoch 26, minibatch 393/393, validation error 1.415385 %
epoch 27, minibatch 393/393, validation error 1.407692 %
epoch 28, minibatch 393/393, validation error 1.407692 %
epoch 29, minibatch 393/393, validation error 1.407692 %
epoch 30, minibatch 393/393, validation error 1.407692 %
Optimization complete with best validation score of 1.384615 %, obtained at iteration 2358, with test performance 1.638462 %, and best_auc: 0.760133
runtime: 76765.13 secs.
