_CONDOR_JOB_IWD /mnt/ws/home/jferiante
Cluster 14409
Process 100
RunningOn slot2@opt-a001.discovery.wisc.edu
python th_deep_belief_net.py pcba 100
Running Theano Learn Deep Belief Net for pcba, target: aid720579.........
... building the model
... getting the pretraining functions
... pre-training the model
Pre-training layer 0, epoch 0, cost  -1388.08276161
Pre-training layer 0, epoch 1, cost  -1280.98962532
Pre-training layer 0, epoch 2, cost  -1185.39304235
Pre-training layer 0, epoch 3, cost  -1100.17902269
Pre-training layer 0, epoch 4, cost  -1023.78856439
Pre-training layer 0, epoch 5, cost  -955.569858363
Pre-training layer 0, epoch 6, cost  -894.325082579
Pre-training layer 0, epoch 7, cost  -838.989831801
Pre-training layer 0, epoch 8, cost  -789.076480304
Pre-training layer 0, epoch 9, cost  -743.936280771
Pre-training layer 1, epoch 0, cost  -1536.98729679
Pre-training layer 1, epoch 1, cost  -1532.54531106
Pre-training layer 1, epoch 2, cost  -1528.26482285
Pre-training layer 1, epoch 3, cost  -1524.17128091
Pre-training layer 1, epoch 4, cost  -1520.24939065
Pre-training layer 1, epoch 5, cost  -1516.51077117
Pre-training layer 1, epoch 6, cost  -1512.85338191
Pre-training layer 1, epoch 7, cost  -1509.3882734
Pre-training layer 1, epoch 8, cost  -1506.11557129
Pre-training layer 1, epoch 9, cost  -1502.89291033
... getting the finetuning functions
... finetuning the model
epoch 1, minibatch 2172/2172, validation error 13.611342 %
     epoch 1, minibatch 2172/2172, best error 13.081604 %, best_auc: 0.800727
epoch 2, minibatch 2172/2172, validation error 13.074689 %
     new best AUC!: 0.817616966665
     epoch 2, minibatch 2172/2172, best error 12.309820 %, best_auc: 0.817617
epoch 3, minibatch 2172/2172, validation error 12.799447 %
     new best AUC!: 0.820542723515
     epoch 3, minibatch 2172/2172, best error 12.171508 %, best_auc: 0.820543
epoch 4, minibatch 2172/2172, validation error 12.609959 %
     new best AUC!: 0.821830562822
     epoch 4, minibatch 2172/2172, best error 12.177040 %, best_auc: 0.821831
epoch 5, minibatch 2172/2172, validation error 12.579530 %
     new best AUC!: 0.822779883385
     epoch 5, minibatch 2172/2172, best error 12.033195 %, best_auc: 0.822780
epoch 6, minibatch 2172/2172, validation error 12.540802 %
     new best AUC!: 0.823452421929
     epoch 6, minibatch 2172/2172, best error 11.914246 %, best_auc: 0.823452
epoch 7, minibatch 2172/2172, validation error 12.434302 %
     new best AUC!: 0.823946574053
     epoch 7, minibatch 2172/2172, best error 11.712310 %, best_auc: 0.823947
epoch 8, minibatch 2172/2172, validation error 12.027663 %
     new best AUC!: 0.824342545839
     epoch 8, minibatch 2172/2172, best error 11.713693 %, best_auc: 0.824343
epoch 9, minibatch 2172/2172, validation error 11.871369 %
     new best AUC!: 0.824613795661
     epoch 9, minibatch 2172/2172, best error 11.684647 %, best_auc: 0.824614
epoch 10, minibatch 2172/2172, validation error 11.697095 %
     new best AUC!: 0.824616766257
     epoch 10, minibatch 2172/2172, best error 11.506224 %, best_auc: 0.824617
epoch 11, minibatch 2172/2172, validation error 11.593361 %
     epoch 11, minibatch 2172/2172, best error 11.647303 %, best_auc: 0.824617
epoch 12, minibatch 2172/2172, validation error 11.778700 %
epoch 13, minibatch 2172/2172, validation error 11.647303 %
epoch 14, minibatch 2172/2172, validation error 11.629322 %
epoch 15, minibatch 2172/2172, validation error 11.676349 %
epoch 16, minibatch 2172/2172, validation error 11.589212 %
     epoch 16, minibatch 2172/2172, best error 11.625173 %, best_auc: 0.824617
epoch 17, minibatch 2172/2172, validation error 11.672199 %
epoch 18, minibatch 2172/2172, validation error 11.633472 %
epoch 19, minibatch 2172/2172, validation error 11.744122 %
epoch 20, minibatch 2172/2172, validation error 11.767635 %
epoch 21, minibatch 2172/2172, validation error 11.763485 %
epoch 22, minibatch 2172/2172, validation error 11.748271 %
epoch 23, minibatch 2172/2172, validation error 11.863071 %
epoch 24, minibatch 2172/2172, validation error 12.034578 %
epoch 25, minibatch 2172/2172, validation error 12.161826 %
epoch 26, minibatch 2172/2172, validation error 12.261411 %
epoch 27, minibatch 2172/2172, validation error 12.316736 %
epoch 28, minibatch 2172/2172, validation error 12.414938 %
epoch 29, minibatch 2172/2172, validation error 12.474412 %
epoch 30, minibatch 2172/2172, validation error 12.538036 %
Optimization complete with best validation score of 11.589212 %, obtained at iteration 34752, with test performance 11.625173 %, and best_auc: 0.824617
runtime: 385368.43 secs.
