_CONDOR_JOB_IWD /mnt/ws/home/jferiante
Cluster 14409
Process 27
RunningOn slot2@opt-a015.discovery.wisc.edu
python th_deep_belief_net.py pcba 27
Running Theano Learn Deep Belief Net for pcba, target: aid2662.........
... building the model
... getting the pretraining functions
... pre-training the model
Pre-training layer 0, epoch 0, cost  -1400.82815059
Pre-training layer 0, epoch 1, cost  -1311.10491643
Pre-training layer 0, epoch 2, cost  -1229.19528034
Pre-training layer 0, epoch 3, cost  -1154.41048934
Pre-training layer 0, epoch 4, cost  -1086.56288029
Pre-training layer 0, epoch 5, cost  -1024.51893038
Pre-training layer 0, epoch 6, cost  -967.986550784
Pre-training layer 0, epoch 7, cost  -916.075196112
Pre-training layer 0, epoch 8, cost  -868.473849787
Pre-training layer 0, epoch 9, cost  -824.664301868
Pre-training layer 1, epoch 0, cost  -1537.30471232
Pre-training layer 1, epoch 1, cost  -1533.63460622
Pre-training layer 1, epoch 2, cost  -1530.04202437
Pre-training layer 1, epoch 3, cost  -1526.69600595
Pre-training layer 1, epoch 4, cost  -1523.37316877
Pre-training layer 1, epoch 5, cost  -1520.15436034
Pre-training layer 1, epoch 6, cost  -1517.0634898
Pre-training layer 1, epoch 7, cost  -1514.0658622
Pre-training layer 1, epoch 8, cost  -1511.16346208
Pre-training layer 1, epoch 9, cost  -1508.36435741
... getting the finetuning functions
... finetuning the model
epoch 1, minibatch 1783/1783, validation error 1.109428 %
     epoch 1, minibatch 1783/1783, best error 1.111111 %, best_auc: 0.788961
epoch 2, minibatch 1783/1783, validation error 1.109428 %
     new best AUC!: 0.838165551004
epoch 3, minibatch 1783/1783, validation error 1.109428 %
     new best AUC!: 0.848133063038
epoch 4, minibatch 1783/1783, validation error 1.109428 %
     new best AUC!: 0.850794261954
epoch 5, minibatch 1783/1783, validation error 1.132997 %
     new best AUC!: 0.853319772198
epoch 6, minibatch 1783/1783, validation error 1.072391 %
     new best AUC!: 0.85566165817
     epoch 6, minibatch 1783/1783, best error 0.929293 %, best_auc: 0.855662
epoch 7, minibatch 1783/1783, validation error 0.937710 %
     new best AUC!: 0.857104365078
     epoch 7, minibatch 1783/1783, best error 0.850168 %, best_auc: 0.857104
epoch 8, minibatch 1783/1783, validation error 0.959596 %
epoch 9, minibatch 1783/1783, validation error 0.968013 %
epoch 10, minibatch 1783/1783, validation error 0.964646 %
epoch 11, minibatch 1783/1783, validation error 0.961279 %
epoch 12, minibatch 1783/1783, validation error 0.952862 %
epoch 13, minibatch 1783/1783, validation error 0.947811 %
epoch 14, minibatch 1783/1783, validation error 0.939394 %
epoch 15, minibatch 1783/1783, validation error 0.932660 %
     epoch 15, minibatch 1783/1783, best error 0.728956 %, best_auc: 0.857104
epoch 16, minibatch 1783/1783, validation error 0.919192 %
     epoch 16, minibatch 1783/1783, best error 0.728956 %, best_auc: 0.857104
epoch 17, minibatch 1783/1783, validation error 0.961279 %
epoch 18, minibatch 1783/1783, validation error 0.959596 %
epoch 19, minibatch 1783/1783, validation error 0.954545 %
epoch 20, minibatch 1783/1783, validation error 0.952862 %
epoch 21, minibatch 1783/1783, validation error 0.951178 %
epoch 22, minibatch 1783/1783, validation error 0.944444 %
epoch 23, minibatch 1783/1783, validation error 0.944444 %
epoch 24, minibatch 1783/1783, validation error 0.942761 %
epoch 25, minibatch 1783/1783, validation error 0.937710 %
epoch 26, minibatch 1783/1783, validation error 0.937710 %
epoch 27, minibatch 1783/1783, validation error 0.937710 %
epoch 28, minibatch 1783/1783, validation error 0.937710 %
epoch 29, minibatch 1783/1783, validation error 0.937710 %
epoch 30, minibatch 1783/1783, validation error 0.937710 %
epoch 31, minibatch 1783/1783, validation error 0.937710 %
Optimization complete with best validation score of 0.919192 %, obtained at iteration 28528, with test performance 0.728956 %, and best_auc: 0.857104
runtime: 219655.75 secs.
