_CONDOR_JOB_IWD /mnt/ws/home/jferiante
Cluster 14409
Process 110
RunningOn slot2@opt-a018.discovery.wisc.edu
python th_deep_belief_net.py pcba 110
Running Theano Learn Deep Belief Net for pcba, target: aid883.........
... building the model
... getting the pretraining functions
... pre-training the model
Pre-training layer 0, epoch 0, cost  -1443.37314285
Pre-training layer 0, epoch 1, cost  -1438.69421923
Pre-training layer 0, epoch 2, cost  -1433.35003213
Pre-training layer 0, epoch 3, cost  -1428.22867949
Pre-training layer 0, epoch 4, cost  -1423.57794663
Pre-training layer 0, epoch 5, cost  -1418.4341109
Pre-training layer 0, epoch 6, cost  -1414.29678
Pre-training layer 0, epoch 7, cost  -1408.1816677
Pre-training layer 0, epoch 8, cost  -1403.10631648
Pre-training layer 0, epoch 9, cost  -1399.39874749
Pre-training layer 1, epoch 0, cost  -1537.76108463
Pre-training layer 1, epoch 1, cost  -1537.48035235
Pre-training layer 1, epoch 2, cost  -1537.41931632
Pre-training layer 1, epoch 3, cost  -1537.16259773
Pre-training layer 1, epoch 4, cost  -1537.17916828
Pre-training layer 1, epoch 5, cost  -1536.88041983
Pre-training layer 1, epoch 6, cost  -1536.72715658
Pre-training layer 1, epoch 7, cost  -1536.62790276
Pre-training layer 1, epoch 8, cost  -1536.20917587
Pre-training layer 1, epoch 9, cost  -1536.11433012
... getting the finetuning functions
... finetuning the model
epoch 1, minibatch 92/92, validation error 45.066667 %
     epoch 1, minibatch 92/92, best error 45.566667 %, best_auc: 0.664668
epoch 2, minibatch 92/92, validation error 40.166667 %
     new best AUC!: 0.681527346221
     epoch 2, minibatch 92/92, best error 40.466667 %, best_auc: 0.681527
epoch 3, minibatch 92/92, validation error 35.800000 %
     new best AUC!: 0.700032004516
     epoch 3, minibatch 92/92, best error 36.166667 %, best_auc: 0.700032
epoch 4, minibatch 92/92, validation error 33.200000 %
     new best AUC!: 0.718032654686
     epoch 4, minibatch 92/92, best error 35.133333 %, best_auc: 0.718033
epoch 5, minibatch 92/92, validation error 32.100000 %
     new best AUC!: 0.735461255635
     epoch 5, minibatch 92/92, best error 34.400000 %, best_auc: 0.735461
epoch 6, minibatch 92/92, validation error 30.433333 %
     new best AUC!: 0.75048573783
     epoch 6, minibatch 92/92, best error 33.333333 %, best_auc: 0.750486
epoch 7, minibatch 92/92, validation error 30.266667 %
     new best AUC!: 0.761589036815
     epoch 7, minibatch 92/92, best error 32.766667 %, best_auc: 0.761589
epoch 8, minibatch 92/92, validation error 30.233333 %
     new best AUC!: 0.770494860377
     epoch 8, minibatch 92/92, best error 31.300000 %, best_auc: 0.770495
epoch 9, minibatch 92/92, validation error 30.066667 %
     new best AUC!: 0.77750561339
     epoch 9, minibatch 92/92, best error 31.066667 %, best_auc: 0.777506
epoch 10, minibatch 92/92, validation error 29.233333 %
     new best AUC!: 0.782958981299
     epoch 10, minibatch 92/92, best error 30.433333 %, best_auc: 0.782959
epoch 11, minibatch 92/92, validation error 29.266667 %
     new best AUC!: 0.787017506722
epoch 12, minibatch 92/92, validation error 28.866667 %
     new best AUC!: 0.79060730459
     epoch 12, minibatch 92/92, best error 29.600000 %, best_auc: 0.790607
epoch 13, minibatch 92/92, validation error 28.633333 %
     new best AUC!: 0.793487711022
     epoch 13, minibatch 92/92, best error 29.166667 %, best_auc: 0.793488
epoch 14, minibatch 92/92, validation error 28.500000 %
     new best AUC!: 0.79562218543
     epoch 14, minibatch 92/92, best error 29.433333 %, best_auc: 0.795622
epoch 15, minibatch 92/92, validation error 28.366667 %
     new best AUC!: 0.797713819147
     epoch 15, minibatch 92/92, best error 29.466667 %, best_auc: 0.797714
epoch 16, minibatch 92/92, validation error 28.566667 %
     new best AUC!: 0.799495487867
epoch 17, minibatch 92/92, validation error 28.500000 %
     new best AUC!: 0.800924350901
epoch 18, minibatch 92/92, validation error 28.200000 %
     new best AUC!: 0.802267532553
     epoch 18, minibatch 92/92, best error 29.666667 %, best_auc: 0.802268
epoch 19, minibatch 92/92, validation error 27.500000 %
     new best AUC!: 0.803426751239
     epoch 19, minibatch 92/92, best error 29.700000 %, best_auc: 0.803427
epoch 20, minibatch 92/92, validation error 27.500000 %
     new best AUC!: 0.804333965864
epoch 21, minibatch 92/92, validation error 27.633333 %
     new best AUC!: 0.804976576222
epoch 22, minibatch 92/92, validation error 27.566667 %
     new best AUC!: 0.805500744672
epoch 23, minibatch 92/92, validation error 27.400000 %
     new best AUC!: 0.806105554422
     epoch 23, minibatch 92/92, best error 29.733333 %, best_auc: 0.806106
epoch 24, minibatch 92/92, validation error 27.500000 %
     new best AUC!: 0.80654404149
epoch 25, minibatch 92/92, validation error 27.533333 %
     new best AUC!: 0.807065689899
epoch 26, minibatch 92/92, validation error 27.333333 %
     new best AUC!: 0.807428575749
     epoch 26, minibatch 92/92, best error 29.500000 %, best_auc: 0.807429
epoch 27, minibatch 92/92, validation error 27.133333 %
     new best AUC!: 0.807768781233
     epoch 27, minibatch 92/92, best error 29.266667 %, best_auc: 0.807769
epoch 28, minibatch 92/92, validation error 27.266667 %
     new best AUC!: 0.808103946636
epoch 29, minibatch 92/92, validation error 27.266667 %
     new best AUC!: 0.808383671145
epoch 30, minibatch 92/92, validation error 27.266667 %
     new best AUC!: 0.808633155166
epoch 31, minibatch 92/92, validation error 26.900000 %
     epoch 31, minibatch 92/92, best error 29.100000 %, best_auc: 0.808633
epoch 32, minibatch 92/92, validation error 26.733333 %
     epoch 32, minibatch 92/92, best error 28.833333 %, best_auc: 0.808633
epoch 33, minibatch 92/92, validation error 26.766667 %
     new best AUC!: 0.808696156182
epoch 34, minibatch 92/92, validation error 26.600000 %
     new best AUC!: 0.808736476832
     epoch 34, minibatch 92/92, best error 28.900000 %, best_auc: 0.808736
epoch 35, minibatch 92/92, validation error 26.933333 %
     new best AUC!: 0.808885159229
epoch 36, minibatch 92/92, validation error 26.866667 %
     new best AUC!: 0.808917919757
epoch 37, minibatch 92/92, validation error 26.800000 %
epoch 38, minibatch 92/92, validation error 26.966667 %
epoch 39, minibatch 92/92, validation error 26.566667 %
     epoch 39, minibatch 92/92, best error 29.033333 %, best_auc: 0.808918
epoch 40, minibatch 92/92, validation error 26.166667 %
     epoch 40, minibatch 92/92, best error 28.833333 %, best_auc: 0.808918
epoch 41, minibatch 92/92, validation error 26.233333 %
epoch 42, minibatch 92/92, validation error 26.233333 %
epoch 43, minibatch 92/92, validation error 26.500000 %
epoch 44, minibatch 92/92, validation error 26.566667 %
epoch 45, minibatch 92/92, validation error 26.566667 %
epoch 46, minibatch 92/92, validation error 26.400000 %
epoch 47, minibatch 92/92, validation error 26.400000 %
epoch 48, minibatch 92/92, validation error 26.400000 %
epoch 49, minibatch 92/92, validation error 26.366667 %
epoch 50, minibatch 92/92, validation error 26.366667 %
epoch 51, minibatch 92/92, validation error 26.400000 %
epoch 52, minibatch 92/92, validation error 26.400000 %
epoch 53, minibatch 92/92, validation error 26.333333 %
epoch 54, minibatch 92/92, validation error 26.300000 %
epoch 55, minibatch 92/92, validation error 26.233333 %
epoch 56, minibatch 92/92, validation error 26.366667 %
epoch 57, minibatch 92/92, validation error 26.266667 %
epoch 58, minibatch 92/92, validation error 26.333333 %
epoch 59, minibatch 92/92, validation error 26.366667 %
epoch 60, minibatch 92/92, validation error 26.233333 %
epoch 61, minibatch 92/92, validation error 26.133333 %
     epoch 61, minibatch 92/92, best error 28.566667 %, best_auc: 0.808918
epoch 62, minibatch 92/92, validation error 26.066667 %
     epoch 62, minibatch 92/92, best error 28.433333 %, best_auc: 0.808918
epoch 63, minibatch 92/92, validation error 25.900000 %
     epoch 63, minibatch 92/92, best error 28.300000 %, best_auc: 0.808918
epoch 64, minibatch 92/92, validation error 25.966667 %
epoch 65, minibatch 92/92, validation error 26.000000 %
epoch 66, minibatch 92/92, validation error 25.600000 %
     epoch 66, minibatch 92/92, best error 28.100000 %, best_auc: 0.808918
epoch 67, minibatch 92/92, validation error 25.633333 %
epoch 68, minibatch 92/92, validation error 25.633333 %
epoch 69, minibatch 92/92, validation error 25.400000 %
     epoch 69, minibatch 92/92, best error 27.266667 %, best_auc: 0.808918
epoch 70, minibatch 92/92, validation error 25.566667 %
epoch 71, minibatch 92/92, validation error 25.400000 %
epoch 72, minibatch 92/92, validation error 25.466667 %
epoch 73, minibatch 92/92, validation error 25.466667 %
epoch 74, minibatch 92/92, validation error 25.366667 %
     epoch 74, minibatch 92/92, best error 27.233333 %, best_auc: 0.808918
epoch 75, minibatch 92/92, validation error 25.400000 %
epoch 76, minibatch 92/92, validation error 25.200000 %
     epoch 76, minibatch 92/92, best error 27.100000 %, best_auc: 0.808918
epoch 77, minibatch 92/92, validation error 25.266667 %
epoch 78, minibatch 92/92, validation error 25.366667 %
epoch 79, minibatch 92/92, validation error 25.366667 %
epoch 80, minibatch 92/92, validation error 25.466667 %
epoch 81, minibatch 92/92, validation error 25.466667 %
epoch 82, minibatch 92/92, validation error 25.366667 %
epoch 83, minibatch 92/92, validation error 25.466667 %
epoch 84, minibatch 92/92, validation error 25.566667 %
epoch 85, minibatch 92/92, validation error 25.600000 %
epoch 86, minibatch 92/92, validation error 25.566667 %
epoch 87, minibatch 92/92, validation error 25.633333 %
epoch 88, minibatch 92/92, validation error 25.300000 %
epoch 89, minibatch 92/92, validation error 25.300000 %
epoch 90, minibatch 92/92, validation error 25.100000 %
     epoch 90, minibatch 92/92, best error 27.166667 %, best_auc: 0.808918
epoch 91, minibatch 92/92, validation error 25.100000 %
epoch 92, minibatch 92/92, validation error 25.100000 %
epoch 93, minibatch 92/92, validation error 25.100000 %
epoch 94, minibatch 92/92, validation error 24.966667 %
     epoch 94, minibatch 92/92, best error 27.333333 %, best_auc: 0.808918
epoch 95, minibatch 92/92, validation error 24.800000 %
     epoch 95, minibatch 92/92, best error 27.133333 %, best_auc: 0.808918
epoch 96, minibatch 92/92, validation error 24.700000 %
     epoch 96, minibatch 92/92, best error 26.900000 %, best_auc: 0.808918
epoch 97, minibatch 92/92, validation error 24.766667 %
epoch 98, minibatch 92/92, validation error 24.833333 %
epoch 99, minibatch 92/92, validation error 24.866667 %
epoch 100, minibatch 92/92, validation error 24.933333 %
epoch 101, minibatch 92/92, validation error 24.933333 %
epoch 102, minibatch 92/92, validation error 24.733333 %
epoch 103, minibatch 92/92, validation error 24.633333 %
     epoch 103, minibatch 92/92, best error 26.933333 %, best_auc: 0.808918
epoch 104, minibatch 92/92, validation error 24.433333 %
     epoch 104, minibatch 92/92, best error 26.700000 %, best_auc: 0.808918
epoch 105, minibatch 92/92, validation error 24.233333 %
     epoch 105, minibatch 92/92, best error 26.666667 %, best_auc: 0.808918
epoch 106, minibatch 92/92, validation error 24.100000 %
     epoch 106, minibatch 92/92, best error 26.666667 %, best_auc: 0.808918
epoch 107, minibatch 92/92, validation error 24.133333 %
epoch 108, minibatch 92/92, validation error 24.166667 %
epoch 109, minibatch 92/92, validation error 24.233333 %
epoch 110, minibatch 92/92, validation error 24.266667 %
epoch 111, minibatch 92/92, validation error 24.233333 %
epoch 112, minibatch 92/92, validation error 24.400000 %
epoch 113, minibatch 92/92, validation error 24.566667 %
epoch 114, minibatch 92/92, validation error 24.066667 %
     epoch 114, minibatch 92/92, best error 26.466667 %, best_auc: 0.808918
epoch 115, minibatch 92/92, validation error 23.933333 %
     epoch 115, minibatch 92/92, best error 26.666667 %, best_auc: 0.808918
epoch 116, minibatch 92/92, validation error 24.266667 %
epoch 117, minibatch 92/92, validation error 24.000000 %
epoch 118, minibatch 92/92, validation error 23.900000 %
     epoch 118, minibatch 92/92, best error 26.600000 %, best_auc: 0.808918
epoch 119, minibatch 92/92, validation error 23.966667 %
epoch 120, minibatch 92/92, validation error 23.766667 %
     epoch 120, minibatch 92/92, best error 26.633333 %, best_auc: 0.808918
epoch 121, minibatch 92/92, validation error 24.000000 %
epoch 122, minibatch 92/92, validation error 23.933333 %
epoch 123, minibatch 92/92, validation error 23.866667 %
epoch 124, minibatch 92/92, validation error 23.800000 %
epoch 125, minibatch 92/92, validation error 24.000000 %
epoch 126, minibatch 92/92, validation error 23.900000 %
epoch 127, minibatch 92/92, validation error 24.066667 %
epoch 128, minibatch 92/92, validation error 23.766667 %
     epoch 128, minibatch 92/92, best error 26.633333 %, best_auc: 0.808918
epoch 129, minibatch 92/92, validation error 23.866667 %
epoch 130, minibatch 92/92, validation error 23.866667 %
epoch 131, minibatch 92/92, validation error 24.366667 %
epoch 132, minibatch 92/92, validation error 24.000000 %
epoch 133, minibatch 92/92, validation error 23.966667 %
epoch 134, minibatch 92/92, validation error 24.066667 %
epoch 135, minibatch 92/92, validation error 24.133333 %
epoch 136, minibatch 92/92, validation error 24.266667 %
epoch 137, minibatch 92/92, validation error 24.033333 %
epoch 138, minibatch 92/92, validation error 24.333333 %
epoch 139, minibatch 92/92, validation error 24.200000 %
epoch 140, minibatch 92/92, validation error 24.466667 %
epoch 141, minibatch 92/92, validation error 24.400000 %
epoch 142, minibatch 92/92, validation error 24.333333 %
epoch 143, minibatch 92/92, validation error 24.266667 %
epoch 144, minibatch 92/92, validation error 24.366667 %
epoch 145, minibatch 92/92, validation error 26.233333 %
epoch 146, minibatch 92/92, validation error 25.266667 %
epoch 147, minibatch 92/92, validation error 25.366667 %
epoch 148, minibatch 92/92, validation error 24.800000 %
epoch 149, minibatch 92/92, validation error 24.133333 %
epoch 150, minibatch 92/92, validation error 24.300000 %
epoch 151, minibatch 92/92, validation error 24.066667 %
epoch 152, minibatch 92/92, validation error 23.966667 %
epoch 153, minibatch 92/92, validation error 24.133333 %
epoch 154, minibatch 92/92, validation error 24.066667 %
epoch 155, minibatch 92/92, validation error 24.000000 %
epoch 156, minibatch 92/92, validation error 23.933333 %
epoch 157, minibatch 92/92, validation error 23.900000 %
epoch 158, minibatch 92/92, validation error 24.300000 %
epoch 159, minibatch 92/92, validation error 24.200000 %
epoch 160, minibatch 92/92, validation error 24.133333 %
epoch 161, minibatch 92/92, validation error 24.300000 %
epoch 162, minibatch 92/92, validation error 24.233333 %
epoch 163, minibatch 92/92, validation error 24.333333 %
epoch 164, minibatch 92/92, validation error 24.166667 %
epoch 165, minibatch 92/92, validation error 24.166667 %
epoch 166, minibatch 92/92, validation error 24.200000 %
epoch 167, minibatch 92/92, validation error 24.366667 %
epoch 168, minibatch 92/92, validation error 24.300000 %
epoch 169, minibatch 92/92, validation error 24.266667 %
epoch 170, minibatch 92/92, validation error 24.300000 %
epoch 171, minibatch 92/92, validation error 24.466667 %
epoch 172, minibatch 92/92, validation error 24.366667 %
epoch 173, minibatch 92/92, validation error 24.566667 %
epoch 174, minibatch 92/92, validation error 24.766667 %
epoch 175, minibatch 92/92, validation error 24.766667 %
epoch 176, minibatch 92/92, validation error 24.700000 %
epoch 177, minibatch 92/92, validation error 24.700000 %
epoch 178, minibatch 92/92, validation error 24.700000 %
epoch 179, minibatch 92/92, validation error 24.700000 %
epoch 180, minibatch 92/92, validation error 24.933333 %
epoch 181, minibatch 92/92, validation error 24.900000 %
epoch 182, minibatch 92/92, validation error 24.900000 %
epoch 183, minibatch 92/92, validation error 24.900000 %
epoch 184, minibatch 92/92, validation error 24.866667 %
epoch 185, minibatch 92/92, validation error 24.866667 %
epoch 186, minibatch 92/92, validation error 24.866667 %
epoch 187, minibatch 92/92, validation error 24.866667 %
epoch 188, minibatch 92/92, validation error 24.866667 %
epoch 189, minibatch 92/92, validation error 24.900000 %
epoch 190, minibatch 92/92, validation error 24.900000 %
epoch 191, minibatch 92/92, validation error 24.900000 %
epoch 192, minibatch 92/92, validation error 24.900000 %
epoch 193, minibatch 92/92, validation error 25.100000 %
epoch 194, minibatch 92/92, validation error 25.300000 %
epoch 195, minibatch 92/92, validation error 25.300000 %
epoch 196, minibatch 92/92, validation error 25.266667 %
epoch 197, minibatch 92/92, validation error 25.266667 %
epoch 198, minibatch 92/92, validation error 25.266667 %
epoch 199, minibatch 92/92, validation error 25.266667 %
epoch 200, minibatch 92/92, validation error 25.233333 %
epoch 201, minibatch 92/92, validation error 25.266667 %
epoch 202, minibatch 92/92, validation error 25.233333 %
epoch 203, minibatch 92/92, validation error 25.300000 %
epoch 204, minibatch 92/92, validation error 25.300000 %
epoch 205, minibatch 92/92, validation error 25.466667 %
epoch 206, minibatch 92/92, validation error 25.500000 %
epoch 207, minibatch 92/92, validation error 25.500000 %
epoch 208, minibatch 92/92, validation error 25.500000 %
epoch 209, minibatch 92/92, validation error 25.533333 %
epoch 210, minibatch 92/92, validation error 25.566667 %
epoch 211, minibatch 92/92, validation error 25.600000 %
epoch 212, minibatch 92/92, validation error 25.633333 %
epoch 213, minibatch 92/92, validation error 25.633333 %
epoch 214, minibatch 92/92, validation error 25.666667 %
epoch 215, minibatch 92/92, validation error 25.666667 %
epoch 216, minibatch 92/92, validation error 25.666667 %
epoch 217, minibatch 92/92, validation error 25.466667 %
epoch 218, minibatch 92/92, validation error 25.500000 %
epoch 219, minibatch 92/92, validation error 25.300000 %
epoch 220, minibatch 92/92, validation error 25.333333 %
epoch 221, minibatch 92/92, validation error 25.366667 %
epoch 222, minibatch 92/92, validation error 25.366667 %
epoch 223, minibatch 92/92, validation error 25.400000 %
epoch 224, minibatch 92/92, validation error 25.400000 %
epoch 225, minibatch 92/92, validation error 25.433333 %
epoch 226, minibatch 92/92, validation error 25.433333 %
epoch 227, minibatch 92/92, validation error 25.500000 %
epoch 228, minibatch 92/92, validation error 25.500000 %
epoch 229, minibatch 92/92, validation error 25.500000 %
epoch 230, minibatch 92/92, validation error 25.366667 %
epoch 231, minibatch 92/92, validation error 25.366667 %
epoch 232, minibatch 92/92, validation error 25.200000 %
epoch 233, minibatch 92/92, validation error 24.833333 %
epoch 234, minibatch 92/92, validation error 24.833333 %
epoch 235, minibatch 92/92, validation error 24.866667 %
epoch 236, minibatch 92/92, validation error 24.866667 %
epoch 237, minibatch 92/92, validation error 24.933333 %
epoch 238, minibatch 92/92, validation error 24.800000 %
epoch 239, minibatch 92/92, validation error 24.900000 %
Optimization complete with best validation score of 23.766667 %, obtained at iteration 11776, with test performance 26.633333 %, and best_auc: 0.808918
runtime: 67572.93 secs.
