000 (14409.112.000) 08/01 05:07:06 Job submitted from host: <144.92.142.140:9620?sock=9267_cb64_3>
...
001 (14409.112.000) 08/02 17:25:07 Job executing on host: <144.92.142.161:9620?sock=10442_34dc_3>
...
006 (14409.112.000) 08/02 17:25:15 Image size of job updated: 25852
	26  -  MemoryUsage of job (MB)
	25852  -  ResidentSetSize of job (KB)
...
006 (14409.112.000) 08/02 17:30:15 Image size of job updated: 390676
	382  -  MemoryUsage of job (MB)
	390676  -  ResidentSetSize of job (KB)
...
006 (14409.112.000) 08/02 17:35:16 Image size of job updated: 470248
	460  -  MemoryUsage of job (MB)
	470248  -  ResidentSetSize of job (KB)
...
006 (14409.112.000) 08/02 17:40:17 Image size of job updated: 515448
	504  -  MemoryUsage of job (MB)
	515448  -  ResidentSetSize of job (KB)
...
006 (14409.112.000) 08/02 17:41:07 Image size of job updated: 588408
	504  -  MemoryUsage of job (MB)
	515448  -  ResidentSetSize of job (KB)
...
005 (14409.112.000) 08/02 17:41:08 Job terminated.
	(1) Normal termination (return value 0)
		Usr 0 06:10:45, Sys 0 00:31:29  -  Run Remote Usage
		Usr 0 00:00:00, Sys 0 00:00:00  -  Run Local Usage
		Usr 0 06:10:45, Sys 0 00:31:29  -  Total Remote Usage
		Usr 0 00:00:00, Sys 0 00:00:00  -  Total Local Usage
	0  -  Run Bytes Sent By Job
	0  -  Run Bytes Received By Job
	0  -  Total Bytes Sent By Job
	0  -  Total Bytes Received By Job
	Partitionable Resources :    Usage  Request Allocated
	   Cpus                 :                 8         8
	   Disk (KB)            :        1        1  34115170
	   Memory (MB)          :      504    10240     25831
...
