_CONDOR_JOB_IWD /mnt/ws/home/jferiante
Cluster 14409
Process 41
RunningOn slot2@opt-a004.discovery.wisc.edu
python th_deep_belief_net.py pcba 41
Running Theano Learn Deep Belief Net for pcba, target: aid485360.........
... building the model
... getting the pretraining functions
... pre-training the model
Pre-training layer 0, epoch 0, cost  -1405.2942604
Pre-training layer 0, epoch 1, cost  -1323.22297626
Pre-training layer 0, epoch 2, cost  -1248.11173788
Pre-training layer 0, epoch 3, cost  -1178.82776544
Pre-training layer 0, epoch 4, cost  -1115.37257209
Pre-training layer 0, epoch 5, cost  -1056.83125804
Pre-training layer 0, epoch 6, cost  -1003.03986063
Pre-training layer 0, epoch 7, cost  -953.280144573
Pre-training layer 0, epoch 8, cost  -907.294538247
Pre-training layer 0, epoch 9, cost  -865.005023804
Pre-training layer 1, epoch 0, cost  -1537.50520453
Pre-training layer 1, epoch 1, cost  -1534.17498122
Pre-training layer 1, epoch 2, cost  -1530.98712205
Pre-training layer 1, epoch 3, cost  -1527.84635554
Pre-training layer 1, epoch 4, cost  -1524.88603467
Pre-training layer 1, epoch 5, cost  -1521.88053452
Pre-training layer 1, epoch 6, cost  -1519.03560527
Pre-training layer 1, epoch 7, cost  -1516.32614384
Pre-training layer 1, epoch 8, cost  -1513.62238122
Pre-training layer 1, epoch 9, cost  -1511.03602989
... getting the finetuning functions
... finetuning the model
epoch 1, minibatch 1610/1610, validation error 12.425373 %
     epoch 1, minibatch 1610/1610, best error 13.317164 %, best_auc: 0.810437
epoch 2, minibatch 1610/1610, validation error 12.044776 %
     new best AUC!: 0.830788863783
     epoch 2, minibatch 1610/1610, best error 12.621269 %, best_auc: 0.830789
epoch 3, minibatch 1610/1610, validation error 11.541045 %
     new best AUC!: 0.837772353387
     epoch 3, minibatch 1610/1610, best error 12.384328 %, best_auc: 0.837772
epoch 4, minibatch 1610/1610, validation error 11.658582 %
     new best AUC!: 0.840670476376
epoch 5, minibatch 1610/1610, validation error 11.841418 %
     new best AUC!: 0.842110925936
epoch 6, minibatch 1610/1610, validation error 11.708955 %
     new best AUC!: 0.843233448425
epoch 7, minibatch 1610/1610, validation error 11.686567 %
     new best AUC!: 0.844432688589
epoch 8, minibatch 1610/1610, validation error 11.861940 %
     new best AUC!: 0.845593043422
epoch 9, minibatch 1610/1610, validation error 11.912313 %
     new best AUC!: 0.846662013965
epoch 10, minibatch 1610/1610, validation error 11.912313 %
     new best AUC!: 0.847494363131
epoch 11, minibatch 1610/1610, validation error 11.962687 %
     new best AUC!: 0.848101861818
epoch 12, minibatch 1610/1610, validation error 11.929104 %
     new best AUC!: 0.848406965002
epoch 13, minibatch 1610/1610, validation error 11.955224 %
     new best AUC!: 0.84845273236
epoch 14, minibatch 1610/1610, validation error 12.063433 %
epoch 15, minibatch 1610/1610, validation error 12.188433 %
epoch 16, minibatch 1610/1610, validation error 12.128731 %
epoch 17, minibatch 1610/1610, validation error 12.281716 %
epoch 18, minibatch 1610/1610, validation error 12.337687 %
epoch 19, minibatch 1610/1610, validation error 12.434701 %
epoch 20, minibatch 1610/1610, validation error 12.419776 %
epoch 21, minibatch 1610/1610, validation error 12.615672 %
epoch 22, minibatch 1610/1610, validation error 12.602612 %
epoch 23, minibatch 1610/1610, validation error 12.559701 %
epoch 24, minibatch 1610/1610, validation error 12.565299 %
epoch 25, minibatch 1610/1610, validation error 12.690299 %
epoch 26, minibatch 1610/1610, validation error 12.714552 %
epoch 27, minibatch 1610/1610, validation error 12.807836 %
epoch 28, minibatch 1610/1610, validation error 12.899254 %
epoch 29, minibatch 1610/1610, validation error 12.986940 %
epoch 30, minibatch 1610/1610, validation error 13.037313 %
Optimization complete with best validation score of 11.541045 %, obtained at iteration 4830, with test performance 12.384328 %, and best_auc: 0.848453
runtime: 332595.97 secs.
