_CONDOR_JOB_IWD /mnt/ws/home/jferiante
Cluster 14409
Process 98
RunningOn slot2@opt-a003.discovery.wisc.edu
python th_deep_belief_net.py pcba 98
Running Theano Learn Deep Belief Net for pcba, target: aid720551.........
... building the model
... getting the pretraining functions
... pre-training the model
Pre-training layer 0, epoch 0, cost  -1387.00100606
Pre-training layer 0, epoch 1, cost  -1274.85344956
Pre-training layer 0, epoch 2, cost  -1175.28747921
Pre-training layer 0, epoch 3, cost  -1087.08478497
Pre-training layer 0, epoch 4, cost  -1008.68681992
Pre-training layer 0, epoch 5, cost  -938.582910451
Pre-training layer 0, epoch 6, cost  -876.075948552
Pre-training layer 0, epoch 7, cost  -819.809646528
Pre-training layer 0, epoch 8, cost  -769.428090091
Pre-training layer 0, epoch 9, cost  -723.771070468
Pre-training layer 1, epoch 0, cost  -1536.9599909
Pre-training layer 1, epoch 1, cost  -1532.29772512
Pre-training layer 1, epoch 2, cost  -1527.79507086
Pre-training layer 1, epoch 3, cost  -1523.53042996
Pre-training layer 1, epoch 4, cost  -1519.44704328
Pre-training layer 1, epoch 5, cost  -1515.51513408
Pre-training layer 1, epoch 6, cost  -1511.7394265
Pre-training layer 1, epoch 7, cost  -1508.20443434
Pre-training layer 1, epoch 8, cost  -1504.74073063
Pre-training layer 1, epoch 9, cost  -1501.4281953
... getting the finetuning functions
... finetuning the model
epoch 1, minibatch 2282/2282, validation error 9.507895 %
     epoch 1, minibatch 2282/2282, best error 9.593421 %, best_auc: 0.700000
epoch 2, minibatch 2282/2282, validation error 9.313158 %
     new best AUC!: 0.702860041117
     epoch 2, minibatch 2282/2282, best error 8.717105 %, best_auc: 0.702860
epoch 3, minibatch 2282/2282, validation error 8.909211 %
     epoch 3, minibatch 2282/2282, best error 8.550000 %, best_auc: 0.702860
epoch 4, minibatch 2282/2282, validation error 9.052632 %
epoch 5, minibatch 2282/2282, validation error 9.267105 %
epoch 6, minibatch 2282/2282, validation error 9.615789 %
epoch 7, minibatch 2282/2282, validation error 9.842105 %
epoch 8, minibatch 2282/2282, validation error 10.111842 %
epoch 9, minibatch 2282/2282, validation error 10.153947 %
epoch 10, minibatch 2282/2282, validation error 9.919737 %
epoch 11, minibatch 2282/2282, validation error 9.710526 %
epoch 12, minibatch 2282/2282, validation error 9.531579 %
epoch 13, minibatch 2282/2282, validation error 9.319737 %
epoch 14, minibatch 2282/2282, validation error 9.235526 %
epoch 15, minibatch 2282/2282, validation error 9.155263 %
epoch 16, minibatch 2282/2282, validation error 9.078947 %
epoch 17, minibatch 2282/2282, validation error 9.073684 %
epoch 18, minibatch 2282/2282, validation error 9.036842 %
epoch 19, minibatch 2282/2282, validation error 9.005263 %
epoch 20, minibatch 2282/2282, validation error 8.948684 %
epoch 21, minibatch 2282/2282, validation error 8.917105 %
epoch 22, minibatch 2282/2282, validation error 8.875000 %
     epoch 22, minibatch 2282/2282, best error 8.982895 %, best_auc: 0.702860
epoch 23, minibatch 2282/2282, validation error 8.925000 %
epoch 24, minibatch 2282/2282, validation error 8.952632 %
epoch 25, minibatch 2282/2282, validation error 9.055263 %
epoch 26, minibatch 2282/2282, validation error 9.085526 %
epoch 27, minibatch 2282/2282, validation error 9.155263 %
epoch 28, minibatch 2282/2282, validation error 9.186842 %
epoch 29, minibatch 2282/2282, validation error 9.176316 %
epoch 30, minibatch 2282/2282, validation error 9.173684 %
Optimization complete with best validation score of 8.875000 %, obtained at iteration 50204, with test performance 8.982895 %, and best_auc: 0.702860
runtime: 458568.53 secs.
