000 (14409.114.000) 08/01 05:07:06 Job submitted from host: <144.92.142.140:9620?sock=9267_cb64_3>
...
001 (14409.114.000) 08/02 17:48:57 Job executing on host: <144.92.142.192:9620?sock=11062_0af0_13>
...
006 (14409.114.000) 08/02 17:49:06 Image size of job updated: 31976
	32  -  MemoryUsage of job (MB)
	31976  -  ResidentSetSize of job (KB)
...
006 (14409.114.000) 08/02 17:54:07 Image size of job updated: 366200
	358  -  MemoryUsage of job (MB)
	366200  -  ResidentSetSize of job (KB)
...
006 (14409.114.000) 08/02 17:59:07 Image size of job updated: 540556
	528  -  MemoryUsage of job (MB)
	540556  -  ResidentSetSize of job (KB)
...
006 (14409.114.000) 08/02 18:04:08 Image size of job updated: 641424
	627  -  MemoryUsage of job (MB)
	641424  -  ResidentSetSize of job (KB)
...
006 (14409.114.000) 08/02 18:06:58 Image size of job updated: 684400
	627  -  MemoryUsage of job (MB)
	641424  -  ResidentSetSize of job (KB)
...
005 (14409.114.000) 08/02 18:06:58 Job terminated.
	(1) Normal termination (return value 0)
		Usr 0 06:59:52, Sys 0 00:30:42  -  Run Remote Usage
		Usr 0 00:00:00, Sys 0 00:00:00  -  Run Local Usage
		Usr 0 06:59:52, Sys 0 00:30:42  -  Total Remote Usage
		Usr 0 00:00:00, Sys 0 00:00:00  -  Total Local Usage
	0  -  Run Bytes Sent By Job
	0  -  Run Bytes Received By Job
	0  -  Total Bytes Sent By Job
	0  -  Total Bytes Received By Job
	Partitionable Resources :    Usage  Request Allocated
	   Cpus                 :                 8         8
	   Disk (KB)            :        1        1  36531043
	   Memory (MB)          :      627    10240     25831
...
