_CONDOR_JOB_IWD /mnt/ws/home/jferiante
Cluster 14409
Process 85
RunningOn slot2@opt-a018.discovery.wisc.edu
python th_deep_belief_net.py pcba 85
Running Theano Learn Deep Belief Net for pcba, target: aid651644.........
... building the model
... getting the pretraining functions
... pre-training the model
Pre-training layer 0, epoch 0, cost  -1386.75340719
Pre-training layer 0, epoch 1, cost  -1273.80698303
Pre-training layer 0, epoch 2, cost  -1173.74640733
Pre-training layer 0, epoch 3, cost  -1084.96533326
Pre-training layer 0, epoch 4, cost  -1006.14122346
Pre-training layer 0, epoch 5, cost  -935.964883042
Pre-training layer 0, epoch 6, cost  -873.231101808
Pre-training layer 0, epoch 7, cost  -816.779126738
Pre-training layer 0, epoch 8, cost  -766.328848712
Pre-training layer 0, epoch 9, cost  -720.701840338
Pre-training layer 1, epoch 0, cost  -1537.02255215
Pre-training layer 1, epoch 1, cost  -1532.33940535
Pre-training layer 1, epoch 2, cost  -1527.75160925
Pre-training layer 1, epoch 3, cost  -1523.43906183
Pre-training layer 1, epoch 4, cost  -1519.34918118
Pre-training layer 1, epoch 5, cost  -1515.39805596
Pre-training layer 1, epoch 6, cost  -1511.61994174
Pre-training layer 1, epoch 7, cost  -1508.02668727
Pre-training layer 1, epoch 8, cost  -1504.54958298
Pre-training layer 1, epoch 9, cost  -1501.23830672
... getting the finetuning functions
... finetuning the model
epoch 1, minibatch 2301/2301, validation error 5.404700 %
     epoch 1, minibatch 2301/2301, best error 5.231070 %, best_auc: 0.885640
epoch 2, minibatch 2301/2301, validation error 4.900783 %
     new best AUC!: 0.899874196502
     epoch 2, minibatch 2301/2301, best error 4.757180 %, best_auc: 0.899874
epoch 3, minibatch 2301/2301, validation error 4.815927 %
     new best AUC!: 0.901097802323
     epoch 3, minibatch 2301/2301, best error 4.817232 %, best_auc: 0.901098
epoch 4, minibatch 2301/2301, validation error 4.845953 %
epoch 5, minibatch 2301/2301, validation error 4.745431 %
     epoch 5, minibatch 2301/2301, best error 4.851175 %, best_auc: 0.901098
epoch 6, minibatch 2301/2301, validation error 4.674935 %
     epoch 6, minibatch 2301/2301, best error 4.753264 %, best_auc: 0.901098
epoch 7, minibatch 2301/2301, validation error 4.577023 %
     epoch 7, minibatch 2301/2301, best error 4.672324 %, best_auc: 0.901098
epoch 8, minibatch 2301/2301, validation error 4.577023 %
epoch 9, minibatch 2301/2301, validation error 4.567885 %
     epoch 9, minibatch 2301/2301, best error 4.518277 %, best_auc: 0.901098
epoch 10, minibatch 2301/2301, validation error 4.642298 %
epoch 11, minibatch 2301/2301, validation error 4.605744 %
epoch 12, minibatch 2301/2301, validation error 4.543081 %
     epoch 12, minibatch 2301/2301, best error 4.489556 %, best_auc: 0.901098
epoch 13, minibatch 2301/2301, validation error 4.523499 %
     epoch 13, minibatch 2301/2301, best error 4.514360 %, best_auc: 0.901098
epoch 14, minibatch 2301/2301, validation error 4.472585 %
     epoch 14, minibatch 2301/2301, best error 4.493473 %, best_auc: 0.901098
epoch 15, minibatch 2301/2301, validation error 4.409922 %
     epoch 15, minibatch 2301/2301, best error 4.488251 %, best_auc: 0.901098
epoch 16, minibatch 2301/2301, validation error 4.390339 %
     epoch 16, minibatch 2301/2301, best error 4.451697 %, best_auc: 0.901098
epoch 17, minibatch 2301/2301, validation error 4.332898 %
     epoch 17, minibatch 2301/2301, best error 4.439948 %, best_auc: 0.901098
epoch 18, minibatch 2301/2301, validation error 4.325065 %
     epoch 18, minibatch 2301/2301, best error 4.425587 %, best_auc: 0.901098
epoch 19, minibatch 2301/2301, validation error 4.319843 %
     epoch 19, minibatch 2301/2301, best error 4.458225 %, best_auc: 0.901098
epoch 20, minibatch 2301/2301, validation error 4.274151 %
     epoch 20, minibatch 2301/2301, best error 4.443864 %, best_auc: 0.901098
epoch 21, minibatch 2301/2301, validation error 4.250653 %
     epoch 21, minibatch 2301/2301, best error 4.513055 %, best_auc: 0.901098
epoch 22, minibatch 2301/2301, validation error 4.313316 %
epoch 23, minibatch 2301/2301, validation error 4.271540 %
epoch 24, minibatch 2301/2301, validation error 4.259791 %
epoch 25, minibatch 2301/2301, validation error 4.246736 %
     epoch 25, minibatch 2301/2301, best error 4.473890 %, best_auc: 0.901098
epoch 26, minibatch 2301/2301, validation error 4.229765 %
     epoch 26, minibatch 2301/2301, best error 4.467363 %, best_auc: 0.901098
epoch 27, minibatch 2301/2301, validation error 4.224543 %
     epoch 27, minibatch 2301/2301, best error 4.454308 %, best_auc: 0.901098
epoch 28, minibatch 2301/2301, validation error 4.215405 %
     epoch 28, minibatch 2301/2301, best error 4.442559 %, best_auc: 0.901098
epoch 29, minibatch 2301/2301, validation error 4.211488 %
     epoch 29, minibatch 2301/2301, best error 4.428198 %, best_auc: 0.901098
epoch 30, minibatch 2301/2301, validation error 4.199739 %
     epoch 30, minibatch 2301/2301, best error 4.419060 %, best_auc: 0.901098
epoch 31, minibatch 2301/2301, validation error 4.262402 %
epoch 32, minibatch 2301/2301, validation error 4.253264 %
epoch 33, minibatch 2301/2301, validation error 4.246736 %
epoch 34, minibatch 2301/2301, validation error 4.238903 %
epoch 35, minibatch 2301/2301, validation error 4.263708 %
epoch 36, minibatch 2301/2301, validation error 4.370757 %
epoch 37, minibatch 2301/2301, validation error 4.361619 %
epoch 38, minibatch 2301/2301, validation error 4.390339 %
epoch 39, minibatch 2301/2301, validation error 4.381201 %
epoch 40, minibatch 2301/2301, validation error 4.373368 %
epoch 41, minibatch 2301/2301, validation error 4.373368 %
Optimization complete with best validation score of 4.199739 %, obtained at iteration 69030, with test performance 4.419060 %, and best_auc: 0.901098
runtime: 462638.54 secs.
