000 (14409.104.000) 08/01 05:07:06 Job submitted from host: <144.92.142.140:9620?sock=9267_cb64_3>
...
001 (14409.104.000) 08/02 14:47:32 Job executing on host: <144.92.142.180:9620?sock=7678_2498_3>
...
006 (14409.104.000) 08/02 14:47:41 Image size of job updated: 36816
	36  -  MemoryUsage of job (MB)
	36816  -  ResidentSetSize of job (KB)
...
006 (14409.104.000) 08/02 14:52:42 Image size of job updated: 4042280
	3948  -  MemoryUsage of job (MB)
	4042280  -  ResidentSetSize of job (KB)
...
006 (14409.104.000) 08/02 14:57:42 Image size of job updated: 4442636
	4339  -  MemoryUsage of job (MB)
	4442636  -  ResidentSetSize of job (KB)
...
006 (14409.104.000) 08/02 15:02:42 Image size of job updated: 4453272
	4349  -  MemoryUsage of job (MB)
	4453272  -  ResidentSetSize of job (KB)
...
006 (14409.104.000) 08/02 15:37:46 Image size of job updated: 4453332
	4349  -  MemoryUsage of job (MB)
	4453332  -  ResidentSetSize of job (KB)
...
006 (14409.104.000) 08/02 15:52:47 Image size of job updated: 4459504
	4355  -  MemoryUsage of job (MB)
	4459504  -  ResidentSetSize of job (KB)
...
006 (14409.104.000) 08/02 16:37:52 Image size of job updated: 4467500
	4363  -  MemoryUsage of job (MB)
	4467500  -  ResidentSetSize of job (KB)
...
006 (14409.104.000) 08/02 16:42:52 Image size of job updated: 4482740
	4378  -  MemoryUsage of job (MB)
	4482740  -  ResidentSetSize of job (KB)
...
006 (14409.104.000) 08/02 16:47:53 Image size of job updated: 4483200
	4379  -  MemoryUsage of job (MB)
	4483200  -  ResidentSetSize of job (KB)
...
006 (14409.104.000) 08/02 16:52:53 Image size of job updated: 4483228
	4379  -  MemoryUsage of job (MB)
	4483228  -  ResidentSetSize of job (KB)
...
006 (14409.104.000) 08/02 16:57:53 Image size of job updated: 4483656
	4379  -  MemoryUsage of job (MB)
	4483656  -  ResidentSetSize of job (KB)
...
006 (14409.104.000) 08/02 17:02:54 Image size of job updated: 4500616
	4396  -  MemoryUsage of job (MB)
	4500616  -  ResidentSetSize of job (KB)
...
006 (14409.104.000) 08/02 17:07:55 Image size of job updated: 6311720
	6164  -  MemoryUsage of job (MB)
	6311720  -  ResidentSetSize of job (KB)
...
006 (14409.104.000) 08/02 17:12:55 Image size of job updated: 6313996
	6167  -  MemoryUsage of job (MB)
	6313996  -  ResidentSetSize of job (KB)
...
006 (14409.104.000) 08/02 17:17:56 Image size of job updated: 6363584
	6215  -  MemoryUsage of job (MB)
	6363584  -  ResidentSetSize of job (KB)
...
005 (14409.104.000) 08/02 17:56:10 Job terminated.
	(1) Normal termination (return value 0)
		Usr 2 23:09:00, Sys 0 06:25:18  -  Run Remote Usage
		Usr 0 00:00:00, Sys 0 00:00:00  -  Run Local Usage
		Usr 2 23:09:00, Sys 0 06:25:18  -  Total Remote Usage
		Usr 0 00:00:00, Sys 0 00:00:00  -  Total Local Usage
	0  -  Run Bytes Sent By Job
	0  -  Run Bytes Received By Job
	0  -  Total Bytes Sent By Job
	0  -  Total Bytes Received By Job
	Partitionable Resources :    Usage  Request Allocated
	   Cpus                 :                 8         8
	   Disk (KB)            :        1        1  36369789
	   Memory (MB)          :     6215    10240     25827
...
