_CONDOR_JOB_IWD /mnt/ws/home/jferiante
Cluster 14409
Process 84
RunningOn slot2@opt-a015.discovery.wisc.edu
python th_deep_belief_net.py pcba 84
Running Theano Learn Deep Belief Net for pcba, target: aid651635.........
... building the model
... getting the pretraining functions
... pre-training the model
Pre-training layer 0, epoch 0, cost  -1366.90143456
Pre-training layer 0, epoch 1, cost  -1224.6593281
Pre-training layer 0, epoch 2, cost  -1103.29035647
Pre-training layer 0, epoch 3, cost  -999.408174395
Pre-training layer 0, epoch 4, cost  -910.039788328
Pre-training layer 0, epoch 5, cost  -832.869410716
Pre-training layer 0, epoch 6, cost  -765.856893366
Pre-training layer 0, epoch 7, cost  -707.332431676
Pre-training layer 0, epoch 8, cost  -656.123012654
Pre-training layer 0, epoch 9, cost  -611.045459748
Pre-training layer 1, epoch 0, cost  -1536.51242233
Pre-training layer 1, epoch 1, cost  -1530.43486053
Pre-training layer 1, epoch 2, cost  -1524.66976412
Pre-training layer 1, epoch 3, cost  -1519.21482624
Pre-training layer 1, epoch 4, cost  -1514.0728946
Pre-training layer 1, epoch 5, cost  -1509.24549111
Pre-training layer 1, epoch 6, cost  -1504.66228924
Pre-training layer 1, epoch 7, cost  -1500.33736388
Pre-training layer 1, epoch 8, cost  -1496.26339714
Pre-training layer 1, epoch 9, cost  -1492.39760068
... getting the finetuning functions
... finetuning the model
epoch 1, minibatch 3008/3008, validation error 17.453094 %
     epoch 1, minibatch 3008/3008, best error 17.120758 %, best_auc: 0.832271
epoch 2, minibatch 3008/3008, validation error 16.082834 %
     new best AUC!: 0.847622555922
     epoch 2, minibatch 3008/3008, best error 16.566866 %, best_auc: 0.847623
epoch 3, minibatch 3008/3008, validation error 15.588822 %
     new best AUC!: 0.854349066017
     epoch 3, minibatch 3008/3008, best error 16.347305 %, best_auc: 0.854349
epoch 4, minibatch 3008/3008, validation error 15.199601 %
     new best AUC!: 0.859155569036
     epoch 4, minibatch 3008/3008, best error 15.844311 %, best_auc: 0.859156
epoch 5, minibatch 3008/3008, validation error 14.854291 %
     new best AUC!: 0.862282452809
     epoch 5, minibatch 3008/3008, best error 15.555888 %, best_auc: 0.862282
epoch 6, minibatch 3008/3008, validation error 14.509980 %
     new best AUC!: 0.864271653785
     epoch 6, minibatch 3008/3008, best error 15.327345 %, best_auc: 0.864272
epoch 7, minibatch 3008/3008, validation error 14.242515 %
     new best AUC!: 0.865729296544
     epoch 7, minibatch 3008/3008, best error 15.099800 %, best_auc: 0.865729
epoch 8, minibatch 3008/3008, validation error 13.892216 %
     new best AUC!: 0.867030882072
     epoch 8, minibatch 3008/3008, best error 14.925150 %, best_auc: 0.867031
epoch 9, minibatch 3008/3008, validation error 13.507984 %
     new best AUC!: 0.868196314061
     epoch 9, minibatch 3008/3008, best error 14.642715 %, best_auc: 0.868196
epoch 10, minibatch 3008/3008, validation error 13.404192 %
     new best AUC!: 0.869040907734
     epoch 10, minibatch 3008/3008, best error 14.377246 %, best_auc: 0.869041
epoch 11, minibatch 3008/3008, validation error 13.208583 %
     new best AUC!: 0.86942335881
     epoch 11, minibatch 3008/3008, best error 14.338323 %, best_auc: 0.869423
epoch 12, minibatch 3008/3008, validation error 13.193613 %
     new best AUC!: 0.869494113282
     epoch 12, minibatch 3008/3008, best error 14.379242 %, best_auc: 0.869494
epoch 13, minibatch 3008/3008, validation error 13.315369 %
epoch 14, minibatch 3008/3008, validation error 13.355289 %
epoch 15, minibatch 3008/3008, validation error 13.351297 %
epoch 16, minibatch 3008/3008, validation error 13.382236 %
epoch 17, minibatch 3008/3008, validation error 13.463074 %
epoch 18, minibatch 3008/3008, validation error 13.525948 %
epoch 19, minibatch 3008/3008, validation error 13.871257 %
epoch 20, minibatch 3008/3008, validation error 13.949102 %
epoch 21, minibatch 3008/3008, validation error 14.065868 %
epoch 22, minibatch 3008/3008, validation error 14.114770 %
epoch 23, minibatch 3008/3008, validation error 14.204591 %
epoch 24, minibatch 3008/3008, validation error 14.271457 %
epoch 25, minibatch 3008/3008, validation error 14.305389 %
epoch 26, minibatch 3008/3008, validation error 14.432136 %
epoch 27, minibatch 3008/3008, validation error 14.497006 %
epoch 28, minibatch 3008/3008, validation error 14.571856 %
epoch 29, minibatch 3008/3008, validation error 14.542914 %
epoch 30, minibatch 3008/3008, validation error 14.653693 %
Optimization complete with best validation score of 13.193613 %, obtained at iteration 36096, with test performance 14.379242 %, and best_auc: 0.869494
runtime: 360775.78 secs.
