_CONDOR_JOB_IWD /mnt/ws/home/jferiante
Cluster 14409
Process 0
RunningOn slot1@opt-a004.discovery.wisc.edu
python th_deep_belief_net.py pcba 0
Running Theano Learn Deep Belief Net for pcba, target: aid1030.........
... building the model
... getting the pretraining functions
... pre-training the model
Pre-training layer 0, epoch 0, cost  -1386.08601088
Pre-training layer 0, epoch 1, cost  -1271.18904564
Pre-training layer 0, epoch 2, cost  -1169.27200304
Pre-training layer 0, epoch 3, cost  -1079.46768916
Pre-training layer 0, epoch 4, cost  -999.688558232
Pre-training layer 0, epoch 5, cost  -928.858671379
Pre-training layer 0, epoch 6, cost  -865.641197419
Pre-training layer 0, epoch 7, cost  -808.9802937
Pre-training layer 0, epoch 8, cost  -758.34058786
Pre-training layer 0, epoch 9, cost  -712.642658666
Pre-training layer 1, epoch 0, cost  -1537.10700861
Pre-training layer 1, epoch 1, cost  -1532.31404078
Pre-training layer 1, epoch 2, cost  -1527.70536113
Pre-training layer 1, epoch 3, cost  -1523.27692796
Pre-training layer 1, epoch 4, cost  -1519.11727006
Pre-training layer 1, epoch 5, cost  -1515.08147262
Pre-training layer 1, epoch 6, cost  -1511.19967489
Pre-training layer 1, epoch 7, cost  -1507.57268142
Pre-training layer 1, epoch 8, cost  -1504.04518413
Pre-training layer 1, epoch 9, cost  -1500.66659031
... getting the finetuning functions
... finetuning the model
epoch 1, minibatch 2352/2352, validation error 38.496173 %
     epoch 1, minibatch 2352/2352, best error 39.270408 %, best_auc: 0.693311
epoch 2, minibatch 2352/2352, validation error 36.362245 %
     new best AUC!: 0.716731233595
     epoch 2, minibatch 2352/2352, best error 36.317602 %, best_auc: 0.716731
epoch 3, minibatch 2352/2352, validation error 34.971939 %
     new best AUC!: 0.726507800644
     epoch 3, minibatch 2352/2352, best error 34.983418 %, best_auc: 0.726508
epoch 4, minibatch 2352/2352, validation error 34.602041 %
     new best AUC!: 0.732018863692
     epoch 4, minibatch 2352/2352, best error 34.460459 %, best_auc: 0.732019
epoch 5, minibatch 2352/2352, validation error 34.308673 %
     new best AUC!: 0.735805713218
     epoch 5, minibatch 2352/2352, best error 34.015306 %, best_auc: 0.735806
epoch 6, minibatch 2352/2352, validation error 34.135204 %
     new best AUC!: 0.739006035103
     epoch 6, minibatch 2352/2352, best error 33.923469 %, best_auc: 0.739006
epoch 7, minibatch 2352/2352, validation error 33.960459 %
     new best AUC!: 0.742053262683
     epoch 7, minibatch 2352/2352, best error 33.937500 %, best_auc: 0.742053
epoch 8, minibatch 2352/2352, validation error 33.936224 %
     new best AUC!: 0.745162833815
     epoch 8, minibatch 2352/2352, best error 34.058673 %, best_auc: 0.745163
epoch 9, minibatch 2352/2352, validation error 33.868622 %
     new best AUC!: 0.748342729849
     epoch 9, minibatch 2352/2352, best error 33.825255 %, best_auc: 0.748343
epoch 10, minibatch 2352/2352, validation error 34.052296 %
     new best AUC!: 0.751534875146
epoch 11, minibatch 2352/2352, validation error 34.272959 %
     new best AUC!: 0.754678753584
epoch 12, minibatch 2352/2352, validation error 34.357143 %
     new best AUC!: 0.757685465274
epoch 13, minibatch 2352/2352, validation error 34.331633 %
     new best AUC!: 0.760434715976
epoch 14, minibatch 2352/2352, validation error 34.088010 %
     new best AUC!: 0.762791970756
epoch 15, minibatch 2352/2352, validation error 33.693878 %
     new best AUC!: 0.764681773846
     epoch 15, minibatch 2352/2352, best error 33.130102 %, best_auc: 0.764682
epoch 16, minibatch 2352/2352, validation error 33.598214 %
     new best AUC!: 0.766130271582
     epoch 16, minibatch 2352/2352, best error 32.798469 %, best_auc: 0.766130
epoch 17, minibatch 2352/2352, validation error 33.098214 %
     new best AUC!: 0.767182997483
     epoch 17, minibatch 2352/2352, best error 32.627551 %, best_auc: 0.767183
epoch 18, minibatch 2352/2352, validation error 32.883929 %
     new best AUC!: 0.7678864105
     epoch 18, minibatch 2352/2352, best error 32.253827 %, best_auc: 0.767886
epoch 19, minibatch 2352/2352, validation error 32.401786 %
     new best AUC!: 0.768355474861
     epoch 19, minibatch 2352/2352, best error 31.909439 %, best_auc: 0.768355
epoch 20, minibatch 2352/2352, validation error 32.034439 %
     new best AUC!: 0.76858875361
     epoch 20, minibatch 2352/2352, best error 31.654337 %, best_auc: 0.768589
epoch 21, minibatch 2352/2352, validation error 31.761480 %
     new best AUC!: 0.768635329703
     epoch 21, minibatch 2352/2352, best error 31.292092 %, best_auc: 0.768635
epoch 22, minibatch 2352/2352, validation error 31.206633 %
     epoch 22, minibatch 2352/2352, best error 30.779337 %, best_auc: 0.768635
epoch 23, minibatch 2352/2352, validation error 31.054847 %
     epoch 23, minibatch 2352/2352, best error 30.660714 %, best_auc: 0.768635
epoch 24, minibatch 2352/2352, validation error 30.804847 %
     epoch 24, minibatch 2352/2352, best error 30.411990 %, best_auc: 0.768635
epoch 25, minibatch 2352/2352, validation error 30.676020 %
     epoch 25, minibatch 2352/2352, best error 30.135204 %, best_auc: 0.768635
epoch 26, minibatch 2352/2352, validation error 30.456633 %
     epoch 26, minibatch 2352/2352, best error 29.959184 %, best_auc: 0.768635
epoch 27, minibatch 2352/2352, validation error 30.405612 %
     epoch 27, minibatch 2352/2352, best error 29.746173 %, best_auc: 0.768635
epoch 28, minibatch 2352/2352, validation error 30.298469 %
     epoch 28, minibatch 2352/2352, best error 29.716837 %, best_auc: 0.768635
epoch 29, minibatch 2352/2352, validation error 30.322704 %
epoch 30, minibatch 2352/2352, validation error 30.235969 %
     epoch 30, minibatch 2352/2352, best error 29.785714 %, best_auc: 0.768635
epoch 31, minibatch 2352/2352, validation error 30.267857 %
epoch 32, minibatch 2352/2352, validation error 30.408163 %
epoch 33, minibatch 2352/2352, validation error 30.709184 %
epoch 34, minibatch 2352/2352, validation error 30.872449 %
epoch 35, minibatch 2352/2352, validation error 31.001276 %
epoch 36, minibatch 2352/2352, validation error 31.125000 %
epoch 37, minibatch 2352/2352, validation error 31.237245 %
epoch 38, minibatch 2352/2352, validation error 31.431122 %
epoch 39, minibatch 2352/2352, validation error 31.589286 %
epoch 40, minibatch 2352/2352, validation error 31.932398 %
epoch 41, minibatch 2352/2352, validation error 32.163265 %
epoch 42, minibatch 2352/2352, validation error 32.220663 %
epoch 43, minibatch 2352/2352, validation error 32.619898 %
epoch 44, minibatch 2352/2352, validation error 32.720663 %
epoch 45, minibatch 2352/2352, validation error 32.872449 %
epoch 46, minibatch 2352/2352, validation error 33.099490 %
epoch 47, minibatch 2352/2352, validation error 33.190051 %
epoch 48, minibatch 2352/2352, validation error 33.237245 %
epoch 49, minibatch 2352/2352, validation error 33.403061 %
epoch 50, minibatch 2352/2352, validation error 33.637755 %
epoch 51, minibatch 2352/2352, validation error 34.007653 %
Optimization complete with best validation score of 30.235969 %, obtained at iteration 70560, with test performance 29.785714 %, and best_auc: 0.768635
runtime: 638484.67 secs.
