_CONDOR_JOB_IWD /mnt/ws/home/jferiante
Cluster 14409
Process 50
RunningOn slot1@opt-a018.discovery.wisc.edu
python th_deep_belief_net.py pcba 50
Running Theano Learn Deep Belief Net for pcba, target: aid504444.........
... building the model
... getting the pretraining functions
... pre-training the model
Pre-training layer 0, epoch 0, cost  -1355.28576866
Pre-training layer 0, epoch 1, cost  -1195.84214129
Pre-training layer 0, epoch 2, cost  -1062.84073425
Pre-training layer 0, epoch 3, cost  -951.302491621
Pre-training layer 0, epoch 4, cost  -857.353456389
Pre-training layer 0, epoch 5, cost  -777.454206958
Pre-training layer 0, epoch 6, cost  -709.301140071
Pre-training layer 0, epoch 7, cost  -650.708695951
Pre-training layer 0, epoch 8, cost  -600.091105715
Pre-training layer 0, epoch 9, cost  -556.050213046
Pre-training layer 1, epoch 0, cost  -1536.16423501
Pre-training layer 1, epoch 1, cost  -1529.20353747
Pre-training layer 1, epoch 2, cost  -1522.65532987
Pre-training layer 1, epoch 3, cost  -1516.5374033
Pre-training layer 1, epoch 4, cost  -1510.84847523
Pre-training layer 1, epoch 5, cost  -1505.50844134
Pre-training layer 1, epoch 6, cost  -1500.51284327
Pre-training layer 1, epoch 7, cost  -1495.84329084
Pre-training layer 1, epoch 8, cost  -1491.4267428
Pre-training layer 1, epoch 9, cost  -1487.34871458
... getting the finetuning functions
... finetuning the model
epoch 1, minibatch 3451/3451, validation error 30.206957 %
     epoch 1, minibatch 3451/3451, best error 29.782609 %, best_auc: 0.750113
epoch 2, minibatch 3451/3451, validation error 29.520870 %
     new best AUC!: 0.768701456163
     epoch 2, minibatch 3451/3451, best error 28.493043 %, best_auc: 0.768701
epoch 3, minibatch 3451/3451, validation error 28.765217 %
     new best AUC!: 0.777868525761
     epoch 3, minibatch 3451/3451, best error 27.937391 %, best_auc: 0.777869
epoch 4, minibatch 3451/3451, validation error 28.051304 %
     new best AUC!: 0.785259694517
     epoch 4, minibatch 3451/3451, best error 27.521739 %, best_auc: 0.785260
epoch 5, minibatch 3451/3451, validation error 27.898261 %
     new best AUC!: 0.791414730519
     epoch 5, minibatch 3451/3451, best error 27.548696 %, best_auc: 0.791415
epoch 6, minibatch 3451/3451, validation error 27.727826 %
     new best AUC!: 0.796123976412
     epoch 6, minibatch 3451/3451, best error 27.603478 %, best_auc: 0.796124
epoch 7, minibatch 3451/3451, validation error 27.492174 %
     new best AUC!: 0.799689137864
     epoch 7, minibatch 3451/3451, best error 27.632174 %, best_auc: 0.799689
epoch 8, minibatch 3451/3451, validation error 27.136522 %
     new best AUC!: 0.802429767085
     epoch 8, minibatch 3451/3451, best error 27.534783 %, best_auc: 0.802430
epoch 9, minibatch 3451/3451, validation error 27.195652 %
     new best AUC!: 0.804274434812
epoch 10, minibatch 3451/3451, validation error 27.018261 %
     new best AUC!: 0.805199878772
     epoch 10, minibatch 3451/3451, best error 27.220870 %, best_auc: 0.805200
epoch 11, minibatch 3451/3451, validation error 26.664348 %
     new best AUC!: 0.805253863721
     epoch 11, minibatch 3451/3451, best error 27.173043 %, best_auc: 0.805254
epoch 12, minibatch 3451/3451, validation error 26.505217 %
     epoch 12, minibatch 3451/3451, best error 26.942609 %, best_auc: 0.805254
epoch 13, minibatch 3451/3451, validation error 26.389565 %
     epoch 13, minibatch 3451/3451, best error 26.613913 %, best_auc: 0.805254
epoch 14, minibatch 3451/3451, validation error 26.228696 %
     epoch 14, minibatch 3451/3451, best error 26.235652 %, best_auc: 0.805254
epoch 15, minibatch 3451/3451, validation error 25.903478 %
     epoch 15, minibatch 3451/3451, best error 25.906957 %, best_auc: 0.805254
epoch 16, minibatch 3451/3451, validation error 25.899130 %
     epoch 16, minibatch 3451/3451, best error 25.886957 %, best_auc: 0.805254
epoch 17, minibatch 3451/3451, validation error 26.193043 %
epoch 18, minibatch 3451/3451, validation error 26.846957 %
epoch 19, minibatch 3451/3451, validation error 27.673043 %
epoch 20, minibatch 3451/3451, validation error 28.207826 %
epoch 21, minibatch 3451/3451, validation error 28.387826 %
epoch 22, minibatch 3451/3451, validation error 28.260870 %
epoch 23, minibatch 3451/3451, validation error 28.108696 %
epoch 24, minibatch 3451/3451, validation error 28.208696 %
epoch 25, minibatch 3451/3451, validation error 28.337391 %
epoch 26, minibatch 3451/3451, validation error 28.386087 %
epoch 27, minibatch 3451/3451, validation error 28.592174 %
epoch 28, minibatch 3451/3451, validation error 28.685217 %
epoch 29, minibatch 3451/3451, validation error 28.694783 %
epoch 30, minibatch 3451/3451, validation error 28.716522 %
Optimization complete with best validation score of 25.899130 %, obtained at iteration 55216, with test performance 25.886957 %, and best_auc: 0.805254
runtime: 591154.56 secs.
