_CONDOR_JOB_IWD /mnt/ws/home/jferiante
Cluster 14409
Process 77
RunningOn slot1@opt-a018.discovery.wisc.edu
python th_deep_belief_net.py pcba 77
Running Theano Learn Deep Belief Net for pcba, target: aid624246.........
... building the model
... getting the pretraining functions
... pre-training the model
Pre-training layer 0, epoch 0, cost  -1387.96222139
Pre-training layer 0, epoch 1, cost  -1278.38334119
Pre-training layer 0, epoch 2, cost  -1181.01056586
Pre-training layer 0, epoch 3, cost  -1094.34635787
Pre-training layer 0, epoch 4, cost  -1017.13018513
Pre-training layer 0, epoch 5, cost  -947.913611556
Pre-training layer 0, epoch 6, cost  -885.903031336
Pre-training layer 0, epoch 7, cost  -830.160942236
Pre-training layer 0, epoch 8, cost  -779.973757514
Pre-training layer 0, epoch 9, cost  -734.535441697
Pre-training layer 1, epoch 0, cost  -1536.85711959
Pre-training layer 1, epoch 1, cost  -1532.33736386
Pre-training layer 1, epoch 2, cost  -1527.92625053
Pre-training layer 1, epoch 3, cost  -1523.75425051
Pre-training layer 1, epoch 4, cost  -1519.79106271
Pre-training layer 1, epoch 5, cost  -1515.93728798
Pre-training layer 1, epoch 6, cost  -1512.24970094
Pre-training layer 1, epoch 7, cost  -1508.73611712
Pre-training layer 1, epoch 8, cost  -1505.34978243
Pre-training layer 1, epoch 9, cost  -1502.10237643
... getting the finetuning functions
... finetuning the model
epoch 1, minibatch 2221/2221, validation error 0.810811 %
     epoch 1, minibatch 2221/2221, best error 0.809459 %, best_auc: 0.632296
epoch 2, minibatch 2221/2221, validation error 0.810811 %
     new best AUC!: 0.696320536383
epoch 3, minibatch 2221/2221, validation error 0.810811 %
     new best AUC!: 0.736544483017
epoch 4, minibatch 2221/2221, validation error 0.810811 %
     new best AUC!: 0.751010142264
epoch 5, minibatch 2221/2221, validation error 0.771622 %
     new best AUC!: 0.757594785923
     epoch 5, minibatch 2221/2221, best error 0.774324 %, best_auc: 0.757595
epoch 6, minibatch 2221/2221, validation error 0.737838 %
     new best AUC!: 0.761134708325
     epoch 6, minibatch 2221/2221, best error 0.783784 %, best_auc: 0.761135
epoch 7, minibatch 2221/2221, validation error 0.700000 %
     new best AUC!: 0.762975971683
     epoch 7, minibatch 2221/2221, best error 0.747297 %, best_auc: 0.762976
epoch 8, minibatch 2221/2221, validation error 0.705405 %
     new best AUC!: 0.763469471105
epoch 9, minibatch 2221/2221, validation error 0.713514 %
epoch 10, minibatch 2221/2221, validation error 0.716216 %
epoch 11, minibatch 2221/2221, validation error 0.717568 %
epoch 12, minibatch 2221/2221, validation error 0.717568 %
epoch 13, minibatch 2221/2221, validation error 0.722973 %
epoch 14, minibatch 2221/2221, validation error 0.727027 %
epoch 15, minibatch 2221/2221, validation error 0.731081 %
epoch 16, minibatch 2221/2221, validation error 0.732432 %
epoch 17, minibatch 2221/2221, validation error 0.735135 %
epoch 18, minibatch 2221/2221, validation error 0.736486 %
epoch 19, minibatch 2221/2221, validation error 0.737838 %
epoch 20, minibatch 2221/2221, validation error 0.737838 %
epoch 21, minibatch 2221/2221, validation error 0.739189 %
epoch 22, minibatch 2221/2221, validation error 0.737838 %
epoch 23, minibatch 2221/2221, validation error 0.695946 %
     epoch 23, minibatch 2221/2221, best error 0.777027 %, best_auc: 0.763469
epoch 24, minibatch 2221/2221, validation error 0.655405 %
     epoch 24, minibatch 2221/2221, best error 0.777027 %, best_auc: 0.763469
epoch 25, minibatch 2221/2221, validation error 0.654054 %
     epoch 25, minibatch 2221/2221, best error 0.736486 %, best_auc: 0.763469
epoch 26, minibatch 2221/2221, validation error 0.652703 %
     epoch 26, minibatch 2221/2221, best error 0.736486 %, best_auc: 0.763469
epoch 27, minibatch 2221/2221, validation error 0.693243 %
epoch 28, minibatch 2221/2221, validation error 0.690541 %
epoch 29, minibatch 2221/2221, validation error 0.690541 %
epoch 30, minibatch 2221/2221, validation error 0.690541 %
epoch 31, minibatch 2221/2221, validation error 0.691892 %
epoch 32, minibatch 2221/2221, validation error 0.690541 %
epoch 33, minibatch 2221/2221, validation error 0.687838 %
epoch 34, minibatch 2221/2221, validation error 0.687838 %
epoch 35, minibatch 2221/2221, validation error 0.687838 %
epoch 36, minibatch 2221/2221, validation error 0.686486 %
epoch 37, minibatch 2221/2221, validation error 0.686486 %
epoch 38, minibatch 2221/2221, validation error 0.686486 %
epoch 39, minibatch 2221/2221, validation error 0.686486 %
epoch 40, minibatch 2221/2221, validation error 0.686486 %
epoch 41, minibatch 2221/2221, validation error 0.686486 %
epoch 42, minibatch 2221/2221, validation error 0.686486 %
epoch 43, minibatch 2221/2221, validation error 0.686486 %
epoch 44, minibatch 2221/2221, validation error 0.686486 %
epoch 45, minibatch 2221/2221, validation error 0.686486 %
epoch 46, minibatch 2221/2221, validation error 0.686486 %
epoch 47, minibatch 2221/2221, validation error 0.686486 %
Optimization complete with best validation score of 0.652703 %, obtained at iteration 57746, with test performance 0.736486 %, and best_auc: 0.763469
runtime: 478429.65 secs.
