000 (14409.047.000) 08/01 05:07:06 Job submitted from host: <144.92.142.140:9620?sock=9267_cb64_3>
...
001 (14409.047.000) 08/01 17:07:49 Job executing on host: <144.92.142.180:9620?sock=7678_2498_3>
...
006 (14409.047.000) 08/01 17:07:57 Image size of job updated: 31044
	31  -  MemoryUsage of job (MB)
	31044  -  ResidentSetSize of job (KB)
...
006 (14409.047.000) 08/01 17:12:57 Image size of job updated: 5796372
	5661  -  MemoryUsage of job (MB)
	5796372  -  ResidentSetSize of job (KB)
...
006 (14409.047.000) 08/01 17:17:58 Image size of job updated: 8288936
	8095  -  MemoryUsage of job (MB)
	8288936  -  ResidentSetSize of job (KB)
...
006 (14409.047.000) 08/01 17:22:59 Image size of job updated: 8301184
	8107  -  MemoryUsage of job (MB)
	8301184  -  ResidentSetSize of job (KB)
...
006 (14409.047.000) 08/01 17:27:59 Image size of job updated: 8301312
	8107  -  MemoryUsage of job (MB)
	8301312  -  ResidentSetSize of job (KB)
...
006 (14409.047.000) 08/01 17:53:02 Image size of job updated: 8301392
	8107  -  MemoryUsage of job (MB)
	8301392  -  ResidentSetSize of job (KB)
...
006 (14409.047.000) 08/01 18:53:08 Image size of job updated: 8301444
	8107  -  MemoryUsage of job (MB)
	8301444  -  ResidentSetSize of job (KB)
...
006 (14409.047.000) 08/01 19:08:09 Image size of job updated: 8305508
	8111  -  MemoryUsage of job (MB)
	8305508  -  ResidentSetSize of job (KB)
...
006 (14409.047.000) 08/01 19:58:14 Image size of job updated: 8319128
	8125  -  MemoryUsage of job (MB)
	8319128  -  ResidentSetSize of job (KB)
...
006 (14409.047.000) 08/01 20:03:14 Image size of job updated: 8329412
	8135  -  MemoryUsage of job (MB)
	8329412  -  ResidentSetSize of job (KB)
...
006 (14409.047.000) 08/01 20:18:16 Image size of job updated: 8335132
	8140  -  MemoryUsage of job (MB)
	8335132  -  ResidentSetSize of job (KB)
...
006 (14409.047.000) 08/01 20:23:17 Image size of job updated: 8336048
	8141  -  MemoryUsage of job (MB)
	8336048  -  ResidentSetSize of job (KB)
...
006 (14409.047.000) 08/01 20:28:18 Image size of job updated: 10275848
	10036  -  MemoryUsage of job (MB)
	10275848  -  ResidentSetSize of job (KB)
...
006 (14409.047.000) 08/01 20:58:21 Image size of job updated: 10369160
	10127  -  MemoryUsage of job (MB)
	10369160  -  ResidentSetSize of job (KB)
...
006 (14409.047.000) 08/01 21:13:22 Image size of job updated: 10419216
	10176  -  MemoryUsage of job (MB)
	10419216  -  ResidentSetSize of job (KB)
...
006 (14409.047.000) 08/01 22:28:29 Image size of job updated: 10486464
	10241  -  MemoryUsage of job (MB)
	10486464  -  ResidentSetSize of job (KB)
...
006 (14409.047.000) 08/01 22:53:32 Image size of job updated: 10549316
	10303  -  MemoryUsage of job (MB)
	10549316  -  ResidentSetSize of job (KB)
...
005 (14409.047.000) 08/01 22:57:28 Job terminated.
	(1) Normal termination (return value 0)
		Usr 5 13:52:53, Sys 0 11:38:16  -  Run Remote Usage
		Usr 0 00:00:00, Sys 0 00:00:00  -  Run Local Usage
		Usr 5 13:52:53, Sys 0 11:38:16  -  Total Remote Usage
		Usr 0 00:00:00, Sys 0 00:00:00  -  Total Local Usage
	0  -  Run Bytes Sent By Job
	0  -  Run Bytes Received By Job
	0  -  Total Bytes Sent By Job
	0  -  Total Bytes Received By Job
	Partitionable Resources :    Usage  Request Allocated
	   Cpus                 :                 8         8
	   Disk (KB)            :        1        1  36394756
	   Memory (MB)          :    10303    10240     25827
...
