_CONDOR_JOB_IWD /mnt/ws/home/jferiante
Cluster 14409
Process 21
RunningOn slot2@opt-a004.discovery.wisc.edu
python th_deep_belief_net.py pcba 21
Running Theano Learn Deep Belief Net for pcba, target: aid2451.........
... building the model
... getting the pretraining functions
... pre-training the model
Pre-training layer 0, epoch 0, cost  -1394.32161061
Pre-training layer 0, epoch 1, cost  -1291.21695686
Pre-training layer 0, epoch 2, cost  -1198.85697601
Pre-training layer 0, epoch 3, cost  -1115.95310409
Pre-training layer 0, epoch 4, cost  -1041.47480278
Pre-training layer 0, epoch 5, cost  -974.461783331
Pre-training layer 0, epoch 6, cost  -913.848233384
Pre-training layer 0, epoch 7, cost  -859.082036341
Pre-training layer 0, epoch 8, cost  -809.378036027
Pre-training layer 0, epoch 9, cost  -764.420261486
Pre-training layer 1, epoch 0, cost  -1537.28437163
Pre-training layer 1, epoch 1, cost  -1533.04755775
Pre-training layer 1, epoch 2, cost  -1528.89246027
Pre-training layer 1, epoch 3, cost  -1525.0242806
Pre-training layer 1, epoch 4, cost  -1521.23286226
Pre-training layer 1, epoch 5, cost  -1517.63303339
Pre-training layer 1, epoch 6, cost  -1514.12868019
Pre-training layer 1, epoch 7, cost  -1510.77562836
Pre-training layer 1, epoch 8, cost  -1507.57682474
Pre-training layer 1, epoch 9, cost  -1504.47797485
... getting the finetuning functions
... finetuning the model
epoch 1, minibatch 2075/2075, validation error 14.441389 %
     epoch 1, minibatch 2075/2075, best error 13.480463 %, best_auc: 0.862367
epoch 2, minibatch 2075/2075, validation error 14.044863 %
     new best AUC!: 0.876065374815
     epoch 2, minibatch 2075/2075, best error 12.868307 %, best_auc: 0.876065
epoch 3, minibatch 2075/2075, validation error 13.767004 %
     new best AUC!: 0.878586020774
     epoch 3, minibatch 2075/2075, best error 12.578871 %, best_auc: 0.878586
epoch 4, minibatch 2075/2075, validation error 13.583213 %
     new best AUC!: 0.879704349052
     epoch 4, minibatch 2075/2075, best error 12.580318 %, best_auc: 0.879704
epoch 5, minibatch 2075/2075, validation error 13.552822 %
     new best AUC!: 0.880516869442
     epoch 5, minibatch 2075/2075, best error 12.507959 %, best_auc: 0.880517
epoch 6, minibatch 2075/2075, validation error 13.324168 %
     new best AUC!: 0.881257868837
     epoch 6, minibatch 2075/2075, best error 12.399421 %, best_auc: 0.881258
epoch 7, minibatch 2075/2075, validation error 13.146165 %
     new best AUC!: 0.881953638512
     epoch 7, minibatch 2075/2075, best error 12.206946 %, best_auc: 0.881954
epoch 8, minibatch 2075/2075, validation error 13.068017 %
     new best AUC!: 0.882543675807
     epoch 8, minibatch 2075/2075, best error 12.182344 %, best_auc: 0.882544
epoch 9, minibatch 2075/2075, validation error 13.023155 %
     new best AUC!: 0.882977580023
     epoch 9, minibatch 2075/2075, best error 12.028944 %, best_auc: 0.882978
epoch 10, minibatch 2075/2075, validation error 12.968162 %
     new best AUC!: 0.883100221728
     epoch 10, minibatch 2075/2075, best error 11.997106 %, best_auc: 0.883100
epoch 11, minibatch 2075/2075, validation error 12.794501 %
     epoch 11, minibatch 2075/2075, best error 11.836469 %, best_auc: 0.883100
epoch 12, minibatch 2075/2075, validation error 12.512301 %
     epoch 12, minibatch 2075/2075, best error 11.665702 %, best_auc: 0.883100
epoch 13, minibatch 2075/2075, validation error 12.470333 %
     epoch 13, minibatch 2075/2075, best error 11.480463 %, best_auc: 0.883100
epoch 14, minibatch 2075/2075, validation error 12.547033 %
epoch 15, minibatch 2075/2075, validation error 12.434153 %
     epoch 15, minibatch 2075/2075, best error 11.615051 %, best_auc: 0.883100
epoch 16, minibatch 2075/2075, validation error 12.612156 %
epoch 17, minibatch 2075/2075, validation error 12.839363 %
epoch 18, minibatch 2075/2075, validation error 12.778582 %
epoch 19, minibatch 2075/2075, validation error 12.955137 %
epoch 20, minibatch 2075/2075, validation error 12.965268 %
epoch 21, minibatch 2075/2075, validation error 12.994211 %
epoch 22, minibatch 2075/2075, validation error 13.153401 %
epoch 23, minibatch 2075/2075, validation error 13.198263 %
epoch 24, minibatch 2075/2075, validation error 13.426918 %
epoch 25, minibatch 2075/2075, validation error 13.415340 %
epoch 26, minibatch 2075/2075, validation error 13.425470 %
epoch 27, minibatch 2075/2075, validation error 13.516643 %
epoch 28, minibatch 2075/2075, validation error 13.518090 %
epoch 29, minibatch 2075/2075, validation error 13.573082 %
epoch 30, minibatch 2075/2075, validation error 13.557164 %
Optimization complete with best validation score of 12.434153 %, obtained at iteration 31125, with test performance 11.615051 %, and best_auc: 0.883100
runtime: 457165.80 secs.
