_CONDOR_JOB_IWD /mnt/ws/home/jferiante
Cluster 14409
Process 91
RunningOn slot2@opt-a016.discovery.wisc.edu
python th_deep_belief_net.py pcba 91
Running Theano Learn Deep Belief Net for pcba, target: aid652106.........
... building the model
... getting the pretraining functions
... pre-training the model
Pre-training layer 0, epoch 0, cost  -1386.73608757
Pre-training layer 0, epoch 1, cost  -1273.93487669
Pre-training layer 0, epoch 2, cost  -1173.8270295
Pre-training layer 0, epoch 3, cost  -1085.12320067
Pre-training layer 0, epoch 4, cost  -1006.39894931
Pre-training layer 0, epoch 5, cost  -936.164463399
Pre-training layer 0, epoch 6, cost  -873.476277515
Pre-training layer 0, epoch 7, cost  -817.141287805
Pre-training layer 0, epoch 8, cost  -766.67401047
Pre-training layer 0, epoch 9, cost  -721.015558002
Pre-training layer 1, epoch 0, cost  -1536.98739792
Pre-training layer 1, epoch 1, cost  -1532.27843133
Pre-training layer 1, epoch 2, cost  -1527.75708826
Pre-training layer 1, epoch 3, cost  -1523.42170378
Pre-training layer 1, epoch 4, cost  -1519.33806779
Pre-training layer 1, epoch 5, cost  -1515.3747363
Pre-training layer 1, epoch 6, cost  -1511.62482293
Pre-training layer 1, epoch 7, cost  -1508.00921859
Pre-training layer 1, epoch 8, cost  -1504.53774191
Pre-training layer 1, epoch 9, cost  -1501.22522612
... getting the finetuning functions
... finetuning the model
epoch 1, minibatch 2299/2299, validation error 3.875979 %
     epoch 1, minibatch 2299/2299, best error 3.875979 %, best_auc: 0.756555
epoch 2, minibatch 2299/2299, validation error 3.818538 %
     new best AUC!: 0.788679249423
     epoch 2, minibatch 2299/2299, best error 3.894256 %, best_auc: 0.788679
epoch 3, minibatch 2299/2299, validation error 3.493473 %
     new best AUC!: 0.796714994687
     epoch 3, minibatch 2299/2299, best error 3.839426 %, best_auc: 0.796715
epoch 4, minibatch 2299/2299, validation error 3.381201 %
     epoch 4, minibatch 2299/2299, best error 3.775457 %, best_auc: 0.796715
epoch 5, minibatch 2299/2299, validation error 3.182768 %
     epoch 5, minibatch 2299/2299, best error 3.720627 %, best_auc: 0.796715
epoch 6, minibatch 2299/2299, validation error 3.127937 %
     epoch 6, minibatch 2299/2299, best error 3.765013 %, best_auc: 0.796715
epoch 7, minibatch 2299/2299, validation error 3.195822 %
epoch 8, minibatch 2299/2299, validation error 3.223238 %
epoch 9, minibatch 2299/2299, validation error 3.291123 %
epoch 10, minibatch 2299/2299, validation error 3.305483 %
epoch 11, minibatch 2299/2299, validation error 3.379896 %
epoch 12, minibatch 2299/2299, validation error 3.386423 %
epoch 13, minibatch 2299/2299, validation error 3.368146 %
epoch 14, minibatch 2299/2299, validation error 3.343342 %
epoch 15, minibatch 2299/2299, validation error 3.293734 %
epoch 16, minibatch 2299/2299, validation error 3.250653 %
epoch 17, minibatch 2299/2299, validation error 3.254569 %
epoch 18, minibatch 2299/2299, validation error 3.262402 %
epoch 19, minibatch 2299/2299, validation error 3.237598 %
epoch 20, minibatch 2299/2299, validation error 3.253264 %
epoch 21, minibatch 2299/2299, validation error 3.237598 %
epoch 22, minibatch 2299/2299, validation error 3.208877 %
epoch 23, minibatch 2299/2299, validation error 3.195822 %
epoch 24, minibatch 2299/2299, validation error 3.174935 %
epoch 25, minibatch 2299/2299, validation error 3.237598 %
epoch 26, minibatch 2299/2299, validation error 3.229765 %
epoch 27, minibatch 2299/2299, validation error 3.215405 %
epoch 28, minibatch 2299/2299, validation error 3.210183 %
epoch 29, minibatch 2299/2299, validation error 3.204961 %
epoch 30, minibatch 2299/2299, validation error 3.191906 %
Optimization complete with best validation score of 3.127937 %, obtained at iteration 13794, with test performance 3.765013 %, and best_auc: 0.796715
runtime: 279875.17 secs.
