_CONDOR_JOB_IWD /mnt/ws/home/jferiante
Cluster 14409
Process 6
RunningOn slot1@opt-a002.discovery.wisc.edu
python th_deep_belief_net.py pcba 6
Running Theano Learn Deep Belief Net for pcba, target: aid1460.........
... building the model
... getting the pretraining functions
... pre-training the model
Pre-training layer 0, epoch 0, cost  -1379.24156732
Pre-training layer 0, epoch 1, cost  -1254.46726503
Pre-training layer 0, epoch 2, cost  -1145.31830901
Pre-training layer 0, epoch 3, cost  -1050.05151867
Pre-training layer 0, epoch 4, cost  -966.574334573
Pre-training layer 0, epoch 5, cost  -892.961120473
Pre-training layer 0, epoch 6, cost  -828.032279088
Pre-training layer 0, epoch 7, cost  -770.573574899
Pre-training layer 0, epoch 8, cost  -719.374123615
Pre-training layer 0, epoch 9, cost  -673.76866448
Pre-training layer 1, epoch 0, cost  -1537.07907502
Pre-training layer 1, epoch 1, cost  -1531.79596714
Pre-training layer 1, epoch 2, cost  -1526.76054291
Pre-training layer 1, epoch 3, cost  -1521.97625379
Pre-training layer 1, epoch 4, cost  -1517.44387731
Pre-training layer 1, epoch 5, cost  -1513.09045258
Pre-training layer 1, epoch 6, cost  -1508.99858766
Pre-training layer 1, epoch 7, cost  -1505.06924304
Pre-training layer 1, epoch 8, cost  -1501.33557241
Pre-training layer 1, epoch 9, cost  -1497.83617442
... getting the finetuning functions
... finetuning the model
epoch 1, minibatch 2587/2587, validation error 19.541763 %
     epoch 1, minibatch 2587/2587, best error 19.450116 %, best_auc: 0.898788
epoch 2, minibatch 2587/2587, validation error 18.011601 %
     new best AUC!: 0.909760333076
     epoch 2, minibatch 2587/2587, best error 17.751740 %, best_auc: 0.909760
epoch 3, minibatch 2587/2587, validation error 17.316705 %
     new best AUC!: 0.913681308762
     epoch 3, minibatch 2587/2587, best error 17.345708 %, best_auc: 0.913681
epoch 4, minibatch 2587/2587, validation error 17.215777 %
     new best AUC!: 0.915778400683
     epoch 4, minibatch 2587/2587, best error 17.222738 %, best_auc: 0.915778
epoch 5, minibatch 2587/2587, validation error 16.936195 %
     new best AUC!: 0.917296250069
     epoch 5, minibatch 2587/2587, best error 17.003480 %, best_auc: 0.917296
epoch 6, minibatch 2587/2587, validation error 16.877030 %
     new best AUC!: 0.918541381494
     epoch 6, minibatch 2587/2587, best error 16.923434 %, best_auc: 0.918541
epoch 7, minibatch 2587/2587, validation error 17.060325 %
     new best AUC!: 0.919630224939
epoch 8, minibatch 2587/2587, validation error 17.189095 %
     new best AUC!: 0.92055079596
epoch 9, minibatch 2587/2587, validation error 17.458237 %
     new best AUC!: 0.921305013081
epoch 10, minibatch 2587/2587, validation error 17.511601 %
     new best AUC!: 0.921968569314
epoch 11, minibatch 2587/2587, validation error 17.103248 %
     new best AUC!: 0.922619896004
epoch 12, minibatch 2587/2587, validation error 16.372390 %
     new best AUC!: 0.923213379576
     epoch 12, minibatch 2587/2587, best error 15.970998 %, best_auc: 0.923213
epoch 13, minibatch 2587/2587, validation error 15.871230 %
     new best AUC!: 0.923711410172
     epoch 13, minibatch 2587/2587, best error 15.748260 %, best_auc: 0.923711
epoch 14, minibatch 2587/2587, validation error 15.692575 %
     new best AUC!: 0.924087998956
     epoch 14, minibatch 2587/2587, best error 15.316705 %, best_auc: 0.924088
epoch 15, minibatch 2587/2587, validation error 15.547564 %
     new best AUC!: 0.924341861277
     epoch 15, minibatch 2587/2587, best error 15.402552 %, best_auc: 0.924342
epoch 16, minibatch 2587/2587, validation error 15.547564 %
     new best AUC!: 0.924528710437
     epoch 16, minibatch 2587/2587, best error 15.459397 %, best_auc: 0.924529
epoch 17, minibatch 2587/2587, validation error 15.745940 %
     new best AUC!: 0.924637711414
epoch 18, minibatch 2587/2587, validation error 15.750580 %
epoch 19, minibatch 2587/2587, validation error 15.989559 %
     new best AUC!: 0.924755578176
epoch 20, minibatch 2587/2587, validation error 16.067285 %
     new best AUC!: 0.924815145431
epoch 21, minibatch 2587/2587, validation error 16.078886 %
     new best AUC!: 0.924822211013
epoch 22, minibatch 2587/2587, validation error 16.146172 %
epoch 23, minibatch 2587/2587, validation error 16.331787 %
epoch 24, minibatch 2587/2587, validation error 16.704176 %
epoch 25, minibatch 2587/2587, validation error 17.116009 %
epoch 26, minibatch 2587/2587, validation error 17.249420 %
epoch 27, minibatch 2587/2587, validation error 17.502320 %
epoch 28, minibatch 2587/2587, validation error 17.476798 %
epoch 29, minibatch 2587/2587, validation error 17.564965 %
epoch 30, minibatch 2587/2587, validation error 17.722738 %
epoch 31, minibatch 2587/2587, validation error 17.649652 %
epoch 32, minibatch 2587/2587, validation error 17.810905 %
epoch 33, minibatch 2587/2587, validation error 17.774942 %
epoch 34, minibatch 2587/2587, validation error 17.885151 %
epoch 35, minibatch 2587/2587, validation error 18.093968 %
epoch 36, minibatch 2587/2587, validation error 18.091647 %
epoch 37, minibatch 2587/2587, validation error 18.143852 %
epoch 38, minibatch 2587/2587, validation error 18.148492 %
epoch 39, minibatch 2587/2587, validation error 18.265661 %
epoch 40, minibatch 2587/2587, validation error 18.419954 %
epoch 41, minibatch 2587/2587, validation error 18.406032 %
Optimization complete with best validation score of 15.547564 %, obtained at iteration 41392, with test performance 15.459397 %, and best_auc: 0.924822
runtime: 550401.58 secs.
