000 (14409.120.000) 08/01 05:07:06 Job submitted from host: <144.92.142.140:9620?sock=9267_cb64_3>
...
001 (14409.120.000) 08/02 18:12:19 Job executing on host: <144.92.142.163:9620?sock=10480_4475_3>
...
006 (14409.120.000) 08/02 18:12:28 Image size of job updated: 26876
	27  -  MemoryUsage of job (MB)
	26876  -  ResidentSetSize of job (KB)
...
006 (14409.120.000) 08/02 18:17:28 Image size of job updated: 377308
	369  -  MemoryUsage of job (MB)
	377308  -  ResidentSetSize of job (KB)
...
006 (14409.120.000) 08/02 18:22:28 Image size of job updated: 434544
	425  -  MemoryUsage of job (MB)
	434544  -  ResidentSetSize of job (KB)
...
006 (14409.120.000) 08/02 18:27:30 Image size of job updated: 486336
	475  -  MemoryUsage of job (MB)
	486336  -  ResidentSetSize of job (KB)
...
006 (14409.120.000) 08/02 18:32:30 Image size of job updated: 495484
	484  -  MemoryUsage of job (MB)
	495484  -  ResidentSetSize of job (KB)
...
005 (14409.120.000) 08/02 18:32:36 Job terminated.
	(1) Normal termination (return value 0)
		Usr 0 05:41:51, Sys 0 00:30:38  -  Run Remote Usage
		Usr 0 00:00:00, Sys 0 00:00:00  -  Run Local Usage
		Usr 0 05:41:51, Sys 0 00:30:38  -  Total Remote Usage
		Usr 0 00:00:00, Sys 0 00:00:00  -  Total Local Usage
	0  -  Run Bytes Sent By Job
	0  -  Run Bytes Received By Job
	0  -  Total Bytes Sent By Job
	0  -  Total Bytes Received By Job
	Partitionable Resources :    Usage  Request Allocated
	   Cpus                 :                 8         8
	   Disk (KB)            :        1        1  34110360
	   Memory (MB)          :      484    10240     25831
...
