_CONDOR_JOB_IWD /mnt/ws/home/jferiante
Cluster 14409
Process 113
RunningOn slot2@opt-a001.discovery.wisc.edu
python th_deep_belief_net.py pcba 113
Running Theano Learn Deep Belief Net for pcba, target: aid887.........
... building the model
... getting the pretraining functions
... pre-training the model
Pre-training layer 0, epoch 0, cost  -1433.3675707
Pre-training layer 0, epoch 1, cost  -1400.34465959
Pre-training layer 0, epoch 2, cost  -1368.44240088
Pre-training layer 0, epoch 3, cost  -1337.33463604
Pre-training layer 0, epoch 4, cost  -1307.57151883
Pre-training layer 0, epoch 5, cost  -1278.60014042
Pre-training layer 0, epoch 6, cost  -1250.56847747
Pre-training layer 0, epoch 7, cost  -1223.72740261
Pre-training layer 0, epoch 8, cost  -1197.19331527
Pre-training layer 0, epoch 9, cost  -1171.48699429
Pre-training layer 1, epoch 0, cost  -1537.78754117
Pre-training layer 1, epoch 1, cost  -1536.52423853
Pre-training layer 1, epoch 2, cost  -1535.2722414
Pre-training layer 1, epoch 3, cost  -1533.92297924
Pre-training layer 1, epoch 4, cost  -1532.78911652
Pre-training layer 1, epoch 5, cost  -1531.52544966
Pre-training layer 1, epoch 6, cost  -1530.35924555
Pre-training layer 1, epoch 7, cost  -1529.12210919
Pre-training layer 1, epoch 8, cost  -1527.89078512
Pre-training layer 1, epoch 9, cost  -1526.87042716
... getting the finetuning functions
... finetuning the model
epoch 1, minibatch 616/616, validation error 27.839024 %
     epoch 1, minibatch 616/616, best error 25.053659 %, best_auc: 0.752154
epoch 2, minibatch 616/616, validation error 26.624390 %
     new best AUC!: 0.794535706605
     epoch 2, minibatch 616/616, best error 21.960976 %, best_auc: 0.794536
epoch 3, minibatch 616/616, validation error 25.146341 %
     new best AUC!: 0.808119885706
     epoch 3, minibatch 616/616, best error 21.243902 %, best_auc: 0.808120
epoch 4, minibatch 616/616, validation error 24.043902 %
     new best AUC!: 0.811966210242
     epoch 4, minibatch 616/616, best error 21.185366 %, best_auc: 0.811966
epoch 5, minibatch 616/616, validation error 23.629268 %
     new best AUC!: 0.812364258916
     epoch 5, minibatch 616/616, best error 21.063415 %, best_auc: 0.812364
epoch 6, minibatch 616/616, validation error 23.556098 %
     epoch 6, minibatch 616/616, best error 21.317073 %, best_auc: 0.812364
epoch 7, minibatch 616/616, validation error 23.673171 %
epoch 8, minibatch 616/616, validation error 23.985366 %
epoch 9, minibatch 616/616, validation error 24.087805 %
epoch 10, minibatch 616/616, validation error 24.370732 %
epoch 11, minibatch 616/616, validation error 24.029268 %
epoch 12, minibatch 616/616, validation error 23.931707 %
epoch 13, minibatch 616/616, validation error 24.082927 %
epoch 14, minibatch 616/616, validation error 23.960976 %
epoch 15, minibatch 616/616, validation error 24.019512 %
epoch 16, minibatch 616/616, validation error 24.317073 %
epoch 17, minibatch 616/616, validation error 24.204878 %
epoch 18, minibatch 616/616, validation error 24.107317 %
epoch 19, minibatch 616/616, validation error 24.370732 %
epoch 20, minibatch 616/616, validation error 24.263415 %
epoch 21, minibatch 616/616, validation error 24.473171 %
epoch 22, minibatch 616/616, validation error 24.395122 %
epoch 23, minibatch 616/616, validation error 24.253659 %
epoch 24, minibatch 616/616, validation error 24.317073 %
epoch 25, minibatch 616/616, validation error 24.619512 %
epoch 26, minibatch 616/616, validation error 24.687805 %
epoch 27, minibatch 616/616, validation error 25.087805 %
epoch 28, minibatch 616/616, validation error 24.960976 %
epoch 29, minibatch 616/616, validation error 24.829268 %
epoch 30, minibatch 616/616, validation error 24.858537 %
Optimization complete with best validation score of 23.556098 %, obtained at iteration 3696, with test performance 21.317073 %, and best_auc: 0.812364
runtime: 117471.91 secs.
