_CONDOR_JOB_IWD /mnt/ws/home/jferiante
Cluster 14409
Process 34
RunningOn slot1@opt-a016.discovery.wisc.edu
python th_deep_belief_net.py pcba 34
Running Theano Learn Deep Belief Net for pcba, target: aid485294.........
... building the model
... getting the pretraining functions
... pre-training the model
Pre-training layer 0, epoch 0, cost  -1388.6096378
Pre-training layer 0, epoch 1, cost  -1280.09804583
Pre-training layer 0, epoch 2, cost  -1183.30992813
Pre-training layer 0, epoch 3, cost  -1097.2012473
Pre-training layer 0, epoch 4, cost  -1020.24544165
Pre-training layer 0, epoch 5, cost  -951.435333607
Pre-training layer 0, epoch 6, cost  -889.791063007
Pre-training layer 0, epoch 7, cost  -834.120994476
Pre-training layer 0, epoch 8, cost  -784.01229919
Pre-training layer 0, epoch 9, cost  -738.591309135
Pre-training layer 1, epoch 0, cost  -1536.87320381
Pre-training layer 1, epoch 1, cost  -1532.37104165
Pre-training layer 1, epoch 2, cost  -1528.02655242
Pre-training layer 1, epoch 3, cost  -1523.89745752
Pre-training layer 1, epoch 4, cost  -1519.92338984
Pre-training layer 1, epoch 5, cost  -1516.13091752
Pre-training layer 1, epoch 6, cost  -1512.45744971
Pre-training layer 1, epoch 7, cost  -1508.96202694
Pre-training layer 1, epoch 8, cost  -1505.6604383
Pre-training layer 1, epoch 9, cost  -1502.40401951
... getting the finetuning functions
... finetuning the model
epoch 1, minibatch 2199/2199, validation error 1.188525 %
     epoch 1, minibatch 2199/2199, best error 1.187158 %, best_auc: 0.737826
epoch 2, minibatch 2199/2199, validation error 1.188525 %
     new best AUC!: 0.78337997799
epoch 3, minibatch 2199/2199, validation error 1.188525 %
     new best AUC!: 0.809346693849
epoch 4, minibatch 2199/2199, validation error 1.148907 %
     new best AUC!: 0.820044011221
     epoch 4, minibatch 2199/2199, best error 1.112022 %, best_auc: 0.820044
epoch 5, minibatch 2199/2199, validation error 1.071038 %
     new best AUC!: 0.827740498562
     epoch 5, minibatch 2199/2199, best error 1.040984 %, best_auc: 0.827740
epoch 6, minibatch 2199/2199, validation error 0.953552 %
     new best AUC!: 0.837555400946
     epoch 6, minibatch 2199/2199, best error 1.006831 %, best_auc: 0.837555
epoch 7, minibatch 2199/2199, validation error 0.922131 %
     new best AUC!: 0.847291490767
     epoch 7, minibatch 2199/2199, best error 0.974044 %, best_auc: 0.847291
epoch 8, minibatch 2199/2199, validation error 0.886612 %
     new best AUC!: 0.854738920882
     epoch 8, minibatch 2199/2199, best error 0.983607 %, best_auc: 0.854739
epoch 9, minibatch 2199/2199, validation error 0.855191 %
     new best AUC!: 0.85989435783
     epoch 9, minibatch 2199/2199, best error 0.945355 %, best_auc: 0.859894
epoch 10, minibatch 2199/2199, validation error 0.863388 %
     new best AUC!: 0.86324615378
epoch 11, minibatch 2199/2199, validation error 0.867486 %
     new best AUC!: 0.865674104573
epoch 12, minibatch 2199/2199, validation error 0.871585 %
     new best AUC!: 0.867416076525
epoch 13, minibatch 2199/2199, validation error 0.915301 %
epoch 14, minibatch 2199/2199, validation error 0.918033 %
     new best AUC!: 0.869052330114
epoch 15, minibatch 2199/2199, validation error 0.961749 %
     new best AUC!: 0.87079454017
epoch 16, minibatch 2199/2199, validation error 0.961749 %
     new best AUC!: 0.872311741548
epoch 17, minibatch 2199/2199, validation error 0.964481 %
epoch 18, minibatch 2199/2199, validation error 0.965847 %
epoch 19, minibatch 2199/2199, validation error 0.963115 %
epoch 20, minibatch 2199/2199, validation error 0.961749 %
epoch 21, minibatch 2199/2199, validation error 0.959016 %
epoch 22, minibatch 2199/2199, validation error 1.000000 %
epoch 23, minibatch 2199/2199, validation error 0.998634 %
epoch 24, minibatch 2199/2199, validation error 0.997268 %
epoch 25, minibatch 2199/2199, validation error 0.995902 %
epoch 26, minibatch 2199/2199, validation error 0.994536 %
epoch 27, minibatch 2199/2199, validation error 0.993169 %
epoch 28, minibatch 2199/2199, validation error 0.993169 %
epoch 29, minibatch 2199/2199, validation error 0.993169 %
epoch 30, minibatch 2199/2199, validation error 0.989071 %
epoch 31, minibatch 2199/2199, validation error 0.987705 %
Optimization complete with best validation score of 0.855191 %, obtained at iteration 19791, with test performance 0.945355 %, and best_auc: 0.872312
runtime: 253692.98 secs.
