000 (14409.040.000) 08/01 05:07:06 Job submitted from host: <144.92.142.140:9620?sock=9267_cb64_3>
...
001 (14409.040.000) 08/01 13:43:25 Job executing on host: <144.92.142.164:9620?sock=10436_0991_3>
...
006 (14409.040.000) 08/01 13:43:33 Image size of job updated: 26484
	26  -  MemoryUsage of job (MB)
	26484  -  ResidentSetSize of job (KB)
...
006 (14409.040.000) 08/01 13:48:33 Image size of job updated: 4097132
	4002  -  MemoryUsage of job (MB)
	4097132  -  ResidentSetSize of job (KB)
...
006 (14409.040.000) 08/01 17:38:58 Image size of job updated: 5490612
	5362  -  MemoryUsage of job (MB)
	5490612  -  ResidentSetSize of job (KB)
...
005 (14409.040.000) 08/01 18:53:17 Job terminated.
	(1) Normal termination (return value 0)
		Usr 4 07:12:43, Sys 0 09:07:41  -  Run Remote Usage
		Usr 0 00:00:00, Sys 0 00:00:00  -  Run Local Usage
		Usr 4 07:12:43, Sys 0 09:07:41  -  Total Remote Usage
		Usr 0 00:00:00, Sys 0 00:00:00  -  Total Local Usage
	0  -  Run Bytes Sent By Job
	0  -  Run Bytes Received By Job
	0  -  Total Bytes Sent By Job
	0  -  Total Bytes Received By Job
	Partitionable Resources :    Usage  Request Allocated
	   Cpus                 :                 8         8
	   Disk (KB)            :        1        1  34047095
	   Memory (MB)          :     5362    10240     25831
...
