_CONDOR_JOB_IWD /mnt/ws/home/jferiante
Cluster 14409
Process 86
RunningOn slot2@opt-a001.discovery.wisc.edu
python th_deep_belief_net.py pcba 86
Running Theano Learn Deep Belief Net for pcba, target: aid651768.........
... building the model
... getting the pretraining functions
... pre-training the model
Pre-training layer 0, epoch 0, cost  -1382.04341565
Pre-training layer 0, epoch 1, cost  -1261.60891223
Pre-training layer 0, epoch 2, cost  -1155.8443163
Pre-training layer 0, epoch 3, cost  -1063.13120151
Pre-training layer 0, epoch 4, cost  -981.262069677
Pre-training layer 0, epoch 5, cost  -908.826649373
Pre-training layer 0, epoch 6, cost  -844.641640335
Pre-training layer 0, epoch 7, cost  -787.5241567
Pre-training layer 0, epoch 8, cost  -736.447835369
Pre-training layer 0, epoch 9, cost  -690.748030886
Pre-training layer 1, epoch 0, cost  -1536.93571651
Pre-training layer 1, epoch 1, cost  -1531.90377616
Pre-training layer 1, epoch 2, cost  -1527.08151571
Pre-training layer 1, epoch 3, cost  -1522.45880212
Pre-training layer 1, epoch 4, cost  -1518.06787063
Pre-training layer 1, epoch 5, cost  -1513.9117008
Pre-training layer 1, epoch 6, cost  -1509.9251733
Pre-training layer 1, epoch 7, cost  -1506.12759457
Pre-training layer 1, epoch 8, cost  -1502.46621323
Pre-training layer 1, epoch 9, cost  -1499.04589843
... getting the finetuning functions
... finetuning the model
epoch 1, minibatch 2476/2476, validation error 8.888485 %
     epoch 1, minibatch 2476/2476, best error 9.173333 %, best_auc: 0.883472
epoch 2, minibatch 2476/2476, validation error 8.265455 %
     new best AUC!: 0.890259929377
     epoch 2, minibatch 2476/2476, best error 8.418182 %, best_auc: 0.890260
epoch 3, minibatch 2476/2476, validation error 7.935758 %
     epoch 3, minibatch 2476/2476, best error 8.183030 %, best_auc: 0.890260
epoch 4, minibatch 2476/2476, validation error 7.990303 %
epoch 5, minibatch 2476/2476, validation error 7.941818 %
epoch 6, minibatch 2476/2476, validation error 7.893333 %
     epoch 6, minibatch 2476/2476, best error 7.978182 %, best_auc: 0.890260
epoch 7, minibatch 2476/2476, validation error 7.712727 %
     epoch 7, minibatch 2476/2476, best error 7.929697 %, best_auc: 0.890260
epoch 8, minibatch 2476/2476, validation error 7.729697 %
epoch 9, minibatch 2476/2476, validation error 7.696970 %
     epoch 9, minibatch 2476/2476, best error 7.913939 %, best_auc: 0.890260
epoch 10, minibatch 2476/2476, validation error 7.665455 %
     epoch 10, minibatch 2476/2476, best error 7.743030 %, best_auc: 0.890260
epoch 11, minibatch 2476/2476, validation error 7.583030 %
     epoch 11, minibatch 2476/2476, best error 7.655758 %, best_auc: 0.890260
epoch 12, minibatch 2476/2476, validation error 7.624242 %
epoch 13, minibatch 2476/2476, validation error 7.452121 %
     epoch 13, minibatch 2476/2476, best error 7.653333 %, best_auc: 0.890260
epoch 14, minibatch 2476/2476, validation error 7.413333 %
     epoch 14, minibatch 2476/2476, best error 7.688485 %, best_auc: 0.890260
epoch 15, minibatch 2476/2476, validation error 7.380606 %
     epoch 15, minibatch 2476/2476, best error 7.732121 %, best_auc: 0.890260
epoch 16, minibatch 2476/2476, validation error 7.298182 %
     epoch 16, minibatch 2476/2476, best error 7.849697 %, best_auc: 0.890260
epoch 17, minibatch 2476/2476, validation error 7.231515 %
     epoch 17, minibatch 2476/2476, best error 7.947879 %, best_auc: 0.890260
epoch 18, minibatch 2476/2476, validation error 7.276364 %
epoch 19, minibatch 2476/2476, validation error 7.306667 %
epoch 20, minibatch 2476/2476, validation error 7.284848 %
epoch 21, minibatch 2476/2476, validation error 7.383030 %
epoch 22, minibatch 2476/2476, validation error 7.390303 %
epoch 23, minibatch 2476/2476, validation error 7.332121 %
epoch 24, minibatch 2476/2476, validation error 7.404848 %
epoch 25, minibatch 2476/2476, validation error 7.507879 %
epoch 26, minibatch 2476/2476, validation error 7.518788 %
epoch 27, minibatch 2476/2476, validation error 7.517576 %
epoch 28, minibatch 2476/2476, validation error 7.598788 %
epoch 29, minibatch 2476/2476, validation error 7.615758 %
epoch 30, minibatch 2476/2476, validation error 7.633939 %
epoch 31, minibatch 2476/2476, validation error 7.612121 %
epoch 32, minibatch 2476/2476, validation error 7.660606 %
epoch 33, minibatch 2476/2476, validation error 7.663030 %
Optimization complete with best validation score of 7.231515 %, obtained at iteration 42092, with test performance 7.947879 %, and best_auc: 0.890260
runtime: 490619.12 secs.
