_CONDOR_JOB_IWD /mnt/ws/home/jferiante
Cluster 14409
Process 46
RunningOn slot2@opt-a018.discovery.wisc.edu
python th_deep_belief_net.py pcba 46
Running Theano Learn Deep Belief Net for pcba, target: aid504327.........
... building the model
... getting the pretraining functions
... pre-training the model
Pre-training layer 0, epoch 0, cost  -1382.90346537
Pre-training layer 0, epoch 1, cost  -1264.75826943
Pre-training layer 0, epoch 2, cost  -1160.73639912
Pre-training layer 0, epoch 3, cost  -1069.22049598
Pre-training layer 0, epoch 4, cost  -988.27600543
Pre-training layer 0, epoch 5, cost  -916.596621081
Pre-training layer 0, epoch 6, cost  -852.768168256
Pre-training layer 0, epoch 7, cost  -795.965085542
Pre-training layer 0, epoch 8, cost  -745.067847208
Pre-training layer 0, epoch 9, cost  -699.35878502
Pre-training layer 1, epoch 0, cost  -1536.79262374
Pre-training layer 1, epoch 1, cost  -1531.83700818
Pre-training layer 1, epoch 2, cost  -1527.11294323
Pre-training layer 1, epoch 3, cost  -1522.6123991
Pre-training layer 1, epoch 4, cost  -1518.28041185
Pre-training layer 1, epoch 5, cost  -1514.20257389
Pre-training layer 1, epoch 6, cost  -1510.27343291
Pre-training layer 1, epoch 7, cost  -1506.54148548
Pre-training layer 1, epoch 8, cost  -1502.95438919
Pre-training layer 1, epoch 9, cost  -1499.53543551
... getting the finetuning functions
... finetuning the model
epoch 1, minibatch 2422/2422, validation error 5.687732 %
     epoch 1, minibatch 2422/2422, best error 5.649318 %, best_auc: 0.745804
epoch 2, minibatch 2422/2422, validation error 5.201983 %
     new best AUC!: 0.764833875815
     epoch 2, minibatch 2422/2422, best error 5.280050 %, best_auc: 0.764834
epoch 3, minibatch 2422/2422, validation error 5.070632 %
     new best AUC!: 0.769710928719
     epoch 3, minibatch 2422/2422, best error 5.101611 %, best_auc: 0.769711
epoch 4, minibatch 2422/2422, validation error 4.786865 %
     epoch 4, minibatch 2422/2422, best error 5.231722 %, best_auc: 0.769711
epoch 5, minibatch 2422/2422, validation error 4.981413 %
epoch 6, minibatch 2422/2422, validation error 5.094176 %
epoch 7, minibatch 2422/2422, validation error 5.053284 %
epoch 8, minibatch 2422/2422, validation error 5.002478 %
epoch 9, minibatch 2422/2422, validation error 4.916976 %
epoch 10, minibatch 2422/2422, validation error 4.941760 %
epoch 11, minibatch 2422/2422, validation error 4.811648 %
epoch 12, minibatch 2422/2422, validation error 4.790582 %
epoch 13, minibatch 2422/2422, validation error 4.648079 %
     epoch 13, minibatch 2422/2422, best error 5.251549 %, best_auc: 0.769711
epoch 14, minibatch 2422/2422, validation error 4.515489 %
     epoch 14, minibatch 2422/2422, best error 5.156134 %, best_auc: 0.769711
epoch 15, minibatch 2422/2422, validation error 4.380421 %
     epoch 15, minibatch 2422/2422, best error 5.122677 %, best_auc: 0.769711
epoch 16, minibatch 2422/2422, validation error 4.275093 %
     epoch 16, minibatch 2422/2422, best error 5.063197 %, best_auc: 0.769711
epoch 17, minibatch 2422/2422, validation error 4.380421 %
epoch 18, minibatch 2422/2422, validation error 4.381660 %
epoch 19, minibatch 2422/2422, validation error 4.361834 %
epoch 20, minibatch 2422/2422, validation error 4.306072 %
epoch 21, minibatch 2422/2422, validation error 4.294919 %
epoch 22, minibatch 2422/2422, validation error 4.402726 %
epoch 23, minibatch 2422/2422, validation error 4.441140 %
epoch 24, minibatch 2422/2422, validation error 4.458488 %
epoch 25, minibatch 2422/2422, validation error 4.470880 %
epoch 26, minibatch 2422/2422, validation error 4.558860 %
epoch 27, minibatch 2422/2422, validation error 4.581165 %
epoch 28, minibatch 2422/2422, validation error 4.602230 %
epoch 29, minibatch 2422/2422, validation error 4.592317 %
epoch 30, minibatch 2422/2422, validation error 4.690211 %
epoch 31, minibatch 2422/2422, validation error 4.717472 %
Optimization complete with best validation score of 4.275093 %, obtained at iteration 38752, with test performance 5.063197 %, and best_auc: 0.769711
runtime: 421643.67 secs.
