_CONDOR_JOB_IWD /mnt/ws/home/jferiante
Cluster 14409
Process 119
RunningOn slot2@opt-a015.discovery.wisc.edu
python th_deep_belief_net.py pcba 119
Running Theano Learn Deep Belief Net for pcba, target: aid912.........
... building the model
... getting the pretraining functions
... pre-training the model
Pre-training layer 0, epoch 0, cost  -1435.71720301
Pre-training layer 0, epoch 1, cost  -1408.72397184
Pre-training layer 0, epoch 2, cost  -1383.43444616
Pre-training layer 0, epoch 3, cost  -1357.98665133
Pre-training layer 0, epoch 4, cost  -1333.63502954
Pre-training layer 0, epoch 5, cost  -1309.54218631
Pre-training layer 0, epoch 6, cost  -1286.18542053
Pre-training layer 0, epoch 7, cost  -1263.81353035
Pre-training layer 0, epoch 8, cost  -1241.50776796
Pre-training layer 0, epoch 9, cost  -1220.25159675
Pre-training layer 1, epoch 0, cost  -1537.73214747
Pre-training layer 1, epoch 1, cost  -1536.6442742
Pre-training layer 1, epoch 2, cost  -1535.62130424
Pre-training layer 1, epoch 3, cost  -1534.70160294
Pre-training layer 1, epoch 4, cost  -1533.60100192
Pre-training layer 1, epoch 5, cost  -1532.66784891
Pre-training layer 1, epoch 6, cost  -1531.70073278
Pre-training layer 1, epoch 7, cost  -1530.79304827
Pre-training layer 1, epoch 8, cost  -1529.8475052
Pre-training layer 1, epoch 9, cost  -1528.75804754
... getting the finetuning functions
... finetuning the model
epoch 1, minibatch 492/492, validation error 16.463415 %
     epoch 1, minibatch 492/492, best error 16.463415 %, best_auc: 0.694464
epoch 2, minibatch 492/492, validation error 16.067073 %
     new best AUC!: 0.750581914031
     epoch 2, minibatch 492/492, best error 16.201220 %, best_auc: 0.750582
epoch 3, minibatch 492/492, validation error 14.768293 %
     new best AUC!: 0.77754379562
     epoch 3, minibatch 492/492, best error 15.317073 %, best_auc: 0.777544
epoch 4, minibatch 492/492, validation error 14.865854 %
     new best AUC!: 0.788422141119
epoch 5, minibatch 492/492, validation error 14.951220 %
     new best AUC!: 0.792691403082
epoch 6, minibatch 492/492, validation error 15.006098 %
     new best AUC!: 0.794208029197
epoch 7, minibatch 492/492, validation error 15.378049 %
     new best AUC!: 0.794244525547
epoch 8, minibatch 492/492, validation error 15.524390 %
epoch 9, minibatch 492/492, validation error 15.420732 %
epoch 10, minibatch 492/492, validation error 15.274390 %
epoch 11, minibatch 492/492, validation error 15.152439 %
epoch 12, minibatch 492/492, validation error 15.079268 %
epoch 13, minibatch 492/492, validation error 15.164634 %
epoch 14, minibatch 492/492, validation error 15.164634 %
epoch 15, minibatch 492/492, validation error 15.292683 %
epoch 16, minibatch 492/492, validation error 15.286585 %
epoch 17, minibatch 492/492, validation error 15.420732 %
epoch 18, minibatch 492/492, validation error 15.371951 %
epoch 19, minibatch 492/492, validation error 15.335366 %
epoch 20, minibatch 492/492, validation error 15.268293 %
epoch 21, minibatch 492/492, validation error 15.207317 %
epoch 22, minibatch 492/492, validation error 15.158537 %
epoch 23, minibatch 492/492, validation error 15.128049 %
epoch 24, minibatch 492/492, validation error 15.048780 %
epoch 25, minibatch 492/492, validation error 15.207317 %
epoch 26, minibatch 492/492, validation error 15.201220 %
epoch 27, minibatch 492/492, validation error 15.164634 %
epoch 28, minibatch 492/492, validation error 15.121951 %
epoch 29, minibatch 492/492, validation error 15.079268 %
epoch 30, minibatch 492/492, validation error 15.237805 %
Optimization complete with best validation score of 14.768293 %, obtained at iteration 1476, with test performance 15.317073 %, and best_auc: 0.794245
runtime: 60073.77 secs.
