_CONDOR_JOB_IWD /mnt/ws/home/jferiante
Cluster 14409
Process 101
RunningOn slot2@opt-a018.discovery.wisc.edu
python th_deep_belief_net.py pcba 101
Running Theano Learn Deep Belief Net for pcba, target: aid720580.........
... building the model
... getting the pretraining functions
... pre-training the model
Pre-training layer 0, epoch 0, cost  -1386.76843426
Pre-training layer 0, epoch 1, cost  -1277.48354483
Pre-training layer 0, epoch 2, cost  -1180.32063333
Pre-training layer 0, epoch 3, cost  -1093.85717148
Pre-training layer 0, epoch 4, cost  -1016.66986752
Pre-training layer 0, epoch 5, cost  -947.691331912
Pre-training layer 0, epoch 6, cost  -885.945835493
Pre-training layer 0, epoch 7, cost  -830.299532157
Pre-training layer 0, epoch 8, cost  -780.249518771
Pre-training layer 0, epoch 9, cost  -734.950613575
Pre-training layer 1, epoch 0, cost  -1536.93697453
Pre-training layer 1, epoch 1, cost  -1532.38250986
Pre-training layer 1, epoch 2, cost  -1527.99810958
Pre-training layer 1, epoch 3, cost  -1523.86663362
Pre-training layer 1, epoch 4, cost  -1519.84473219
Pre-training layer 1, epoch 5, cost  -1516.01773597
Pre-training layer 1, epoch 6, cost  -1512.33438741
Pre-training layer 1, epoch 7, cost  -1508.83527677
Pre-training layer 1, epoch 8, cost  -1505.44320533
Pre-training layer 1, epoch 9, cost  -1502.16108018
... getting the finetuning functions
... finetuning the model
epoch 1, minibatch 2220/2220, validation error 11.037889 %
     epoch 1, minibatch 2220/2220, best error 11.246279 %, best_auc: 0.780522
epoch 2, minibatch 2220/2220, validation error 10.323410 %
     new best AUC!: 0.808796185904
     epoch 2, minibatch 2220/2220, best error 10.627876 %, best_auc: 0.808796
epoch 3, minibatch 2220/2220, validation error 10.017591 %
     new best AUC!: 0.812673885
     epoch 3, minibatch 2220/2220, best error 10.273342 %, best_auc: 0.812674
epoch 4, minibatch 2220/2220, validation error 9.917456 %
     new best AUC!: 0.813517425561
     epoch 4, minibatch 2220/2220, best error 10.258457 %, best_auc: 0.813517
epoch 5, minibatch 2220/2220, validation error 9.824087 %
     new best AUC!: 0.813774895658
     epoch 5, minibatch 2220/2220, best error 10.171854 %, best_auc: 0.813775
epoch 6, minibatch 2220/2220, validation error 9.710419 %
     epoch 6, minibatch 2220/2220, best error 10.075778 %, best_auc: 0.813775
epoch 7, minibatch 2220/2220, validation error 9.565629 %
     epoch 7, minibatch 2220/2220, best error 9.987821 %, best_auc: 0.813775
epoch 8, minibatch 2220/2220, validation error 9.338295 %
     epoch 8, minibatch 2220/2220, best error 9.901218 %, best_auc: 0.813775
epoch 9, minibatch 2220/2220, validation error 9.211096 %
     epoch 9, minibatch 2220/2220, best error 9.837618 %, best_auc: 0.813775
epoch 10, minibatch 2220/2220, validation error 8.994587 %
     epoch 10, minibatch 2220/2220, best error 9.811908 %, best_auc: 0.813775
epoch 11, minibatch 2220/2220, validation error 8.936401 %
     epoch 11, minibatch 2220/2220, best error 9.698241 %, best_auc: 0.813775
epoch 12, minibatch 2220/2220, validation error 8.756428 %
     epoch 12, minibatch 2220/2220, best error 9.677943 %, best_auc: 0.813775
epoch 13, minibatch 2220/2220, validation error 8.729364 %
     epoch 13, minibatch 2220/2220, best error 9.630582 %, best_auc: 0.813775
epoch 14, minibatch 2220/2220, validation error 8.797023 %
epoch 15, minibatch 2220/2220, validation error 8.694181 %
     epoch 15, minibatch 2220/2220, best error 9.603518 %, best_auc: 0.813775
epoch 16, minibatch 2220/2220, validation error 8.692828 %
     epoch 16, minibatch 2220/2220, best error 9.535859 %, best_auc: 0.813775
epoch 17, minibatch 2220/2220, validation error 8.653586 %
     epoch 17, minibatch 2220/2220, best error 9.534506 %, best_auc: 0.813775
epoch 18, minibatch 2220/2220, validation error 8.732070 %
epoch 19, minibatch 2220/2220, validation error 8.729364 %
epoch 20, minibatch 2220/2220, validation error 8.824087 %
epoch 21, minibatch 2220/2220, validation error 8.959405 %
epoch 22, minibatch 2220/2220, validation error 9.063599 %
epoch 23, minibatch 2220/2220, validation error 9.062246 %
epoch 24, minibatch 2220/2220, validation error 9.097429 %
epoch 25, minibatch 2220/2220, validation error 9.266576 %
epoch 26, minibatch 2220/2220, validation error 9.357240 %
epoch 27, minibatch 2220/2220, validation error 9.410014 %
epoch 28, minibatch 2220/2220, validation error 9.460081 %
epoch 29, minibatch 2220/2220, validation error 9.526387 %
epoch 30, minibatch 2220/2220, validation error 9.541272 %
Optimization complete with best validation score of 8.653586 %, obtained at iteration 37740, with test performance 9.534506 %, and best_auc: 0.813775
runtime: 383222.35 secs.
