_CONDOR_JOB_IWD /mnt/ws/home/jferiante
Cluster 14409
Process 7
RunningOn slot2@opt-a002.discovery.wisc.edu
python th_deep_belief_net.py pcba 7
Running Theano Learn Deep Belief Net for pcba, target: aid1461.........
... building the model
... getting the pretraining functions
... pre-training the model
Pre-training layer 0, epoch 0, cost  -1401.44285064
Pre-training layer 0, epoch 1, cost  -1314.27134571
Pre-training layer 0, epoch 2, cost  -1234.88755321
Pre-training layer 0, epoch 3, cost  -1161.77625071
Pre-training layer 0, epoch 4, cost  -1095.46515252
Pre-training layer 0, epoch 5, cost  -1034.71596497
Pre-training layer 0, epoch 6, cost  -979.002893102
Pre-training layer 0, epoch 7, cost  -927.789370621
Pre-training layer 0, epoch 8, cost  -880.877184867
Pre-training layer 0, epoch 9, cost  -837.516533832
Pre-training layer 1, epoch 0, cost  -1537.36588215
Pre-training layer 1, epoch 1, cost  -1533.80459879
Pre-training layer 1, epoch 2, cost  -1530.41812024
Pre-training layer 1, epoch 3, cost  -1527.10096367
Pre-training layer 1, epoch 4, cost  -1523.83267659
Pre-training layer 1, epoch 5, cost  -1520.77183462
Pre-training layer 1, epoch 6, cost  -1517.72390952
Pre-training layer 1, epoch 7, cost  -1514.82746558
Pre-training layer 1, epoch 8, cost  -1511.96820446
Pre-training layer 1, epoch 9, cost  -1509.27404628
... getting the finetuning functions
... finetuning the model
epoch 1, minibatch 1726/1726, validation error 22.295652 %
     epoch 1, minibatch 1726/1726, best error 22.017391 %, best_auc: 0.761534
epoch 2, minibatch 1726/1726, validation error 21.732174 %
     new best AUC!: 0.794368924937
     epoch 2, minibatch 1726/1726, best error 21.083478 %, best_auc: 0.794369
epoch 3, minibatch 1726/1726, validation error 21.408696 %
     new best AUC!: 0.801572355477
     epoch 3, minibatch 1726/1726, best error 20.697391 %, best_auc: 0.801572
epoch 4, minibatch 1726/1726, validation error 21.394783 %
     new best AUC!: 0.804047042881
     epoch 4, minibatch 1726/1726, best error 20.438261 %, best_auc: 0.804047
epoch 5, minibatch 1726/1726, validation error 21.184348 %
     new best AUC!: 0.805436039841
     epoch 5, minibatch 1726/1726, best error 20.208696 %, best_auc: 0.805436
epoch 6, minibatch 1726/1726, validation error 21.481739 %
     new best AUC!: 0.806542175684
epoch 7, minibatch 1726/1726, validation error 21.441739 %
     new best AUC!: 0.80747705649
epoch 8, minibatch 1726/1726, validation error 21.106087 %
     new best AUC!: 0.808057318778
     epoch 8, minibatch 1726/1726, best error 20.008696 %, best_auc: 0.808057
epoch 9, minibatch 1726/1726, validation error 20.763478 %
     new best AUC!: 0.808295616864
     epoch 9, minibatch 1726/1726, best error 20.092174 %, best_auc: 0.808296
epoch 10, minibatch 1726/1726, validation error 20.740870 %
     epoch 10, minibatch 1726/1726, best error 20.391304 %, best_auc: 0.808296
epoch 11, minibatch 1726/1726, validation error 20.419130 %
     epoch 11, minibatch 1726/1726, best error 20.433043 %, best_auc: 0.808296
epoch 12, minibatch 1726/1726, validation error 20.565217 %
epoch 13, minibatch 1726/1726, validation error 20.318261 %
     epoch 13, minibatch 1726/1726, best error 20.747826 %, best_auc: 0.808296
epoch 14, minibatch 1726/1726, validation error 20.257391 %
     epoch 14, minibatch 1726/1726, best error 20.709565 %, best_auc: 0.808296
epoch 15, minibatch 1726/1726, validation error 20.130435 %
     epoch 15, minibatch 1726/1726, best error 20.440000 %, best_auc: 0.808296
epoch 16, minibatch 1726/1726, validation error 20.173913 %
epoch 17, minibatch 1726/1726, validation error 19.973913 %
     epoch 17, minibatch 1726/1726, best error 20.052174 %, best_auc: 0.808296
epoch 18, minibatch 1726/1726, validation error 19.860870 %
     epoch 18, minibatch 1726/1726, best error 20.246957 %, best_auc: 0.808296
epoch 19, minibatch 1726/1726, validation error 19.923478 %
epoch 20, minibatch 1726/1726, validation error 20.031304 %
epoch 21, minibatch 1726/1726, validation error 20.163478 %
epoch 22, minibatch 1726/1726, validation error 20.166957 %
epoch 23, minibatch 1726/1726, validation error 20.156522 %
epoch 24, minibatch 1726/1726, validation error 20.126957 %
epoch 25, minibatch 1726/1726, validation error 20.111304 %
epoch 26, minibatch 1726/1726, validation error 20.158261 %
epoch 27, minibatch 1726/1726, validation error 20.121739 %
epoch 28, minibatch 1726/1726, validation error 20.240000 %
epoch 29, minibatch 1726/1726, validation error 20.304348 %
epoch 30, minibatch 1726/1726, validation error 20.370435 %
epoch 31, minibatch 1726/1726, validation error 20.330435 %
epoch 32, minibatch 1726/1726, validation error 20.351304 %
epoch 33, minibatch 1726/1726, validation error 20.483478 %
epoch 34, minibatch 1726/1726, validation error 20.446957 %
epoch 35, minibatch 1726/1726, validation error 20.586087 %
Optimization complete with best validation score of 19.860870 %, obtained at iteration 31068, with test performance 20.246957 %, and best_auc: 0.808296
runtime: 341598.47 secs.
