000 (14409.091.000) 08/01 05:07:06 Job submitted from host: <144.92.142.140:9620?sock=9267_cb64_3>
...
001 (14409.091.000) 08/02 08:04:48 Job executing on host: <144.92.142.181:9620?sock=7576_d24e_3>
...
006 (14409.091.000) 08/02 08:04:57 Image size of job updated: 36856
	36  -  MemoryUsage of job (MB)
	36856  -  ResidentSetSize of job (KB)
...
006 (14409.091.000) 08/02 08:09:58 Image size of job updated: 4743916
	4633  -  MemoryUsage of job (MB)
	4743916  -  ResidentSetSize of job (KB)
...
006 (14409.091.000) 08/02 10:40:10 Image size of job updated: 6462428
	6311  -  MemoryUsage of job (MB)
	6462428  -  ResidentSetSize of job (KB)
...
005 (14409.091.000) 08/02 11:09:41 Job terminated.
	(1) Normal termination (return value 0)
		Usr 2 23:20:58, Sys 0 06:28:33  -  Run Remote Usage
		Usr 0 00:00:00, Sys 0 00:00:00  -  Run Local Usage
		Usr 2 23:20:58, Sys 0 06:28:33  -  Total Remote Usage
		Usr 0 00:00:00, Sys 0 00:00:00  -  Total Local Usage
	0  -  Run Bytes Sent By Job
	0  -  Run Bytes Received By Job
	0  -  Total Bytes Sent By Job
	0  -  Total Bytes Received By Job
	Partitionable Resources :    Usage  Request Allocated
	   Cpus                 :                 8         8
	   Disk (KB)            :        1        1  36535999
	   Memory (MB)          :     6311    10240     25827
...
