_CONDOR_JOB_IWD /mnt/ws/home/jferiante
Cluster 14409
Process 75
RunningOn slot1@opt-a003.discovery.wisc.edu
python th_deep_belief_net.py pcba 75
Running Theano Learn Deep Belief Net for pcba, target: aid624173.........
... building the model
... getting the pretraining functions
... pre-training the model
Pre-training layer 0, epoch 0, cost  -1380.08618029
Pre-training layer 0, epoch 1, cost  -1257.71614533
Pre-training layer 0, epoch 2, cost  -1150.39829054
Pre-training layer 0, epoch 3, cost  -1056.41587327
Pre-training layer 0, epoch 4, cost  -973.753277917
Pre-training layer 0, epoch 5, cost  -900.824273496
Pre-training layer 0, epoch 6, cost  -836.284500074
Pre-training layer 0, epoch 7, cost  -778.986367669
Pre-training layer 0, epoch 8, cost  -727.902196084
Pre-training layer 0, epoch 9, cost  -682.165261464
Pre-training layer 1, epoch 0, cost  -1536.75648012
Pre-training layer 1, epoch 1, cost  -1531.63388544
Pre-training layer 1, epoch 2, cost  -1526.6708678
Pre-training layer 1, epoch 3, cost  -1522.00103472
Pre-training layer 1, epoch 4, cost  -1517.55165509
Pre-training layer 1, epoch 5, cost  -1513.2808713
Pre-training layer 1, epoch 6, cost  -1509.26063664
Pre-training layer 1, epoch 7, cost  -1505.39849469
Pre-training layer 1, epoch 8, cost  -1501.7156395
Pre-training layer 1, epoch 9, cost  -1498.27078395
... getting the finetuning functions
... finetuning the model
epoch 1, minibatch 2525/2525, validation error 2.365042 %
     epoch 1, minibatch 2525/2525, best error 2.814507 %, best_auc: 0.871948
epoch 2, minibatch 2525/2525, validation error 2.067776 %
     new best AUC!: 0.894609216237
     epoch 2, minibatch 2525/2525, best error 2.494649 %, best_auc: 0.894609
epoch 3, minibatch 2525/2525, validation error 2.103448 %
     new best AUC!: 0.895702828342
epoch 4, minibatch 2525/2525, validation error 2.027348 %
     epoch 4, minibatch 2525/2525, best error 2.324614 %, best_auc: 0.895703
epoch 5, minibatch 2525/2525, validation error 2.079667 %
epoch 6, minibatch 2525/2525, validation error 2.147444 %
epoch 7, minibatch 2525/2525, validation error 2.140309 %
epoch 8, minibatch 2525/2525, validation error 2.214031 %
epoch 9, minibatch 2525/2525, validation error 2.223543 %
epoch 10, minibatch 2525/2525, validation error 2.190250 %
epoch 11, minibatch 2525/2525, validation error 2.187872 %
epoch 12, minibatch 2525/2525, validation error 2.152200 %
epoch 13, minibatch 2525/2525, validation error 2.209275 %
epoch 14, minibatch 2525/2525, validation error 2.200951 %
epoch 15, minibatch 2525/2525, validation error 2.181926 %
epoch 16, minibatch 2525/2525, validation error 2.170036 %
epoch 17, minibatch 2525/2525, validation error 2.189061 %
epoch 18, minibatch 2525/2525, validation error 2.249703 %
epoch 19, minibatch 2525/2525, validation error 2.277051 %
epoch 20, minibatch 2525/2525, validation error 2.300832 %
epoch 21, minibatch 2525/2525, validation error 2.328181 %
epoch 22, minibatch 2525/2525, validation error 2.323424 %
epoch 23, minibatch 2525/2525, validation error 2.312723 %
epoch 24, minibatch 2525/2525, validation error 2.307967 %
epoch 25, minibatch 2525/2525, validation error 2.341260 %
epoch 26, minibatch 2525/2525, validation error 2.370987 %
epoch 27, minibatch 2525/2525, validation error 2.361474 %
epoch 28, minibatch 2525/2525, validation error 2.361474 %
epoch 29, minibatch 2525/2525, validation error 2.360285 %
epoch 30, minibatch 2525/2525, validation error 2.356718 %
Optimization complete with best validation score of 2.027348 %, obtained at iteration 10100, with test performance 2.324614 %, and best_auc: 0.895703
runtime: 501909.77 secs.
