_CONDOR_JOB_IWD /mnt/ws/home/jferiante
Cluster 14409
Process 57
RunningOn slot2@opt-a001.discovery.wisc.edu
python th_deep_belief_net.py pcba 57
Running Theano Learn Deep Belief Net for pcba, target: aid504891.........
... building the model
... getting the pretraining functions
... pre-training the model
Pre-training layer 0, epoch 0, cost  -1385.80919363
Pre-training layer 0, epoch 1, cost  -1272.53679539
Pre-training layer 0, epoch 2, cost  -1172.24871727
Pre-training layer 0, epoch 3, cost  -1083.44745598
Pre-training layer 0, epoch 4, cost  -1004.45957366
Pre-training layer 0, epoch 5, cost  -934.131170988
Pre-training layer 0, epoch 6, cost  -871.382380786
Pre-training layer 0, epoch 7, cost  -814.934678054
Pre-training layer 0, epoch 8, cost  -764.473133828
Pre-training layer 0, epoch 9, cost  -718.906493057
Pre-training layer 1, epoch 0, cost  -1536.87362909
Pre-training layer 1, epoch 1, cost  -1532.12276873
Pre-training layer 1, epoch 2, cost  -1527.55230878
Pre-training layer 1, epoch 3, cost  -1523.2301926
Pre-training layer 1, epoch 4, cost  -1519.10661122
Pre-training layer 1, epoch 5, cost  -1515.16072143
Pre-training layer 1, epoch 6, cost  -1511.37094648
Pre-training layer 1, epoch 7, cost  -1507.75329794
Pre-training layer 1, epoch 8, cost  -1504.27654228
Pre-training layer 1, epoch 9, cost  -1500.98091265
... getting the finetuning functions
... finetuning the model
epoch 1, minibatch 2308/2308, validation error 0.234070 %
     epoch 1, minibatch 2308/2308, best error 0.234070 %, best_auc: 0.498734
epoch 2, minibatch 2308/2308, validation error 0.234070 %
     new best AUC!: 0.593978887006
epoch 3, minibatch 2308/2308, validation error 0.234070 %
     new best AUC!: 0.675005430297
epoch 4, minibatch 2308/2308, validation error 0.234070 %
     new best AUC!: 0.730826708371
epoch 5, minibatch 2308/2308, validation error 0.234070 %
     new best AUC!: 0.758130240236
epoch 6, minibatch 2308/2308, validation error 0.234070 %
     new best AUC!: 0.776226160997
epoch 7, minibatch 2308/2308, validation error 0.234070 %
     new best AUC!: 0.786152743386
epoch 8, minibatch 2308/2308, validation error 0.234070 %
     new best AUC!: 0.791681871497
epoch 9, minibatch 2308/2308, validation error 0.234070 %
     new best AUC!: 0.793069855337
epoch 10, minibatch 2308/2308, validation error 0.235371 %
epoch 11, minibatch 2308/2308, validation error 0.235371 %
epoch 12, minibatch 2308/2308, validation error 0.235371 %
epoch 13, minibatch 2308/2308, validation error 0.236671 %
epoch 14, minibatch 2308/2308, validation error 0.236671 %
epoch 15, minibatch 2308/2308, validation error 0.237971 %
epoch 16, minibatch 2308/2308, validation error 0.237971 %
epoch 17, minibatch 2308/2308, validation error 0.237971 %
epoch 18, minibatch 2308/2308, validation error 0.237971 %
epoch 19, minibatch 2308/2308, validation error 0.237971 %
epoch 20, minibatch 2308/2308, validation error 0.237971 %
epoch 21, minibatch 2308/2308, validation error 0.237971 %
epoch 22, minibatch 2308/2308, validation error 0.237971 %
epoch 23, minibatch 2308/2308, validation error 0.237971 %
epoch 24, minibatch 2308/2308, validation error 0.237971 %
epoch 25, minibatch 2308/2308, validation error 0.237971 %
epoch 26, minibatch 2308/2308, validation error 0.237971 %
epoch 27, minibatch 2308/2308, validation error 0.237971 %
epoch 28, minibatch 2308/2308, validation error 0.237971 %
epoch 29, minibatch 2308/2308, validation error 0.237971 %
epoch 30, minibatch 2308/2308, validation error 0.237971 %
Optimization complete with best validation score of 0.234070 %, obtained at iteration 2308, with test performance 0.234070 %, and best_auc: 0.793070
runtime: 406730.43 secs.
