000 (14409.008.000) 08/01 05:07:06 Job submitted from host: <144.92.142.140:9620?sock=9267_cb64_3>
...
001 (14409.008.000) 08/01 05:07:51 Job executing on host: <144.92.142.180:9620?sock=7678_2498_3>
...
006 (14409.008.000) 08/01 05:08:00 Image size of job updated: 12600
	13  -  MemoryUsage of job (MB)
	12600  -  ResidentSetSize of job (KB)
...
006 (14409.008.000) 08/01 05:13:00 Image size of job updated: 3460952
	3380  -  MemoryUsage of job (MB)
	3460952  -  ResidentSetSize of job (KB)
...
006 (14409.008.000) 08/01 05:18:00 Image size of job updated: 3665296
	3580  -  MemoryUsage of job (MB)
	3665296  -  ResidentSetSize of job (KB)
...
006 (14409.008.000) 08/01 06:18:07 Image size of job updated: 3675004
	3589  -  MemoryUsage of job (MB)
	3675004  -  ResidentSetSize of job (KB)
...
006 (14409.008.000) 08/01 06:43:10 Image size of job updated: 3681916
	3596  -  MemoryUsage of job (MB)
	3681916  -  ResidentSetSize of job (KB)
...
006 (14409.008.000) 08/01 06:48:11 Image size of job updated: 3697272
	3611  -  MemoryUsage of job (MB)
	3697272  -  ResidentSetSize of job (KB)
...
006 (14409.008.000) 08/01 07:03:13 Image size of job updated: 3703476
	3617  -  MemoryUsage of job (MB)
	3703476  -  ResidentSetSize of job (KB)
...
006 (14409.008.000) 08/01 07:08:13 Image size of job updated: 3704408
	3618  -  MemoryUsage of job (MB)
	3704408  -  ResidentSetSize of job (KB)
...
006 (14409.008.000) 08/01 07:13:13 Image size of job updated: 3705188
	3619  -  MemoryUsage of job (MB)
	3705188  -  ResidentSetSize of job (KB)
...
006 (14409.008.000) 08/01 07:18:14 Image size of job updated: 3720668
	3634  -  MemoryUsage of job (MB)
	3720668  -  ResidentSetSize of job (KB)
...
006 (14409.008.000) 08/01 07:23:14 Image size of job updated: 3721008
	3634  -  MemoryUsage of job (MB)
	3721008  -  ResidentSetSize of job (KB)
...
006 (14409.008.000) 08/01 07:28:14 Image size of job updated: 3721372
	3635  -  MemoryUsage of job (MB)
	3721372  -  ResidentSetSize of job (KB)
...
006 (14409.008.000) 08/01 07:33:15 Image size of job updated: 3736424
	3649  -  MemoryUsage of job (MB)
	3736424  -  ResidentSetSize of job (KB)
...
006 (14409.008.000) 08/01 07:38:16 Image size of job updated: 3736556
	3649  -  MemoryUsage of job (MB)
	3736556  -  ResidentSetSize of job (KB)
...
006 (14409.008.000) 08/01 07:48:17 Image size of job updated: 3736568
	3649  -  MemoryUsage of job (MB)
	3736568  -  ResidentSetSize of job (KB)
...
006 (14409.008.000) 08/01 07:53:18 Image size of job updated: 5160600
	5040  -  MemoryUsage of job (MB)
	5160600  -  ResidentSetSize of job (KB)
...
006 (14409.008.000) 08/01 07:58:18 Image size of job updated: 5177476
	5057  -  MemoryUsage of job (MB)
	5177476  -  ResidentSetSize of job (KB)
...
005 (14409.008.000) 08/01 08:25:08 Job terminated.
	(1) Normal termination (return value 0)
		Usr 2 10:26:16, Sys 0 07:04:37  -  Run Remote Usage
		Usr 0 00:00:00, Sys 0 00:00:00  -  Run Local Usage
		Usr 2 10:26:16, Sys 0 07:04:37  -  Total Remote Usage
		Usr 0 00:00:00, Sys 0 00:00:00  -  Total Local Usage
	0  -  Run Bytes Sent By Job
	0  -  Run Bytes Received By Job
	0  -  Total Bytes Sent By Job
	0  -  Total Bytes Received By Job
	Partitionable Resources :    Usage  Request Allocated
	   Cpus                 :                 8         8
	   Disk (KB)            :        1        1  36412285
	   Memory (MB)          :     5057    10240     25827
...
