_CONDOR_JOB_IWD /mnt/ws/home/jferiante
Cluster 14409
Process 35
RunningOn slot2@opt-a016.discovery.wisc.edu
python th_deep_belief_net.py pcba 35
Running Theano Learn Deep Belief Net for pcba, target: aid485297.........
... building the model
... getting the pretraining functions
... pre-training the model
Pre-training layer 0, epoch 0, cost  -1360.17812597
Pre-training layer 0, epoch 1, cost  -1197.90406832
Pre-training layer 0, epoch 2, cost  -1062.72514553
Pre-training layer 0, epoch 3, cost  -949.676673359
Pre-training layer 0, epoch 4, cost  -854.405447068
Pre-training layer 0, epoch 5, cost  -773.763984403
Pre-training layer 0, epoch 6, cost  -704.863545046
Pre-training layer 0, epoch 7, cost  -645.769060302
Pre-training layer 0, epoch 8, cost  -594.816932051
Pre-training layer 0, epoch 9, cost  -550.459131639
Pre-training layer 1, epoch 0, cost  -1536.60998883
Pre-training layer 1, epoch 1, cost  -1529.55820667
Pre-training layer 1, epoch 2, cost  -1522.92377242
Pre-training layer 1, epoch 3, cost  -1516.70288598
Pre-training layer 1, epoch 4, cost  -1510.92185583
Pre-training layer 1, epoch 5, cost  -1505.55611767
Pre-training layer 1, epoch 6, cost  -1500.48300908
Pre-training layer 1, epoch 7, cost  -1495.7540136
Pre-training layer 1, epoch 8, cost  -1491.34185353
Pre-training layer 1, epoch 9, cost  -1487.20005312
... getting the finetuning functions
... finetuning the model
epoch 1, minibatch 3512/3512, validation error 20.494872 %
     epoch 1, minibatch 3512/3512, best error 19.502564 %, best_auc: 0.883466
epoch 2, minibatch 3512/3512, validation error 19.358974 %
     new best AUC!: 0.892201948805
     epoch 2, minibatch 3512/3512, best error 18.370940 %, best_auc: 0.892202
epoch 3, minibatch 3512/3512, validation error 18.761538 %
     new best AUC!: 0.895731338321
     epoch 3, minibatch 3512/3512, best error 17.982906 %, best_auc: 0.895731
epoch 4, minibatch 3512/3512, validation error 18.447009 %
     new best AUC!: 0.898812536173
     epoch 4, minibatch 3512/3512, best error 17.732479 %, best_auc: 0.898813
epoch 5, minibatch 3512/3512, validation error 18.129915 %
     new best AUC!: 0.902191371816
     epoch 5, minibatch 3512/3512, best error 17.487179 %, best_auc: 0.902191
epoch 6, minibatch 3512/3512, validation error 18.106838 %
     new best AUC!: 0.905782310173
     epoch 6, minibatch 3512/3512, best error 17.398291 %, best_auc: 0.905782
epoch 7, minibatch 3512/3512, validation error 17.829060 %
     new best AUC!: 0.909293747394
     epoch 7, minibatch 3512/3512, best error 17.295726 %, best_auc: 0.909294
epoch 8, minibatch 3512/3512, validation error 17.908547 %
     new best AUC!: 0.912529479234
epoch 9, minibatch 3512/3512, validation error 18.163248 %
     new best AUC!: 0.915281532621
epoch 10, minibatch 3512/3512, validation error 18.054701 %
     new best AUC!: 0.917472315116
epoch 11, minibatch 3512/3512, validation error 18.365812 %
     new best AUC!: 0.919149671652
epoch 12, minibatch 3512/3512, validation error 18.638462 %
     new best AUC!: 0.920404208102
epoch 13, minibatch 3512/3512, validation error 18.955556 %
     new best AUC!: 0.921327088878
epoch 14, minibatch 3512/3512, validation error 19.270085 %
     new best AUC!: 0.921999609465
epoch 15, minibatch 3512/3512, validation error 19.637607 %
     new best AUC!: 0.922491613173
epoch 16, minibatch 3512/3512, validation error 19.629060 %
     new best AUC!: 0.922824100054
epoch 17, minibatch 3512/3512, validation error 19.817949 %
     new best AUC!: 0.923078739416
epoch 18, minibatch 3512/3512, validation error 19.952991 %
     new best AUC!: 0.923253741308
epoch 19, minibatch 3512/3512, validation error 20.202564 %
     new best AUC!: 0.923312299565
epoch 20, minibatch 3512/3512, validation error 20.706838 %
epoch 21, minibatch 3512/3512, validation error 20.999145 %
epoch 22, minibatch 3512/3512, validation error 21.453846 %
epoch 23, minibatch 3512/3512, validation error 21.725641 %
epoch 24, minibatch 3512/3512, validation error 22.211111 %
epoch 25, minibatch 3512/3512, validation error 22.606838 %
epoch 26, minibatch 3512/3512, validation error 23.246154 %
epoch 27, minibatch 3512/3512, validation error 23.752991 %
epoch 28, minibatch 3512/3512, validation error 24.013675 %
epoch 29, minibatch 3512/3512, validation error 24.164103 %
epoch 30, minibatch 3512/3512, validation error 24.343590 %
epoch 31, minibatch 3512/3512, validation error 24.581197 %
epoch 32, minibatch 3512/3512, validation error 24.658974 %
epoch 33, minibatch 3512/3512, validation error 24.769231 %
epoch 34, minibatch 3512/3512, validation error 24.931624 %
epoch 35, minibatch 3512/3512, validation error 25.022222 %
epoch 36, minibatch 3512/3512, validation error 24.917949 %
epoch 37, minibatch 3512/3512, validation error 25.064103 %
Optimization complete with best validation score of 17.829060 %, obtained at iteration 24584, with test performance 17.295726 %, and best_auc: 0.923312
runtime: 447862.96 secs.
