013 (14374.000.000) 07/28 18:09:40 Job was released.
	via condor_release (by user jferiante)
...
001 (14374.000.000) 07/28 18:09:41 Job executing on host: <144.92.142.178:9620?sock=3470_c397_3>
...
006 (14374.000.000) 07/28 18:09:50 Image size of job updated: 32576
	32  -  MemoryUsage of job (MB)
	32576  -  ResidentSetSize of job (KB)
...
006 (14374.000.000) 07/28 18:11:09 Image size of job updated: 251352
	32  -  MemoryUsage of job (MB)
	32576  -  ResidentSetSize of job (KB)
...
005 (14374.000.000) 07/28 18:11:09 Job terminated.
	(1) Normal termination (return value 0)
		Usr 0 00:01:11, Sys 0 00:00:01  -  Run Remote Usage
		Usr 0 00:00:00, Sys 0 00:00:00  -  Run Local Usage
		Usr 0 00:01:11, Sys 0 00:00:01  -  Total Remote Usage
		Usr 0 00:00:00, Sys 0 00:00:00  -  Total Local Usage
	0  -  Run Bytes Sent By Job
	0  -  Run Bytes Received By Job
	0  -  Total Bytes Sent By Job
	0  -  Total Bytes Received By Job
	Partitionable Resources :    Usage  Request Allocated
	   Cpus                 :                 1         1
	   Disk (KB)            :        1        1  48190715
	   Memory (MB)          :       32     2048      4031
...
