000 (14396.000.000) 07/28 17:45:04 Job submitted from host: <144.92.142.140:9620?sock=9267_cb64_3>
...
001 (14396.000.000) 07/28 17:45:33 Job executing on host: <144.92.142.136:9620?sock=6083_9576_4>
...
006 (14396.000.000) 07/28 17:45:41 Image size of job updated: 32052
	32  -  MemoryUsage of job (MB)
	32052  -  ResidentSetSize of job (KB)
...
006 (14396.000.000) 07/28 17:46:42 Image size of job updated: 232748
	32  -  MemoryUsage of job (MB)
	32052  -  ResidentSetSize of job (KB)
...
005 (14396.000.000) 07/28 17:46:42 Job terminated.
	(1) Normal termination (return value 0)
		Usr 0 00:01:07, Sys 0 00:00:01  -  Run Remote Usage
		Usr 0 00:00:00, Sys 0 00:00:00  -  Run Local Usage
		Usr 0 00:01:07, Sys 0 00:00:01  -  Total Remote Usage
		Usr 0 00:00:00, Sys 0 00:00:00  -  Total Local Usage
	0  -  Run Bytes Sent By Job
	0  -  Run Bytes Received By Job
	0  -  Total Bytes Sent By Job
	0  -  Total Bytes Received By Job
	Partitionable Resources :    Usage  Request Allocated
	   Cpus                 :                 1         1
	   Disk (KB)            :        1        1  26035254
	   Memory (MB)          :       32     2048     12288
...
