_CONDOR_JOB_IWD /mnt/ws/home/jferiante
Cluster 14396
Process 0
RunningOn slot10@roy-exec-1.discovery.wisc.edu
python sk_logistic_regression.py tox21 0
Running Scikit Learn Logistic Regression Classifier for tox21.........
Building data for target: nr-ahr, fold: 0
Running logistic regression for target: nr-ahr
target:nr-ahr fold:0 predicted: 2762 wrong: 553 pct correct: 0.799782766112, auc: 0.854019362358
Results for nr-ahr: accuracy: 0.799782766112, auc: 0.854019362358
Building data for target: nr-ahr, fold: 1
Running logistic regression for target: nr-ahr
target:nr-ahr fold:1 predicted: 2762 wrong: 538 pct correct: 0.805213613324, auc: 0.861617598935
Results for nr-ahr: accuracy: 0.802498189718, auc: 0.857818480647
Building data for target: nr-ahr, fold: 2
Running logistic regression for target: nr-ahr
target:nr-ahr fold:2 predicted: 2762 wrong: 622 pct correct: 0.774800868936, auc: 0.844132278809
Results for nr-ahr: accuracy: 0.793265749457, auc: 0.853256413368
Building data for target: nr-ahr, fold: 3
Running logistic regression for target: nr-ahr
target:nr-ahr fold:3 predicted: 2762 wrong: 495 pct correct: 0.820782041999, auc: 0.885173419225
Results for nr-ahr: accuracy: 0.800144822592, auc: 0.861235664832
Building data for target: nr-ahr, fold: 4
Running logistic regression for target: nr-ahr
target:nr-ahr fold:4 predicted: 2790 wrong: 534 pct correct: 0.808602150538, auc: 0.878846853205
Results for nr-ahr: accuracy: 0.801836288181, auc: 0.864757902506
####################  Results for Tox21 ####################
nr-ahr accuracy: 0.801836288181, auc:0.864757902506
############################################################
runtime: 68.36 secs.
