000 (14407.089.000) 07/28 17:55:13 Job submitted from host: <144.92.142.140:9620?sock=9267_cb64_3>
...
001 (14407.089.000) 07/29 03:12:15 Job executing on host: <144.92.142.181:9620?sock=7576_d24e_3>
...
006 (14407.089.000) 07/29 03:12:23 Image size of job updated: 33852
	34  -  MemoryUsage of job (MB)
	33852  -  ResidentSetSize of job (KB)
...
006 (14407.089.000) 07/29 03:17:23 Image size of job updated: 5301348
	5178  -  MemoryUsage of job (MB)
	5301348  -  ResidentSetSize of job (KB)
...
006 (14407.089.000) 07/29 03:22:24 Image size of job updated: 6817700
	6658  -  MemoryUsage of job (MB)
	6817700  -  ResidentSetSize of job (KB)
...
006 (14407.089.000) 07/29 03:42:26 Image size of job updated: 6817736
	6658  -  MemoryUsage of job (MB)
	6817736  -  ResidentSetSize of job (KB)
...
006 (14407.089.000) 07/29 03:52:26 Image size of job updated: 6821704
	6662  -  MemoryUsage of job (MB)
	6821704  -  ResidentSetSize of job (KB)
...
006 (14407.089.000) 07/29 03:57:27 Image size of job updated: 6821748
	6662  -  MemoryUsage of job (MB)
	6821748  -  ResidentSetSize of job (KB)
...
006 (14407.089.000) 07/29 04:02:28 Image size of job updated: 6821824
	6662  -  MemoryUsage of job (MB)
	6821824  -  ResidentSetSize of job (KB)
...
006 (14407.089.000) 07/29 04:07:28 Image size of job updated: 6821900
	6663  -  MemoryUsage of job (MB)
	6821900  -  ResidentSetSize of job (KB)
...
006 (14407.089.000) 07/29 04:27:30 Image size of job updated: 9753892
	9526  -  MemoryUsage of job (MB)
	9753892  -  ResidentSetSize of job (KB)
...
005 (14407.089.000) 07/29 04:39:55 Job terminated.
	(1) Normal termination (return value 0)
		Usr 2 00:21:40, Sys 0 02:33:53  -  Run Remote Usage
		Usr 0 00:00:00, Sys 0 00:00:00  -  Run Local Usage
		Usr 2 00:21:40, Sys 0 02:33:53  -  Total Remote Usage
		Usr 0 00:00:00, Sys 0 00:00:00  -  Total Local Usage
	0  -  Run Bytes Sent By Job
	0  -  Run Bytes Received By Job
	0  -  Total Bytes Sent By Job
	0  -  Total Bytes Received By Job
	Partitionable Resources :    Usage  Request Allocated
	   Cpus                 :                 1         4
	   Disk (KB)            :        1        1  37423794
	   Memory (MB)          :     9526     8192     12913
...
