_CONDOR_JOB_IWD /mnt/ws/home/jferiante
Cluster 14406
Process 9
RunningOn slot7@opt-a016.discovery.wisc.edu
python th_deep_belief_net.py muv 9
Running Theano Learn Deep Belief Net for muv, target: 733.........
... building the model
... getting the pretraining functions
... pre-training the model
Pre-training layer 0, epoch 0, cost  -93.8938859817
Pre-training layer 0, epoch 1, cost  -65.0028058721
Pre-training layer 0, epoch 2, cost  -59.11156104
Pre-training layer 0, epoch 3, cost  -54.9345924613
Pre-training layer 1, epoch 0, cost  -1349.3493904
Pre-training layer 1, epoch 1, cost  -1327.3264838
Pre-training layer 1, epoch 2, cost  -1326.1919925
Pre-training layer 1, epoch 3, cost  -1325.5434206
... getting the finetuning functions
... finetuning the model
     epoch 1, minibatch 95/95, best error 5.709677 %, best_auc: 0.493944
     new best AUC!: 0.503222222222
     new best AUC!: 0.510277777778
     new best AUC!: 0.518583333333
     new best AUC!: 0.526972222222
     new best AUC!: 0.533
     new best AUC!: 0.540833333333
     new best AUC!: 0.543083333333
     new best AUC!: 0.544083333333
     new best AUC!: 0.551472222222
     new best AUC!: 0.5515
     new best AUC!: 0.555361111111
     new best AUC!: 0.559333333333
     new best AUC!: 0.564166666667
     new best AUC!: 0.564611111111
     new best AUC!: 0.564833333333
     new best AUC!: 0.565166666667
Optimization complete with best validation score of 5.709677 %, obtained at iteration 95, with test performance 5.709677 %, and best_auc: 0.565167
runtime: 10576.23 secs.
