_CONDOR_JOB_IWD /mnt/ws/home/jferiante
Cluster 14407
Process 53
RunningOn slot3@opt-a003.discovery.wisc.edu
python th_deep_belief_net.py pcba 53
Running Theano Learn Deep Belief Net for pcba, target: aid504706.........
... building the model
... getting the pretraining functions
... pre-training the model
Pre-training layer 0, epoch 0, cost  -66.6752699996
Pre-training layer 0, epoch 1, cost  -52.6603401705
Pre-training layer 0, epoch 2, cost  -47.0292193768
Pre-training layer 0, epoch 3, cost  -43.4300169707
Pre-training layer 0, epoch 4, cost  -40.8179417801
Pre-training layer 0, epoch 5, cost  -38.7403443302
Pre-training layer 0, epoch 6, cost  -37.0315462844
Pre-training layer 0, epoch 7, cost  -35.6115542384
Pre-training layer 1, epoch 0, cost  -1354.23871432
Pre-training layer 1, epoch 1, cost  -1350.10954147
Pre-training layer 1, epoch 2, cost  -1350.10800262
Pre-training layer 1, epoch 3, cost  -1350.10780198
Pre-training layer 1, epoch 4, cost  -1350.1077814
Pre-training layer 1, epoch 5, cost  -1350.10738006
Pre-training layer 1, epoch 6, cost  -1350.10767484
Pre-training layer 1, epoch 7, cost  -1350.10749207
... getting the finetuning functions
... finetuning the model
     epoch 1, minibatch 1963/1963, best error 1.834862 %, best_auc: 0.500000
Optimization complete with best validation score of 1.831804 %, obtained at iteration 1963, with test performance 1.834862 %, and best_auc: 0.500000
runtime: 241220.68 secs.
