000 (14407.000.000) 07/28 17:55:13 Job submitted from host: <144.92.142.140:9620?sock=9267_cb64_3>
...
001 (14407.000.000) 07/28 19:02:20 Job executing on host: <144.92.142.192:9620?sock=11062_0af0_13>
...
006 (14407.000.000) 07/28 19:02:28 Image size of job updated: 28432
	28  -  MemoryUsage of job (MB)
	28432  -  ResidentSetSize of job (KB)
...
006 (14407.000.000) 07/28 19:07:28 Image size of job updated: 2401752
	2346  -  MemoryUsage of job (MB)
	2401752  -  ResidentSetSize of job (KB)
...
006 (14407.000.000) 07/28 19:12:29 Image size of job updated: 3802096
	3713  -  MemoryUsage of job (MB)
	3802096  -  ResidentSetSize of job (KB)
...
006 (14407.000.000) 07/28 19:17:29 Image size of job updated: 3821992
	3733  -  MemoryUsage of job (MB)
	3821992  -  ResidentSetSize of job (KB)
...
006 (14407.000.000) 07/28 19:22:29 Image size of job updated: 3827612
	3738  -  MemoryUsage of job (MB)
	3827612  -  ResidentSetSize of job (KB)
...
006 (14407.000.000) 07/28 19:27:30 Image size of job updated: 3827640
	3738  -  MemoryUsage of job (MB)
	3827640  -  ResidentSetSize of job (KB)
...
006 (14407.000.000) 07/28 20:37:37 Image size of job updated: 3829648
	3740  -  MemoryUsage of job (MB)
	3829648  -  ResidentSetSize of job (KB)
...
006 (14407.000.000) 07/28 20:47:38 Image size of job updated: 3835800
	3746  -  MemoryUsage of job (MB)
	3835800  -  ResidentSetSize of job (KB)
...
006 (14407.000.000) 07/28 21:07:41 Image size of job updated: 3872388
	3782  -  MemoryUsage of job (MB)
	3872388  -  ResidentSetSize of job (KB)
...
006 (14407.000.000) 07/28 22:07:46 Image size of job updated: 3878144
	3788  -  MemoryUsage of job (MB)
	3878144  -  ResidentSetSize of job (KB)
...
006 (14407.000.000) 07/28 22:12:47 Image size of job updated: 3878864
	3788  -  MemoryUsage of job (MB)
	3878864  -  ResidentSetSize of job (KB)
...
006 (14407.000.000) 07/28 22:17:47 Image size of job updated: 3879584
	3789  -  MemoryUsage of job (MB)
	3879584  -  ResidentSetSize of job (KB)
...
006 (14407.000.000) 07/28 22:22:47 Image size of job updated: 3879768
	3789  -  MemoryUsage of job (MB)
	3879768  -  ResidentSetSize of job (KB)
...
006 (14407.000.000) 07/28 22:32:48 Image size of job updated: 3880008
	3790  -  MemoryUsage of job (MB)
	3880008  -  ResidentSetSize of job (KB)
...
006 (14407.000.000) 07/28 22:37:48 Image size of job updated: 3880068
	3790  -  MemoryUsage of job (MB)
	3880068  -  ResidentSetSize of job (KB)
...
006 (14407.000.000) 07/28 22:47:49 Image size of job updated: 3880168
	3790  -  MemoryUsage of job (MB)
	3880168  -  ResidentSetSize of job (KB)
...
006 (14407.000.000) 07/28 22:52:49 Image size of job updated: 3880888
	3790  -  MemoryUsage of job (MB)
	3880888  -  ResidentSetSize of job (KB)
...
005 (14407.000.000) 07/28 22:58:48 Job terminated.
	(1) Normal termination (return value 0)
		Usr 2 18:56:07, Sys 0 07:08:03  -  Run Remote Usage
		Usr 0 00:00:00, Sys 0 00:00:00  -  Run Local Usage
		Usr 2 18:56:07, Sys 0 07:08:03  -  Total Remote Usage
		Usr 0 00:00:00, Sys 0 00:00:00  -  Total Local Usage
	0  -  Run Bytes Sent By Job
	0  -  Run Bytes Received By Job
	0  -  Total Bytes Sent By Job
	0  -  Total Bytes Received By Job
	Partitionable Resources :    Usage  Request Allocated
	   Cpus                 :                 1         4
	   Disk (KB)            :        1        1  37428480
	   Memory (MB)          :     3790     8192     12915
...
