_CONDOR_JOB_IWD /mnt/ws/home/jferiante
Cluster 14405
Process 35
RunningOn slot16@mir-exec-01.discovery.wisc.edu
python th_deep_belief_net.py dud_e 35
Running Theano Learn Deep Belief Net for dud_e, target: fak1.........
... building the model
... getting the pretraining functions
... pre-training the model
Pre-training layer 0, epoch 0, cost  -125.679689116
Pre-training layer 0, epoch 1, cost  -79.8581057014
Pre-training layer 1, epoch 0, cost  -1391.5650454
Pre-training layer 1, epoch 1, cost  -1373.38324068
... getting the finetuning functions
... finetuning the model
     epoch 1, minibatch 53/53, best error 6.764706 %, best_auc: 0.921633
     new best AUC!: 0.95664983165
     new best AUC!: 0.986069023569
     new best AUC!: 0.99515993266
     new best AUC!: 0.996464646465
     new best AUC!: 0.997264309764
     new best AUC!: 0.997558922559
     epoch 7, minibatch 53/53, best error 1.764706 %, best_auc: 0.997559
     new best AUC!: 0.997727272727
     new best AUC!: 0.997853535354
     new best AUC!: 0.998021885522
     new best AUC!: 0.99819023569
     new best AUC!: 0.998232323232
     new best AUC!: 0.998442760943
     new best AUC!: 0.998484848485
     new best AUC!: 0.998526936027
     new best AUC!: 0.998611111111
     new best AUC!: 0.998653198653
     new best AUC!: 0.998737373737
     new best AUC!: 0.998737373737
     new best AUC!: 0.998779461279
     new best AUC!: 0.998779461279
     new best AUC!: 0.998821548822
     new best AUC!: 0.998821548822
     new best AUC!: 0.998863636364
     new best AUC!: 0.998905723906
     new best AUC!: 0.998947811448
     new best AUC!: 0.998947811448
     new best AUC!: 0.99898989899
     new best AUC!: 0.999031986532
     new best AUC!: 0.999074074074
     new best AUC!: 0.999074074074
     new best AUC!: 0.999116161616
     new best AUC!: 0.999158249158
     new best AUC!: 0.999158249158
     new best AUC!: 0.9992003367
     new best AUC!: 0.9992003367
     new best AUC!: 0.9992003367
Optimization complete with best validation score of 3.411765 %, obtained at iteration 371, with test performance 1.764706 %, and best_auc: 0.999200
runtime: 16565.33 secs.
