_CONDOR_JOB_IWD /mnt/ws/home/jferiante
Cluster 14407
Process 73
RunningOn slot10@wid-006.discovery.wisc.edu
python th_deep_belief_net.py pcba 73
Running Theano Learn Deep Belief Net for pcba, target: aid624170.........
... building the model
... getting the pretraining functions
... pre-training the model
Pre-training layer 0, epoch 0, cost  -65.6765707511
Pre-training layer 0, epoch 1, cost  -51.4102783622
Pre-training layer 0, epoch 2, cost  -45.7245573451
Pre-training layer 0, epoch 3, cost  -42.0831437353
Pre-training layer 0, epoch 4, cost  -39.4349223226
Pre-training layer 0, epoch 5, cost  -37.3279706814
Pre-training layer 0, epoch 6, cost  -35.6330297485
Pre-training layer 0, epoch 7, cost  -34.1539465946
Pre-training layer 1, epoch 0, cost  -1351.19361958
Pre-training layer 1, epoch 1, cost  -1347.85980583
Pre-training layer 1, epoch 2, cost  -1347.85914608
Pre-training layer 1, epoch 3, cost  -1347.85902426
Pre-training layer 1, epoch 4, cost  -1347.85886305
Pre-training layer 1, epoch 5, cost  -1347.85870482
Pre-training layer 1, epoch 6, cost  -1347.85883232
Pre-training layer 1, epoch 7, cost  -1347.85896356
... getting the finetuning functions
... finetuning the model
     epoch 1, minibatch 2577/2577, best error 5.831002 %, best_auc: 0.500000
Optimization complete with best validation score of 5.835664 %, obtained at iteration 2577, with test performance 5.831002 %, and best_auc: 0.500000
runtime: 41632.09 secs.
