_CONDOR_JOB_IWD /mnt/ws/home/jferiante
Cluster 14405
Process 61
RunningOn slot21@mir-exec-01.discovery.wisc.edu
python th_deep_belief_net.py dud_e 61
Running Theano Learn Deep Belief Net for dud_e, target: lkha4.........
... building the model
... getting the pretraining functions
... pre-training the model
Pre-training layer 0, epoch 0, cost  -97.7357045932
Pre-training layer 0, epoch 1, cost  -69.5903523902
Pre-training layer 1, epoch 0, cost  -1385.16246709
Pre-training layer 1, epoch 1, cost  -1370.78407246
... getting the finetuning functions
... finetuning the model
     epoch 1, minibatch 101/101, best error 43.060606 %, best_auc: 0.762654
     new best AUC!: 0.886796394019
     new best AUC!: 0.899290897098
     new best AUC!: 0.902413148637
     new best AUC!: 0.923334432718
     new best AUC!: 0.923653254178
     new best AUC!: 0.924054529464
     new best AUC!: 0.989621811785
     epoch 37, minibatch 101/101, best error 2.787879 %, best_auc: 0.989622
     new best AUC!: 0.998933597186
     epoch 38, minibatch 101/101, best error 1.878788 %, best_auc: 0.998934
     new best AUC!: 0.999923043096
     new best AUC!: 1.0
     epoch 43, minibatch 101/101, best error 0.000000 %, best_auc: 1.000000
Optimization complete with best validation score of 0.939394 %, obtained at iteration 4343, with test performance 0.000000 %, and best_auc: 1.000000
runtime: 5300.87 secs.
