000 (14405.063.000) 07/28 17:54:47 Job submitted from host: <144.92.142.140:9620?sock=9267_cb64_3>
...
001 (14405.063.000) 07/28 18:05:43 Job executing on host: <144.92.142.141:9620?sock=4744_8b2e_3>
...
007 (14405.063.000) 07/28 18:05:43 Shadow exception!
	Error from slot12@mir-exec-01.discovery.wisc.edu: Failed to execute '/mnt/ws/home/jferiante/wid-stnn_dbn-dude.sh': (errno=13: 'Permission denied')
	0  -  Run Bytes Sent By Job
	0  -  Run Bytes Received By Job
...
012 (14405.063.000) 07/28 18:05:43 Job was held.
	Error from slot12@mir-exec-01.discovery.wisc.edu: Failed to execute '/mnt/ws/home/jferiante/wid-stnn_dbn-dude.sh': (errno=13: 'Permission denied')
	Code 6 Subcode 13
...
013 (14405.063.000) 07/28 18:09:40 Job was released.
	via condor_release (by user jferiante)
...
001 (14405.063.000) 07/28 18:17:44 Job executing on host: <144.92.142.164:9620?sock=10436_0991_3>
...
006 (14405.063.000) 07/28 18:17:53 Image size of job updated: 33024
	33  -  MemoryUsage of job (MB)
	33024  -  ResidentSetSize of job (KB)
...
006 (14405.063.000) 07/28 18:22:54 Image size of job updated: 418928
	410  -  MemoryUsage of job (MB)
	418928  -  ResidentSetSize of job (KB)
...
006 (14405.063.000) 07/28 18:27:54 Image size of job updated: 444248
	434  -  MemoryUsage of job (MB)
	444248  -  ResidentSetSize of job (KB)
...
006 (14405.063.000) 07/28 18:32:54 Image size of job updated: 465524
	455  -  MemoryUsage of job (MB)
	465524  -  ResidentSetSize of job (KB)
...
006 (14405.063.000) 07/28 18:37:55 Image size of job updated: 525108
	513  -  MemoryUsage of job (MB)
	525108  -  ResidentSetSize of job (KB)
...
006 (14405.063.000) 07/28 18:47:55 Image size of job updated: 543524
	531  -  MemoryUsage of job (MB)
	543524  -  ResidentSetSize of job (KB)
...
006 (14405.063.000) 07/28 18:52:56 Image size of job updated: 552332
	540  -  MemoryUsage of job (MB)
	552332  -  ResidentSetSize of job (KB)
...
005 (14405.063.000) 07/28 19:03:49 Job terminated.
	(1) Normal termination (return value 0)
		Usr 0 09:17:05, Sys 0 00:49:18  -  Run Remote Usage
		Usr 0 00:00:00, Sys 0 00:00:00  -  Run Local Usage
		Usr 0 09:17:05, Sys 0 00:49:18  -  Total Remote Usage
		Usr 0 00:00:00, Sys 0 00:00:00  -  Total Local Usage
	0  -  Run Bytes Sent By Job
	0  -  Run Bytes Received By Job
	0  -  Total Bytes Sent By Job
	0  -  Total Bytes Received By Job
	Partitionable Resources :    Usage  Request Allocated
	   Cpus                 :                 1         1
	   Disk (KB)            :        1        1  34974354
	   Memory (MB)          :      540     3072      3228
...
