000 (14405.054.000) 07/28 17:54:47 Job submitted from host: <144.92.142.140:9620?sock=9267_cb64_3>
...
001 (14405.054.000) 07/28 18:05:43 Job executing on host: <144.92.142.141:9620?sock=4744_8b2e_3>
...
007 (14405.054.000) 07/28 18:05:43 Shadow exception!
	Error from slot12@mir-exec-01.discovery.wisc.edu: Failed to execute '/mnt/ws/home/jferiante/wid-stnn_dbn-dude.sh': (errno=13: 'Permission denied')
	0  -  Run Bytes Sent By Job
	0  -  Run Bytes Received By Job
...
012 (14405.054.000) 07/28 18:05:43 Job was held.
	Error from slot12@mir-exec-01.discovery.wisc.edu: Failed to execute '/mnt/ws/home/jferiante/wid-stnn_dbn-dude.sh': (errno=13: 'Permission denied')
	Code 6 Subcode 13
...
013 (14405.054.000) 07/28 18:09:40 Job was released.
	via condor_release (by user jferiante)
...
001 (14405.054.000) 07/28 18:13:15 Job executing on host: <144.92.142.141:9620?sock=4744_8b2e_3>
...
006 (14405.054.000) 07/28 18:13:24 Image size of job updated: 12592
	13  -  MemoryUsage of job (MB)
	12592  -  ResidentSetSize of job (KB)
...
006 (14405.054.000) 07/28 18:18:25 Image size of job updated: 283104
	277  -  MemoryUsage of job (MB)
	283104  -  ResidentSetSize of job (KB)
...
006 (14405.054.000) 07/28 18:23:25 Image size of job updated: 331552
	324  -  MemoryUsage of job (MB)
	331552  -  ResidentSetSize of job (KB)
...
006 (14405.054.000) 07/28 18:28:25 Image size of job updated: 332664
	325  -  MemoryUsage of job (MB)
	332664  -  ResidentSetSize of job (KB)
...
006 (14405.054.000) 07/28 18:33:26 Image size of job updated: 338252
	331  -  MemoryUsage of job (MB)
	338252  -  ResidentSetSize of job (KB)
...
006 (14405.054.000) 07/28 18:38:26 Image size of job updated: 341472
	334  -  MemoryUsage of job (MB)
	341472  -  ResidentSetSize of job (KB)
...
006 (14405.054.000) 07/28 18:43:26 Image size of job updated: 341720
	334  -  MemoryUsage of job (MB)
	341720  -  ResidentSetSize of job (KB)
...
006 (14405.054.000) 07/28 18:58:28 Image size of job updated: 342804
	335  -  MemoryUsage of job (MB)
	342804  -  ResidentSetSize of job (KB)
...
006 (14405.054.000) 07/28 19:03:29 Image size of job updated: 344664
	337  -  MemoryUsage of job (MB)
	344664  -  ResidentSetSize of job (KB)
...
006 (14405.054.000) 07/28 19:08:30 Image size of job updated: 345128
	338  -  MemoryUsage of job (MB)
	345128  -  ResidentSetSize of job (KB)
...
006 (14405.054.000) 07/28 19:18:30 Image size of job updated: 349956
	342  -  MemoryUsage of job (MB)
	349956  -  ResidentSetSize of job (KB)
...
006 (14405.054.000) 07/28 19:21:00 Image size of job updated: 354820
	342  -  MemoryUsage of job (MB)
	349956  -  ResidentSetSize of job (KB)
...
005 (14405.054.000) 07/28 19:21:00 Job terminated.
	(1) Normal termination (return value 0)
		Usr 0 01:07:53, Sys 0 00:08:18  -  Run Remote Usage
		Usr 0 00:00:00, Sys 0 00:00:00  -  Run Local Usage
		Usr 0 01:07:53, Sys 0 00:08:18  -  Total Remote Usage
		Usr 0 00:00:00, Sys 0 00:00:00  -  Total Local Usage
	0  -  Run Bytes Sent By Job
	0  -  Run Bytes Received By Job
	0  -  Total Bytes Sent By Job
	0  -  Total Bytes Received By Job
	Partitionable Resources :    Usage  Request Allocated
	   Cpus                 :                 1         1
	   Disk (KB)            :        1        1  10268439
	   Memory (MB)          :      342     3072      4031
...
