013 (14385.023.000) 07/28 18:09:40 Job was released.
	via condor_release (by user jferiante)
...
001 (14385.023.000) 07/28 18:09:55 Job executing on host: <144.92.142.174:9620?sock=5096_79fc_3>
...
007 (14385.023.000) 07/28 18:09:55 Shadow exception!
	Error from slot7@opt-a014.discovery.wisc.edu: Failed to execute '/mnt/ws/home/jferiante/wid_jobs/th_deep_belief_net/wid-stnn_dbn-muv.sh': (errno=2: 'No such file or directory')
	0  -  Run Bytes Sent By Job
	0  -  Run Bytes Received By Job
...
012 (14385.023.000) 07/28 18:09:55 Job was held.
	Error from slot7@opt-a014.discovery.wisc.edu: Failed to execute '/mnt/ws/home/jferiante/wid_jobs/th_deep_belief_net/wid-stnn_dbn-muv.sh': (errno=2: 'No such file or directory')
	Code 6 Subcode 2
...
013 (14385.023.000) 07/28 18:10:35 Job was released.
	via condor_release (by user jferiante)
...
001 (14385.023.000) 07/28 18:11:08 Job executing on host: <144.92.142.163:9620?sock=10480_4475_3>
...
007 (14385.023.000) 07/28 18:11:08 Shadow exception!
	Error from slot8@opt-a003.discovery.wisc.edu: Failed to execute '/mnt/ws/home/jferiante/wid_jobs/th_deep_belief_net/wid-stnn_dbn-muv.sh': (errno=2: 'No such file or directory')
	0  -  Run Bytes Sent By Job
	0  -  Run Bytes Received By Job
...
012 (14385.023.000) 07/28 18:11:08 Job was held.
	Error from slot8@opt-a003.discovery.wisc.edu: Failed to execute '/mnt/ws/home/jferiante/wid_jobs/th_deep_belief_net/wid-stnn_dbn-muv.sh': (errno=2: 'No such file or directory')
	Code 6 Subcode 2
...
013 (14385.023.000) 07/28 19:07:45 Job was released.
	via condor_release (by user jferiante)
...
001 (14385.023.000) 07/28 19:08:22 Job executing on host: <144.92.142.181:9620?sock=7576_d24e_3>
...
007 (14385.023.000) 07/28 19:08:22 Shadow exception!
	Error from slot12@opt-a016.discovery.wisc.edu: Failed to execute '/mnt/ws/home/jferiante/wid_jobs/th_deep_belief_net/wid-stnn_dbn-muv.sh': (errno=2: 'No such file or directory')
	0  -  Run Bytes Sent By Job
	0  -  Run Bytes Received By Job
...
012 (14385.023.000) 07/28 19:08:23 Job was held.
	Error from slot12@opt-a016.discovery.wisc.edu: Failed to execute '/mnt/ws/home/jferiante/wid_jobs/th_deep_belief_net/wid-stnn_dbn-muv.sh': (errno=2: 'No such file or directory')
	Code 6 Subcode 2
...
013 (14385.023.000) 07/28 19:37:52 Job was released.
	via condor_release (by user jferiante)
...
001 (14385.023.000) 07/28 19:38:07 Job executing on host: <144.92.142.180:9620?sock=7678_2498_3>
...
007 (14385.023.000) 07/28 19:38:07 Shadow exception!
	Error from slot11@opt-a015.discovery.wisc.edu: Failed to execute '/mnt/ws/home/jferiante/wid_jobs/th_deep_belief_net/wid-stnn_dbn-muv.sh': (errno=2: 'No such file or directory')
	0  -  Run Bytes Sent By Job
	0  -  Run Bytes Received By Job
...
012 (14385.023.000) 07/28 19:38:07 Job was held.
	Error from slot11@opt-a015.discovery.wisc.edu: Failed to execute '/mnt/ws/home/jferiante/wid_jobs/th_deep_belief_net/wid-stnn_dbn-muv.sh': (errno=2: 'No such file or directory')
	Code 6 Subcode 2
...
009 (14385.023.000) 07/29 12:01:21 Job was aborted by the user.
	via condor_rm (by user jferiante)
...
