000 (14407.112.000) 07/28 17:55:14 Job submitted from host: <144.92.142.140:9620?sock=9267_cb64_3>
...
001 (14407.112.000) 07/29 04:46:32 Job executing on host: <144.92.142.192:9620?sock=11062_0af0_13>
...
006 (14407.112.000) 07/29 04:46:40 Image size of job updated: 27800
	28  -  MemoryUsage of job (MB)
	27800  -  ResidentSetSize of job (KB)
...
006 (14407.112.000) 07/29 04:51:40 Image size of job updated: 377904
	370  -  MemoryUsage of job (MB)
	377904  -  ResidentSetSize of job (KB)
...
006 (14407.112.000) 07/29 04:56:40 Image size of job updated: 495560
	484  -  MemoryUsage of job (MB)
	495560  -  ResidentSetSize of job (KB)
...
006 (14407.112.000) 07/29 05:01:41 Image size of job updated: 532924
	521  -  MemoryUsage of job (MB)
	532924  -  ResidentSetSize of job (KB)
...
006 (14407.112.000) 07/29 05:06:41 Image size of job updated: 580100
	567  -  MemoryUsage of job (MB)
	580100  -  ResidentSetSize of job (KB)
...
006 (14407.112.000) 07/29 05:11:41 Image size of job updated: 598500
	585  -  MemoryUsage of job (MB)
	598500  -  ResidentSetSize of job (KB)
...
006 (14407.112.000) 07/29 05:16:43 Image size of job updated: 607364
	594  -  MemoryUsage of job (MB)
	607364  -  ResidentSetSize of job (KB)
...
006 (14407.112.000) 07/29 05:21:43 Image size of job updated: 672308
	657  -  MemoryUsage of job (MB)
	672308  -  ResidentSetSize of job (KB)
...
006 (14407.112.000) 07/29 05:56:47 Image size of job updated: 678852
	663  -  MemoryUsage of job (MB)
	678852  -  ResidentSetSize of job (KB)
...
006 (14407.112.000) 07/29 06:01:47 Image size of job updated: 687660
	672  -  MemoryUsage of job (MB)
	687660  -  ResidentSetSize of job (KB)
...
006 (14407.112.000) 07/29 06:11:48 Image size of job updated: 731324
	715  -  MemoryUsage of job (MB)
	731324  -  ResidentSetSize of job (KB)
...
006 (14407.112.000) 07/29 06:16:48 Image size of job updated: 805520
	787  -  MemoryUsage of job (MB)
	805520  -  ResidentSetSize of job (KB)
...
006 (14407.112.000) 07/29 06:21:49 Image size of job updated: 823136
	804  -  MemoryUsage of job (MB)
	823136  -  ResidentSetSize of job (KB)
...
006 (14407.112.000) 07/29 06:36:51 Image size of job updated: 830880
	812  -  MemoryUsage of job (MB)
	830880  -  ResidentSetSize of job (KB)
...
005 (14407.112.000) 07/29 06:39:57 Job terminated.
	(1) Normal termination (return value 0)
		Usr 1 08:59:57, Sys 0 03:24:27  -  Run Remote Usage
		Usr 0 00:00:00, Sys 0 00:00:00  -  Run Local Usage
		Usr 1 08:59:57, Sys 0 03:24:27  -  Total Remote Usage
		Usr 0 00:00:00, Sys 0 00:00:00  -  Total Local Usage
	0  -  Run Bytes Sent By Job
	0  -  Run Bytes Received By Job
	0  -  Total Bytes Sent By Job
	0  -  Total Bytes Received By Job
	Partitionable Resources :    Usage  Request Allocated
	   Cpus                 :                 1         4
	   Disk (KB)            :        1        1  37423111
	   Memory (MB)          :      812     8192     12915
...
