_CONDOR_JOB_IWD /mnt/ws/home/jferiante
Cluster 14407
Process 70
RunningOn slot16@wid-001.discovery.wisc.edu
python th_deep_belief_net.py pcba 70
Running Theano Learn Deep Belief Net for pcba, target: aid602310.........
... building the model
... getting the pretraining functions
... pre-training the model
Pre-training layer 0, epoch 0, cost  -65.6995250836
Pre-training layer 0, epoch 1, cost  -51.4673013422
Pre-training layer 0, epoch 2, cost  -45.8433976073
Pre-training layer 0, epoch 3, cost  -42.2474367444
Pre-training layer 0, epoch 4, cost  -39.61609343
Pre-training layer 0, epoch 5, cost  -37.5499373568
Pre-training layer 0, epoch 6, cost  -35.8443575461
Pre-training layer 0, epoch 7, cost  -34.3978434021
Pre-training layer 1, epoch 0, cost  -1353.15264448
Pre-training layer 1, epoch 1, cost  -1349.83203467
Pre-training layer 1, epoch 2, cost  -1349.83080754
Pre-training layer 1, epoch 3, cost  -1349.83123367
Pre-training layer 1, epoch 4, cost  -1349.83089499
Pre-training layer 1, epoch 5, cost  -1349.83096844
Pre-training layer 1, epoch 6, cost  -1349.83058123
Pre-training layer 1, epoch 7, cost  -1349.83088362
... getting the finetuning functions
... finetuning the model
     epoch 1, minibatch 2467/2467, best error 2.260341 %, best_auc: 0.500000
Optimization complete with best validation score of 2.262774 %, obtained at iteration 2467, with test performance 2.260341 %, and best_auc: 0.500000
runtime: 39108.20 secs.
