_CONDOR_JOB_IWD /mnt/ws/home/jferiante
Cluster 14405
Process 19
RunningOn slot17@wid-007.discovery.wisc.edu
python th_deep_belief_net.py dud_e 19
Running Theano Learn Deep Belief Net for dud_e, target: comt.........
... building the model
... getting the pretraining functions
... pre-training the model
Pre-training layer 0, epoch 0, cost  -123.284687641
Pre-training layer 0, epoch 1, cost  -63.6258853087
Pre-training layer 1, epoch 0, cost  -1397.58109458
Pre-training layer 1, epoch 1, cost  -1379.9363323
... getting the finetuning functions
... finetuning the model
     epoch 1, minibatch 39/39, best error 39.333333 %, best_auc: 0.854515
     new best AUC!: 0.912926189584
     epoch 5, minibatch 39/39, best error 20.666667 %, best_auc: 0.912926
     new best AUC!: 0.982465342825
     epoch 6, minibatch 39/39, best error 9.666667 %, best_auc: 0.982465
     new best AUC!: 0.996103409517
     new best AUC!: 0.999700262271
     new best AUC!: 1.0
     epoch 9, minibatch 39/39, best error 0.166667 %, best_auc: 1.000000
     epoch 10, minibatch 39/39, best error 0.000000 %, best_auc: 1.000000
     epoch 11, minibatch 39/39, best error 0.000000 %, best_auc: 1.000000
     epoch 12, minibatch 39/39, best error 0.000000 %, best_auc: 1.000000
     epoch 24, minibatch 39/39, best error 0.000000 %, best_auc: 1.000000
Optimization complete with best validation score of 0.000000 %, obtained at iteration 936, with test performance 0.000000 %, and best_auc: 1.000000
runtime: 2881.41 secs.
