013 (14387.114.000) 07/28 18:09:41 Job was released.
	via condor_release (by user jferiante)
...
001 (14387.114.000) 07/28 18:10:26 Job executing on host: <144.92.142.181:9620?sock=7576_d24e_3>
...
007 (14387.114.000) 07/28 18:10:26 Shadow exception!
	Error from slot3@opt-a016.discovery.wisc.edu: Failed to execute '/mnt/ws/home/jferiante/wid_jobs/th_deep_belief_net/wid-stnn_dbn-pcba.sh': (errno=2: 'No such file or directory')
	0  -  Run Bytes Sent By Job
	0  -  Run Bytes Received By Job
...
012 (14387.114.000) 07/28 18:10:26 Job was held.
	Error from slot3@opt-a016.discovery.wisc.edu: Failed to execute '/mnt/ws/home/jferiante/wid_jobs/th_deep_belief_net/wid-stnn_dbn-pcba.sh': (errno=2: 'No such file or directory')
	Code 6 Subcode 2
...
013 (14387.114.000) 07/28 18:10:36 Job was released.
	via condor_release (by user jferiante)
...
001 (14387.114.000) 07/28 18:11:26 Job executing on host: <144.92.142.136:9620?sock=6083_9576_4>
...
007 (14387.114.000) 07/28 18:11:26 Shadow exception!
	Error from slot14@roy-exec-1.discovery.wisc.edu: Failed to execute '/mnt/ws/home/jferiante/wid_jobs/th_deep_belief_net/wid-stnn_dbn-pcba.sh': (errno=2: 'No such file or directory')
	0  -  Run Bytes Sent By Job
	0  -  Run Bytes Received By Job
...
012 (14387.114.000) 07/28 18:11:26 Job was held.
	Error from slot14@roy-exec-1.discovery.wisc.edu: Failed to execute '/mnt/ws/home/jferiante/wid_jobs/th_deep_belief_net/wid-stnn_dbn-pcba.sh': (errno=2: 'No such file or directory')
	Code 6 Subcode 2
...
013 (14387.114.000) 07/28 19:07:45 Job was released.
	via condor_release (by user jferiante)
...
001 (14387.114.000) 07/28 19:08:48 Job executing on host: <144.92.142.161:9620?sock=10442_34dc_3>
...
007 (14387.114.000) 07/28 19:08:48 Shadow exception!
	Error from slot5@opt-a001.discovery.wisc.edu: Failed to execute '/mnt/ws/home/jferiante/wid_jobs/th_deep_belief_net/wid-stnn_dbn-pcba.sh': (errno=2: 'No such file or directory')
	0  -  Run Bytes Sent By Job
	0  -  Run Bytes Received By Job
...
012 (14387.114.000) 07/28 19:08:48 Job was held.
	Error from slot5@opt-a001.discovery.wisc.edu: Failed to execute '/mnt/ws/home/jferiante/wid_jobs/th_deep_belief_net/wid-stnn_dbn-pcba.sh': (errno=2: 'No such file or directory')
	Code 6 Subcode 2
...
013 (14387.114.000) 07/28 19:37:52 Job was released.
	via condor_release (by user jferiante)
...
001 (14387.114.000) 07/28 19:47:27 Job executing on host: <144.92.142.171:9620?sock=8523_2124_4>
...
007 (14387.114.000) 07/28 19:47:27 Shadow exception!
	Error from slot1@opt-a011.discovery.wisc.edu: Failed to execute '/mnt/ws/home/jferiante/wid_jobs/th_deep_belief_net/wid-stnn_dbn-pcba.sh': (errno=2: 'No such file or directory')
	0  -  Run Bytes Sent By Job
	0  -  Run Bytes Received By Job
...
012 (14387.114.000) 07/28 19:47:27 Job was held.
	Error from slot1@opt-a011.discovery.wisc.edu: Failed to execute '/mnt/ws/home/jferiante/wid_jobs/th_deep_belief_net/wid-stnn_dbn-pcba.sh': (errno=2: 'No such file or directory')
	Code 6 Subcode 2
...
009 (14387.114.000) 07/29 12:01:22 Job was aborted by the user.
	via condor_rm (by user jferiante)
...
