000 (14405.072.000) 07/28 17:54:47 Job submitted from host: <144.92.142.140:9620?sock=9267_cb64_3>
...
001 (14405.072.000) 07/28 18:05:44 Job executing on host: <144.92.142.192:9620?sock=11062_0af0_13>
...
007 (14405.072.000) 07/28 18:05:44 Shadow exception!
	Error from slot8@opt-a018.discovery.wisc.edu: Failed to execute '/mnt/ws/home/jferiante/wid-stnn_dbn-dude.sh': (errno=13: 'Permission denied')
	0  -  Run Bytes Sent By Job
	0  -  Run Bytes Received By Job
...
012 (14405.072.000) 07/28 18:05:44 Job was held.
	Error from slot8@opt-a018.discovery.wisc.edu: Failed to execute '/mnt/ws/home/jferiante/wid-stnn_dbn-dude.sh': (errno=13: 'Permission denied')
	Code 6 Subcode 13
...
013 (14405.072.000) 07/28 18:09:40 Job was released.
	via condor_release (by user jferiante)
...
001 (14405.072.000) 07/28 18:21:52 Job executing on host: <144.92.142.178:9620?sock=3470_c397_3>
...
006 (14405.072.000) 07/28 18:22:00 Image size of job updated: 24540
	24  -  MemoryUsage of job (MB)
	24540  -  ResidentSetSize of job (KB)
...
006 (14405.072.000) 07/28 18:27:00 Image size of job updated: 272076
	266  -  MemoryUsage of job (MB)
	272076  -  ResidentSetSize of job (KB)
...
006 (14405.072.000) 07/28 18:32:01 Image size of job updated: 301624
	295  -  MemoryUsage of job (MB)
	301624  -  ResidentSetSize of job (KB)
...
006 (14405.072.000) 07/28 18:37:02 Image size of job updated: 312012
	305  -  MemoryUsage of job (MB)
	312012  -  ResidentSetSize of job (KB)
...
006 (14405.072.000) 07/28 18:42:02 Image size of job updated: 312416
	306  -  MemoryUsage of job (MB)
	312416  -  ResidentSetSize of job (KB)
...
006 (14405.072.000) 07/28 18:52:03 Image size of job updated: 324340
	317  -  MemoryUsage of job (MB)
	324340  -  ResidentSetSize of job (KB)
...
006 (14405.072.000) 07/28 18:57:03 Image size of job updated: 326696
	320  -  MemoryUsage of job (MB)
	326696  -  ResidentSetSize of job (KB)
...
006 (14405.072.000) 07/28 19:02:03 Image size of job updated: 326740
	320  -  MemoryUsage of job (MB)
	326740  -  ResidentSetSize of job (KB)
...
006 (14405.072.000) 07/28 19:07:38 Image size of job updated: 333880
	320  -  MemoryUsage of job (MB)
	326740  -  ResidentSetSize of job (KB)
...
005 (14405.072.000) 07/28 19:07:38 Job terminated.
	(1) Normal termination (return value 0)
		Usr 0 00:44:31, Sys 0 00:04:27  -  Run Remote Usage
		Usr 0 00:00:00, Sys 0 00:00:00  -  Run Local Usage
		Usr 0 00:44:31, Sys 0 00:04:27  -  Total Remote Usage
		Usr 0 00:00:00, Sys 0 00:00:00  -  Total Local Usage
	0  -  Run Bytes Sent By Job
	0  -  Run Bytes Received By Job
	0  -  Total Bytes Sent By Job
	0  -  Total Bytes Received By Job
	Partitionable Resources :    Usage  Request Allocated
	   Cpus                 :                 1         1
	   Disk (KB)            :        1        1  49126939
	   Memory (MB)          :      320     3072      4031
...
