000 (14407.034.000) 07/28 17:55:13 Job submitted from host: <144.92.142.140:9620?sock=9267_cb64_3>
...
001 (14407.034.000) 07/28 20:56:58 Job executing on host: <144.92.142.180:9620?sock=7678_2498_3>
...
006 (14407.034.000) 07/28 20:57:07 Image size of job updated: 34356
	34  -  MemoryUsage of job (MB)
	34356  -  ResidentSetSize of job (KB)
...
006 (14407.034.000) 07/28 21:02:07 Image size of job updated: 5012104
	4895  -  MemoryUsage of job (MB)
	5012104  -  ResidentSetSize of job (KB)
...
006 (14407.034.000) 07/28 21:07:07 Image size of job updated: 5507008
	5378  -  MemoryUsage of job (MB)
	5507008  -  ResidentSetSize of job (KB)
...
006 (14407.034.000) 07/28 21:12:08 Image size of job updated: 5554552
	5425  -  MemoryUsage of job (MB)
	5554552  -  ResidentSetSize of job (KB)
...
006 (14407.034.000) 07/28 21:17:08 Image size of job updated: 5565192
	5435  -  MemoryUsage of job (MB)
	5565192  -  ResidentSetSize of job (KB)
...
006 (14407.034.000) 07/28 21:37:10 Image size of job updated: 5565220
	5435  -  MemoryUsage of job (MB)
	5565220  -  ResidentSetSize of job (KB)
...
006 (14407.034.000) 07/28 21:52:12 Image size of job updated: 5573444
	5443  -  MemoryUsage of job (MB)
	5573444  -  ResidentSetSize of job (KB)
...
006 (14407.034.000) 07/28 22:32:15 Image size of job updated: 5582992
	5453  -  MemoryUsage of job (MB)
	5582992  -  ResidentSetSize of job (KB)
...
006 (14407.034.000) 07/28 22:37:16 Image size of job updated: 5597672
	5467  -  MemoryUsage of job (MB)
	5597672  -  ResidentSetSize of job (KB)
...
006 (14407.034.000) 07/28 22:42:16 Image size of job updated: 5628056
	5497  -  MemoryUsage of job (MB)
	5628056  -  ResidentSetSize of job (KB)
...
006 (14407.034.000) 07/28 22:47:16 Image size of job updated: 5628184
	5497  -  MemoryUsage of job (MB)
	5628184  -  ResidentSetSize of job (KB)
...
006 (14407.034.000) 07/28 22:52:17 Image size of job updated: 5652996
	5521  -  MemoryUsage of job (MB)
	5652996  -  ResidentSetSize of job (KB)
...
006 (14407.034.000) 07/28 22:57:17 Image size of job updated: 5655204
	5523  -  MemoryUsage of job (MB)
	5655204  -  ResidentSetSize of job (KB)
...
006 (14407.034.000) 07/28 23:02:17 Image size of job updated: 5655416
	5523  -  MemoryUsage of job (MB)
	5655416  -  ResidentSetSize of job (KB)
...
006 (14407.034.000) 07/28 23:03:45 Image size of job updated: 5678272
	5523  -  MemoryUsage of job (MB)
	5655416  -  ResidentSetSize of job (KB)
...
005 (14407.034.000) 07/28 23:03:45 Job terminated.
	(1) Normal termination (return value 0)
		Usr 1 16:41:32, Sys 0 03:54:57  -  Run Remote Usage
		Usr 0 00:00:00, Sys 0 00:00:00  -  Run Local Usage
		Usr 1 16:41:32, Sys 0 03:54:57  -  Total Remote Usage
		Usr 0 00:00:00, Sys 0 00:00:00  -  Total Local Usage
	0  -  Run Bytes Sent By Job
	0  -  Run Bytes Received By Job
	0  -  Total Bytes Sent By Job
	0  -  Total Bytes Received By Job
	Partitionable Resources :    Usage  Request Allocated
	   Cpus                 :                 1         4
	   Disk (KB)            :        1        1  36982944
	   Memory (MB)          :     5523     8192     12913
...
