_CONDOR_JOB_IWD /mnt/ws/home/jferiante
Cluster 14407
Process 68
RunningOn slot11@wid-001.discovery.wisc.edu
python th_deep_belief_net.py pcba 68
Running Theano Learn Deep Belief Net for pcba, target: aid602179.........
... building the model
... getting the pretraining functions
... pre-training the model
Pre-training layer 0, epoch 0, cost  -65.7935647692
Pre-training layer 0, epoch 1, cost  -51.4911300146
Pre-training layer 0, epoch 2, cost  -45.8481221995
Pre-training layer 0, epoch 3, cost  -42.2183746206
Pre-training layer 0, epoch 4, cost  -39.5704465053
Pre-training layer 0, epoch 5, cost  -37.45507427
Pre-training layer 0, epoch 6, cost  -35.7909930692
Pre-training layer 0, epoch 7, cost  -34.3287455557
Pre-training layer 1, epoch 0, cost  -1353.39592672
Pre-training layer 1, epoch 1, cost  -1350.01373615
Pre-training layer 1, epoch 2, cost  -1350.01266865
Pre-training layer 1, epoch 3, cost  -1350.01269051
Pre-training layer 1, epoch 4, cost  -1350.01227021
Pre-training layer 1, epoch 5, cost  -1350.01270937
Pre-training layer 1, epoch 6, cost  -1350.01225912
Pre-training layer 1, epoch 7, cost  -1350.01232382
... getting the finetuning functions
... finetuning the model
     epoch 1, minibatch 2389/2389, best error 2.713568 %, best_auc: 0.500000
Optimization complete with best validation score of 2.713568 %, obtained at iteration 2389, with test performance 2.713568 %, and best_auc: 0.500000
runtime: 36975.19 secs.
