_CONDOR_JOB_IWD /mnt/ws/home/jferiante
Cluster 14405
Process 70
RunningOn slot31@mir-exec-01.discovery.wisc.edu
python th_deep_belief_net.py dud_e 70
Running Theano Learn Deep Belief Net for dud_e, target: nos1.........
... building the model
... getting the pretraining functions
... pre-training the model
Pre-training layer 0, epoch 0, cost  -96.2428556987
Pre-training layer 0, epoch 1, cost  -65.7321814318
Pre-training layer 1, epoch 0, cost  -1387.61554519
Pre-training layer 1, epoch 1, cost  -1374.886839
... getting the finetuning functions
... finetuning the model
     epoch 1, minibatch 91/91, best error 46.000000 %, best_auc: 0.756876
     new best AUC!: 0.77156403211
     new best AUC!: 0.776729432681
     new best AUC!: 0.84133397985
     epoch 45, minibatch 91/91, best error 19.620690 %, best_auc: 0.841334
     new best AUC!: 0.985480308173
     epoch 46, minibatch 91/91, best error 7.758621 %, best_auc: 0.985480
     new best AUC!: 0.997400463337
     epoch 47, minibatch 91/91, best error 2.517241 %, best_auc: 0.997400
     new best AUC!: 0.998626151608
     epoch 48, minibatch 91/91, best error 2.000000 %, best_auc: 0.998626
     new best AUC!: 0.999084101072
     epoch 49, minibatch 91/91, best error 2.034483 %, best_auc: 0.999084
     new best AUC!: 0.9992861376
     epoch 50, minibatch 91/91, best error 1.793103 %, best_auc: 0.999286
     new best AUC!: 0.999380421314
     epoch 51, minibatch 91/91, best error 1.724138 %, best_auc: 0.999380
     new best AUC!: 0.999420828619
     epoch 52, minibatch 91/91, best error 1.517241 %, best_auc: 0.999421
     new best AUC!: 0.999461235925
     epoch 53, minibatch 91/91, best error 1.379310 %, best_auc: 0.999461
     epoch 54, minibatch 91/91, best error 1.310345 %, best_auc: 0.999461
     new best AUC!: 0.999488174129
     epoch 55, minibatch 91/91, best error 1.206897 %, best_auc: 0.999488
     new best AUC!: 0.999488174129
     epoch 97, minibatch 91/91, best error 1.068966 %, best_auc: 0.999488
Optimization complete with best validation score of 3.137931 %, obtained at iteration 8827, with test performance 1.068966 %, and best_auc: 0.999488
runtime: 10684.12 secs.
