_CONDOR_JOB_IWD /mnt/ws/home/jferiante
Cluster 14407
Process 91
RunningOn slot3@opt-a015.discovery.wisc.edu
python th_deep_belief_net.py pcba 91
Running Theano Learn Deep Belief Net for pcba, target: aid652106.........
... building the model
... getting the pretraining functions
... pre-training the model
Pre-training layer 0, epoch 0, cost  -66.0131611787
Pre-training layer 0, epoch 1, cost  -51.9458734424
Pre-training layer 0, epoch 2, cost  -46.3623661983
Pre-training layer 0, epoch 3, cost  -42.775717246
Pre-training layer 0, epoch 4, cost  -40.1587890344
Pre-training layer 0, epoch 5, cost  -38.0836783251
Pre-training layer 0, epoch 6, cost  -36.4017061704
Pre-training layer 0, epoch 7, cost  -34.9783173477
Pre-training layer 1, epoch 0, cost  -1352.05497697
Pre-training layer 1, epoch 1, cost  -1348.37125554
Pre-training layer 1, epoch 2, cost  -1348.37039498
Pre-training layer 1, epoch 3, cost  -1348.37030135
Pre-training layer 1, epoch 4, cost  -1348.37008926
Pre-training layer 1, epoch 5, cost  -1348.37047112
Pre-training layer 1, epoch 6, cost  -1348.36984487
Pre-training layer 1, epoch 7, cost  -1348.37020801
... getting the finetuning functions
... finetuning the model
     epoch 1, minibatch 2299/2299, best error 3.877285 %, best_auc: 0.500000
Optimization complete with best validation score of 3.873368 %, obtained at iteration 2299, with test performance 3.877285 %, and best_auc: 0.500000
runtime: 178555.77 secs.
