000 (14406.009.000) 07/28 17:54:54 Job submitted from host: <144.92.142.140:9620?sock=9267_cb64_3>
...
001 (14406.009.000) 07/28 18:05:47 Job executing on host: <144.92.142.192:9620?sock=11062_0af0_13>
...
007 (14406.009.000) 07/28 18:05:47 Shadow exception!
	Error from slot8@opt-a018.discovery.wisc.edu: Failed to execute '/mnt/ws/home/jferiante/wid-stnn_dbn-muv.sh': (errno=13: 'Permission denied')
	0  -  Run Bytes Sent By Job
	0  -  Run Bytes Received By Job
...
012 (14406.009.000) 07/28 18:05:47 Job was held.
	Error from slot8@opt-a018.discovery.wisc.edu: Failed to execute '/mnt/ws/home/jferiante/wid-stnn_dbn-muv.sh': (errno=13: 'Permission denied')
	Code 6 Subcode 13
...
013 (14406.009.000) 07/28 18:09:39 Job was released.
	via condor_release (by user jferiante)
...
001 (14406.009.000) 07/28 18:51:44 Job executing on host: <144.92.142.181:9620?sock=7576_d24e_3>
...
006 (14406.009.000) 07/28 18:51:53 Image size of job updated: 31444
	31  -  MemoryUsage of job (MB)
	31444  -  ResidentSetSize of job (KB)
...
006 (14406.009.000) 07/28 18:56:53 Image size of job updated: 479008
	468  -  MemoryUsage of job (MB)
	479008  -  ResidentSetSize of job (KB)
...
006 (14406.009.000) 07/28 19:01:53 Image size of job updated: 680960
	665  -  MemoryUsage of job (MB)
	680960  -  ResidentSetSize of job (KB)
...
006 (14406.009.000) 07/28 19:06:54 Image size of job updated: 1029828
	1006  -  MemoryUsage of job (MB)
	1029828  -  ResidentSetSize of job (KB)
...
006 (14406.009.000) 07/28 19:07:34 Image size of job updated: 1042640
	1006  -  MemoryUsage of job (MB)
	1029828  -  ResidentSetSize of job (KB)
...
005 (14406.009.000) 07/28 19:07:34 Job terminated.
	(1) Normal termination (return value 0)
		Usr 0 02:37:43, Sys 0 00:18:25  -  Run Remote Usage
		Usr 0 00:00:00, Sys 0 00:00:00  -  Run Local Usage
		Usr 0 02:37:43, Sys 0 00:18:25  -  Total Remote Usage
		Usr 0 00:00:00, Sys 0 00:00:00  -  Total Local Usage
	0  -  Run Bytes Sent By Job
	0  -  Run Bytes Received By Job
	0  -  Total Bytes Sent By Job
	0  -  Total Bytes Received By Job
	Partitionable Resources :    Usage  Request Allocated
	   Cpus                 :                 1         1
	   Disk (KB)            :        1        1  37428353
	   Memory (MB)          :     1006     3072      3228
...
