000 (14407.116.000) 07/28 17:55:14 Job submitted from host: <144.92.142.140:9620?sock=9267_cb64_3>
...
001 (14407.116.000) 07/29 05:08:35 Job executing on host: <144.92.142.136:9620?sock=6083_9576_4>
...
006 (14407.116.000) 07/29 05:08:44 Image size of job updated: 37984
	38  -  MemoryUsage of job (MB)
	37984  -  ResidentSetSize of job (KB)
...
006 (14407.116.000) 07/29 05:13:45 Image size of job updated: 2180320
	2130  -  MemoryUsage of job (MB)
	2180320  -  ResidentSetSize of job (KB)
...
006 (14407.116.000) 07/29 05:18:46 Image size of job updated: 2240420
	2188  -  MemoryUsage of job (MB)
	2240420  -  ResidentSetSize of job (KB)
...
006 (14407.116.000) 07/29 05:23:46 Image size of job updated: 2275664
	2223  -  MemoryUsage of job (MB)
	2275664  -  ResidentSetSize of job (KB)
...
006 (14407.116.000) 07/29 05:28:46 Image size of job updated: 2310996
	2257  -  MemoryUsage of job (MB)
	2310996  -  ResidentSetSize of job (KB)
...
006 (14407.116.000) 07/29 05:33:47 Image size of job updated: 2311000
	2257  -  MemoryUsage of job (MB)
	2311000  -  ResidentSetSize of job (KB)
...
006 (14407.116.000) 07/29 05:38:47 Image size of job updated: 2321468
	2268  -  MemoryUsage of job (MB)
	2321468  -  ResidentSetSize of job (KB)
...
006 (14407.116.000) 07/29 05:53:49 Image size of job updated: 2381584
	2326  -  MemoryUsage of job (MB)
	2381584  -  ResidentSetSize of job (KB)
...
006 (14407.116.000) 07/29 06:18:51 Image size of job updated: 2393860
	2338  -  MemoryUsage of job (MB)
	2393860  -  ResidentSetSize of job (KB)
...
006 (14407.116.000) 07/29 06:23:52 Image size of job updated: 2404272
	2348  -  MemoryUsage of job (MB)
	2404272  -  ResidentSetSize of job (KB)
...
006 (14407.116.000) 07/29 06:28:52 Image size of job updated: 2427228
	2371  -  MemoryUsage of job (MB)
	2427228  -  ResidentSetSize of job (KB)
...
006 (14407.116.000) 07/29 06:33:52 Image size of job updated: 2439616
	2383  -  MemoryUsage of job (MB)
	2439616  -  ResidentSetSize of job (KB)
...
006 (14407.116.000) 07/29 06:48:54 Image size of job updated: 2439624
	2383  -  MemoryUsage of job (MB)
	2439624  -  ResidentSetSize of job (KB)
...
006 (14407.116.000) 07/29 07:03:56 Image size of job updated: 2468336
	2411  -  MemoryUsage of job (MB)
	2468336  -  ResidentSetSize of job (KB)
...
006 (14407.116.000) 07/29 08:39:06 Image size of job updated: 2473936
	2416  -  MemoryUsage of job (MB)
	2473936  -  ResidentSetSize of job (KB)
...
006 (14407.116.000) 07/29 08:44:06 Image size of job updated: 2497356
	2439  -  MemoryUsage of job (MB)
	2497356  -  ResidentSetSize of job (KB)
...
006 (14407.116.000) 07/29 08:49:07 Image size of job updated: 2522540
	2464  -  MemoryUsage of job (MB)
	2522540  -  ResidentSetSize of job (KB)
...
006 (14407.116.000) 07/29 08:54:08 Image size of job updated: 2539200
	2480  -  MemoryUsage of job (MB)
	2539200  -  ResidentSetSize of job (KB)
...
006 (14407.116.000) 07/29 08:59:08 Image size of job updated: 2564660
	2505  -  MemoryUsage of job (MB)
	2564660  -  ResidentSetSize of job (KB)
...
006 (14407.116.000) 07/29 09:04:08 Image size of job updated: 2564924
	2505  -  MemoryUsage of job (MB)
	2564924  -  ResidentSetSize of job (KB)
...
006 (14407.116.000) 07/29 09:09:09 Image size of job updated: 2566616
	2507  -  MemoryUsage of job (MB)
	2566616  -  ResidentSetSize of job (KB)
...
006 (14407.116.000) 07/29 09:14:09 Image size of job updated: 2566704
	2507  -  MemoryUsage of job (MB)
	2566704  -  ResidentSetSize of job (KB)
...
006 (14407.116.000) 07/29 09:19:09 Image size of job updated: 2566784
	2507  -  MemoryUsage of job (MB)
	2566784  -  ResidentSetSize of job (KB)
...
006 (14407.116.000) 07/29 09:24:10 Image size of job updated: 2581972
	2522  -  MemoryUsage of job (MB)
	2581972  -  ResidentSetSize of job (KB)
...
006 (14407.116.000) 07/29 09:44:13 Image size of job updated: 2582224
	2522  -  MemoryUsage of job (MB)
	2582224  -  ResidentSetSize of job (KB)
...
006 (14407.116.000) 07/29 09:49:13 Image size of job updated: 2582544
	2523  -  MemoryUsage of job (MB)
	2582544  -  ResidentSetSize of job (KB)
...
006 (14407.116.000) 07/29 10:04:15 Image size of job updated: 2605144
	2545  -  MemoryUsage of job (MB)
	2605144  -  ResidentSetSize of job (KB)
...
006 (14407.116.000) 07/29 10:09:15 Image size of job updated: 2606364
	2546  -  MemoryUsage of job (MB)
	2606364  -  ResidentSetSize of job (KB)
...
006 (14407.116.000) 07/29 10:34:18 Image size of job updated: 2618748
	2558  -  MemoryUsage of job (MB)
	2618748  -  ResidentSetSize of job (KB)
...
006 (14407.116.000) 07/29 11:04:21 Image size of job updated: 2618776
	2558  -  MemoryUsage of job (MB)
	2618776  -  ResidentSetSize of job (KB)
...
006 (14407.116.000) 07/29 11:14:21 Image size of job updated: 2618916
	2558  -  MemoryUsage of job (MB)
	2618916  -  ResidentSetSize of job (KB)
...
006 (14407.116.000) 07/29 11:19:22 Image size of job updated: 3466916
	3386  -  MemoryUsage of job (MB)
	3466916  -  ResidentSetSize of job (KB)
...
004 (14407.116.000) 07/29 12:01:19 Job was evicted.
	(0) Job was not checkpointed.
		Usr 0 20:07:08, Sys 0 02:48:55  -  Run Remote Usage
		Usr 0 00:00:00, Sys 0 00:00:00  -  Run Local Usage
	0  -  Run Bytes Sent By Job
	0  -  Run Bytes Received By Job
	Partitionable Resources :    Usage  Request Allocated
	   Cpus                 :                 1         1
	   Disk (KB)            :        1        1  26194388
	   Memory (MB)          :     3386     8192     12288
...
009 (14407.116.000) 07/29 12:01:19 Job was aborted by the user.
	via condor_rm (by user jferiante)
...
