000 (14407.059.000) 07/28 17:55:13 Job submitted from host: <144.92.142.140:9620?sock=9267_cb64_3>
...
001 (14407.059.000) 07/28 23:47:10 Job executing on host: <144.92.142.180:9620?sock=7678_2498_3>
...
006 (14407.059.000) 07/28 23:47:18 Image size of job updated: 31608
	31  -  MemoryUsage of job (MB)
	31608  -  ResidentSetSize of job (KB)
...
006 (14407.059.000) 07/28 23:52:18 Image size of job updated: 4652604
	4544  -  MemoryUsage of job (MB)
	4652604  -  ResidentSetSize of job (KB)
...
006 (14407.059.000) 07/28 23:57:19 Image size of job updated: 6595684
	6442  -  MemoryUsage of job (MB)
	6595684  -  ResidentSetSize of job (KB)
...
006 (14407.059.000) 07/29 00:02:20 Image size of job updated: 6608128
	6454  -  MemoryUsage of job (MB)
	6608128  -  ResidentSetSize of job (KB)
...
006 (14407.059.000) 07/29 00:07:20 Image size of job updated: 6618776
	6464  -  MemoryUsage of job (MB)
	6618776  -  ResidentSetSize of job (KB)
...
006 (14407.059.000) 07/29 00:57:25 Image size of job updated: 6622896
	6468  -  MemoryUsage of job (MB)
	6622896  -  ResidentSetSize of job (KB)
...
006 (14407.059.000) 07/29 01:47:30 Image size of job updated: 6629376
	6474  -  MemoryUsage of job (MB)
	6629376  -  ResidentSetSize of job (KB)
...
006 (14407.059.000) 07/29 01:52:31 Image size of job updated: 6648976
	6494  -  MemoryUsage of job (MB)
	6648976  -  ResidentSetSize of job (KB)
...
006 (14407.059.000) 07/29 01:57:32 Image size of job updated: 6680724
	6525  -  MemoryUsage of job (MB)
	6680724  -  ResidentSetSize of job (KB)
...
006 (14407.059.000) 07/29 02:02:32 Image size of job updated: 6680992
	6525  -  MemoryUsage of job (MB)
	6680992  -  ResidentSetSize of job (KB)
...
006 (14407.059.000) 07/29 02:07:33 Image size of job updated: 6696024
	6540  -  MemoryUsage of job (MB)
	6696024  -  ResidentSetSize of job (KB)
...
006 (14407.059.000) 07/29 02:12:34 Image size of job updated: 6721384
	6564  -  MemoryUsage of job (MB)
	6721384  -  ResidentSetSize of job (KB)
...
006 (14407.059.000) 07/29 02:21:55 Image size of job updated: 10215684
	6564  -  MemoryUsage of job (MB)
	6721384  -  ResidentSetSize of job (KB)
...
005 (14407.059.000) 07/29 02:21:55 Job terminated.
	(1) Normal termination (return value 0)
		Usr 2 00:14:01, Sys 0 05:33:08  -  Run Remote Usage
		Usr 0 00:00:00, Sys 0 00:00:00  -  Run Local Usage
		Usr 2 00:14:01, Sys 0 05:33:08  -  Total Remote Usage
		Usr 0 00:00:00, Sys 0 00:00:00  -  Total Local Usage
	0  -  Run Bytes Sent By Job
	0  -  Run Bytes Received By Job
	0  -  Total Bytes Sent By Job
	0  -  Total Bytes Received By Job
	Partitionable Resources :    Usage  Request Allocated
	   Cpus                 :                 1         4
	   Disk (KB)            :        1        1  36237798
	   Memory (MB)          :     6564     8192     12913
...
