013 (14384.039.000) 07/28 18:09:39 Job was released.
	via condor_release (by user jferiante)
...
001 (14384.039.000) 07/28 18:09:53 Job executing on host: <144.92.142.192:9620?sock=11062_0af0_13>
...
007 (14384.039.000) 07/28 18:09:53 Shadow exception!
	Error from slot14@opt-a018.discovery.wisc.edu: Failed to execute '/mnt/ws/home/jferiante/wid_jobs/th_deep_belief_net/wid-stnn_dbn-dude.sh': (errno=2: 'No such file or directory')
	0  -  Run Bytes Sent By Job
	0  -  Run Bytes Received By Job
...
012 (14384.039.000) 07/28 18:09:53 Job was held.
	Error from slot14@opt-a018.discovery.wisc.edu: Failed to execute '/mnt/ws/home/jferiante/wid_jobs/th_deep_belief_net/wid-stnn_dbn-dude.sh': (errno=2: 'No such file or directory')
	Code 6 Subcode 2
...
013 (14384.039.000) 07/28 18:10:34 Job was released.
	via condor_release (by user jferiante)
...
001 (14384.039.000) 07/28 18:10:58 Job executing on host: <144.92.142.163:9620?sock=10480_4475_3>
...
007 (14384.039.000) 07/28 18:10:58 Shadow exception!
	Error from slot8@opt-a003.discovery.wisc.edu: Failed to execute '/mnt/ws/home/jferiante/wid_jobs/th_deep_belief_net/wid-stnn_dbn-dude.sh': (errno=2: 'No such file or directory')
	0  -  Run Bytes Sent By Job
	0  -  Run Bytes Received By Job
...
012 (14384.039.000) 07/28 18:10:58 Job was held.
	Error from slot8@opt-a003.discovery.wisc.edu: Failed to execute '/mnt/ws/home/jferiante/wid_jobs/th_deep_belief_net/wid-stnn_dbn-dude.sh': (errno=2: 'No such file or directory')
	Code 6 Subcode 2
...
013 (14384.039.000) 07/28 19:07:45 Job was released.
	via condor_release (by user jferiante)
...
001 (14384.039.000) 07/28 19:08:20 Job executing on host: <144.92.142.180:9620?sock=7678_2498_3>
...
007 (14384.039.000) 07/28 19:08:20 Shadow exception!
	Error from slot13@opt-a015.discovery.wisc.edu: Failed to execute '/mnt/ws/home/jferiante/wid_jobs/th_deep_belief_net/wid-stnn_dbn-dude.sh': (errno=2: 'No such file or directory')
	0  -  Run Bytes Sent By Job
	0  -  Run Bytes Received By Job
...
012 (14384.039.000) 07/28 19:08:20 Job was held.
	Error from slot13@opt-a015.discovery.wisc.edu: Failed to execute '/mnt/ws/home/jferiante/wid_jobs/th_deep_belief_net/wid-stnn_dbn-dude.sh': (errno=2: 'No such file or directory')
	Code 6 Subcode 2
...
013 (14384.039.000) 07/28 19:37:51 Job was released.
	via condor_release (by user jferiante)
...
001 (14384.039.000) 07/28 19:38:05 Job executing on host: <144.92.142.162:9620?sock=10446_6bfc_3>
...
007 (14384.039.000) 07/28 19:38:05 Shadow exception!
	Error from slot12@opt-a002.discovery.wisc.edu: Failed to execute '/mnt/ws/home/jferiante/wid_jobs/th_deep_belief_net/wid-stnn_dbn-dude.sh': (errno=2: 'No such file or directory')
	0  -  Run Bytes Sent By Job
	0  -  Run Bytes Received By Job
...
012 (14384.039.000) 07/28 19:38:05 Job was held.
	Error from slot12@opt-a002.discovery.wisc.edu: Failed to execute '/mnt/ws/home/jferiante/wid_jobs/th_deep_belief_net/wid-stnn_dbn-dude.sh': (errno=2: 'No such file or directory')
	Code 6 Subcode 2
...
009 (14384.039.000) 07/29 12:01:19 Job was aborted by the user.
	via condor_rm (by user jferiante)
...
