000 (14407.121.000) 07/28 17:55:14 Job submitted from host: <144.92.142.140:9620?sock=9267_cb64_3>
...
001 (14407.121.000) 07/29 04:51:35 Job executing on host: <144.92.142.166:9620?sock=25940_a2c5_3>
...
006 (14407.121.000) 07/29 04:51:43 Image size of job updated: 36108
	36  -  MemoryUsage of job (MB)
	36108  -  ResidentSetSize of job (KB)
...
006 (14407.121.000) 07/29 04:56:43 Image size of job updated: 309016
	302  -  MemoryUsage of job (MB)
	309016  -  ResidentSetSize of job (KB)
...
006 (14407.121.000) 07/29 05:01:44 Image size of job updated: 444624
	435  -  MemoryUsage of job (MB)
	444624  -  ResidentSetSize of job (KB)
...
006 (14407.121.000) 07/29 05:26:47 Image size of job updated: 463892
	454  -  MemoryUsage of job (MB)
	463892  -  ResidentSetSize of job (KB)
...
006 (14407.121.000) 07/29 05:31:47 Image size of job updated: 463964
	454  -  MemoryUsage of job (MB)
	463964  -  ResidentSetSize of job (KB)
...
006 (14407.121.000) 07/29 05:56:50 Image size of job updated: 464080
	454  -  MemoryUsage of job (MB)
	464080  -  ResidentSetSize of job (KB)
...
006 (14407.121.000) 07/29 06:06:51 Image size of job updated: 528200
	516  -  MemoryUsage of job (MB)
	528200  -  ResidentSetSize of job (KB)
...
005 (14407.121.000) 07/29 06:10:07 Job terminated.
	(1) Normal termination (return value 0)
		Usr 0 10:46:10, Sys 0 00:30:42  -  Run Remote Usage
		Usr 0 00:00:00, Sys 0 00:00:00  -  Run Local Usage
		Usr 0 10:46:10, Sys 0 00:30:42  -  Total Remote Usage
		Usr 0 00:00:00, Sys 0 00:00:00  -  Total Local Usage
	0  -  Run Bytes Sent By Job
	0  -  Run Bytes Received By Job
	0  -  Total Bytes Sent By Job
	0  -  Total Bytes Received By Job
	Partitionable Resources :    Usage  Request Allocated
	   Cpus                 :                 1         1
	   Disk (KB)            :        1        1  81604889
	   Memory (MB)          :      516     8192     12109
...
