_CONDOR_JOB_IWD /mnt/ws/home/jferiante
Cluster 14407
Process 54
RunningOn slot6@opt-a001.discovery.wisc.edu
python th_deep_belief_net.py pcba 54
Running Theano Learn Deep Belief Net for pcba, target: aid504842.........
... building the model
... getting the pretraining functions
... pre-training the model
Pre-training layer 0, epoch 0, cost  -66.4320050802
Pre-training layer 0, epoch 1, cost  -52.398499427
Pre-training layer 0, epoch 2, cost  -46.7872410411
Pre-training layer 0, epoch 3, cost  -43.1941043683
Pre-training layer 0, epoch 4, cost  -40.5882893613
Pre-training layer 0, epoch 5, cost  -38.5582405428
Pre-training layer 0, epoch 6, cost  -36.837021627
Pre-training layer 0, epoch 7, cost  -35.4568970895
Pre-training layer 1, epoch 0, cost  -1354.3393932
Pre-training layer 1, epoch 1, cost  -1350.31523338
Pre-training layer 1, epoch 2, cost  -1350.3142359
Pre-training layer 1, epoch 3, cost  -1350.31425687
Pre-training layer 1, epoch 4, cost  -1350.3139847
Pre-training layer 1, epoch 5, cost  -1350.31379713
Pre-training layer 1, epoch 6, cost  -1350.31396899
Pre-training layer 1, epoch 7, cost  -1350.31361671
... getting the finetuning functions
... finetuning the model
     epoch 1, minibatch 1995/1995, best error 0.902256 %, best_auc: 0.500000
Optimization complete with best validation score of 0.900752 %, obtained at iteration 1995, with test performance 0.902256 %, and best_auc: 0.500000
runtime: 216903.66 secs.
