_CONDOR_JOB_IWD /mnt/ws/home/jferiante
Cluster 14405
Process 65
RunningOn slot3@opt-a008.discovery.wisc.edu
python th_deep_belief_net.py dud_e 65
Running Theano Learn Deep Belief Net for dud_e, target: mk01.........
... building the model
... getting the pretraining functions
... pre-training the model
Pre-training layer 0, epoch 0, cost  -117.418599917
Pre-training layer 0, epoch 1, cost  -70.9062061249
Pre-training layer 1, epoch 0, cost  -1391.57204146
Pre-training layer 1, epoch 1, cost  -1373.82437157
... getting the finetuning functions
... finetuning the model
     epoch 1, minibatch 53/53, best error 13.764706 %, best_auc: 0.888689
     new best AUC!: 0.907627627628
     new best AUC!: 0.955195195195
     epoch 3, minibatch 53/53, best error 12.941176 %, best_auc: 0.955195
     new best AUC!: 0.976216216216
     epoch 4, minibatch 53/53, best error 9.000000 %, best_auc: 0.976216
     new best AUC!: 0.987147147147
     epoch 5, minibatch 53/53, best error 8.882353 %, best_auc: 0.987147
     new best AUC!: 0.991911911912
     epoch 6, minibatch 53/53, best error 8.705882 %, best_auc: 0.991912
     new best AUC!: 0.993793793794
     epoch 7, minibatch 53/53, best error 8.647059 %, best_auc: 0.993794
     new best AUC!: 0.994714714715
     epoch 8, minibatch 53/53, best error 6.941176 %, best_auc: 0.994715
     new best AUC!: 0.995315315315
     epoch 9, minibatch 53/53, best error 6.941176 %, best_auc: 0.995315
     new best AUC!: 0.995555555556
     new best AUC!: 0.995675675676
     new best AUC!: 0.995755755756
     new best AUC!: 0.995835835836
     new best AUC!: 0.995955955956
     new best AUC!: 0.996076076076
     new best AUC!: 0.996156156156
     new best AUC!: 0.996196196196
     new best AUC!: 0.996236236236
     new best AUC!: 0.996316316316
     epoch 23, minibatch 53/53, best error 6.941176 %, best_auc: 0.996316
     new best AUC!: 0.996356356356
     new best AUC!: 0.996436436436
     new best AUC!: 0.996476476476
     new best AUC!: 0.996516516517
     new best AUC!: 0.996556556557
     new best AUC!: 0.996596596597
     new best AUC!: 0.996636636637
     new best AUC!: 0.996676676677
     new best AUC!: 0.996676676677
     new best AUC!: 0.996716716717
     new best AUC!: 0.996716716717
Optimization complete with best validation score of 6.941176 %, obtained at iteration 1219, with test performance 6.941176 %, and best_auc: 0.996717
runtime: 7843.68 secs.
