_CONDOR_JOB_IWD /mnt/ws/home/jferiante
Cluster 14407
Process 72
RunningOn slot7@wid-004.discovery.wisc.edu
python th_deep_belief_net.py pcba 72
Running Theano Learn Deep Belief Net for pcba, target: aid602332.........
... building the model
... getting the pretraining functions
... pre-training the model
Pre-training layer 0, epoch 0, cost  -66.0510908864
Pre-training layer 0, epoch 1, cost  -51.9810361122
Pre-training layer 0, epoch 2, cost  -46.3913719131
Pre-training layer 0, epoch 3, cost  -42.8681361151
Pre-training layer 0, epoch 4, cost  -40.2588513196
Pre-training layer 0, epoch 5, cost  -38.2017203251
Pre-training layer 0, epoch 6, cost  -36.4794017301
Pre-training layer 0, epoch 7, cost  -35.0594525594
Pre-training layer 1, epoch 0, cost  -1349.9871602
Pre-training layer 1, epoch 1, cost  -1346.43872627
Pre-training layer 1, epoch 2, cost  -1346.43789812
Pre-training layer 1, epoch 3, cost  -1346.43790585
Pre-training layer 1, epoch 4, cost  -1346.43754709
Pre-training layer 1, epoch 5, cost  -1346.43788807
Pre-training layer 1, epoch 6, cost  -1346.43722247
Pre-training layer 1, epoch 7, cost  -1346.43778631
... getting the finetuning functions
... finetuning the model
     epoch 1, minibatch 2507/2507, best error 0.467066 %, best_auc: 0.500000
Optimization complete with best validation score of 0.465868 %, obtained at iteration 2507, with test performance 0.467066 %, and best_auc: 0.500000
runtime: 39621.79 secs.
