000 (14405.027.000) 07/28 17:54:47 Job submitted from host: <144.92.142.140:9620?sock=9267_cb64_3>
...
001 (14405.027.000) 07/28 18:06:39 Job executing on host: <144.92.142.162:9620?sock=10446_6bfc_3>
...
007 (14405.027.000) 07/28 18:06:39 Shadow exception!
	Error from slot10@opt-a002.discovery.wisc.edu: Failed to execute '/mnt/ws/home/jferiante/wid-stnn_dbn-dude.sh': (errno=13: 'Permission denied')
	0  -  Run Bytes Sent By Job
	0  -  Run Bytes Received By Job
...
012 (14405.027.000) 07/28 18:06:39 Job was held.
	Error from slot10@opt-a002.discovery.wisc.edu: Failed to execute '/mnt/ws/home/jferiante/wid-stnn_dbn-dude.sh': (errno=13: 'Permission denied')
	Code 6 Subcode 13
...
013 (14405.027.000) 07/28 18:09:39 Job was released.
	via condor_release (by user jferiante)
...
001 (14405.027.000) 07/28 18:11:10 Job executing on host: <144.92.142.141:9620?sock=4744_8b2e_3>
...
006 (14405.027.000) 07/28 18:11:19 Image size of job updated: 3200
	4  -  MemoryUsage of job (MB)
	3200  -  ResidentSetSize of job (KB)
...
006 (14405.027.000) 07/28 18:16:20 Image size of job updated: 896620
	876  -  MemoryUsage of job (MB)
	896620  -  ResidentSetSize of job (KB)
...
006 (14405.027.000) 07/28 18:21:20 Image size of job updated: 896636
	876  -  MemoryUsage of job (MB)
	896636  -  ResidentSetSize of job (KB)
...
006 (14405.027.000) 07/28 18:26:20 Image size of job updated: 909032
	888  -  MemoryUsage of job (MB)
	909032  -  ResidentSetSize of job (KB)
...
006 (14405.027.000) 07/28 18:46:22 Image size of job updated: 922076
	901  -  MemoryUsage of job (MB)
	922076  -  ResidentSetSize of job (KB)
...
006 (14405.027.000) 07/28 18:51:23 Image size of job updated: 922400
	901  -  MemoryUsage of job (MB)
	922400  -  ResidentSetSize of job (KB)
...
006 (14405.027.000) 07/28 18:56:23 Image size of job updated: 923128
	902  -  MemoryUsage of job (MB)
	923128  -  ResidentSetSize of job (KB)
...
006 (14405.027.000) 07/28 19:01:24 Image size of job updated: 924604
	903  -  MemoryUsage of job (MB)
	924604  -  ResidentSetSize of job (KB)
...
006 (14405.027.000) 07/28 19:06:25 Image size of job updated: 925828
	905  -  MemoryUsage of job (MB)
	925828  -  ResidentSetSize of job (KB)
...
006 (14405.027.000) 07/28 19:11:25 Image size of job updated: 925948
	905  -  MemoryUsage of job (MB)
	925948  -  ResidentSetSize of job (KB)
...
006 (14405.027.000) 07/28 19:16:25 Image size of job updated: 1115136
	1089  -  MemoryUsage of job (MB)
	1115136  -  ResidentSetSize of job (KB)
...
005 (14405.027.000) 07/28 19:47:16 Job terminated.
	(1) Normal termination (return value 0)
		Usr 0 01:53:26, Sys 0 00:13:10  -  Run Remote Usage
		Usr 0 00:00:00, Sys 0 00:00:00  -  Run Local Usage
		Usr 0 01:53:26, Sys 0 00:13:10  -  Total Remote Usage
		Usr 0 00:00:00, Sys 0 00:00:00  -  Total Local Usage
	0  -  Run Bytes Sent By Job
	0  -  Run Bytes Received By Job
	0  -  Total Bytes Sent By Job
	0  -  Total Bytes Received By Job
	Partitionable Resources :    Usage  Request Allocated
	   Cpus                 :                 1         1
	   Disk (KB)            :        1        1  10268464
	   Memory (MB)          :     1089     3072      4031
...
