000 (14405.034.000) 07/28 17:54:47 Job submitted from host: <144.92.142.140:9620?sock=9267_cb64_3>
...
001 (14405.034.000) 07/28 18:05:41 Job executing on host: <144.92.142.162:9620?sock=10446_6bfc_3>
...
007 (14405.034.000) 07/28 18:05:41 Shadow exception!
	Error from slot9@opt-a002.discovery.wisc.edu: Failed to execute '/mnt/ws/home/jferiante/wid-stnn_dbn-dude.sh': (errno=13: 'Permission denied')
	0  -  Run Bytes Sent By Job
	0  -  Run Bytes Received By Job
...
012 (14405.034.000) 07/28 18:05:41 Job was held.
	Error from slot9@opt-a002.discovery.wisc.edu: Failed to execute '/mnt/ws/home/jferiante/wid-stnn_dbn-dude.sh': (errno=13: 'Permission denied')
	Code 6 Subcode 13
...
013 (14405.034.000) 07/28 18:09:39 Job was released.
	via condor_release (by user jferiante)
...
001 (14405.034.000) 07/28 18:12:49 Job executing on host: <144.92.142.141:9620?sock=4744_8b2e_3>
...
006 (14405.034.000) 07/28 18:12:58 Image size of job updated: 16136
	16  -  MemoryUsage of job (MB)
	16136  -  ResidentSetSize of job (KB)
...
006 (14405.034.000) 07/28 18:17:59 Image size of job updated: 225448
	221  -  MemoryUsage of job (MB)
	225448  -  ResidentSetSize of job (KB)
...
006 (14405.034.000) 07/28 18:23:00 Image size of job updated: 233616
	229  -  MemoryUsage of job (MB)
	233616  -  ResidentSetSize of job (KB)
...
006 (14405.034.000) 07/28 18:33:00 Image size of job updated: 256492
	251  -  MemoryUsage of job (MB)
	256492  -  ResidentSetSize of job (KB)
...
006 (14405.034.000) 07/28 18:38:01 Image size of job updated: 256552
	251  -  MemoryUsage of job (MB)
	256552  -  ResidentSetSize of job (KB)
...
006 (14405.034.000) 07/28 18:43:01 Image size of job updated: 256660
	251  -  MemoryUsage of job (MB)
	256660  -  ResidentSetSize of job (KB)
...
006 (14405.034.000) 07/28 18:48:01 Image size of job updated: 257276
	252  -  MemoryUsage of job (MB)
	257276  -  ResidentSetSize of job (KB)
...
006 (14405.034.000) 07/28 18:53:02 Image size of job updated: 264416
	259  -  MemoryUsage of job (MB)
	264416  -  ResidentSetSize of job (KB)
...
006 (14405.034.000) 07/28 18:58:03 Image size of job updated: 264688
	259  -  MemoryUsage of job (MB)
	264688  -  ResidentSetSize of job (KB)
...
006 (14405.034.000) 07/28 19:08:04 Image size of job updated: 270428
	265  -  MemoryUsage of job (MB)
	270428  -  ResidentSetSize of job (KB)
...
006 (14405.034.000) 07/28 19:13:05 Image size of job updated: 271368
	266  -  MemoryUsage of job (MB)
	271368  -  ResidentSetSize of job (KB)
...
006 (14405.034.000) 07/28 19:18:05 Image size of job updated: 271772
	266  -  MemoryUsage of job (MB)
	271772  -  ResidentSetSize of job (KB)
...
006 (14405.034.000) 07/28 19:23:05 Image size of job updated: 272008
	266  -  MemoryUsage of job (MB)
	272008  -  ResidentSetSize of job (KB)
...
006 (14405.034.000) 07/28 19:28:06 Image size of job updated: 279156
	273  -  MemoryUsage of job (MB)
	279156  -  ResidentSetSize of job (KB)
...
006 (14405.034.000) 07/28 19:33:06 Image size of job updated: 279224
	273  -  MemoryUsage of job (MB)
	279224  -  ResidentSetSize of job (KB)
...
006 (14405.034.000) 07/28 19:38:06 Image size of job updated: 290940
	285  -  MemoryUsage of job (MB)
	290940  -  ResidentSetSize of job (KB)
...
006 (14405.034.000) 07/28 19:43:07 Image size of job updated: 310120
	303  -  MemoryUsage of job (MB)
	310120  -  ResidentSetSize of job (KB)
...
006 (14405.034.000) 07/28 19:48:07 Image size of job updated: 328372
	321  -  MemoryUsage of job (MB)
	328372  -  ResidentSetSize of job (KB)
...
006 (14405.034.000) 07/28 19:53:07 Image size of job updated: 351116
	343  -  MemoryUsage of job (MB)
	351116  -  ResidentSetSize of job (KB)
...
005 (14405.034.000) 07/28 19:54:32 Job terminated.
	(1) Normal termination (return value 0)
		Usr 0 02:03:09, Sys 0 00:14:41  -  Run Remote Usage
		Usr 0 00:00:00, Sys 0 00:00:00  -  Run Local Usage
		Usr 0 02:03:09, Sys 0 00:14:41  -  Total Remote Usage
		Usr 0 00:00:00, Sys 0 00:00:00  -  Total Local Usage
	0  -  Run Bytes Sent By Job
	0  -  Run Bytes Received By Job
	0  -  Total Bytes Sent By Job
	0  -  Total Bytes Received By Job
	Partitionable Resources :    Usage  Request Allocated
	   Cpus                 :                 1         1
	   Disk (KB)            :        1        1  10268313
	   Memory (MB)          :      343     3072      4031
...
