013 (14384.090.000) 07/28 18:09:39 Job was released.
	via condor_release (by user jferiante)
...
001 (14384.090.000) 07/28 18:09:54 Job executing on host: <144.92.142.162:9620?sock=10446_6bfc_3>
...
007 (14384.090.000) 07/28 18:09:54 Shadow exception!
	Error from slot10@opt-a002.discovery.wisc.edu: Failed to execute '/mnt/ws/home/jferiante/wid_jobs/th_deep_belief_net/wid-stnn_dbn-dude.sh': (errno=2: 'No such file or directory')
	0  -  Run Bytes Sent By Job
	0  -  Run Bytes Received By Job
...
012 (14384.090.000) 07/28 18:09:54 Job was held.
	Error from slot10@opt-a002.discovery.wisc.edu: Failed to execute '/mnt/ws/home/jferiante/wid_jobs/th_deep_belief_net/wid-stnn_dbn-dude.sh': (errno=2: 'No such file or directory')
	Code 6 Subcode 2
...
013 (14384.090.000) 07/28 18:10:35 Job was released.
	via condor_release (by user jferiante)
...
001 (14384.090.000) 07/28 18:11:06 Job executing on host: <144.92.142.136:9620?sock=6083_9576_4>
...
007 (14384.090.000) 07/28 18:11:06 Shadow exception!
	Error from slot12@roy-exec-1.discovery.wisc.edu: Failed to execute '/mnt/ws/home/jferiante/wid_jobs/th_deep_belief_net/wid-stnn_dbn-dude.sh': (errno=2: 'No such file or directory')
	0  -  Run Bytes Sent By Job
	0  -  Run Bytes Received By Job
...
012 (14384.090.000) 07/28 18:11:06 Job was held.
	Error from slot12@roy-exec-1.discovery.wisc.edu: Failed to execute '/mnt/ws/home/jferiante/wid_jobs/th_deep_belief_net/wid-stnn_dbn-dude.sh': (errno=2: 'No such file or directory')
	Code 6 Subcode 2
...
013 (14384.090.000) 07/28 19:07:45 Job was released.
	via condor_release (by user jferiante)
...
001 (14384.090.000) 07/28 19:08:21 Job executing on host: <144.92.142.164:9620?sock=10436_0991_3>
...
007 (14384.090.000) 07/28 19:08:21 Shadow exception!
	Error from slot7@opt-a004.discovery.wisc.edu: Failed to execute '/mnt/ws/home/jferiante/wid_jobs/th_deep_belief_net/wid-stnn_dbn-dude.sh': (errno=2: 'No such file or directory')
	0  -  Run Bytes Sent By Job
	0  -  Run Bytes Received By Job
...
012 (14384.090.000) 07/28 19:08:21 Job was held.
	Error from slot7@opt-a004.discovery.wisc.edu: Failed to execute '/mnt/ws/home/jferiante/wid_jobs/th_deep_belief_net/wid-stnn_dbn-dude.sh': (errno=2: 'No such file or directory')
	Code 6 Subcode 2
...
013 (14384.090.000) 07/28 19:37:52 Job was released.
	via condor_release (by user jferiante)
...
001 (14384.090.000) 07/28 19:39:06 Job executing on host: <144.92.142.141:9620?sock=4744_8b2e_3>
...
007 (14384.090.000) 07/28 19:39:06 Shadow exception!
	Error from slot18@mir-exec-01.discovery.wisc.edu: Failed to execute '/mnt/ws/home/jferiante/wid_jobs/th_deep_belief_net/wid-stnn_dbn-dude.sh': (errno=2: 'No such file or directory')
	0  -  Run Bytes Sent By Job
	0  -  Run Bytes Received By Job
...
012 (14384.090.000) 07/28 19:39:06 Job was held.
	Error from slot18@mir-exec-01.discovery.wisc.edu: Failed to execute '/mnt/ws/home/jferiante/wid_jobs/th_deep_belief_net/wid-stnn_dbn-dude.sh': (errno=2: 'No such file or directory')
	Code 6 Subcode 2
...
009 (14384.090.000) 07/29 12:01:20 Job was aborted by the user.
	via condor_rm (by user jferiante)
...
