_CONDOR_JOB_IWD /mnt/ws/home/jferiante
Cluster 14404
Process 9
RunningOn slot22@galaxy-01.discovery.wisc.edu
python th_deep_belief_net.py tox21 9
Running Theano Learn Deep Belief Net for tox21, target: sr-hse.........
... building the model
... getting the pretraining functions
... pre-training the model
Pre-training layer 0, epoch 0, cost  -75.545593587
Pre-training layer 0, epoch 1, cost  -47.2146242394
Pre-training layer 0, epoch 2, cost  -42.5439219457
Pre-training layer 0, epoch 3, cost  -39.0559400687
Pre-training layer 0, epoch 4, cost  -36.5023114243
Pre-training layer 0, epoch 5, cost  -34.1961555989
Pre-training layer 0, epoch 6, cost  -32.2675447619
Pre-training layer 0, epoch 7, cost  -30.7532395846
Pre-training layer 1, epoch 0, cost  -1370.73908191
Pre-training layer 1, epoch 1, cost  -1355.27695949
Pre-training layer 1, epoch 2, cost  -1352.99229024
Pre-training layer 1, epoch 3, cost  -1352.56536974
Pre-training layer 1, epoch 4, cost  -1352.48823121
Pre-training layer 1, epoch 5, cost  -1352.47284735
Pre-training layer 1, epoch 6, cost  -1352.46606055
Pre-training layer 1, epoch 7, cost  -1352.4684585
... getting the finetuning functions
... finetuning the model
     epoch 1, minibatch 90/90, best error 49.866667 %, best_auc: 0.497626
     new best AUC!: 0.505798264725
     new best AUC!: 0.511508619042
Optimization complete with best validation score of 49.866667 %, obtained at iteration 90, with test performance 49.866667 %, and best_auc: 0.511509
runtime: 3528.60 secs.
