000 (14407.057.000) 07/28 17:55:13 Job submitted from host: <144.92.142.140:9620?sock=9267_cb64_3>
...
001 (14407.057.000) 07/29 00:13:14 Job executing on host: <144.92.142.156:9620?sock=7917_a1a6_3>
...
006 (14407.057.000) 07/29 00:13:22 Image size of job updated: 14140
	14  -  MemoryUsage of job (MB)
	14140  -  ResidentSetSize of job (KB)
...
006 (14407.057.000) 07/29 00:18:22 Image size of job updated: 3101756
	3030  -  MemoryUsage of job (MB)
	3101756  -  ResidentSetSize of job (KB)
...
006 (14407.057.000) 07/29 00:23:23 Image size of job updated: 5609024
	5478  -  MemoryUsage of job (MB)
	5609024  -  ResidentSetSize of job (KB)
...
006 (14407.057.000) 07/29 00:28:23 Image size of job updated: 5609056
	5478  -  MemoryUsage of job (MB)
	5609056  -  ResidentSetSize of job (KB)
...
006 (14407.057.000) 07/29 00:33:23 Image size of job updated: 5609092
	5478  -  MemoryUsage of job (MB)
	5609092  -  ResidentSetSize of job (KB)
...
006 (14407.057.000) 07/29 00:38:25 Image size of job updated: 5609128
	5478  -  MemoryUsage of job (MB)
	5609128  -  ResidentSetSize of job (KB)
...
006 (14407.057.000) 07/29 00:43:25 Image size of job updated: 5609168
	5478  -  MemoryUsage of job (MB)
	5609168  -  ResidentSetSize of job (KB)
...
006 (14407.057.000) 07/29 01:58:33 Image size of job updated: 5609176
	5478  -  MemoryUsage of job (MB)
	5609176  -  ResidentSetSize of job (KB)
...
006 (14407.057.000) 07/29 02:23:35 Image size of job updated: 5609192
	5478  -  MemoryUsage of job (MB)
	5609192  -  ResidentSetSize of job (KB)
...
006 (14407.057.000) 07/29 03:38:43 Image size of job updated: 5609196
	5478  -  MemoryUsage of job (MB)
	5609196  -  ResidentSetSize of job (KB)
...
006 (14407.057.000) 07/29 04:38:50 Image size of job updated: 5617584
	5486  -  MemoryUsage of job (MB)
	5617584  -  ResidentSetSize of job (KB)
...
006 (14407.057.000) 07/29 06:09:00 Image size of job updated: 5624248
	5493  -  MemoryUsage of job (MB)
	5624248  -  ResidentSetSize of job (KB)
...
006 (14407.057.000) 07/29 06:14:01 Image size of job updated: 5624276
	5493  -  MemoryUsage of job (MB)
	5624276  -  ResidentSetSize of job (KB)
...
006 (14407.057.000) 07/29 06:19:01 Image size of job updated: 5830736
	5695  -  MemoryUsage of job (MB)
	5830736  -  ResidentSetSize of job (KB)
...
006 (14407.057.000) 07/29 06:29:03 Image size of job updated: 5832264
	5696  -  MemoryUsage of job (MB)
	5832264  -  ResidentSetSize of job (KB)
...
006 (14407.057.000) 07/29 06:39:03 Image size of job updated: 5832844
	5697  -  MemoryUsage of job (MB)
	5832844  -  ResidentSetSize of job (KB)
...
006 (14407.057.000) 07/29 07:39:09 Image size of job updated: 5832912
	5697  -  MemoryUsage of job (MB)
	5832912  -  ResidentSetSize of job (KB)
...
006 (14407.057.000) 07/29 08:09:13 Image size of job updated: 5832960
	5697  -  MemoryUsage of job (MB)
	5832960  -  ResidentSetSize of job (KB)
...
005 (14407.057.000) 07/29 08:14:33 Job terminated.
	(1) Normal termination (return value 0)
		Usr 0 10:02:33, Sys 0 00:47:58  -  Run Remote Usage
		Usr 0 00:00:00, Sys 0 00:00:00  -  Run Local Usage
		Usr 0 10:02:33, Sys 0 00:47:58  -  Total Remote Usage
		Usr 0 00:00:00, Sys 0 00:00:00  -  Total Local Usage
	0  -  Run Bytes Sent By Job
	0  -  Run Bytes Received By Job
	0  -  Total Bytes Sent By Job
	0  -  Total Bytes Received By Job
	Partitionable Resources :    Usage  Request Allocated
	   Cpus                 :                 1         1
	   Disk (KB)            :        1        1 140448582
	   Memory (MB)          :     5697     8192     21265
...
