_CONDOR_JOB_IWD /mnt/ws/home/jferiante
Cluster 14407
Process 0
RunningOn slot5@opt-a018.discovery.wisc.edu
python th_deep_belief_net.py pcba 0
Running Theano Learn Deep Belief Net for pcba, target: aid1030.........
... building the model
... getting the pretraining functions
... pre-training the model
Pre-training layer 0, epoch 0, cost  -64.7780716934
Pre-training layer 0, epoch 1, cost  -50.6557432378
Pre-training layer 0, epoch 2, cost  -45.0959829024
Pre-training layer 0, epoch 3, cost  -41.4692298602
Pre-training layer 0, epoch 4, cost  -38.7967218797
Pre-training layer 0, epoch 5, cost  -36.684438359
Pre-training layer 0, epoch 6, cost  -34.9478955536
Pre-training layer 0, epoch 7, cost  -33.4502050856
Pre-training layer 1, epoch 0, cost  -1351.13234955
Pre-training layer 1, epoch 1, cost  -1347.43035215
Pre-training layer 1, epoch 2, cost  -1347.42905684
Pre-training layer 1, epoch 3, cost  -1347.42907083
Pre-training layer 1, epoch 4, cost  -1347.4287564
Pre-training layer 1, epoch 5, cost  -1347.42923414
Pre-training layer 1, epoch 6, cost  -1347.42850211
Pre-training layer 1, epoch 7, cost  -1347.42890208
... getting the finetuning functions
... finetuning the model
     epoch 1, minibatch 2352/2352, best error 48.750000 %, best_auc: 0.500000
Optimization complete with best validation score of 48.755102 %, obtained at iteration 2352, with test performance 48.750000 %, and best_auc: 0.500000
runtime: 267598.03 secs.
