_CONDOR_JOB_IWD /mnt/ws/home/jferiante
Cluster 14407
Process 24
RunningOn slot6@opt-a004.discovery.wisc.edu
python th_deep_belief_net.py pcba 24
Running Theano Learn Deep Belief Net for pcba, target: aid2546.........
... building the model
... getting the pretraining functions
... pre-training the model
Pre-training layer 0, epoch 0, cost  -59.4057189488
Pre-training layer 0, epoch 1, cost  -44.7304424684
Pre-training layer 0, epoch 2, cost  -39.1472713569
Pre-training layer 0, epoch 3, cost  -35.578538582
Pre-training layer 0, epoch 4, cost  -32.9671791754
Pre-training layer 0, epoch 5, cost  -30.9193785521
Pre-training layer 0, epoch 6, cost  -29.2322107197
Pre-training layer 0, epoch 7, cost  -27.8084430584
Pre-training layer 1, epoch 0, cost  -1353.13038332
Pre-training layer 1, epoch 1, cost  -1350.85735301
Pre-training layer 1, epoch 2, cost  -1350.85707711
Pre-training layer 1, epoch 3, cost  -1350.85729427
Pre-training layer 1, epoch 4, cost  -1350.85674455
Pre-training layer 1, epoch 5, cost  -1350.85708815
Pre-training layer 1, epoch 6, cost  -1350.85698484
Pre-training layer 1, epoch 7, cost  -1350.85697409
... getting the finetuning functions
... finetuning the model
     epoch 1, minibatch 3471/3471, best error 49.262111 %, best_auc: 0.500000
     new best AUC!: 0.500017035485
Optimization complete with best validation score of 49.269896 %, obtained at iteration 3471, with test performance 49.262111 %, and best_auc: 0.500017
runtime: 392378.87 secs.
