_CONDOR_JOB_IWD /mnt/ws/home/jferiante
Cluster 14405
Process 89
RunningOn slot14@opt-a002.discovery.wisc.edu
python th_deep_belief_net.py dud_e 89
Running Theano Learn Deep Belief Net for dud_e, target: rxra.........
... building the model
... getting the pretraining functions
... pre-training the model
Pre-training layer 0, epoch 0, cost  -108.089712762
Pre-training layer 0, epoch 1, cost  -73.3474957935
Pre-training layer 1, epoch 0, cost  -1388.24549381
Pre-training layer 1, epoch 1, cost  -1373.64875293
... getting the finetuning functions
... finetuning the model
     epoch 1, minibatch 75/75, best error 38.400000 %, best_auc: 0.901819
     new best AUC!: 0.962301265412
     epoch 8, minibatch 75/75, best error 22.800000 %, best_auc: 0.962301
     new best AUC!: 0.984121512005
     epoch 9, minibatch 75/75, best error 4.040000 %, best_auc: 0.984122
     new best AUC!: 0.995781959766
     epoch 10, minibatch 75/75, best error 2.480000 %, best_auc: 0.995782
     new best AUC!: 0.998397955873
     epoch 11, minibatch 75/75, best error 2.440000 %, best_auc: 0.998398
     new best AUC!: 0.9990266061
     new best AUC!: 0.999290233615
     epoch 13, minibatch 75/75, best error 2.400000 %, best_auc: 0.999290
     new best AUC!: 0.999452465931
     new best AUC!: 0.99953358209
     new best AUC!: 0.999675535367
     new best AUC!: 0.999695814406
     new best AUC!: 0.999736372485
     new best AUC!: 0.999776930565
     new best AUC!: 0.999797209604
     new best AUC!: 0.999817488644
     new best AUC!: 0.999858046723
     new best AUC!: 0.999878325762
     new best AUC!: 0.999898604802
     new best AUC!: 0.999918883842
Optimization complete with best validation score of 1.240000 %, obtained at iteration 975, with test performance 2.400000 %, and best_auc: 0.999919
runtime: 21149.48 secs.
