000 (14407.072.000) 07/28 17:55:13 Job submitted from host: <144.92.142.140:9620?sock=9267_cb64_3>
...
001 (14407.072.000) 07/29 01:22:09 Job executing on host: <144.92.142.154:9620?sock=7918_5eb1_3>
...
006 (14407.072.000) 07/29 01:22:17 Image size of job updated: 23596
	24  -  MemoryUsage of job (MB)
	23596  -  ResidentSetSize of job (KB)
...
006 (14407.072.000) 07/29 01:27:17 Image size of job updated: 3313612
	3236  -  MemoryUsage of job (MB)
	3313612  -  ResidentSetSize of job (KB)
...
006 (14407.072.000) 07/29 01:32:18 Image size of job updated: 6086764
	5945  -  MemoryUsage of job (MB)
	6086764  -  ResidentSetSize of job (KB)
...
006 (14407.072.000) 07/29 01:37:18 Image size of job updated: 6086800
	5945  -  MemoryUsage of job (MB)
	6086800  -  ResidentSetSize of job (KB)
...
006 (14407.072.000) 07/29 01:42:18 Image size of job updated: 6086852
	5945  -  MemoryUsage of job (MB)
	6086852  -  ResidentSetSize of job (KB)
...
006 (14407.072.000) 07/29 01:47:19 Image size of job updated: 6086892
	5945  -  MemoryUsage of job (MB)
	6086892  -  ResidentSetSize of job (KB)
...
006 (14407.072.000) 07/29 01:52:19 Image size of job updated: 6086932
	5945  -  MemoryUsage of job (MB)
	6086932  -  ResidentSetSize of job (KB)
...
006 (14407.072.000) 07/29 01:57:19 Image size of job updated: 6086952
	5945  -  MemoryUsage of job (MB)
	6086952  -  ResidentSetSize of job (KB)
...
006 (14407.072.000) 07/29 07:22:54 Image size of job updated: 6093448
	5951  -  MemoryUsage of job (MB)
	6093448  -  ResidentSetSize of job (KB)
...
006 (14407.072.000) 07/29 07:32:55 Image size of job updated: 6289704
	6143  -  MemoryUsage of job (MB)
	6289704  -  ResidentSetSize of job (KB)
...
006 (14407.072.000) 07/29 07:47:56 Image size of job updated: 6292116
	6145  -  MemoryUsage of job (MB)
	6292116  -  ResidentSetSize of job (KB)
...
006 (14407.072.000) 07/29 08:02:57 Image size of job updated: 6292184
	6145  -  MemoryUsage of job (MB)
	6292184  -  ResidentSetSize of job (KB)
...
006 (14407.072.000) 07/29 08:12:59 Image size of job updated: 6292600
	6146  -  MemoryUsage of job (MB)
	6292600  -  ResidentSetSize of job (KB)
...
006 (14407.072.000) 07/29 09:23:05 Image size of job updated: 6292628
	6146  -  MemoryUsage of job (MB)
	6292628  -  ResidentSetSize of job (KB)
...
005 (14407.072.000) 07/29 09:40:34 Job terminated.
	(1) Normal termination (return value 0)
		Usr 0 10:09:24, Sys 0 00:47:18  -  Run Remote Usage
		Usr 0 00:00:00, Sys 0 00:00:00  -  Run Local Usage
		Usr 0 10:09:24, Sys 0 00:47:18  -  Total Remote Usage
		Usr 0 00:00:00, Sys 0 00:00:00  -  Total Local Usage
	0  -  Run Bytes Sent By Job
	0  -  Run Bytes Received By Job
	0  -  Total Bytes Sent By Job
	0  -  Total Bytes Received By Job
	Partitionable Resources :    Usage  Request Allocated
	   Cpus                 :                 1         1
	   Disk (KB)            :        1        1 140448581
	   Memory (MB)          :     6146     8192     21265
...
