000 (14406.025.000) 07/28 17:54:54 Job submitted from host: <144.92.142.140:9620?sock=9267_cb64_3>
...
001 (14406.025.000) 07/28 18:05:48 Job executing on host: <144.92.142.141:9620?sock=4744_8b2e_3>
...
007 (14406.025.000) 07/28 18:05:48 Shadow exception!
	Error from slot12@mir-exec-01.discovery.wisc.edu: Failed to execute '/mnt/ws/home/jferiante/wid-stnn_dbn-muv.sh': (errno=13: 'Permission denied')
	0  -  Run Bytes Sent By Job
	0  -  Run Bytes Received By Job
...
012 (14406.025.000) 07/28 18:05:48 Job was held.
	Error from slot12@mir-exec-01.discovery.wisc.edu: Failed to execute '/mnt/ws/home/jferiante/wid-stnn_dbn-muv.sh': (errno=13: 'Permission denied')
	Code 6 Subcode 13
...
013 (14406.025.000) 07/28 18:09:42 Job was released.
	via condor_release (by user jferiante)
...
001 (14406.025.000) 07/28 18:54:09 Job executing on host: <144.92.142.154:9620?sock=7918_5eb1_3>
...
006 (14406.025.000) 07/28 18:54:18 Image size of job updated: 25332
	25  -  MemoryUsage of job (MB)
	25332  -  ResidentSetSize of job (KB)
...
006 (14406.025.000) 07/28 18:54:28 Image size of job updated: 40084
	25  -  MemoryUsage of job (MB)
	25332  -  ResidentSetSize of job (KB)
...
005 (14406.025.000) 07/28 18:54:28 Job terminated.
	(1) Normal termination (return value 1)
		Usr 0 00:00:00, Sys 0 00:00:00  -  Run Remote Usage
		Usr 0 00:00:00, Sys 0 00:00:00  -  Run Local Usage
		Usr 0 00:00:00, Sys 0 00:00:00  -  Total Remote Usage
		Usr 0 00:00:00, Sys 0 00:00:00  -  Total Local Usage
	0  -  Run Bytes Sent By Job
	0  -  Run Bytes Received By Job
	0  -  Total Bytes Sent By Job
	0  -  Total Bytes Received By Job
	Partitionable Resources :    Usage  Request Allocated
	   Cpus                 :                 1         1
	   Disk (KB)            :        1        1 140448474
	   Memory (MB)          :       25     3072     21265
...
