_CONDOR_JOB_IWD /mnt/ws/home/jferiante
Cluster 14407
Process 118
RunningOn slot3@opt-a015.discovery.wisc.edu
python th_deep_belief_net.py pcba 118
Running Theano Learn Deep Belief Net for pcba, target: aid904.........
... building the model
... getting the pretraining functions
... pre-training the model
Pre-training layer 0, epoch 0, cost  -82.2355312059
Pre-training layer 0, epoch 1, cost  -65.9294025238
Pre-training layer 0, epoch 2, cost  -58.8577666406
Pre-training layer 0, epoch 3, cost  -53.8122984358
Pre-training layer 0, epoch 4, cost  -50.0590826509
Pre-training layer 0, epoch 5, cost  -47.0824661318
Pre-training layer 0, epoch 6, cost  -44.6381835876
Pre-training layer 0, epoch 7, cost  -42.6199704045
Pre-training layer 1, epoch 0, cost  -1368.24362942
Pre-training layer 1, epoch 1, cost  -1354.51072059
Pre-training layer 1, epoch 2, cost  -1352.80773133
Pre-training layer 1, epoch 3, cost  -1352.55794859
Pre-training layer 1, epoch 4, cost  -1352.52011944
Pre-training layer 1, epoch 5, cost  -1352.5136592
Pre-training layer 1, epoch 6, cost  -1352.51374836
Pre-training layer 1, epoch 7, cost  -1352.51257936
... getting the finetuning functions
... finetuning the model
     epoch 1, minibatch 419/419, best error 22.575540 %, best_auc: 0.500000
     new best AUC!: 0.504715591312
Optimization complete with best validation score of 22.611511 %, obtained at iteration 419, with test performance 22.575540 %, and best_auc: 0.504716
runtime: 61758.58 secs.
