_CONDOR_JOB_IWD /mnt/ws/home/jferiante
Cluster 14407
Process 40
RunningOn slot3@opt-a018.discovery.wisc.edu
python th_deep_belief_net.py pcba 40
Running Theano Learn Deep Belief Net for pcba, target: aid485353.........
... building the model
... getting the pretraining functions
... pre-training the model
Pre-training layer 0, epoch 0, cost  -66.1970540592
Pre-training layer 0, epoch 1, cost  -51.9932329418
Pre-training layer 0, epoch 2, cost  -46.3720352161
Pre-training layer 0, epoch 3, cost  -42.7127303816
Pre-training layer 0, epoch 4, cost  -40.0917771111
Pre-training layer 0, epoch 5, cost  -38.0176356431
Pre-training layer 0, epoch 6, cost  -36.3008413794
Pre-training layer 0, epoch 7, cost  -34.8526586547
Pre-training layer 1, epoch 0, cost  -1354.41687641
Pre-training layer 1, epoch 1, cost  -1350.56485072
Pre-training layer 1, epoch 2, cost  -1350.56359956
Pre-training layer 1, epoch 3, cost  -1350.56338433
Pre-training layer 1, epoch 4, cost  -1350.563213
Pre-training layer 1, epoch 5, cost  -1350.56324715
Pre-training layer 1, epoch 6, cost  -1350.56338935
Pre-training layer 1, epoch 7, cost  -1350.56288779
... getting the finetuning functions
... finetuning the model
     epoch 1, minibatch 2077/2077, best error 5.202312 %, best_auc: 0.500000
Optimization complete with best validation score of 5.200867 %, obtained at iteration 2077, with test performance 5.202312 %, and best_auc: 0.500000
runtime: 236695.27 secs.
