_CONDOR_JOB_IWD /mnt/ws/home/jferiante
Cluster 14407
Process 62
RunningOn slot6@opt-a004.discovery.wisc.edu
python th_deep_belief_net.py pcba 62
Running Theano Learn Deep Belief Net for pcba, target: aid588456.........
... building the model
... getting the pretraining functions
... pre-training the model
Pre-training layer 0, epoch 0, cost  -65.7568078021
Pre-training layer 0, epoch 1, cost  -51.6426744203
Pre-training layer 0, epoch 2, cost  -46.0373063468
Pre-training layer 0, epoch 3, cost  -42.4893023281
Pre-training layer 0, epoch 4, cost  -39.8803070292
Pre-training layer 0, epoch 5, cost  -37.8223642735
Pre-training layer 0, epoch 6, cost  -36.1401955081
Pre-training layer 0, epoch 7, cost  -34.7141533329
Pre-training layer 1, epoch 0, cost  -1352.65139863
Pre-training layer 1, epoch 1, cost  -1349.06553681
Pre-training layer 1, epoch 2, cost  -1349.06481203
Pre-training layer 1, epoch 3, cost  -1349.06460592
Pre-training layer 1, epoch 4, cost  -1349.06441998
Pre-training layer 1, epoch 5, cost  -1349.06485965
Pre-training layer 1, epoch 6, cost  -1349.06419891
Pre-training layer 1, epoch 7, cost  -1349.06438751
... getting the finetuning functions
... finetuning the model
     epoch 1, minibatch 2326/2326, best error 0.385806 %, best_auc: 0.500000
Optimization complete with best validation score of 0.387097 %, obtained at iteration 2326, with test performance 0.385806 %, and best_auc: 0.500000
runtime: 276472.67 secs.
