_CONDOR_JOB_IWD /mnt/ws/home/jferiante
Cluster 14407
Process 93
RunningOn slot4@opt-a003.discovery.wisc.edu
python th_deep_belief_net.py pcba 93
Running Theano Learn Deep Belief Net for pcba, target: aid686978.........
... building the model
... getting the pretraining functions
... pre-training the model
Pre-training layer 0, epoch 0, cost  -62.4854037419
Pre-training layer 0, epoch 1, cost  -47.7334054091
Pre-training layer 0, epoch 2, cost  -42.0865147974
Pre-training layer 0, epoch 3, cost  -38.4872039742
Pre-training layer 0, epoch 4, cost  -35.8584550709
Pre-training layer 0, epoch 5, cost  -33.760173745
Pre-training layer 0, epoch 6, cost  -32.0708793538
Pre-training layer 0, epoch 7, cost  -30.6386958182
Pre-training layer 1, epoch 0, cost  -1352.51872351
Pre-training layer 1, epoch 1, cost  -1350.52007292
Pre-training layer 1, epoch 2, cost  -1350.51964068
Pre-training layer 1, epoch 3, cost  -1350.51963243
Pre-training layer 1, epoch 4, cost  -1350.51975722
Pre-training layer 1, epoch 5, cost  -1350.51962001
Pre-training layer 1, epoch 6, cost  -1350.51972269
Pre-training layer 1, epoch 7, cost  -1350.51950505
... getting the finetuning functions
... finetuning the model
     epoch 1, minibatch 3997/3997, best error 46.812312 %, best_auc: 0.500000
     new best AUC!: 0.500080160321
     new best AUC!: 0.500120240481
     new best AUC!: 0.500132116231
Optimization complete with best validation score of 46.803303 %, obtained at iteration 3997, with test performance 46.812312 %, and best_auc: 0.500132
runtime: 415977.41 secs.
