_CONDOR_JOB_IWD /mnt/ws/home/jferiante
Cluster 14407
Process 103
RunningOn slot2@opt-a005.discovery.wisc.edu
python th_deep_belief_net.py pcba 103
Running Theano Learn Deep Belief Net for pcba, target: aid720708.........
... building the model
... getting the pretraining functions
... pre-training the model
Pre-training layer 0, epoch 0, cost  -66.0121492425
Pre-training layer 0, epoch 1, cost  -51.9897319146
Pre-training layer 0, epoch 2, cost  -46.3669109947
Pre-training layer 0, epoch 3, cost  -42.7913095879
Pre-training layer 0, epoch 4, cost  -40.1452432146
Pre-training layer 0, epoch 5, cost  -38.0902454965
Pre-training layer 0, epoch 6, cost  -36.3859706121
Pre-training layer 0, epoch 7, cost  -34.9141837063
Pre-training layer 1, epoch 0, cost  -1352.98258355
Pre-training layer 1, epoch 1, cost  -1349.39402166
Pre-training layer 1, epoch 2, cost  -1349.39290575
Pre-training layer 1, epoch 3, cost  -1349.39282009
Pre-training layer 1, epoch 4, cost  -1349.39251775
Pre-training layer 1, epoch 5, cost  -1349.39288781
Pre-training layer 1, epoch 6, cost  -1349.39242229
Pre-training layer 1, epoch 7, cost  -1349.3925545
... getting the finetuning functions
... finetuning the model
     epoch 1, minibatch 2302/2302, best error 5.159061 %, best_auc: 0.500000
Optimization complete with best validation score of 5.157757 %, obtained at iteration 2302, with test performance 5.159061 %, and best_auc: 0.500000
runtime: 55317.12 secs.
