_CONDOR_JOB_IWD /mnt/ws/home/jferiante
Cluster 14407
Process 20
RunningOn slot16@wid-006.discovery.wisc.edu
python th_deep_belief_net.py pcba 20
Running Theano Learn Deep Belief Net for pcba, target: aid2326.........
... building the model
... getting the pretraining functions
... pre-training the model
Pre-training layer 0, epoch 0, cost  -67.6378991085
Pre-training layer 0, epoch 1, cost  -53.5514579983
Pre-training layer 0, epoch 2, cost  -47.7924163934
Pre-training layer 0, epoch 3, cost  -44.1333327012
Pre-training layer 0, epoch 4, cost  -41.4078894837
Pre-training layer 0, epoch 5, cost  -39.2619257792
Pre-training layer 0, epoch 6, cost  -37.491511143
Pre-training layer 0, epoch 7, cost  -36.0102198261
Pre-training layer 1, epoch 0, cost  -1354.14942204
Pre-training layer 1, epoch 1, cost  -1349.60673941
Pre-training layer 1, epoch 2, cost  -1349.60482591
Pre-training layer 1, epoch 3, cost  -1349.60415746
Pre-training layer 1, epoch 4, cost  -1349.60429813
Pre-training layer 1, epoch 5, cost  -1349.6040277
Pre-training layer 1, epoch 6, cost  -1349.60449834
Pre-training layer 1, epoch 7, cost  -1349.60420023
... getting the finetuning functions
... finetuning the model
     epoch 1, minibatch 1802/1802, best error 10.633333 %, best_auc: 0.500000
Optimization complete with best validation score of 10.626667 %, obtained at iteration 1802, with test performance 10.633333 %, and best_auc: 0.500000
runtime: 31458.77 secs.
