_CONDOR_JOB_IWD /mnt/ws/home/jferiante
Cluster 14407
Process 111
RunningOn slot6@opt-a015.discovery.wisc.edu
python th_deep_belief_net.py pcba 111
Running Theano Learn Deep Belief Net for pcba, target: aid884.........
... building the model
... getting the pretraining functions
... pre-training the model
Pre-training layer 0, epoch 0, cost  -99.520858267
Pre-training layer 0, epoch 1, cost  -73.0006553178
Pre-training layer 0, epoch 2, cost  -69.2417648867
Pre-training layer 0, epoch 3, cost  -66.0796523931
Pre-training layer 0, epoch 4, cost  -63.6592291658
Pre-training layer 0, epoch 5, cost  -61.4221209444
Pre-training layer 0, epoch 6, cost  -59.761046011
Pre-training layer 0, epoch 7, cost  -57.8960632752
Pre-training layer 1, epoch 0, cost  -1383.66078075
Pre-training layer 1, epoch 1, cost  -1367.07039299
Pre-training layer 1, epoch 2, cost  -1359.9541166
Pre-training layer 1, epoch 3, cost  -1355.48750713
Pre-training layer 1, epoch 4, cost  -1352.57305146
Pre-training layer 1, epoch 5, cost  -1350.59513856
Pre-training layer 1, epoch 6, cost  -1349.21489192
Pre-training layer 1, epoch 7, cost  -1348.18252619
... getting the finetuning functions
... finetuning the model
     epoch 1, minibatch 98/98, best error 41.500000 %, best_auc: 0.675827
     new best AUC!: 0.698500606988
     epoch 2, minibatch 98/98, best error 34.781250 %, best_auc: 0.698501
     new best AUC!: 0.719141616528
     epoch 3, minibatch 98/98, best error 32.656250 %, best_auc: 0.719142
     new best AUC!: 0.735958412775
     epoch 4, minibatch 98/98, best error 30.625000 %, best_auc: 0.735958
     new best AUC!: 0.749804964741
     epoch 5, minibatch 98/98, best error 30.093750 %, best_auc: 0.749805
     new best AUC!: 0.762332126969
     epoch 6, minibatch 98/98, best error 29.187500 %, best_auc: 0.762332
     new best AUC!: 0.774199023492
     epoch 7, minibatch 98/98, best error 28.187500 %, best_auc: 0.774199
     new best AUC!: 0.786319370712
     epoch 8, minibatch 98/98, best error 27.125000 %, best_auc: 0.786319
     new best AUC!: 0.797510018153
     epoch 9, minibatch 98/98, best error 26.500000 %, best_auc: 0.797510
     new best AUC!: 0.806810440951
     epoch 10, minibatch 98/98, best error 26.406250 %, best_auc: 0.806810
     new best AUC!: 0.816677893086
     epoch 11, minibatch 98/98, best error 25.718750 %, best_auc: 0.816678
     new best AUC!: 0.829511783935
     epoch 12, minibatch 98/98, best error 24.718750 %, best_auc: 0.829512
     new best AUC!: 0.841875306824
     epoch 13, minibatch 98/98, best error 23.843750 %, best_auc: 0.841875
     new best AUC!: 0.848999326415
     epoch 14, minibatch 98/98, best error 22.843750 %, best_auc: 0.848999
     new best AUC!: 0.853989945695
     epoch 15, minibatch 98/98, best error 22.875000 %, best_auc: 0.853990
     new best AUC!: 0.857680583622
     epoch 16, minibatch 98/98, best error 22.187500 %, best_auc: 0.857681
     new best AUC!: 0.860495941364
     epoch 17, minibatch 98/98, best error 22.125000 %, best_auc: 0.860496
     new best AUC!: 0.86273627808
     epoch 18, minibatch 98/98, best error 21.500000 %, best_auc: 0.862736
     new best AUC!: 0.864419479931
     epoch 19, minibatch 98/98, best error 21.375000 %, best_auc: 0.864419
     new best AUC!: 0.865728594643
     epoch 20, minibatch 98/98, best error 20.906250 %, best_auc: 0.865729
     new best AUC!: 0.866810897619
     epoch 21, minibatch 98/98, best error 21.562500 %, best_auc: 0.866811
     new best AUC!: 0.867795016992
     new best AUC!: 0.868582008045
     new best AUC!: 0.869288321098
     new best AUC!: 0.869922328398
     new best AUC!: 0.870549105121
     new best AUC!: 0.871166748486
     new best AUC!: 0.871726166691
     new best AUC!: 0.872240679217
     new best AUC!: 0.872761280649
     new best AUC!: 0.873256004232
     new best AUC!: 0.873634277494
     new best AUC!: 0.874046800851
     new best AUC!: 0.87434591834
     new best AUC!: 0.874949481111
     new best AUC!: 0.87519265678
     new best AUC!: 0.876060706389
     epoch 37, minibatch 98/98, best error 20.625000 %, best_auc: 0.876061
     new best AUC!: 0.876634585745
     new best AUC!: 0.877072986951
     new best AUC!: 0.877308170931
     new best AUC!: 0.877554010496
     new best AUC!: 0.877853889098
     epoch 42, minibatch 98/98, best error 20.343750 %, best_auc: 0.877854
     new best AUC!: 0.878029706248
     new best AUC!: 0.878044547956
     new best AUC!: 0.878406837841
     new best AUC!: 0.878565529944
     epoch 47, minibatch 98/98, best error 20.281250 %, best_auc: 0.878566
     new best AUC!: 0.878581893878
     epoch 51, minibatch 98/98, best error 19.843750 %, best_auc: 0.878582
     new best AUC!: 0.878736019302
     new best AUC!: 0.878743630434
     epoch 252, minibatch 98/98, best error 20.343750 %, best_auc: 0.878744
Optimization complete with best validation score of 20.750000 %, obtained at iteration 24696, with test performance 20.343750 %, and best_auc: 0.878744
runtime: 55819.06 secs.
