_CONDOR_JOB_IWD /mnt/ws/home/jferiante
Cluster 14410
Process 9
RunningOn slot1@opt-a006.discovery.wisc.edu
python th_deep_belief_net.py tox21 9
Running Theano Learn Deep Belief Net for tox21, target: sr-hse.........
... building the model
... getting the pretraining functions
... pre-training the model
Pre-training layer 0, epoch 0, cost  -1469.08793862
Pre-training layer 0, epoch 1, cost  -1464.82611081
Pre-training layer 0, epoch 2, cost  -1460.02767475
Pre-training layer 0, epoch 3, cost  -1454.98557943
Pre-training layer 0, epoch 4, cost  -1450.09033887
Pre-training layer 0, epoch 5, cost  -1445.27303119
Pre-training layer 0, epoch 6, cost  -1440.04040481
Pre-training layer 0, epoch 7, cost  -1434.5316016
Pre-training layer 0, epoch 8, cost  -1429.63101888
Pre-training layer 0, epoch 9, cost  -1425.41326508
Pre-training layer 1, epoch 0, cost  -1540.13547062
Pre-training layer 1, epoch 1, cost  -1539.88888213
Pre-training layer 1, epoch 2, cost  -1539.79834391
Pre-training layer 1, epoch 3, cost  -1539.39878091
Pre-training layer 1, epoch 4, cost  -1539.29003899
Pre-training layer 1, epoch 5, cost  -1539.32393844
Pre-training layer 1, epoch 6, cost  -1539.03242282
Pre-training layer 1, epoch 7, cost  -1538.89072554
Pre-training layer 1, epoch 8, cost  -1538.63605641
Pre-training layer 1, epoch 9, cost  -1538.69774656
... getting the finetuning functions
... finetuning the model
epoch 1, minibatch 90/90, validation error 50.200000 %
     epoch 1, minibatch 90/90, best error 50.133333 %, best_auc: 0.606268
epoch 2, minibatch 90/90, validation error 47.433333 %
     new best AUC!: 0.621098497879
     epoch 2, minibatch 90/90, best error 49.933333 %, best_auc: 0.621098
epoch 3, minibatch 90/90, validation error 43.800000 %
     new best AUC!: 0.635554026679
     epoch 3, minibatch 90/90, best error 44.333333 %, best_auc: 0.635554
epoch 4, minibatch 90/90, validation error 38.266667 %
     new best AUC!: 0.649665558231
     epoch 4, minibatch 90/90, best error 37.766667 %, best_auc: 0.649666
epoch 5, minibatch 90/90, validation error 37.000000 %
     new best AUC!: 0.665260100141
     epoch 5, minibatch 90/90, best error 37.833333 %, best_auc: 0.665260
epoch 6, minibatch 90/90, validation error 33.900000 %
     new best AUC!: 0.679853227841
     epoch 6, minibatch 90/90, best error 35.500000 %, best_auc: 0.679853
epoch 7, minibatch 90/90, validation error 35.000000 %
     new best AUC!: 0.693177387914
epoch 8, minibatch 90/90, validation error 36.866667 %
     new best AUC!: 0.704085922868
epoch 9, minibatch 90/90, validation error 36.233333 %
     new best AUC!: 0.713159805833
epoch 10, minibatch 90/90, validation error 36.033333 %
     new best AUC!: 0.7218208921
epoch 11, minibatch 90/90, validation error 35.333333 %
     new best AUC!: 0.728395061728
epoch 12, minibatch 90/90, validation error 36.533333 %
     new best AUC!: 0.733761418798
epoch 13, minibatch 90/90, validation error 36.433333 %
     new best AUC!: 0.738569735887
epoch 14, minibatch 90/90, validation error 36.133333 %
     new best AUC!: 0.742659480946
epoch 15, minibatch 90/90, validation error 35.866667 %
     new best AUC!: 0.74603829836
epoch 16, minibatch 90/90, validation error 36.166667 %
     new best AUC!: 0.748927875244
epoch 17, minibatch 90/90, validation error 35.933333 %
     new best AUC!: 0.75080074915
epoch 18, minibatch 90/90, validation error 36.266667 %
     new best AUC!: 0.75298704277
epoch 19, minibatch 90/90, validation error 37.366667 %
     new best AUC!: 0.754814050376
epoch 20, minibatch 90/90, validation error 36.066667 %
     new best AUC!: 0.756404082101
epoch 21, minibatch 90/90, validation error 35.533333 %
     new best AUC!: 0.757734204793
epoch 22, minibatch 90/90, validation error 34.833333 %
     new best AUC!: 0.758964950503
epoch 23, minibatch 90/90, validation error 34.033333 %
     new best AUC!: 0.759370102817
epoch 24, minibatch 90/90, validation error 34.766667 %
     new best AUC!: 0.759821121431
epoch 25, minibatch 90/90, validation error 35.433333 %
epoch 26, minibatch 90/90, validation error 36.700000 %
epoch 27, minibatch 90/90, validation error 34.366667 %
epoch 28, minibatch 90/90, validation error 32.566667 %
     epoch 28, minibatch 90/90, best error 35.333333 %, best_auc: 0.759821
epoch 29, minibatch 90/90, validation error 32.766667 %
     new best AUC!: 0.75998165348
epoch 30, minibatch 90/90, validation error 31.866667 %
     new best AUC!: 0.760318006345
     epoch 30, minibatch 90/90, best error 31.766667 %, best_auc: 0.760318
epoch 31, minibatch 90/90, validation error 31.866667 %
epoch 32, minibatch 90/90, validation error 32.266667 %
epoch 33, minibatch 90/90, validation error 32.100000 %
epoch 34, minibatch 90/90, validation error 32.066667 %
epoch 35, minibatch 90/90, validation error 31.933333 %
epoch 36, minibatch 90/90, validation error 31.700000 %
     epoch 36, minibatch 90/90, best error 32.300000 %, best_auc: 0.760318
epoch 37, minibatch 90/90, validation error 31.566667 %
     epoch 37, minibatch 90/90, best error 32.666667 %, best_auc: 0.760318
epoch 38, minibatch 90/90, validation error 31.500000 %
     epoch 38, minibatch 90/90, best error 33.166667 %, best_auc: 0.760318
epoch 39, minibatch 90/90, validation error 31.366667 %
     epoch 39, minibatch 90/90, best error 33.066667 %, best_auc: 0.760318
epoch 40, minibatch 90/90, validation error 31.300000 %
     epoch 40, minibatch 90/90, best error 32.966667 %, best_auc: 0.760318
epoch 41, minibatch 90/90, validation error 31.233333 %
     epoch 41, minibatch 90/90, best error 32.866667 %, best_auc: 0.760318
epoch 42, minibatch 90/90, validation error 31.200000 %
     epoch 42, minibatch 90/90, best error 33.900000 %, best_auc: 0.760318
epoch 43, minibatch 90/90, validation error 31.200000 %
epoch 44, minibatch 90/90, validation error 31.133333 %
     epoch 44, minibatch 90/90, best error 33.866667 %, best_auc: 0.760318
epoch 45, minibatch 90/90, validation error 31.033333 %
     epoch 45, minibatch 90/90, best error 33.800000 %, best_auc: 0.760318
epoch 46, minibatch 90/90, validation error 31.033333 %
epoch 47, minibatch 90/90, validation error 31.200000 %
epoch 48, minibatch 90/90, validation error 30.733333 %
     epoch 48, minibatch 90/90, best error 32.900000 %, best_auc: 0.760318
epoch 49, minibatch 90/90, validation error 30.600000 %
     epoch 49, minibatch 90/90, best error 31.633333 %, best_auc: 0.760318
epoch 50, minibatch 90/90, validation error 30.800000 %
epoch 51, minibatch 90/90, validation error 30.833333 %
epoch 52, minibatch 90/90, validation error 29.533333 %
     epoch 52, minibatch 90/90, best error 28.666667 %, best_auc: 0.760318
epoch 53, minibatch 90/90, validation error 29.933333 %
epoch 54, minibatch 90/90, validation error 29.000000 %
     epoch 54, minibatch 90/90, best error 28.966667 %, best_auc: 0.760318
epoch 55, minibatch 90/90, validation error 30.200000 %
epoch 56, minibatch 90/90, validation error 30.800000 %
epoch 57, minibatch 90/90, validation error 29.533333 %
epoch 58, minibatch 90/90, validation error 29.200000 %
epoch 59, minibatch 90/90, validation error 29.900000 %
epoch 60, minibatch 90/90, validation error 29.033333 %
epoch 61, minibatch 90/90, validation error 28.866667 %
     epoch 61, minibatch 90/90, best error 31.033333 %, best_auc: 0.760318
epoch 62, minibatch 90/90, validation error 29.966667 %
epoch 63, minibatch 90/90, validation error 29.900000 %
epoch 64, minibatch 90/90, validation error 29.400000 %
epoch 65, minibatch 90/90, validation error 30.266667 %
epoch 66, minibatch 90/90, validation error 29.366667 %
epoch 67, minibatch 90/90, validation error 30.833333 %
epoch 68, minibatch 90/90, validation error 29.966667 %
epoch 69, minibatch 90/90, validation error 30.133333 %
epoch 70, minibatch 90/90, validation error 30.233333 %
epoch 71, minibatch 90/90, validation error 30.066667 %
epoch 72, minibatch 90/90, validation error 30.600000 %
epoch 73, minibatch 90/90, validation error 30.666667 %
epoch 74, minibatch 90/90, validation error 30.566667 %
epoch 75, minibatch 90/90, validation error 31.066667 %
epoch 76, minibatch 90/90, validation error 31.066667 %
epoch 77, minibatch 90/90, validation error 30.966667 %
epoch 78, minibatch 90/90, validation error 31.000000 %
epoch 79, minibatch 90/90, validation error 31.566667 %
epoch 80, minibatch 90/90, validation error 31.500000 %
epoch 81, minibatch 90/90, validation error 31.500000 %
epoch 82, minibatch 90/90, validation error 31.466667 %
epoch 83, minibatch 90/90, validation error 31.433333 %
epoch 84, minibatch 90/90, validation error 31.366667 %
epoch 85, minibatch 90/90, validation error 31.333333 %
epoch 86, minibatch 90/90, validation error 31.333333 %
epoch 87, minibatch 90/90, validation error 31.300000 %
epoch 88, minibatch 90/90, validation error 31.766667 %
epoch 89, minibatch 90/90, validation error 31.766667 %
epoch 90, minibatch 90/90, validation error 31.833333 %
epoch 91, minibatch 90/90, validation error 31.833333 %
epoch 92, minibatch 90/90, validation error 31.200000 %
epoch 93, minibatch 90/90, validation error 31.166667 %
epoch 94, minibatch 90/90, validation error 31.133333 %
epoch 95, minibatch 90/90, validation error 31.133333 %
epoch 96, minibatch 90/90, validation error 31.166667 %
epoch 97, minibatch 90/90, validation error 31.166667 %
epoch 98, minibatch 90/90, validation error 30.500000 %
epoch 99, minibatch 90/90, validation error 30.466667 %
epoch 100, minibatch 90/90, validation error 30.466667 %
epoch 101, minibatch 90/90, validation error 30.466667 %
epoch 102, minibatch 90/90, validation error 30.466667 %
epoch 103, minibatch 90/90, validation error 30.466667 %
epoch 104, minibatch 90/90, validation error 30.433333 %
epoch 105, minibatch 90/90, validation error 30.433333 %
epoch 106, minibatch 90/90, validation error 30.500000 %
epoch 107, minibatch 90/90, validation error 30.466667 %
Optimization complete with best validation score of 28.866667 %, obtained at iteration 5490, with test performance 31.033333 %, and best_auc: 0.760318
runtime: 7374.90 secs.
