000 (14410.000.000) 08/01 05:08:24 Job submitted from host: <144.92.142.140:9620?sock=9267_cb64_3>
...
001 (14410.000.000) 08/01 05:08:27 Job executing on host: <144.92.142.161:9620?sock=10442_34dc_3>
...
006 (14410.000.000) 08/01 05:08:36 Image size of job updated: 4700
	5  -  MemoryUsage of job (MB)
	4700  -  ResidentSetSize of job (KB)
...
006 (14410.000.000) 08/01 05:13:38 Image size of job updated: 337932
	331  -  MemoryUsage of job (MB)
	337932  -  ResidentSetSize of job (KB)
...
006 (14410.000.000) 08/01 05:18:38 Image size of job updated: 349296
	342  -  MemoryUsage of job (MB)
	349296  -  ResidentSetSize of job (KB)
...
006 (14410.000.000) 08/01 05:28:39 Image size of job updated: 416752
	407  -  MemoryUsage of job (MB)
	416752  -  ResidentSetSize of job (KB)
...
006 (14410.000.000) 08/01 05:33:40 Image size of job updated: 426568
	417  -  MemoryUsage of job (MB)
	426568  -  ResidentSetSize of job (KB)
...
006 (14410.000.000) 08/01 05:38:40 Image size of job updated: 470804
	460  -  MemoryUsage of job (MB)
	470804  -  ResidentSetSize of job (KB)
...
006 (14410.000.000) 08/01 05:43:40 Image size of job updated: 491960
	481  -  MemoryUsage of job (MB)
	491960  -  ResidentSetSize of job (KB)
...
006 (14410.000.000) 08/01 05:48:41 Image size of job updated: 511448
	500  -  MemoryUsage of job (MB)
	511448  -  ResidentSetSize of job (KB)
...
006 (14410.000.000) 08/01 05:52:43 Image size of job updated: 520256
	500  -  MemoryUsage of job (MB)
	511448  -  ResidentSetSize of job (KB)
...
005 (14410.000.000) 08/01 05:52:43 Job terminated.
	(1) Normal termination (return value 0)
		Usr 0 07:09:47, Sys 0 00:47:32  -  Run Remote Usage
		Usr 0 00:00:00, Sys 0 00:00:00  -  Run Local Usage
		Usr 0 07:09:47, Sys 0 00:47:32  -  Total Remote Usage
		Usr 0 00:00:00, Sys 0 00:00:00  -  Total Local Usage
	0  -  Run Bytes Sent By Job
	0  -  Run Bytes Received By Job
	0  -  Total Bytes Sent By Job
	0  -  Total Bytes Received By Job
	Partitionable Resources :    Usage  Request Allocated
	   Cpus                 :                 4         4
	   Disk (KB)            :        1        1  34038333
	   Memory (MB)          :      500     4096     12915
...
