000 (14410.006.000) 08/01 05:08:24 Job submitted from host: <144.92.142.140:9620?sock=9267_cb64_3>
...
001 (14410.006.000) 08/01 05:08:32 Job executing on host: <144.92.142.168:9620?sock=3732_3c9c_3>
...
006 (14410.006.000) 08/01 05:08:41 Image size of job updated: 12320
	13  -  MemoryUsage of job (MB)
	12320  -  ResidentSetSize of job (KB)
...
006 (14410.006.000) 08/01 05:13:42 Image size of job updated: 294948
	289  -  MemoryUsage of job (MB)
	294948  -  ResidentSetSize of job (KB)
...
006 (14410.006.000) 08/01 05:18:43 Image size of job updated: 388832
	380  -  MemoryUsage of job (MB)
	388832  -  ResidentSetSize of job (KB)
...
006 (14410.006.000) 08/01 05:23:17 Image size of job updated: 407808
	380  -  MemoryUsage of job (MB)
	388832  -  ResidentSetSize of job (KB)
...
005 (14410.006.000) 08/01 05:23:17 Job terminated.
	(1) Normal termination (return value 0)
		Usr 0 01:43:32, Sys 0 00:05:32  -  Run Remote Usage
		Usr 0 00:00:00, Sys 0 00:00:00  -  Run Local Usage
		Usr 0 01:43:32, Sys 0 00:05:32  -  Total Remote Usage
		Usr 0 00:00:00, Sys 0 00:00:00  -  Total Local Usage
	0  -  Run Bytes Sent By Job
	0  -  Run Bytes Received By Job
	0  -  Total Bytes Sent By Job
	0  -  Total Bytes Received By Job
	Partitionable Resources :    Usage  Request Allocated
	   Cpus                 :                 4         4
	   Disk (KB)            :        1        1  79623494
	   Memory (MB)          :      380     4096     21508
...
