_CONDOR_JOB_IWD /mnt/ws/home/jferiante
Cluster 14410
Process 4
RunningOn slot2@opt-a007.discovery.wisc.edu
python th_deep_belief_net.py tox21 4
Running Theano Learn Deep Belief Net for tox21, target: nr-er-lbd.........
... building the model
... getting the pretraining functions
... pre-training the model
Pre-training layer 0, epoch 0, cost  -1464.61242512
Pre-training layer 0, epoch 1, cost  -1459.80935307
Pre-training layer 0, epoch 2, cost  -1454.83704323
Pre-training layer 0, epoch 3, cost  -1449.59774586
Pre-training layer 0, epoch 4, cost  -1444.50341474
Pre-training layer 0, epoch 5, cost  -1438.74035958
Pre-training layer 0, epoch 6, cost  -1433.52173958
Pre-training layer 0, epoch 7, cost  -1427.65444985
Pre-training layer 0, epoch 8, cost  -1422.86281366
Pre-training layer 0, epoch 9, cost  -1417.88522361
Pre-training layer 1, epoch 0, cost  -1539.74032202
Pre-training layer 1, epoch 1, cost  -1539.48816615
Pre-training layer 1, epoch 2, cost  -1539.30879678
Pre-training layer 1, epoch 3, cost  -1538.98965194
Pre-training layer 1, epoch 4, cost  -1539.26017054
Pre-training layer 1, epoch 5, cost  -1538.68913647
Pre-training layer 1, epoch 6, cost  -1538.73720555
Pre-training layer 1, epoch 7, cost  -1538.29641654
Pre-training layer 1, epoch 8, cost  -1538.12200471
Pre-training layer 1, epoch 9, cost  -1537.89286905
... getting the finetuning functions
... finetuning the model
epoch 1, minibatch 97/97, validation error 28.468750 %
     epoch 1, minibatch 97/97, best error 30.968750 %, best_auc: 0.766321
epoch 2, minibatch 97/97, validation error 26.156250 %
     new best AUC!: 0.781492563643
     epoch 2, minibatch 97/97, best error 28.906250 %, best_auc: 0.781493
epoch 3, minibatch 97/97, validation error 26.031250 %
     new best AUC!: 0.797186261738
     epoch 3, minibatch 97/97, best error 28.625000 %, best_auc: 0.797186
epoch 4, minibatch 97/97, validation error 25.281250 %
     new best AUC!: 0.809507816317
     epoch 4, minibatch 97/97, best error 29.125000 %, best_auc: 0.809508
epoch 5, minibatch 97/97, validation error 25.593750 %
     new best AUC!: 0.819651386853
epoch 6, minibatch 97/97, validation error 23.906250 %
     new best AUC!: 0.827284508495
     epoch 6, minibatch 97/97, best error 25.875000 %, best_auc: 0.827285
epoch 7, minibatch 97/97, validation error 23.687500 %
     new best AUC!: 0.833282445856
     epoch 7, minibatch 97/97, best error 25.093750 %, best_auc: 0.833282
epoch 8, minibatch 97/97, validation error 23.812500 %
     new best AUC!: 0.837604488954
epoch 9, minibatch 97/97, validation error 23.937500 %
     new best AUC!: 0.841668702166
epoch 10, minibatch 97/97, validation error 24.343750 %
     new best AUC!: 0.844362345981
epoch 11, minibatch 97/97, validation error 23.531250 %
     new best AUC!: 0.845875400315
     epoch 11, minibatch 97/97, best error 25.437500 %, best_auc: 0.845875
epoch 12, minibatch 97/97, validation error 24.187500 %
     new best AUC!: 0.846893149867
epoch 13, minibatch 97/97, validation error 23.562500 %
     new best AUC!: 0.847334174673
epoch 14, minibatch 97/97, validation error 23.718750 %
     new best AUC!: 0.847822694458
epoch 15, minibatch 97/97, validation error 22.687500 %
     epoch 15, minibatch 97/97, best error 24.062500 %, best_auc: 0.847823
epoch 16, minibatch 97/97, validation error 22.625000 %
     epoch 16, minibatch 97/97, best error 23.968750 %, best_auc: 0.847823
epoch 17, minibatch 97/97, validation error 22.906250 %
epoch 18, minibatch 97/97, validation error 21.687500 %
     epoch 18, minibatch 97/97, best error 23.000000 %, best_auc: 0.847823
epoch 19, minibatch 97/97, validation error 21.750000 %
epoch 20, minibatch 97/97, validation error 21.250000 %
     epoch 20, minibatch 97/97, best error 22.656250 %, best_auc: 0.847823
epoch 21, minibatch 97/97, validation error 21.937500 %
epoch 22, minibatch 97/97, validation error 21.218750 %
     epoch 22, minibatch 97/97, best error 22.125000 %, best_auc: 0.847823
epoch 23, minibatch 97/97, validation error 20.656250 %
     epoch 23, minibatch 97/97, best error 21.531250 %, best_auc: 0.847823
epoch 24, minibatch 97/97, validation error 22.156250 %
epoch 25, minibatch 97/97, validation error 22.406250 %
epoch 26, minibatch 97/97, validation error 22.093750 %
epoch 27, minibatch 97/97, validation error 21.843750 %
epoch 28, minibatch 97/97, validation error 21.593750 %
epoch 29, minibatch 97/97, validation error 21.875000 %
epoch 30, minibatch 97/97, validation error 21.656250 %
epoch 31, minibatch 97/97, validation error 21.531250 %
epoch 32, minibatch 97/97, validation error 21.468750 %
epoch 33, minibatch 97/97, validation error 21.312500 %
epoch 34, minibatch 97/97, validation error 21.187500 %
epoch 35, minibatch 97/97, validation error 21.250000 %
epoch 36, minibatch 97/97, validation error 21.218750 %
epoch 37, minibatch 97/97, validation error 22.187500 %
epoch 38, minibatch 97/97, validation error 22.125000 %
epoch 39, minibatch 97/97, validation error 22.093750 %
epoch 40, minibatch 97/97, validation error 22.000000 %
epoch 41, minibatch 97/97, validation error 21.812500 %
epoch 42, minibatch 97/97, validation error 21.812500 %
epoch 43, minibatch 97/97, validation error 22.281250 %
epoch 44, minibatch 97/97, validation error 22.218750 %
epoch 45, minibatch 97/97, validation error 22.187500 %
Optimization complete with best validation score of 20.656250 %, obtained at iteration 2231, with test performance 21.531250 %, and best_auc: 0.847823
runtime: 7074.54 secs.
