000 (14410.010.000) 08/01 05:08:24 Job submitted from host: <144.92.142.140:9620?sock=9267_cb64_3>
...
001 (14410.010.000) 08/01 05:08:33 Job executing on host: <144.92.142.167:9620?sock=8499_6821_3>
...
006 (14410.010.000) 08/01 05:08:41 Image size of job updated: 9220
	10  -  MemoryUsage of job (MB)
	9220  -  ResidentSetSize of job (KB)
...
006 (14410.010.000) 08/01 05:13:41 Image size of job updated: 232624
	228  -  MemoryUsage of job (MB)
	232624  -  ResidentSetSize of job (KB)
...
006 (14410.010.000) 08/01 05:18:42 Image size of job updated: 272444
	267  -  MemoryUsage of job (MB)
	272444  -  ResidentSetSize of job (KB)
...
006 (14410.010.000) 08/01 05:23:43 Image size of job updated: 355228
	347  -  MemoryUsage of job (MB)
	355228  -  ResidentSetSize of job (KB)
...
005 (14410.010.000) 08/01 05:34:20 Job terminated.
	(1) Normal termination (return value 0)
		Usr 0 02:34:18, Sys 0 00:08:34  -  Run Remote Usage
		Usr 0 00:00:00, Sys 0 00:00:00  -  Run Local Usage
		Usr 0 02:34:18, Sys 0 00:08:34  -  Total Remote Usage
		Usr 0 00:00:00, Sys 0 00:00:00  -  Total Local Usage
	0  -  Run Bytes Sent By Job
	0  -  Run Bytes Received By Job
	0  -  Total Bytes Sent By Job
	0  -  Total Bytes Received By Job
	Partitionable Resources :    Usage  Request Allocated
	   Cpus                 :                 4         4
	   Disk (KB)            :        1        1  77194358
	   Memory (MB)          :      347     4096     21508
...
