_CONDOR_JOB_IWD /mnt/ws/home/jferiante
Cluster 14410
Process 11
RunningOn slot6@opt-a018.discovery.wisc.edu
python th_deep_belief_net.py tox21 11
Running Theano Learn Deep Belief Net for tox21, target: sr-p53.........
... building the model
... getting the pretraining functions
... pre-training the model
Pre-training layer 0, epoch 0, cost  -1462.78898416
Pre-training layer 0, epoch 1, cost  -1458.56313274
Pre-training layer 0, epoch 2, cost  -1453.4814663
Pre-training layer 0, epoch 3, cost  -1447.83453878
Pre-training layer 0, epoch 4, cost  -1442.90535268
Pre-training layer 0, epoch 5, cost  -1437.14962723
Pre-training layer 0, epoch 6, cost  -1432.41637163
Pre-training layer 0, epoch 7, cost  -1426.29528645
Pre-training layer 0, epoch 8, cost  -1421.41718639
Pre-training layer 0, epoch 9, cost  -1416.26634619
Pre-training layer 1, epoch 0, cost  -1539.69359813
Pre-training layer 1, epoch 1, cost  -1539.44467453
Pre-training layer 1, epoch 2, cost  -1539.15787891
Pre-training layer 1, epoch 3, cost  -1538.98451343
Pre-training layer 1, epoch 4, cost  -1539.31504924
Pre-training layer 1, epoch 5, cost  -1538.82112669
Pre-training layer 1, epoch 6, cost  -1538.64858259
Pre-training layer 1, epoch 7, cost  -1538.35412366
Pre-training layer 1, epoch 8, cost  -1538.04510421
Pre-training layer 1, epoch 9, cost  -1537.82876649
... getting the finetuning functions
... finetuning the model
epoch 1, minibatch 96/96, validation error 49.375000 %
     epoch 1, minibatch 96/96, best error 49.875000 %, best_auc: 0.714476
epoch 2, minibatch 96/96, validation error 40.500000 %
     new best AUC!: 0.723908451723
     epoch 2, minibatch 96/96, best error 41.281250 %, best_auc: 0.723908
epoch 3, minibatch 96/96, validation error 32.906250 %
     new best AUC!: 0.734550504904
     epoch 3, minibatch 96/96, best error 37.000000 %, best_auc: 0.734551
epoch 4, minibatch 96/96, validation error 30.500000 %
     new best AUC!: 0.746998061399
     epoch 4, minibatch 96/96, best error 32.937500 %, best_auc: 0.746998
epoch 5, minibatch 96/96, validation error 28.250000 %
     new best AUC!: 0.759451404763
     epoch 5, minibatch 96/96, best error 30.968750 %, best_auc: 0.759451
epoch 6, minibatch 96/96, validation error 26.656250 %
     new best AUC!: 0.771910534996
     epoch 6, minibatch 96/96, best error 28.875000 %, best_auc: 0.771911
epoch 7, minibatch 96/96, validation error 25.812500 %
     new best AUC!: 0.782830357918
     epoch 7, minibatch 96/96, best error 27.656250 %, best_auc: 0.782830
epoch 8, minibatch 96/96, validation error 25.250000 %
     new best AUC!: 0.792384479616
     epoch 8, minibatch 96/96, best error 27.312500 %, best_auc: 0.792384
epoch 9, minibatch 96/96, validation error 27.156250 %
     new best AUC!: 0.798634298776
epoch 10, minibatch 96/96, validation error 26.406250 %
     new best AUC!: 0.804189693585
epoch 11, minibatch 96/96, validation error 25.562500 %
     new best AUC!: 0.809062237782
epoch 12, minibatch 96/96, validation error 25.531250 %
     new best AUC!: 0.812783194931
epoch 13, minibatch 96/96, validation error 25.468750 %
     new best AUC!: 0.815283122595
epoch 14, minibatch 96/96, validation error 24.843750 %
     new best AUC!: 0.81591389138
     epoch 14, minibatch 96/96, best error 26.812500 %, best_auc: 0.815914
epoch 15, minibatch 96/96, validation error 25.625000 %
     new best AUC!: 0.817152281473
epoch 16, minibatch 96/96, validation error 24.531250 %
     new best AUC!: 0.817864066433
     epoch 16, minibatch 96/96, best error 27.875000 %, best_auc: 0.817864
epoch 17, minibatch 96/96, validation error 24.968750 %
     new best AUC!: 0.819397586875
epoch 18, minibatch 96/96, validation error 23.937500 %
     epoch 18, minibatch 96/96, best error 26.593750 %, best_auc: 0.819398
epoch 19, minibatch 96/96, validation error 23.531250 %
     epoch 19, minibatch 96/96, best error 25.750000 %, best_auc: 0.819398
epoch 20, minibatch 96/96, validation error 25.187500 %
     new best AUC!: 0.819796880877
epoch 21, minibatch 96/96, validation error 25.531250 %
     new best AUC!: 0.819854749573
epoch 22, minibatch 96/96, validation error 25.250000 %
epoch 23, minibatch 96/96, validation error 25.343750 %
epoch 24, minibatch 96/96, validation error 24.812500 %
epoch 25, minibatch 96/96, validation error 25.031250 %
epoch 26, minibatch 96/96, validation error 26.031250 %
epoch 27, minibatch 96/96, validation error 26.031250 %
epoch 28, minibatch 96/96, validation error 26.500000 %
epoch 29, minibatch 96/96, validation error 26.625000 %
epoch 30, minibatch 96/96, validation error 26.656250 %
epoch 31, minibatch 96/96, validation error 26.125000 %
epoch 32, minibatch 96/96, validation error 25.312500 %
epoch 33, minibatch 96/96, validation error 25.437500 %
epoch 34, minibatch 96/96, validation error 25.906250 %
epoch 35, minibatch 96/96, validation error 25.531250 %
epoch 36, minibatch 96/96, validation error 25.781250 %
epoch 37, minibatch 96/96, validation error 26.062500 %
epoch 38, minibatch 96/96, validation error 25.656250 %
epoch 39, minibatch 96/96, validation error 25.593750 %
epoch 40, minibatch 96/96, validation error 25.500000 %
epoch 41, minibatch 96/96, validation error 25.343750 %
Optimization complete with best validation score of 23.531250 %, obtained at iteration 1824, with test performance 25.750000 %, and best_auc: 0.819855
runtime: 19595.74 secs.
