_CONDOR_JOB_IWD /mnt/ws/home/jferiante
Cluster 14410
Process 6
RunningOn slot2@opt-a008.discovery.wisc.edu
python th_deep_belief_net.py tox21 6
Running Theano Learn Deep Belief Net for tox21, target: nr-ppar-gamma.........
... building the model
... getting the pretraining functions
... pre-training the model
Pre-training layer 0, epoch 0, cost  -1466.24966738
Pre-training layer 0, epoch 1, cost  -1462.42206629
Pre-training layer 0, epoch 2, cost  -1457.65745547
Pre-training layer 0, epoch 3, cost  -1452.70453754
Pre-training layer 0, epoch 4, cost  -1447.85082442
Pre-training layer 0, epoch 5, cost  -1443.08278691
Pre-training layer 0, epoch 6, cost  -1438.82373276
Pre-training layer 0, epoch 7, cost  -1433.24577266
Pre-training layer 0, epoch 8, cost  -1428.10710668
Pre-training layer 0, epoch 9, cost  -1423.77836954
Pre-training layer 1, epoch 0, cost  -1539.58092241
Pre-training layer 1, epoch 1, cost  -1539.65399647
Pre-training layer 1, epoch 2, cost  -1539.51509979
Pre-training layer 1, epoch 3, cost  -1539.20529135
Pre-training layer 1, epoch 4, cost  -1539.2032893
Pre-training layer 1, epoch 5, cost  -1539.16865253
Pre-training layer 1, epoch 6, cost  -1538.6904654
Pre-training layer 1, epoch 7, cost  -1538.62807885
Pre-training layer 1, epoch 8, cost  -1538.43189831
Pre-training layer 1, epoch 9, cost  -1538.0585538
... getting the finetuning functions
... finetuning the model
epoch 1, minibatch 87/87, validation error 45.379310 %
     epoch 1, minibatch 87/87, best error 44.344828 %, best_auc: 0.647333
epoch 2, minibatch 87/87, validation error 38.241379 %
     new best AUC!: 0.660236581314
     epoch 2, minibatch 87/87, best error 38.206897 %, best_auc: 0.660237
epoch 3, minibatch 87/87, validation error 28.862069 %
     new best AUC!: 0.673726871742
     epoch 3, minibatch 87/87, best error 35.172414 %, best_auc: 0.673727
epoch 4, minibatch 87/87, validation error 24.000000 %
     new best AUC!: 0.681316950221
     epoch 4, minibatch 87/87, best error 36.620690 %, best_auc: 0.681317
epoch 5, minibatch 87/87, validation error 25.310345 %
     new best AUC!: 0.683994959042
epoch 6, minibatch 87/87, validation error 27.620690 %
     new best AUC!: 0.68624334078
epoch 7, minibatch 87/87, validation error 30.862069 %
     new best AUC!: 0.688577647935
epoch 8, minibatch 87/87, validation error 33.034483 %
     new best AUC!: 0.688921349602
epoch 9, minibatch 87/87, validation error 32.896552 %
epoch 10, minibatch 87/87, validation error 33.758621 %
epoch 11, minibatch 87/87, validation error 29.827586 %
epoch 12, minibatch 87/87, validation error 25.034483 %
epoch 13, minibatch 87/87, validation error 24.931034 %
epoch 14, minibatch 87/87, validation error 24.551724 %
epoch 15, minibatch 87/87, validation error 25.896552 %
epoch 16, minibatch 87/87, validation error 25.655172 %
epoch 17, minibatch 87/87, validation error 26.655172 %
epoch 18, minibatch 87/87, validation error 25.068966 %
     new best AUC!: 0.689250730366
epoch 19, minibatch 87/87, validation error 27.103448 %
     new best AUC!: 0.690468007103
epoch 20, minibatch 87/87, validation error 24.931034 %
     new best AUC!: 0.690797387867
epoch 21, minibatch 87/87, validation error 25.034483 %
     new best AUC!: 0.691742567451
epoch 22, minibatch 87/87, validation error 25.793103 %
     new best AUC!: 0.692028985507
epoch 23, minibatch 87/87, validation error 26.551724 %
     new best AUC!: 0.693203299536
epoch 24, minibatch 87/87, validation error 26.379310 %
     new best AUC!: 0.693819098356
epoch 25, minibatch 87/87, validation error 27.241379 %
     new best AUC!: 0.694434897176
epoch 26, minibatch 87/87, validation error 27.103448 %
     new best AUC!: 0.695179584121
epoch 27, minibatch 87/87, validation error 27.103448 %
     new best AUC!: 0.695838345649
epoch 28, minibatch 87/87, validation error 28.068966 %
     new best AUC!: 0.696239330927
epoch 29, minibatch 87/87, validation error 27.862069 %
     new best AUC!: 0.696432663115
epoch 30, minibatch 87/87, validation error 27.793103 %
epoch 31, minibatch 87/87, validation error 27.655172 %
     new best AUC!: 0.696855129747
epoch 32, minibatch 87/87, validation error 27.482759 %
     new best AUC!: 0.698616600791
epoch 33, minibatch 87/87, validation error 28.344828 %
epoch 34, minibatch 87/87, validation error 29.137931 %
epoch 35, minibatch 87/87, validation error 29.103448 %
epoch 36, minibatch 87/87, validation error 29.068966 %
epoch 37, minibatch 87/87, validation error 29.000000 %
epoch 38, minibatch 87/87, validation error 28.931034 %
epoch 39, minibatch 87/87, validation error 28.931034 %
epoch 40, minibatch 87/87, validation error 28.931034 %
epoch 41, minibatch 87/87, validation error 28.896552 %
epoch 42, minibatch 87/87, validation error 28.896552 %
epoch 43, minibatch 87/87, validation error 28.827586 %
epoch 44, minibatch 87/87, validation error 28.724138 %
epoch 45, minibatch 87/87, validation error 29.758621 %
epoch 46, minibatch 87/87, validation error 29.758621 %
epoch 47, minibatch 87/87, validation error 29.758621 %
epoch 48, minibatch 87/87, validation error 29.689655 %
epoch 49, minibatch 87/87, validation error 29.655172 %
epoch 50, minibatch 87/87, validation error 29.655172 %
epoch 51, minibatch 87/87, validation error 29.586207 %
epoch 52, minibatch 87/87, validation error 29.413793 %
epoch 53, minibatch 87/87, validation error 29.413793 %
epoch 54, minibatch 87/87, validation error 30.448276 %
epoch 55, minibatch 87/87, validation error 30.448276 %
epoch 56, minibatch 87/87, validation error 30.448276 %
epoch 57, minibatch 87/87, validation error 30.448276 %
epoch 58, minibatch 87/87, validation error 30.448276 %
epoch 59, minibatch 87/87, validation error 31.482759 %
epoch 60, minibatch 87/87, validation error 31.482759 %
epoch 61, minibatch 87/87, validation error 31.482759 %
epoch 62, minibatch 87/87, validation error 31.482759 %
epoch 63, minibatch 87/87, validation error 31.482759 %
Optimization complete with best validation score of 24.000000 %, obtained at iteration 348, with test performance 36.620690 %, and best_auc: 0.698617
runtime: 6543.47 secs.
