000 (14410.001.000) 08/01 05:08:24 Job submitted from host: <144.92.142.140:9620?sock=9267_cb64_3>
...
001 (14410.001.000) 08/01 05:08:32 Job executing on host: <144.92.142.170:9620?sock=8495_73f6_4>
...
006 (14410.001.000) 08/01 05:08:41 Image size of job updated: 12324
	13  -  MemoryUsage of job (MB)
	12324  -  ResidentSetSize of job (KB)
...
006 (14410.001.000) 08/01 05:13:42 Image size of job updated: 320196
	313  -  MemoryUsage of job (MB)
	320196  -  ResidentSetSize of job (KB)
...
006 (14410.001.000) 08/01 05:18:43 Image size of job updated: 357032
	349  -  MemoryUsage of job (MB)
	357032  -  ResidentSetSize of job (KB)
...
006 (14410.001.000) 08/01 05:21:34 Image size of job updated: 387420
	349  -  MemoryUsage of job (MB)
	357032  -  ResidentSetSize of job (KB)
...
005 (14410.001.000) 08/01 05:21:34 Job terminated.
	(1) Normal termination (return value 0)
		Usr 0 01:31:55, Sys 0 00:04:43  -  Run Remote Usage
		Usr 0 00:00:00, Sys 0 00:00:00  -  Run Local Usage
		Usr 0 01:31:55, Sys 0 00:04:43  -  Total Remote Usage
		Usr 0 00:00:00, Sys 0 00:00:00  -  Total Local Usage
	0  -  Run Bytes Sent By Job
	0  -  Run Bytes Received By Job
	0  -  Total Bytes Sent By Job
	0  -  Total Bytes Received By Job
	Partitionable Resources :    Usage  Request Allocated
	   Cpus                 :                 4         4
	   Disk (KB)            :        1        1 162310351
	   Memory (MB)          :      349     4096     21508
...
