_CONDOR_JOB_IWD /mnt/ws/home/jferiante
Cluster 14397
Process 80
RunningOn slot4@opt-a008.discovery.wisc.edu
python sk_logistic_regression.py dud_e 80
Running Scikit Learn Logistic Regression Classifier for dud_e.........
Building data for target: ppard, fold: 0
Running logistic regression for target: ppard
target:ppard fold:0 predicted: 4356 wrong: 60 pct correct: 0.986225895317, auc: 0.984332524433
Results for ppard: accuracy: 0.986225895317, auc: 0.984332524433
Building data for target: ppard, fold: 1
Running logistic regression for target: ppard
target:ppard fold:1 predicted: 4356 wrong: 0 pct correct: 1.0, auc: 1.0
Results for ppard: accuracy: 0.993112947658, auc: 0.992166262216
Building data for target: ppard, fold: 2
Running logistic regression for target: ppard
target:ppard fold:2 predicted: 4356 wrong: 121 pct correct: 0.972222222222, auc: 0.993986288473
Results for ppard: accuracy: 0.986149372513, auc: 0.992772937635
Building data for target: ppard, fold: 3
Running logistic regression for target: ppard
target:ppard fold:3 predicted: 4356 wrong: 60 pct correct: 0.986225895317, auc: 0.998322525891
Results for ppard: accuracy: 0.986168503214, auc: 0.994160334699
Building data for target: ppard, fold: 4
Running logistic regression for target: ppard
target:ppard fold:4 predicted: 4448 wrong: 30 pct correct: 0.993255395683, auc: 1.0
Results for ppard: accuracy: 0.987585881708, auc: 0.995328267759
####################  Results for DUD-E ####################
ppard accuracy: 0.987585881708, auc:0.995328267759
############################################################
runtime: 185.27 secs.
