000 (14397.072.000) 07/28 17:51:07 Job submitted from host: <144.92.142.140:9620?sock=9267_cb64_3>
...
001 (14397.072.000) 07/28 17:51:16 Job executing on host: <144.92.142.136:9620?sock=6083_9576_4>
...
006 (14397.072.000) 07/28 17:51:25 Image size of job updated: 2500
	3  -  MemoryUsage of job (MB)
	2500  -  ResidentSetSize of job (KB)
...
006 (14397.072.000) 07/28 17:55:49 Image size of job updated: 262916
	3  -  MemoryUsage of job (MB)
	2500  -  ResidentSetSize of job (KB)
...
005 (14397.072.000) 07/28 17:55:49 Job terminated.
	(1) Normal termination (return value 0)
		Usr 0 00:01:03, Sys 0 00:00:01  -  Run Remote Usage
		Usr 0 00:00:00, Sys 0 00:00:00  -  Run Local Usage
		Usr 0 00:01:03, Sys 0 00:00:01  -  Total Remote Usage
		Usr 0 00:00:00, Sys 0 00:00:00  -  Total Local Usage
	0  -  Run Bytes Sent By Job
	0  -  Run Bytes Received By Job
	0  -  Total Bytes Sent By Job
	0  -  Total Bytes Received By Job
	Partitionable Resources :    Usage  Request Allocated
	   Cpus                 :                 1         1
	   Disk (KB)            :        1        1  26037068
	   Memory (MB)          :        3     2048     12288
...
