000 (14397.078.000) 07/28 17:51:07 Job submitted from host: <144.92.142.140:9620?sock=9267_cb64_3>
...
001 (14397.078.000) 07/28 17:51:13 Job executing on host: <144.92.142.166:9620?sock=25940_a2c5_3>
...
006 (14397.078.000) 07/28 17:51:21 Image size of job updated: 7912
	8  -  MemoryUsage of job (MB)
	7912  -  ResidentSetSize of job (KB)
...
006 (14397.078.000) 07/28 17:53:46 Image size of job updated: 179476
	8  -  MemoryUsage of job (MB)
	7912  -  ResidentSetSize of job (KB)
...
005 (14397.078.000) 07/28 17:53:46 Job terminated.
	(1) Normal termination (return value 0)
		Usr 0 00:01:23, Sys 0 00:00:02  -  Run Remote Usage
		Usr 0 00:00:00, Sys 0 00:00:00  -  Run Local Usage
		Usr 0 00:01:23, Sys 0 00:00:02  -  Total Remote Usage
		Usr 0 00:00:00, Sys 0 00:00:00  -  Total Local Usage
	0  -  Run Bytes Sent By Job
	0  -  Run Bytes Received By Job
	0  -  Total Bytes Sent By Job
	0  -  Total Bytes Received By Job
	Partitionable Resources :    Usage  Request Allocated
	   Cpus                 :                 1         1
	   Disk (KB)            :        1        1  75769510
	   Memory (MB)          :        8     2048     12109
...
