_CONDOR_JOB_IWD /mnt/ws/home/jferiante
Cluster 14397
Process 62
RunningOn slot3@galaxy-01.discovery.wisc.edu
python sk_logistic_regression.py dud_e 62
Running Scikit Learn Logistic Regression Classifier for dud_e.........
Building data for target: mapk2, fold: 0
Running logistic regression for target: mapk2
target:mapk2 fold:0 predicted: 2478 wrong: 30 pct correct: 0.98789346247, auc: 1.0
Results for mapk2: accuracy: 0.98789346247, auc: 1.0
Building data for target: mapk2, fold: 1
Running logistic regression for target: mapk2
target:mapk2 fold:1 predicted: 2478 wrong: 30 pct correct: 0.98789346247, auc: 0.993687460913
Results for mapk2: accuracy: 0.98789346247, auc: 0.996843730457
Building data for target: mapk2, fold: 2
Running logistic regression for target: mapk2
target:mapk2 fold:2 predicted: 2478 wrong: 30 pct correct: 0.98789346247, auc: 0.999941369606
Results for mapk2: accuracy: 0.98789346247, auc: 0.99787627684
Building data for target: mapk2, fold: 3
Running logistic regression for target: mapk2
target:mapk2 fold:3 predicted: 2478 wrong: 0 pct correct: 1.0, auc: 1.0
Results for mapk2: accuracy: 0.990920096852, auc: 0.99840720763
Building data for target: mapk2, fold: 4
Running logistic regression for target: mapk2
target:mapk2 fold:4 predicted: 2470 wrong: 0 pct correct: 1.0, auc: 1.0
Results for mapk2: accuracy: 0.992736077482, auc: 0.998725766104
####################  Results for DUD-E ####################
mapk2 accuracy: 0.992736077482, auc:0.998725766104
############################################################
runtime: 99.58 secs.
