_CONDOR_JOB_IWD /mnt/ws/home/jferiante
Cluster 14397
Process 58
RunningOn slot13@opt-a003.discovery.wisc.edu
python sk_logistic_regression.py dud_e 58
Running Scikit Learn Logistic Regression Classifier for dud_e.........
Building data for target: kith, fold: 0
Running logistic regression for target: kith
target:kith fold:0 predicted: 1145 wrong: 0 pct correct: 1.0, auc: 1.0
Results for kith: accuracy: 1.0, auc: 1.0
Building data for target: kith, fold: 1
Running logistic regression for target: kith
target:kith fold:1 predicted: 1145 wrong: 22 pct correct: 0.980786026201, auc: 1.0
Results for kith: accuracy: 0.9903930131, auc: 1.0
Building data for target: kith, fold: 2
Running logistic regression for target: kith
target:kith fold:2 predicted: 1145 wrong: 0 pct correct: 1.0, auc: 1.0
Results for kith: accuracy: 0.993595342067, auc: 1.0
Building data for target: kith, fold: 3
Running logistic regression for target: kith
target:kith fold:3 predicted: 1145 wrong: 0 pct correct: 1.0, auc: 1.0
Results for kith: accuracy: 0.99519650655, auc: 1.0
Building data for target: kith, fold: 4
Running logistic regression for target: kith
target:kith fold:4 predicted: 1134 wrong: 0 pct correct: 1.0, auc: 1.0
Results for kith: accuracy: 0.99615720524, auc: 1.0
####################  Results for DUD-E ####################
kith accuracy: 0.99615720524, auc:1.0
############################################################
runtime: 74.73 secs.
