000 (14397.079.000) 07/28 17:51:07 Job submitted from host: <144.92.142.140:9620?sock=9267_cb64_3>
...
001 (14397.079.000) 07/28 17:51:12 Job executing on host: <144.92.142.167:9620?sock=8499_6821_3>
...
006 (14397.079.000) 07/28 17:51:21 Image size of job updated: 9348
	10  -  MemoryUsage of job (MB)
	9348  -  ResidentSetSize of job (KB)
...
006 (14397.079.000) 07/28 17:54:44 Image size of job updated: 667916
	10  -  MemoryUsage of job (MB)
	9348  -  ResidentSetSize of job (KB)
...
005 (14397.079.000) 07/28 17:54:47 Job terminated.
	(1) Normal termination (return value 0)
		Usr 0 00:02:35, Sys 0 00:00:02  -  Run Remote Usage
		Usr 0 00:00:00, Sys 0 00:00:00  -  Run Local Usage
		Usr 0 00:02:35, Sys 0 00:00:02  -  Total Remote Usage
		Usr 0 00:00:00, Sys 0 00:00:00  -  Total Local Usage
	0  -  Run Bytes Sent By Job
	0  -  Run Bytes Received By Job
	0  -  Total Bytes Sent By Job
	0  -  Total Bytes Received By Job
	Partitionable Resources :    Usage  Request Allocated
	   Cpus                 :                 1         1
	   Disk (KB)            :        1        1  76529124
	   Memory (MB)          :       10     2048      5377
...
