_CONDOR_JOB_IWD /mnt/ws/home/jferiante
Cluster 14397
Process 53
RunningOn slot14@opt-a016.discovery.wisc.edu
python sk_logistic_regression.py dud_e 53
Running Scikit Learn Logistic Regression Classifier for dud_e.........
Building data for target: inha, fold: 0
Running logistic regression for target: inha
target:inha fold:0 predicted: 883 wrong: 0 pct correct: 1.0, auc: 1.0
Results for inha: accuracy: 1.0, auc: 1.0
Building data for target: inha, fold: 1
Running logistic regression for target: inha
target:inha fold:1 predicted: 883 wrong: 0 pct correct: 1.0, auc: 1.0
Results for inha: accuracy: 1.0, auc: 1.0
Building data for target: inha, fold: 2
Running logistic regression for target: inha
target:inha fold:2 predicted: 883 wrong: 0 pct correct: 1.0, auc: 1.0
Results for inha: accuracy: 1.0, auc: 1.0
Building data for target: inha, fold: 3
Running logistic regression for target: inha
target:inha fold:3 predicted: 883 wrong: 0 pct correct: 1.0, auc: 1.0
Results for inha: accuracy: 1.0, auc: 1.0
Building data for target: inha, fold: 4
Running logistic regression for target: inha
target:inha fold:4 predicted: 916 wrong: 60 pct correct: 0.934497816594, auc: 0.999856938484
Results for inha: accuracy: 0.986899563319, auc: 0.999971387697
####################  Results for DUD-E ####################
inha accuracy: 0.986899563319, auc:0.999971387697
############################################################
runtime: 41.75 secs.
