_CONDOR_JOB_IWD /mnt/ws/home/jferiante
Cluster 14397
Process 54
RunningOn slot7@opt-a003.discovery.wisc.edu
python sk_logistic_regression.py dud_e 54
Running Scikit Learn Logistic Regression Classifier for dud_e.........
Building data for target: ital, fold: 0
Running logistic regression for target: ital
target:ital fold:0 predicted: 3118 wrong: 0 pct correct: 1.0, auc: 1.0
Results for ital: accuracy: 1.0, auc: 1.0
Building data for target: ital, fold: 1
Running logistic regression for target: ital
target:ital fold:1 predicted: 3118 wrong: 31 pct correct: 0.990057729314, auc: 0.99998749187
Results for ital: accuracy: 0.995028864657, auc: 0.999993745935
Building data for target: ital, fold: 2
Running logistic regression for target: ital
target:ital fold:2 predicted: 3118 wrong: 0 pct correct: 1.0, auc: 1.0
Results for ital: accuracy: 0.996685909771, auc: 0.999995830623
Building data for target: ital, fold: 3
Running logistic regression for target: ital
target:ital fold:3 predicted: 3118 wrong: 1 pct correct: 0.999679281591, auc: 1.0
Results for ital: accuracy: 0.997434252726, auc: 0.999996872967
Building data for target: ital, fold: 4
Running logistic regression for target: ital
target:ital fold:4 predicted: 3208 wrong: 0 pct correct: 1.0, auc: 1.0
Results for ital: accuracy: 0.997947402181, auc: 0.999997498374
####################  Results for DUD-E ####################
ital accuracy: 0.997947402181, auc:0.999997498374
############################################################
runtime: 156.30 secs.
