000 (14397.071.000) 07/28 17:51:07 Job submitted from host: <144.92.142.140:9620?sock=9267_cb64_3>
...
001 (14397.071.000) 07/28 17:51:13 Job executing on host: <144.92.142.146:9620?sock=3552_510a_3>
...
006 (14397.071.000) 07/28 17:51:22 Image size of job updated: 2496
	3  -  MemoryUsage of job (MB)
	2496  -  ResidentSetSize of job (KB)
...
006 (14397.071.000) 07/28 17:56:22 Image size of job updated: 132032
	129  -  MemoryUsage of job (MB)
	132032  -  ResidentSetSize of job (KB)
...
006 (14397.071.000) 07/28 17:56:39 Image size of job updated: 158108
	129  -  MemoryUsage of job (MB)
	132032  -  ResidentSetSize of job (KB)
...
005 (14397.071.000) 07/28 17:56:39 Job terminated.
	(1) Normal termination (return value 0)
		Usr 0 00:01:43, Sys 0 00:00:01  -  Run Remote Usage
		Usr 0 00:00:00, Sys 0 00:00:00  -  Run Local Usage
		Usr 0 00:01:43, Sys 0 00:00:01  -  Total Remote Usage
		Usr 0 00:00:00, Sys 0 00:00:00  -  Total Local Usage
	0  -  Run Bytes Sent By Job
	0  -  Run Bytes Received By Job
	0  -  Total Bytes Sent By Job
	0  -  Total Bytes Received By Job
	Partitionable Resources :    Usage  Request Allocated
	   Cpus                 :                 1         1
	   Disk (KB)            :        1        1  20336842
	   Memory (MB)          :      129     2048      2683
...
