_CONDOR_JOB_IWD /mnt/ws/home/jferiante
Cluster 14397
Process 51
RunningOn slot12@opt-a016.discovery.wisc.edu
python sk_logistic_regression.py dud_e 51
Running Scikit Learn Logistic Regression Classifier for dud_e.........
Building data for target: hxk4, fold: 0
Running logistic regression for target: hxk4
target:hxk4 fold:0 predicted: 1710 wrong: 0 pct correct: 1.0, auc: 1.0
Results for hxk4: accuracy: 1.0, auc: 1.0
Building data for target: hxk4, fold: 1
Running logistic regression for target: hxk4
target:hxk4 fold:1 predicted: 1710 wrong: 0 pct correct: 1.0, auc: 1.0
Results for hxk4: accuracy: 1.0, auc: 1.0
Building data for target: hxk4, fold: 2
Running logistic regression for target: hxk4
target:hxk4 fold:2 predicted: 1710 wrong: 0 pct correct: 1.0, auc: 1.0
Results for hxk4: accuracy: 1.0, auc: 1.0
Building data for target: hxk4, fold: 3
Running logistic regression for target: hxk4
target:hxk4 fold:3 predicted: 1710 wrong: 0 pct correct: 1.0, auc: 1.0
Results for hxk4: accuracy: 1.0, auc: 1.0
Building data for target: hxk4, fold: 4
Running logistic regression for target: hxk4
target:hxk4 fold:4 predicted: 1773 wrong: 0 pct correct: 1.0, auc: 1.0
Results for hxk4: accuracy: 1.0, auc: 1.0
####################  Results for DUD-E ####################
hxk4 accuracy: 1.0, auc:1.0
############################################################
runtime: 60.92 secs.
