000 (14397.076.000) 07/28 17:51:07 Job submitted from host: <144.92.142.140:9620?sock=9267_cb64_3>
...
001 (14397.076.000) 07/28 17:51:15 Job executing on host: <144.92.142.136:9620?sock=6083_9576_4>
...
006 (14397.076.000) 07/28 17:51:24 Image size of job updated: 3492
	4  -  MemoryUsage of job (MB)
	3492  -  ResidentSetSize of job (KB)
...
006 (14397.076.000) 07/28 17:56:25 Image size of job updated: 240512
	235  -  MemoryUsage of job (MB)
	240512  -  ResidentSetSize of job (KB)
...
006 (14397.076.000) 07/28 17:57:27 Image size of job updated: 4069184
	235  -  MemoryUsage of job (MB)
	240512  -  ResidentSetSize of job (KB)
...
005 (14397.076.000) 07/28 17:57:27 Job terminated.
	(1) Normal termination (return value 0)
		Usr 0 00:03:00, Sys 0 00:00:04  -  Run Remote Usage
		Usr 0 00:00:00, Sys 0 00:00:00  -  Run Local Usage
		Usr 0 00:03:00, Sys 0 00:00:04  -  Total Remote Usage
		Usr 0 00:00:00, Sys 0 00:00:00  -  Total Local Usage
	0  -  Run Bytes Sent By Job
	0  -  Run Bytes Received By Job
	0  -  Total Bytes Sent By Job
	0  -  Total Bytes Received By Job
	Partitionable Resources :    Usage  Request Allocated
	   Cpus                 :                 1         1
	   Disk (KB)            :        1        1  26042104
	   Memory (MB)          :      235     2048     12288
...
