000 (14397.101.000) 07/28 17:51:07 Job submitted from host: <144.92.142.140:9620?sock=9267_cb64_3>
...
001 (14397.101.000) 07/28 17:51:42 Job executing on host: <144.92.142.178:9620?sock=3470_c397_3>
...
006 (14397.101.000) 07/28 17:51:50 Image size of job updated: 9892
	10  -  MemoryUsage of job (MB)
	9892  -  ResidentSetSize of job (KB)
...
006 (14397.101.000) 07/28 17:53:13 Image size of job updated: 120084
	10  -  MemoryUsage of job (MB)
	9892  -  ResidentSetSize of job (KB)
...
005 (14397.101.000) 07/28 17:53:14 Job terminated.
	(1) Normal termination (return value 0)
		Usr 0 00:00:45, Sys 0 00:00:01  -  Run Remote Usage
		Usr 0 00:00:00, Sys 0 00:00:00  -  Run Local Usage
		Usr 0 00:00:45, Sys 0 00:00:01  -  Total Remote Usage
		Usr 0 00:00:00, Sys 0 00:00:00  -  Total Local Usage
	0  -  Run Bytes Sent By Job
	0  -  Run Bytes Received By Job
	0  -  Total Bytes Sent By Job
	0  -  Total Bytes Received By Job
	Partitionable Resources :    Usage  Request Allocated
	   Cpus                 :                 1         1
	   Disk (KB)            :        1        1  48717544
	   Memory (MB)          :       10     2048      4031
...
