_CONDOR_JOB_IWD /mnt/ws/home/jferiante
Cluster 14397
Process 28
RunningOn slot27@mir-exec-01.discovery.wisc.edu
python sk_logistic_regression.py dud_e 28
Running Scikit Learn Logistic Regression Classifier for dud_e.........
Building data for target: dyr, fold: 0
Running logistic regression for target: dyr
target:dyr fold:0 predicted: 6866 wrong: 0 pct correct: 1.0, auc: 1.0
Results for dyr: accuracy: 1.0, auc: 1.0
Building data for target: dyr, fold: 1
Running logistic regression for target: dyr
target:dyr fold:1 predicted: 6866 wrong: 32 pct correct: 0.995339353335, auc: 0.999994908195
Results for dyr: accuracy: 0.997669676668, auc: 0.999997454097
Building data for target: dyr, fold: 2
Running logistic regression for target: dyr
target:dyr fold:2 predicted: 6866 wrong: 0 pct correct: 1.0, auc: 1.0
Results for dyr: accuracy: 0.998446451112, auc: 0.999998302732
Building data for target: dyr, fold: 3
Running logistic regression for target: dyr
target:dyr fold:3 predicted: 6866 wrong: 30 pct correct: 0.995630643752, auc: 0.999674124464
Results for dyr: accuracy: 0.997742499272, auc: 0.999917258165
Building data for target: dyr, fold: 4
Running logistic regression for target: dyr
target:dyr fold:4 predicted: 6900 wrong: 63 pct correct: 0.990869565217, auc: 0.998969046179
Results for dyr: accuracy: 0.996367912461, auc: 0.999727615768
####################  Results for DUD-E ####################
dyr accuracy: 0.996367912461, auc:0.999727615768
############################################################
runtime: 169.48 secs.
