_CONDOR_JOB_IWD /mnt/ws/home/jferiante
Cluster 14397
Process 78
RunningOn slot6@opt-a006.discovery.wisc.edu
python sk_logistic_regression.py dud_e 78
Running Scikit Learn Logistic Regression Classifier for dud_e.........
Building data for target: pnph, fold: 0
Running logistic regression for target: pnph
target:pnph fold:0 predicted: 2783 wrong: 0 pct correct: 1.0, auc: 1.0
Results for pnph: accuracy: 1.0, auc: 1.0
Building data for target: pnph, fold: 1
Running logistic regression for target: pnph
target:pnph fold:1 predicted: 2783 wrong: 0 pct correct: 1.0, auc: 1.0
Results for pnph: accuracy: 1.0, auc: 1.0
Building data for target: pnph, fold: 2
Running logistic regression for target: pnph
target:pnph fold:2 predicted: 2783 wrong: 1 pct correct: 0.99964067553, auc: 1.0
Results for pnph: accuracy: 0.999880225177, auc: 1.0
Building data for target: pnph, fold: 3
Running logistic regression for target: pnph
target:pnph fold:3 predicted: 2783 wrong: 1 pct correct: 0.99964067553, auc: 1.0
Results for pnph: accuracy: 0.999820337765, auc: 1.0
Building data for target: pnph, fold: 4
Running logistic regression for target: pnph
target:pnph fold:4 predicted: 2776 wrong: 1 pct correct: 0.999639769452, auc: 1.0
Results for pnph: accuracy: 0.999784224102, auc: 1.0
####################  Results for DUD-E ####################
pnph accuracy: 0.999784224102, auc:1.0
############################################################
runtime: 83.05 secs.
