_CONDOR_JOB_IWD /mnt/ws/home/jferiante
Cluster 14397
Process 49
RunningOn slot10@opt-a016.discovery.wisc.edu
python sk_logistic_regression.py dud_e 49
Running Scikit Learn Logistic Regression Classifier for dud_e.........
Building data for target: hmdh, fold: 0
Running logistic regression for target: hmdh
target:hmdh fold:0 predicted: 3546 wrong: 0 pct correct: 1.0, auc: 1.0
Results for hmdh: accuracy: 1.0, auc: 1.0
Building data for target: hmdh, fold: 1
Running logistic regression for target: hmdh
target:hmdh fold:1 predicted: 3546 wrong: 0 pct correct: 1.0, auc: 1.0
Results for hmdh: accuracy: 1.0, auc: 1.0
Building data for target: hmdh, fold: 2
Running logistic regression for target: hmdh
target:hmdh fold:2 predicted: 3546 wrong: 0 pct correct: 1.0, auc: 1.0
Results for hmdh: accuracy: 1.0, auc: 1.0
Building data for target: hmdh, fold: 3
Running logistic regression for target: hmdh
target:hmdh fold:3 predicted: 3546 wrong: 30 pct correct: 0.991539763113, auc: 0.999980913117
Results for hmdh: accuracy: 0.997884940778, auc: 0.999995228279
Building data for target: hmdh, fold: 4
Running logistic regression for target: hmdh
target:hmdh fold:4 predicted: 3544 wrong: 0 pct correct: 1.0, auc: 1.0
Results for hmdh: accuracy: 0.998307952623, auc: 0.999996182623
####################  Results for DUD-E ####################
hmdh accuracy: 0.998307952623, auc:0.999996182623
############################################################
runtime: 113.89 secs.
