000 (14397.087.000) 07/28 17:51:07 Job submitted from host: <144.92.142.140:9620?sock=9267_cb64_3>
...
001 (14397.087.000) 07/28 17:51:16 Job executing on host: <144.92.142.136:9620?sock=6083_9576_4>
...
006 (14397.087.000) 07/28 17:51:25 Image size of job updated: 2496
	3  -  MemoryUsage of job (MB)
	2496  -  ResidentSetSize of job (KB)
...
006 (14397.087.000) 07/28 17:56:25 Image size of job updated: 41436
	41  -  MemoryUsage of job (MB)
	41436  -  ResidentSetSize of job (KB)
...
006 (14397.087.000) 07/28 17:57:49 Image size of job updated: 3622964
	41  -  MemoryUsage of job (MB)
	41436  -  ResidentSetSize of job (KB)
...
005 (14397.087.000) 07/28 17:57:49 Job terminated.
	(1) Normal termination (return value 0)
		Usr 0 00:01:14, Sys 0 00:00:01  -  Run Remote Usage
		Usr 0 00:00:00, Sys 0 00:00:00  -  Run Local Usage
		Usr 0 00:01:14, Sys 0 00:00:01  -  Total Remote Usage
		Usr 0 00:00:00, Sys 0 00:00:00  -  Total Local Usage
	0  -  Run Bytes Sent By Job
	0  -  Run Bytes Received By Job
	0  -  Total Bytes Sent By Job
	0  -  Total Bytes Received By Job
	Partitionable Resources :    Usage  Request Allocated
	   Cpus                 :                 1         1
	   Disk (KB)            :        1        1  26037068
	   Memory (MB)          :       41     2048     12288
...
