_CONDOR_JOB_IWD /mnt/ws/home/jferiante
Cluster 14397
Process 63
RunningOn slot5@galaxy-01.discovery.wisc.edu
python sk_logistic_regression.py dud_e 63
Running Scikit Learn Logistic Regression Classifier for dud_e.........
Building data for target: mcr, fold: 0
Running logistic regression for target: mcr
target:mcr fold:0 predicted: 2074 wrong: 27 pct correct: 0.986981677917, auc: 0.999974889514
Results for mcr: accuracy: 0.986981677917, auc: 0.999974889514
Building data for target: mcr, fold: 1
Running logistic regression for target: mcr
target:mcr fold:1 predicted: 2074 wrong: 1 pct correct: 0.999517839923, auc: 1.0
Results for mcr: accuracy: 0.99324975892, auc: 0.999987444757
Building data for target: mcr, fold: 2
Running logistic regression for target: mcr
target:mcr fold:2 predicted: 2074 wrong: 0 pct correct: 1.0, auc: 1.0
Results for mcr: accuracy: 0.99549983928, auc: 0.999991629838
Building data for target: mcr, fold: 3
Running logistic regression for target: mcr
target:mcr fold:3 predicted: 2074 wrong: 28 pct correct: 0.98649951784, auc: 0.999824226597
Results for mcr: accuracy: 0.99324975892, auc: 0.999949779028
Building data for target: mcr, fold: 4
Running logistic regression for target: mcr
target:mcr fold:4 predicted: 2073 wrong: 50 pct correct: 0.975880366618, auc: 0.9999301806
Results for mcr: accuracy: 0.98977588046, auc: 0.999945859342
####################  Results for DUD-E ####################
mcr accuracy: 0.98977588046, auc:0.999945859342
############################################################
runtime: 86.20 secs.
