_CONDOR_JOB_IWD /mnt/ws/home/jferiante
Cluster 14397
Process 61
RunningOn slot2@galaxy-01.discovery.wisc.edu
python sk_logistic_regression.py dud_e 61
Running Scikit Learn Logistic Regression Classifier for dud_e.........
Building data for target: lkha4, fold: 0
Running logistic regression for target: lkha4
target:lkha4 fold:0 predicted: 3335 wrong: 30 pct correct: 0.991004497751, auc: 0.999934036939
Results for lkha4: accuracy: 0.991004497751, auc: 0.999934036939
Building data for target: lkha4, fold: 1
Running logistic regression for target: lkha4
target:lkha4 fold:1 predicted: 3335 wrong: 0 pct correct: 1.0, auc: 1.0
Results for lkha4: accuracy: 0.995502248876, auc: 0.99996701847
Building data for target: lkha4, fold: 2
Running logistic regression for target: lkha4
target:lkha4 fold:2 predicted: 3335 wrong: 0 pct correct: 1.0, auc: 1.0
Results for lkha4: accuracy: 0.99700149925, auc: 0.999978012313
Building data for target: lkha4, fold: 3
Running logistic regression for target: lkha4
target:lkha4 fold:3 predicted: 3335 wrong: 30 pct correct: 0.991004497751, auc: 0.999945030783
Results for lkha4: accuracy: 0.995502248876, auc: 0.999969766931
Building data for target: lkha4, fold: 4
Running logistic regression for target: lkha4
target:lkha4 fold:4 predicted: 3457 wrong: 0 pct correct: 1.0, auc: 1.0
Results for lkha4: accuracy: 0.9964017991, auc: 0.999975813544
####################  Results for DUD-E ####################
lkha4 accuracy: 0.9964017991, auc:0.999975813544
############################################################
runtime: 132.47 secs.
