000 (14397.099.000) 07/28 17:51:07 Job submitted from host: <144.92.142.140:9620?sock=9267_cb64_3>
...
001 (14397.099.000) 07/28 17:51:14 Job executing on host: <144.92.142.155:9620?sock=2739_f5d7_3>
...
006 (14397.099.000) 07/28 17:51:23 Image size of job updated: 7412
	8  -  MemoryUsage of job (MB)
	7412  -  ResidentSetSize of job (KB)
...
006 (14397.099.000) 07/28 17:56:24 Image size of job updated: 309544
	303  -  MemoryUsage of job (MB)
	309544  -  ResidentSetSize of job (KB)
...
006 (14397.099.000) 07/28 17:56:59 Image size of job updated: 432508
	303  -  MemoryUsage of job (MB)
	309544  -  ResidentSetSize of job (KB)
...
005 (14397.099.000) 07/28 17:56:59 Job terminated.
	(1) Normal termination (return value 0)
		Usr 0 00:04:40, Sys 0 00:00:02  -  Run Remote Usage
		Usr 0 00:00:00, Sys 0 00:00:00  -  Run Local Usage
		Usr 0 00:04:40, Sys 0 00:00:02  -  Total Remote Usage
		Usr 0 00:00:00, Sys 0 00:00:00  -  Total Local Usage
	0  -  Run Bytes Sent By Job
	0  -  Run Bytes Received By Job
	0  -  Total Bytes Sent By Job
	0  -  Total Bytes Received By Job
	Partitionable Resources :    Usage  Request Allocated
	   Cpus                 :                 1         1
	   Disk (KB)            :        1        1 140448475
	   Memory (MB)          :      303     2048     21265
...
