_CONDOR_JOB_IWD /mnt/ws/home/jferiante
Cluster 14397
Process 77
RunningOn slot4@opt-a005.discovery.wisc.edu
python sk_logistic_regression.py dud_e 77
Running Scikit Learn Logistic Regression Classifier for dud_e.........
Building data for target: plk1, fold: 0
Running logistic regression for target: plk1
target:plk1 fold:0 predicted: 2305 wrong: 91 pct correct: 0.960520607375, auc: 0.978674486804
Results for plk1: accuracy: 0.960520607375, auc: 0.978674486804
Building data for target: plk1, fold: 1
Running logistic regression for target: plk1
target:plk1 fold:1 predicted: 2305 wrong: 30 pct correct: 0.986984815618, auc: 0.999953079179
Results for plk1: accuracy: 0.973752711497, auc: 0.989313782991
Building data for target: plk1, fold: 2
Running logistic regression for target: plk1
target:plk1 fold:2 predicted: 2305 wrong: 92 pct correct: 0.960086767896, auc: 0.943835777126
Results for plk1: accuracy: 0.969197396963, auc: 0.974154447703
Building data for target: plk1, fold: 3
Running logistic regression for target: plk1
target:plk1 fold:3 predicted: 2305 wrong: 1 pct correct: 0.999566160521, auc: 0.999929618768
Results for plk1: accuracy: 0.976789587852, auc: 0.980598240469
Building data for target: plk1, fold: 4
Running logistic regression for target: plk1
target:plk1 fold:4 predicted: 2309 wrong: 60 pct correct: 0.974014724989, auc: 0.999695899319
Results for plk1: accuracy: 0.97623461528, auc: 0.984417772239
####################  Results for DUD-E ####################
plk1 accuracy: 0.97623461528, auc:0.984417772239
############################################################
runtime: 48.46 secs.
