_CONDOR_JOB_IWD /mnt/ws/home/jferiante
Cluster 14397
Process 35
RunningOn slot23@wid-007.discovery.wisc.edu
python sk_logistic_regression.py dud_e 35
Running Scikit Learn Logistic Regression Classifier for dud_e.........
Building data for target: fak1, fold: 0
Running logistic regression for target: fak1
target:fak1 fold:0 predicted: 1740 wrong: 30 pct correct: 0.98275862069, auc: 0.996127946128
Results for fak1: accuracy: 0.98275862069, auc: 0.996127946128
Building data for target: fak1, fold: 1
Running logistic regression for target: fak1
target:fak1 fold:1 predicted: 1740 wrong: 0 pct correct: 1.0, auc: 1.0
Results for fak1: accuracy: 0.991379310345, auc: 0.998063973064
Building data for target: fak1, fold: 2
Running logistic regression for target: fak1
target:fak1 fold:2 predicted: 1740 wrong: 60 pct correct: 0.965517241379, auc: 1.0
Results for fak1: accuracy: 0.98275862069, auc: 0.998709315376
Building data for target: fak1, fold: 3
Running logistic regression for target: fak1
target:fak1 fold:3 predicted: 1740 wrong: 90 pct correct: 0.948275862069, auc: 0.995580808081
Results for fak1: accuracy: 0.974137931034, auc: 0.997927188552
Building data for target: fak1, fold: 4
Running logistic regression for target: fak1
target:fak1 fold:4 predicted: 1861 wrong: 60 pct correct: 0.96775926921, auc: 0.995588130648
Results for fak1: accuracy: 0.97286219867, auc: 0.997459376971
####################  Results for DUD-E ####################
fak1 accuracy: 0.97286219867, auc:0.997459376971
############################################################
runtime: 38.83 secs.
