_CONDOR_JOB_IWD /mnt/ws/home/jferiante
Cluster 14397
Process 9
RunningOn slot9@mir-exec-01.discovery.wisc.edu
python sk_logistic_regression.py dud_e 9
Running Scikit Learn Logistic Regression Classifier for dud_e.........
Building data for target: akt2, fold: 0
Running logistic regression for target: akt2
target:akt2 fold:0 predicted: 2530 wrong: 61 pct correct: 0.975889328063, auc: 0.979477470655
Results for akt2: accuracy: 0.975889328063, auc: 0.979477470655
Building data for target: akt2, fold: 1
Running logistic regression for target: akt2
target:akt2 fold:1 predicted: 2530 wrong: 31 pct correct: 0.987747035573, auc: 0.998390761075
Results for akt2: accuracy: 0.981818181818, auc: 0.988934115865
Building data for target: akt2, fold: 2
Running logistic regression for target: akt2
target:akt2 fold:2 predicted: 2530 wrong: 0 pct correct: 1.0, auc: 1.0
Results for akt2: accuracy: 0.987878787879, auc: 0.99262274391
Building data for target: akt2, fold: 3
Running logistic regression for target: akt2
target:akt2 fold:3 predicted: 2530 wrong: 1 pct correct: 0.999604743083, auc: 1.0
Results for akt2: accuracy: 0.99081027668, auc: 0.994467057933
Building data for target: akt2, fold: 4
Running logistic regression for target: akt2
target:akt2 fold:4 predicted: 2532 wrong: 0 pct correct: 1.0, auc: 1.0
Results for akt2: accuracy: 0.992648221344, auc: 0.995573646346
####################  Results for DUD-E ####################
akt2 accuracy: 0.992648221344, auc:0.995573646346
############################################################
runtime: 63.64 secs.
