_CONDOR_JOB_IWD /mnt/ws/home/jferiante
Cluster 14397
Process 101
RunningOn slot4@wid-007.discovery.wisc.edu
python sk_logistic_regression.py dud_e 101
Running Scikit Learn Logistic Regression Classifier for dud_e.........
Building data for target: xiap, fold: 0
Running logistic regression for target: xiap
target:xiap fold:0 predicted: 1792 wrong: 0 pct correct: 1.0, auc: 1.0
Results for xiap: accuracy: 1.0, auc: 1.0
Building data for target: xiap, fold: 1
Running logistic regression for target: xiap
target:xiap fold:1 predicted: 1792 wrong: 0 pct correct: 1.0, auc: 1.0
Results for xiap: accuracy: 1.0, auc: 1.0
Building data for target: xiap, fold: 2
Running logistic regression for target: xiap
target:xiap fold:2 predicted: 1792 wrong: 0 pct correct: 1.0, auc: 1.0
Results for xiap: accuracy: 1.0, auc: 1.0
Building data for target: xiap, fold: 3
Running logistic regression for target: xiap
target:xiap fold:3 predicted: 1792 wrong: 0 pct correct: 1.0, auc: 1.0
Results for xiap: accuracy: 1.0, auc: 1.0
Building data for target: xiap, fold: 4
Running logistic regression for target: xiap
target:xiap fold:4 predicted: 1915 wrong: 0 pct correct: 1.0, auc: 1.0
Results for xiap: accuracy: 1.0, auc: 1.0
####################  Results for DUD-E ####################
xiap accuracy: 1.0, auc:1.0
############################################################
runtime: 46.61 secs.
