_CONDOR_JOB_IWD /mnt/ws/home/jferiante
Cluster 14397
Process 41
RunningOn slot9@opt-a015.discovery.wisc.edu
python sk_logistic_regression.py dud_e 41
Running Scikit Learn Logistic Regression Classifier for dud_e.........
Building data for target: glcm, fold: 0
Running logistic regression for target: glcm
target:glcm fold:0 predicted: 1511 wrong: 0 pct correct: 1.0, auc: 1.0
Results for glcm: accuracy: 1.0, auc: 1.0
Building data for target: glcm, fold: 1
Running logistic regression for target: glcm
target:glcm fold:1 predicted: 1511 wrong: 0 pct correct: 1.0, auc: 1.0
Results for glcm: accuracy: 1.0, auc: 1.0
Building data for target: glcm, fold: 2
Running logistic regression for target: glcm
target:glcm fold:2 predicted: 1511 wrong: 12 pct correct: 0.992058239576, auc: 1.0
Results for glcm: accuracy: 0.997352746525, auc: 1.0
Building data for target: glcm, fold: 3
Running logistic regression for target: glcm
target:glcm fold:3 predicted: 1511 wrong: 0 pct correct: 1.0, auc: 1.0
Results for glcm: accuracy: 0.998014559894, auc: 1.0
Building data for target: glcm, fold: 4
Running logistic regression for target: glcm
target:glcm fold:4 predicted: 1484 wrong: 0 pct correct: 1.0, auc: 1.0
Results for glcm: accuracy: 0.998411647915, auc: 1.0
####################  Results for DUD-E ####################
glcm accuracy: 0.998411647915, auc:1.0
############################################################
runtime: 52.84 secs.
