_CONDOR_JOB_IWD /mnt/ws/home/jferiante
Cluster 14397
Process 92
RunningOn slot4@opt-a015.discovery.wisc.edu
python sk_logistic_regression.py dud_e 92
Running Scikit Learn Logistic Regression Classifier for dud_e.........
Building data for target: tgfr1, fold: 0
Running logistic regression for target: tgfr1
target:tgfr1 fold:0 predicted: 3415 wrong: 1 pct correct: 0.999707174231, auc: 1.0
Results for tgfr1: accuracy: 0.999707174231, auc: 1.0
Building data for target: tgfr1, fold: 1
Running logistic regression for target: tgfr1
target:tgfr1 fold:1 predicted: 3415 wrong: 1 pct correct: 0.999707174231, auc: 1.0
Results for tgfr1: accuracy: 0.999707174231, auc: 1.0
Building data for target: tgfr1, fold: 2
Running logistic regression for target: tgfr1
target:tgfr1 fold:2 predicted: 3415 wrong: 1 pct correct: 0.999707174231, auc: 1.0
Results for tgfr1: accuracy: 0.999707174231, auc: 1.0
Building data for target: tgfr1, fold: 3
Running logistic regression for target: tgfr1
target:tgfr1 fold:3 predicted: 3415 wrong: 30 pct correct: 0.99121522694, auc: 0.999361877316
Results for tgfr1: accuracy: 0.997584187408, auc: 0.999840469329
Building data for target: tgfr1, fold: 4
Running logistic regression for target: tgfr1
target:tgfr1 fold:4 predicted: 3446 wrong: 30 pct correct: 0.991294254208, auc: 1.0
Results for tgfr1: accuracy: 0.996326200768, auc: 0.999872375463
####################  Results for DUD-E ####################
tgfr1 accuracy: 0.996326200768, auc:0.999872375463
############################################################
runtime: 110.30 secs.
