000 (14397.096.000) 07/28 17:51:07 Job submitted from host: <144.92.142.140:9620?sock=9267_cb64_3>
...
001 (14397.096.000) 07/28 17:52:16 Job executing on host: <144.92.142.136:9620?sock=6083_9576_4>
...
006 (14397.096.000) 07/28 17:52:24 Image size of job updated: 2256
	3  -  MemoryUsage of job (MB)
	2256  -  ResidentSetSize of job (KB)
...
006 (14397.096.000) 07/28 17:57:24 Image size of job updated: 42516
	42  -  MemoryUsage of job (MB)
	42516  -  ResidentSetSize of job (KB)
...
006 (14397.096.000) 07/28 17:58:29 Image size of job updated: 240860
	42  -  MemoryUsage of job (MB)
	42516  -  ResidentSetSize of job (KB)
...
005 (14397.096.000) 07/28 17:58:29 Job terminated.
	(1) Normal termination (return value 0)
		Usr 0 00:01:08, Sys 0 00:00:02  -  Run Remote Usage
		Usr 0 00:00:00, Sys 0 00:00:00  -  Run Local Usage
		Usr 0 00:01:08, Sys 0 00:00:02  -  Total Remote Usage
		Usr 0 00:00:00, Sys 0 00:00:00  -  Total Local Usage
	0  -  Run Bytes Sent By Job
	0  -  Run Bytes Received By Job
	0  -  Total Bytes Sent By Job
	0  -  Total Bytes Received By Job
	Partitionable Resources :    Usage  Request Allocated
	   Cpus                 :                 1         1
	   Disk (KB)            :        1        1  26198061
	   Memory (MB)          :       42     2048     12288
...
