_CONDOR_JOB_IWD /mnt/ws/home/jferiante
Cluster 14397
Process 8
RunningOn slot8@mir-exec-01.discovery.wisc.edu
python sk_logistic_regression.py dud_e 8
Running Scikit Learn Logistic Regression Classifier for dud_e.........
Building data for target: akt1, fold: 0
Running logistic regression for target: akt1
target:akt1 fold:0 predicted: 5835 wrong: 62 pct correct: 0.989374464439, auc: 0.999762982116
Results for akt1: accuracy: 0.989374464439, auc: 0.999762982116
Building data for target: akt1, fold: 1
Running logistic regression for target: akt1
target:akt1 fold:1 predicted: 5835 wrong: 32 pct correct: 0.994515852614, auc: 0.998290598291
Results for akt1: accuracy: 0.991945158526, auc: 0.999026790203
Building data for target: akt1, fold: 2
Running logistic regression for target: akt1
target:akt1 fold:2 predicted: 5835 wrong: 30 pct correct: 0.994858611825, auc: 0.99999281764
Results for akt1: accuracy: 0.992916309626, auc: 0.999348799349
Building data for target: akt1, fold: 3
Running logistic regression for target: akt1
target:akt1 fold:3 predicted: 5835 wrong: 33 pct correct: 0.994344473008, auc: 0.999798893917
Results for akt1: accuracy: 0.993273350471, auc: 0.999461322991
Building data for target: akt1, fold: 4
Running logistic regression for target: akt1
target:akt1 fold:4 predicted: 5925 wrong: 120 pct correct: 0.979746835443, auc: 0.998633865571
Results for akt1: accuracy: 0.990568047466, auc: 0.999295831507
####################  Results for DUD-E ####################
akt1 accuracy: 0.990568047466, auc:0.999295831507
############################################################
runtime: 113.21 secs.
