000 (14397.026.000) 07/28 17:51:07 Job submitted from host: <144.92.142.140:9620?sock=9267_cb64_3>
...
001 (14397.026.000) 07/28 17:51:13 Job executing on host: <144.92.142.141:9620?sock=4744_8b2e_3>
...
006 (14397.026.000) 07/28 17:51:23 Image size of job updated: 2012
	2  -  MemoryUsage of job (MB)
	2012  -  ResidentSetSize of job (KB)
...
006 (14397.026.000) 07/28 17:56:23 Image size of job updated: 21300
	21  -  MemoryUsage of job (MB)
	21300  -  ResidentSetSize of job (KB)
...
006 (14397.026.000) 07/28 18:01:24 Image size of job updated: 40456
	40  -  MemoryUsage of job (MB)
	40456  -  ResidentSetSize of job (KB)
...
006 (14397.026.000) 07/28 18:06:25 Image size of job updated: 1018036
	995  -  MemoryUsage of job (MB)
	1018036  -  ResidentSetSize of job (KB)
...
006 (14397.026.000) 07/28 18:08:00 Image size of job updated: 1312612
	995  -  MemoryUsage of job (MB)
	1018036  -  ResidentSetSize of job (KB)
...
005 (14397.026.000) 07/28 18:08:00 Job terminated.
	(1) Normal termination (return value 0)
		Usr 0 00:05:35, Sys 0 00:00:05  -  Run Remote Usage
		Usr 0 00:00:00, Sys 0 00:00:00  -  Run Local Usage
		Usr 0 00:05:35, Sys 0 00:00:05  -  Total Remote Usage
		Usr 0 00:00:00, Sys 0 00:00:00  -  Total Local Usage
	0  -  Run Bytes Sent By Job
	0  -  Run Bytes Received By Job
	0  -  Total Bytes Sent By Job
	0  -  Total Bytes Received By Job
	Partitionable Resources :    Usage  Request Allocated
	   Cpus                 :                 1         1
	   Disk (KB)            :        1        1  10268464
	   Memory (MB)          :      995     2048      4031
...
