_CONDOR_JOB_IWD /mnt/ws/home/jferiante
Cluster 14397
Process 90
RunningOn slot23@wid-007.discovery.wisc.edu
python sk_logistic_regression.py dud_e 90
Running Scikit Learn Logistic Regression Classifier for dud_e.........
Building data for target: sahh, fold: 0
Running logistic regression for target: sahh
target:sahh fold:0 predicted: 1380 wrong: 0 pct correct: 1.0, auc: 1.0
Results for sahh: accuracy: 1.0, auc: 1.0
Building data for target: sahh, fold: 1
Running logistic regression for target: sahh
target:sahh fold:1 predicted: 1380 wrong: 0 pct correct: 1.0, auc: 1.0
Results for sahh: accuracy: 1.0, auc: 1.0
Building data for target: sahh, fold: 2
Running logistic regression for target: sahh
target:sahh fold:2 predicted: 1380 wrong: 0 pct correct: 1.0, auc: 1.0
Results for sahh: accuracy: 1.0, auc: 1.0
Building data for target: sahh, fold: 3
Running logistic regression for target: sahh
target:sahh fold:3 predicted: 1380 wrong: 0 pct correct: 1.0, auc: 1.0
Results for sahh: accuracy: 1.0, auc: 1.0
Building data for target: sahh, fold: 4
Running logistic regression for target: sahh
target:sahh fold:4 predicted: 1383 wrong: 0 pct correct: 1.0, auc: 1.0
Results for sahh: accuracy: 1.0, auc: 1.0
####################  Results for DUD-E ####################
sahh accuracy: 1.0, auc:1.0
############################################################
runtime: 39.56 secs.
