_CONDOR_JOB_IWD /mnt/ws/home/jferiante
Cluster 14397
Process 50
RunningOn slot11@opt-a016.discovery.wisc.edu
python sk_logistic_regression.py dud_e 50
Running Scikit Learn Logistic Regression Classifier for dud_e.........
Building data for target: hs90a, fold: 0
Running logistic regression for target: hs90a
target:hs90a fold:0 predicted: 1738 wrong: 0 pct correct: 1.0, auc: 1.0
Results for hs90a: accuracy: 1.0, auc: 1.0
Building data for target: hs90a, fold: 1
Running logistic regression for target: hs90a
target:hs90a fold:1 predicted: 1738 wrong: 1 pct correct: 0.999424626007, auc: 1.0
Results for hs90a: accuracy: 0.999712313003, auc: 1.0
Building data for target: hs90a, fold: 2
Running logistic regression for target: hs90a
target:hs90a fold:2 predicted: 1738 wrong: 30 pct correct: 0.982738780207, auc: 1.0
Results for hs90a: accuracy: 0.994054468738, auc: 1.0
Building data for target: hs90a, fold: 3
Running logistic regression for target: hs90a
target:hs90a fold:3 predicted: 1738 wrong: 30 pct correct: 0.982738780207, auc: 0.99995951417
Results for hs90a: accuracy: 0.991225546605, auc: 0.999989878543
Building data for target: hs90a, fold: 4
Running logistic regression for target: hs90a
target:hs90a fold:4 predicted: 1740 wrong: 0 pct correct: 1.0, auc: 1.0
Results for hs90a: accuracy: 0.992980437284, auc: 0.999991902834
####################  Results for DUD-E ####################
hs90a accuracy: 0.992980437284, auc:0.999991902834
############################################################
runtime: 80.43 secs.
