_CONDOR_JOB_IWD /mnt/ws/home/jferiante
Cluster 14397
Process 15
RunningOn slot14@mir-exec-01.discovery.wisc.edu
python sk_logistic_regression.py dud_e 15
Running Scikit Learn Logistic Regression Classifier for dud_e.........
Building data for target: braf, fold: 0
Running logistic regression for target: braf
target:braf fold:0 predicted: 3519 wrong: 61 pct correct: 0.98266552998, auc: 0.977345220406
Results for braf: accuracy: 0.98266552998, auc: 0.977345220406
Building data for target: braf, fold: 1
Running logistic regression for target: braf
target:braf fold:1 predicted: 3519 wrong: 91 pct correct: 0.97414038079, auc: 0.9995047053
Results for braf: accuracy: 0.978402955385, auc: 0.988424962853
Building data for target: braf, fold: 2
Running logistic regression for target: braf
target:braf fold:2 predicted: 3519 wrong: 31 pct correct: 0.99119067917, auc: 0.999940564636
Results for braf: accuracy: 0.98266552998, auc: 0.992263496781
Building data for target: braf, fold: 3
Running logistic regression for target: braf
target:braf fold:3 predicted: 3519 wrong: 31 pct correct: 0.99119067917, auc: 0.999990094106
Results for braf: accuracy: 0.984796817278, auc: 0.994195146112
Building data for target: braf, fold: 4
Running logistic regression for target: braf
target:braf fold:4 predicted: 3552 wrong: 0 pct correct: 1.0, auc: 1.0
Results for braf: accuracy: 0.987837453822, auc: 0.99535611689
####################  Results for DUD-E ####################
braf accuracy: 0.987837453822, auc:0.99535611689
############################################################
runtime: 77.01 secs.
