000 (14397.048.000) 07/28 17:51:07 Job submitted from host: <144.92.142.140:9620?sock=9267_cb64_3>
...
001 (14397.048.000) 07/28 17:51:12 Job executing on host: <144.92.142.181:9620?sock=7576_d24e_3>
...
006 (14397.048.000) 07/28 17:51:21 Image size of job updated: 3504
	4  -  MemoryUsage of job (MB)
	3504  -  ResidentSetSize of job (KB)
...
006 (14397.048.000) 07/28 17:55:45 Image size of job updated: 754284
	4  -  MemoryUsage of job (MB)
	3504  -  ResidentSetSize of job (KB)
...
005 (14397.048.000) 07/28 17:55:45 Job terminated.
	(1) Normal termination (return value 0)
		Usr 0 00:03:23, Sys 0 00:00:03  -  Run Remote Usage
		Usr 0 00:00:00, Sys 0 00:00:00  -  Run Local Usage
		Usr 0 00:03:23, Sys 0 00:00:03  -  Total Remote Usage
		Usr 0 00:00:00, Sys 0 00:00:00  -  Total Local Usage
	0  -  Run Bytes Sent By Job
	0  -  Run Bytes Received By Job
	0  -  Total Bytes Sent By Job
	0  -  Total Bytes Received By Job
	Partitionable Resources :    Usage  Request Allocated
	   Cpus                 :                 1         1
	   Disk (KB)            :        1        1  37427764
	   Memory (MB)          :        4     2048      3228
...
