000 (14397.042.000) 07/28 17:51:07 Job submitted from host: <144.92.142.140:9620?sock=9267_cb64_3>
...
001 (14397.042.000) 07/28 17:51:12 Job executing on host: <144.92.142.180:9620?sock=7678_2498_3>
...
006 (14397.042.000) 07/28 17:51:21 Image size of job updated: 3500
	4  -  MemoryUsage of job (MB)
	3500  -  ResidentSetSize of job (KB)
...
006 (14397.042.000) 07/28 17:54:32 Image size of job updated: 468672
	4  -  MemoryUsage of job (MB)
	3500  -  ResidentSetSize of job (KB)
...
005 (14397.042.000) 07/28 17:54:32 Job terminated.
	(1) Normal termination (return value 0)
		Usr 0 00:01:50, Sys 0 00:00:00  -  Run Remote Usage
		Usr 0 00:00:00, Sys 0 00:00:00  -  Run Local Usage
		Usr 0 00:01:50, Sys 0 00:00:00  -  Total Remote Usage
		Usr 0 00:00:00, Sys 0 00:00:00  -  Total Local Usage
	0  -  Run Bytes Sent By Job
	0  -  Run Bytes Received By Job
	0  -  Total Bytes Sent By Job
	0  -  Total Bytes Received By Job
	Partitionable Resources :    Usage  Request Allocated
	   Cpus                 :                 1         1
	   Disk (KB)            :        1        1  37427764
	   Memory (MB)          :        4     2048      3228
...
