000 (14397.038.000) 07/28 17:51:07 Job submitted from host: <144.92.142.140:9620?sock=9267_cb64_3>
...
001 (14397.038.000) 07/28 17:51:12 Job executing on host: <144.92.142.162:9620?sock=10446_6bfc_3>
...
006 (14397.038.000) 07/28 17:51:20 Image size of job updated: 8360
	9  -  MemoryUsage of job (MB)
	8360  -  ResidentSetSize of job (KB)
...
006 (14397.038.000) 07/28 17:56:20 Image size of job updated: 1133672
	1108  -  MemoryUsage of job (MB)
	1133672  -  ResidentSetSize of job (KB)
...
005 (14397.038.000) 07/28 18:02:19 Job terminated.
	(1) Normal termination (return value 0)
		Usr 0 00:11:01, Sys 0 00:00:08  -  Run Remote Usage
		Usr 0 00:00:00, Sys 0 00:00:00  -  Run Local Usage
		Usr 0 00:11:01, Sys 0 00:00:08  -  Total Remote Usage
		Usr 0 00:00:00, Sys 0 00:00:00  -  Total Local Usage
	0  -  Run Bytes Sent By Job
	0  -  Run Bytes Received By Job
	0  -  Total Bytes Sent By Job
	0  -  Total Bytes Received By Job
	Partitionable Resources :    Usage  Request Allocated
	   Cpus                 :                 1         1
	   Disk (KB)            :        1        1  34877914
	   Memory (MB)          :     1108     2048      3228
...
