_CONDOR_JOB_IWD /mnt/ws/home/jferiante
Cluster 14397
Process 66
RunningOn slot11@galaxy-01.discovery.wisc.edu
python sk_logistic_regression.py dud_e 66
Running Scikit Learn Logistic Regression Classifier for dud_e.........
Building data for target: mk10, fold: 0
Running logistic regression for target: mk10
target:mk10 fold:0 predicted: 2452 wrong: 120 pct correct: 0.951060358891, auc: 0.999073589238
Results for mk10: accuracy: 0.951060358891, auc: 0.999073589238
Building data for target: mk10, fold: 1
Running logistic regression for target: mk10
target:mk10 fold:1 predicted: 2452 wrong: 122 pct correct: 0.950244698206, auc: 0.950195351835
Results for mk10: accuracy: 0.950652528548, auc: 0.974634470536
Building data for target: mk10, fold: 2
Running logistic regression for target: mk10
target:mk10 fold:2 predicted: 2452 wrong: 91 pct correct: 0.962887438825, auc: 0.994401256696
Results for mk10: accuracy: 0.954730831974, auc: 0.981223399256
Building data for target: mk10, fold: 3
Running logistic regression for target: mk10
target:mk10 fold:3 predicted: 2452 wrong: 121 pct correct: 0.950652528548, auc: 0.986023281105
Results for mk10: accuracy: 0.953711256117, auc: 0.982423369718
Building data for target: mk10, fold: 4
Running logistic regression for target: mk10
target:mk10 fold:4 predicted: 2486 wrong: 91 pct correct: 0.963395012068, auc: 0.983029639478
Results for mk10: accuracy: 0.955648007307, auc: 0.98254462367
####################  Results for DUD-E ####################
mk10 accuracy: 0.955648007307, auc:0.98254462367
############################################################
runtime: 102.15 secs.
