_CONDOR_JOB_IWD /mnt/ws/home/jferiante
Cluster 14397
Process 43
RunningOn slot12@opt-a015.discovery.wisc.edu
python sk_logistic_regression.py dud_e 43
Running Scikit Learn Logistic Regression Classifier for dud_e.........
Building data for target: grik1, fold: 0
Running logistic regression for target: grik1
target:grik1 fold:0 predicted: 2223 wrong: 30 pct correct: 0.986504723347, auc: 1.0
Results for grik1: accuracy: 0.986504723347, auc: 1.0
Building data for target: grik1, fold: 1
Running logistic regression for target: grik1
target:grik1 fold:1 predicted: 2223 wrong: 0 pct correct: 1.0, auc: 1.0
Results for grik1: accuracy: 0.993252361673, auc: 1.0
Building data for target: grik1, fold: 2
Running logistic regression for target: grik1
target:grik1 fold:2 predicted: 2223 wrong: 30 pct correct: 0.986504723347, auc: 0.999974804737
Results for grik1: accuracy: 0.991003148898, auc: 0.999991601579
Building data for target: grik1, fold: 3
Running logistic regression for target: grik1
target:grik1 fold:3 predicted: 2223 wrong: 0 pct correct: 1.0, auc: 1.0
Results for grik1: accuracy: 0.993252361673, auc: 0.999993701184
Building data for target: grik1, fold: 4
Running logistic regression for target: grik1
target:grik1 fold:4 predicted: 2284 wrong: 0 pct correct: 1.0, auc: 1.0
Results for grik1: accuracy: 0.994601889339, auc: 0.999994960947
####################  Results for DUD-E ####################
grik1 accuracy: 0.994601889339, auc:0.999994960947
############################################################
runtime: 74.06 secs.
