_CONDOR_JOB_IWD /mnt/ws/home/jferiante
Cluster 14397
Process 72
RunningOn slot15@roy-exec-1.discovery.wisc.edu
python sk_logistic_regression.py dud_e 72
Running Scikit Learn Logistic Regression Classifier for dud_e.........
Building data for target: pa2ga, fold: 0
Running logistic regression for target: pa2ga
target:pa2ga fold:0 predicted: 1792 wrong: 31 pct correct: 0.982700892857, auc: 0.999884836852
Results for pa2ga: accuracy: 0.982700892857, auc: 0.999884836852
Building data for target: pa2ga, fold: 1
Running logistic regression for target: pa2ga
target:pa2ga fold:1 predicted: 1792 wrong: 1 pct correct: 0.999441964286, auc: 1.0
Results for pa2ga: accuracy: 0.991071428571, auc: 0.999942418426
Building data for target: pa2ga, fold: 2
Running logistic regression for target: pa2ga
target:pa2ga fold:2 predicted: 1792 wrong: 30 pct correct: 0.983258928571, auc: 0.997696737044
Results for pa2ga: accuracy: 0.988467261905, auc: 0.999193857965
Building data for target: pa2ga, fold: 3
Running logistic regression for target: pa2ga
target:pa2ga fold:3 predicted: 1792 wrong: 31 pct correct: 0.982700892857, auc: 0.996545105566
Results for pa2ga: accuracy: 0.987025669643, auc: 0.998531669866
Building data for target: pa2ga, fold: 4
Running logistic regression for target: pa2ga
target:pa2ga fold:4 predicted: 1856 wrong: 0 pct correct: 1.0, auc: 1.0
Results for pa2ga: accuracy: 0.989620535714, auc: 0.998825335893
####################  Results for DUD-E ####################
pa2ga accuracy: 0.989620535714, auc:0.998825335893
############################################################
runtime: 63.70 secs.
