_CONDOR_JOB_IWD /mnt/ws/home/jferiante
Cluster 14397
Process 65
RunningOn slot9@galaxy-01.discovery.wisc.edu
python sk_logistic_regression.py dud_e 65
Running Scikit Learn Logistic Regression Classifier for dud_e.........
Building data for target: mk01, fold: 0
Running logistic regression for target: mk01
target:mk01 fold:0 predicted: 1735 wrong: 0 pct correct: 1.0, auc: 1.0
Results for mk01: accuracy: 1.0, auc: 1.0
Building data for target: mk01, fold: 1
Running logistic regression for target: mk01
target:mk01 fold:1 predicted: 1735 wrong: 31 pct correct: 0.982132564841, auc: 0.99975975976
Results for mk01: accuracy: 0.991066282421, auc: 0.99987987988
Building data for target: mk01, fold: 2
Running logistic regression for target: mk01
target:mk01 fold:2 predicted: 1735 wrong: 30 pct correct: 0.982708933718, auc: 0.991151151151
Results for mk01: accuracy: 0.98828049952, auc: 0.996970303637
Building data for target: mk01, fold: 3
Running logistic regression for target: mk01
target:mk01 fold:3 predicted: 1735 wrong: 0 pct correct: 1.0, auc: 1.0
Results for mk01: accuracy: 0.99121037464, auc: 0.997727727728
Building data for target: mk01, fold: 4
Running logistic regression for target: mk01
target:mk01 fold:4 predicted: 1827 wrong: 87 pct correct: 0.952380952381, auc: 1.0
Results for mk01: accuracy: 0.983444490188, auc: 0.998182182182
####################  Results for DUD-E ####################
mk01 accuracy: 0.983444490188, auc:0.998182182182
############################################################
runtime: 76.99 secs.
