000 (14399.084.000) 07/28 17:53:12 Job submitted from host: <144.92.142.140:9620?sock=9267_cb64_3>
...
001 (14399.084.000) 07/28 17:57:07 Job executing on host: <144.92.142.136:9620?sock=6083_9576_4>
...
006 (14399.084.000) 07/28 17:57:16 Image size of job updated: 2540
	3  -  MemoryUsage of job (MB)
	2540  -  ResidentSetSize of job (KB)
...
006 (14399.084.000) 07/28 18:02:17 Image size of job updated: 39616
	39  -  MemoryUsage of job (MB)
	39616  -  ResidentSetSize of job (KB)
...
006 (14399.084.000) 07/28 18:07:17 Image size of job updated: 3922228
	3831  -  MemoryUsage of job (MB)
	3922228  -  ResidentSetSize of job (KB)
...
006 (14399.084.000) 07/28 18:22:18 Image size of job updated: 5639640
	5508  -  MemoryUsage of job (MB)
	5639640  -  ResidentSetSize of job (KB)
...
006 (14399.084.000) 07/28 18:37:20 Image size of job updated: 8843792
	8637  -  MemoryUsage of job (MB)
	8843792  -  ResidentSetSize of job (KB)
...
005 (14399.084.000) 07/28 18:37:31 Job terminated.
	(1) Normal termination (return value 0)
		Usr 0 00:34:40, Sys 0 00:00:33  -  Run Remote Usage
		Usr 0 00:00:00, Sys 0 00:00:00  -  Run Local Usage
		Usr 0 00:34:40, Sys 0 00:00:33  -  Total Remote Usage
		Usr 0 00:00:00, Sys 0 00:00:00  -  Total Local Usage
	0  -  Run Bytes Sent By Job
	0  -  Run Bytes Received By Job
	0  -  Total Bytes Sent By Job
	0  -  Total Bytes Received By Job
	Partitionable Resources :    Usage  Request Allocated
	   Cpus                 :                 1         1
	   Disk (KB)            :        1        1  26042104
	   Memory (MB)          :     8637     8192     12288
...
