000 (14399.118.000) 07/28 17:53:12 Job submitted from host: <144.92.142.140:9620?sock=9267_cb64_3>
...
001 (14399.118.000) 07/28 18:04:45 Job executing on host: <144.92.142.154:9620?sock=7918_5eb1_3>
...
006 (14399.118.000) 07/28 18:04:54 Image size of job updated: 20288
	20  -  MemoryUsage of job (MB)
	20288  -  ResidentSetSize of job (KB)
...
006 (14399.118.000) 07/28 18:09:55 Image size of job updated: 614396
	600  -  MemoryUsage of job (MB)
	614396  -  ResidentSetSize of job (KB)
...
006 (14399.118.000) 07/28 18:13:51 Image size of job updated: 1238120
	600  -  MemoryUsage of job (MB)
	614396  -  ResidentSetSize of job (KB)
...
005 (14399.118.000) 07/28 18:13:51 Job terminated.
	(1) Normal termination (return value 0)
		Usr 0 00:08:36, Sys 0 00:00:04  -  Run Remote Usage
		Usr 0 00:00:00, Sys 0 00:00:00  -  Run Local Usage
		Usr 0 00:08:36, Sys 0 00:00:04  -  Total Remote Usage
		Usr 0 00:00:00, Sys 0 00:00:00  -  Total Local Usage
	0  -  Run Bytes Sent By Job
	0  -  Run Bytes Received By Job
	0  -  Total Bytes Sent By Job
	0  -  Total Bytes Received By Job
	Partitionable Resources :    Usage  Request Allocated
	   Cpus                 :                 1         1
	   Disk (KB)            :        1        1 140421011
	   Memory (MB)          :      600     8192     21265
...
