000 (14399.124.000) 07/28 17:53:12 Job submitted from host: <144.92.142.140:9620?sock=9267_cb64_3>
...
001 (14399.124.000) 07/28 18:05:24 Job executing on host: <144.92.142.136:9620?sock=6083_9576_4>
...
006 (14399.124.000) 07/28 18:05:32 Image size of job updated: 32144
	32  -  MemoryUsage of job (MB)
	32144  -  ResidentSetSize of job (KB)
...
006 (14399.124.000) 07/28 18:10:32 Image size of job updated: 653928
	639  -  MemoryUsage of job (MB)
	653928  -  ResidentSetSize of job (KB)
...
006 (14399.124.000) 07/28 18:11:16 Image size of job updated: 3562732
	639  -  MemoryUsage of job (MB)
	653928  -  ResidentSetSize of job (KB)
...
005 (14399.124.000) 07/28 18:11:16 Job terminated.
	(1) Normal termination (return value 0)
		Usr 0 00:05:42, Sys 0 00:00:05  -  Run Remote Usage
		Usr 0 00:00:00, Sys 0 00:00:00  -  Run Local Usage
		Usr 0 00:05:42, Sys 0 00:00:05  -  Total Remote Usage
		Usr 0 00:00:00, Sys 0 00:00:00  -  Total Local Usage
	0  -  Run Bytes Sent By Job
	0  -  Run Bytes Received By Job
	0  -  Total Bytes Sent By Job
	0  -  Total Bytes Received By Job
	Partitionable Resources :    Usage  Request Allocated
	   Cpus                 :                 1         1
	   Disk (KB)            :        1        1  26198061
	   Memory (MB)          :      639     8192     12288
...
