_CONDOR_JOB_IWD /mnt/ws/home/jferiante
Cluster 14399
Process 92
RunningOn slot3@opt-a002.discovery.wisc.edu
python sk_logistic_regression.py pcba 92
Running Scikit Learn Logistic Regression Classifier for pcba.........
Building data for target: aid686970, fold: 0
Running logistic regression for target: aid686970
target:aid686970 fold:0 predicted: 107370 wrong: 28992 pct correct: 0.729980441464, auc: 0.796390741256
Results for aid686970: accuracy: 0.729980441464, auc: 0.796390741256
Building data for target: aid686970, fold: 1
Running logistic regression for target: aid686970
target:aid686970 fold:1 predicted: 107370 wrong: 27606 pct correct: 0.742889075161, auc: 0.812380843459
Results for aid686970: accuracy: 0.736434758312, auc: 0.804385792357
Building data for target: aid686970, fold: 2
Running logistic regression for target: aid686970
target:aid686970 fold:2 predicted: 107370 wrong: 29068 pct correct: 0.729272608736, auc: 0.795009213936
Results for aid686970: accuracy: 0.73404737512, auc: 0.801260266217
Building data for target: aid686970, fold: 3
Running logistic regression for target: aid686970
target:aid686970 fold:3 predicted: 107370 wrong: 28656 pct correct: 0.733109807209, auc: 0.793634507626
Results for aid686970: accuracy: 0.733812983142, auc: 0.799353826569
Building data for target: aid686970, fold: 4
Running logistic regression for target: aid686970
target:aid686970 fold:4 predicted: 107464 wrong: 28746 pct correct: 0.732505769374, auc: 0.799112251514
Results for aid686970: accuracy: 0.733551540389, auc: 0.799305511558
####################  Results for PCBA ####################
aid686970 accuracy: 0.733551540389, auc:0.799305511558
############################################################
runtime: 3471.73 secs.
