000 (14399.108.000) 07/28 17:53:12 Job submitted from host: <144.92.142.140:9620?sock=9267_cb64_3>
...
001 (14399.108.000) 07/28 17:59:45 Job executing on host: <144.92.142.155:9620?sock=2739_f5d7_3>
...
006 (14399.108.000) 07/28 17:59:54 Image size of job updated: 4136
	5  -  MemoryUsage of job (MB)
	4136  -  ResidentSetSize of job (KB)
...
006 (14399.108.000) 07/28 18:04:55 Image size of job updated: 696000
	680  -  MemoryUsage of job (MB)
	696000  -  ResidentSetSize of job (KB)
...
005 (14399.108.000) 07/28 18:10:19 Job terminated.
	(1) Normal termination (return value 0)
		Usr 0 00:08:20, Sys 0 00:00:03  -  Run Remote Usage
		Usr 0 00:00:00, Sys 0 00:00:00  -  Run Local Usage
		Usr 0 00:08:20, Sys 0 00:00:03  -  Total Remote Usage
		Usr 0 00:00:00, Sys 0 00:00:00  -  Total Local Usage
	0  -  Run Bytes Sent By Job
	0  -  Run Bytes Received By Job
	0  -  Total Bytes Sent By Job
	0  -  Total Bytes Received By Job
	Partitionable Resources :    Usage  Request Allocated
	   Cpus                 :                 1         1
	   Disk (KB)            :        1        1 140447959
	   Memory (MB)          :      680     8192     21265
...
