000 (14399.003.000) 07/28 17:53:11 Job submitted from host: <144.92.142.140:9620?sock=9267_cb64_3>
...
001 (14399.003.000) 07/28 17:53:59 Job executing on host: <144.92.142.151:9620?sock=7917_a1a6_3>
...
006 (14399.003.000) 07/28 17:54:08 Image size of job updated: 2248
	3  -  MemoryUsage of job (MB)
	2248  -  ResidentSetSize of job (KB)
...
006 (14399.003.000) 07/28 17:59:08 Image size of job updated: 31304
	31  -  MemoryUsage of job (MB)
	31304  -  ResidentSetSize of job (KB)
...
006 (14399.003.000) 07/28 18:04:08 Image size of job updated: 1461804
	1428  -  MemoryUsage of job (MB)
	1461804  -  ResidentSetSize of job (KB)
...
006 (14399.003.000) 07/28 18:18:27 Image size of job updated: 2630720
	1428  -  MemoryUsage of job (MB)
	1461804  -  ResidentSetSize of job (KB)
...
005 (14399.003.000) 07/28 18:18:27 Job terminated.
	(1) Normal termination (return value 0)
		Usr 0 00:16:53, Sys 0 00:00:06  -  Run Remote Usage
		Usr 0 00:00:00, Sys 0 00:00:00  -  Run Local Usage
		Usr 0 00:16:53, Sys 0 00:00:06  -  Total Remote Usage
		Usr 0 00:00:00, Sys 0 00:00:00  -  Total Local Usage
	0  -  Run Bytes Sent By Job
	0  -  Run Bytes Received By Job
	0  -  Total Bytes Sent By Job
	0  -  Total Bytes Received By Job
	Partitionable Resources :    Usage  Request Allocated
	   Cpus                 :                 1         1
	   Disk (KB)            :        1        1 132670493
	   Memory (MB)          :     1428     8192     21265
...
