000 (14399.010.000) 07/28 17:53:11 Job submitted from host: <144.92.142.140:9620?sock=9267_cb64_3>
...
001 (14399.010.000) 07/28 17:53:59 Job executing on host: <144.92.142.151:9620?sock=7917_a1a6_3>
...
006 (14399.010.000) 07/28 17:54:08 Image size of job updated: 2492
	3  -  MemoryUsage of job (MB)
	2492  -  ResidentSetSize of job (KB)
...
006 (14399.010.000) 07/28 17:59:09 Image size of job updated: 27556
	27  -  MemoryUsage of job (MB)
	27556  -  ResidentSetSize of job (KB)
...
006 (14399.010.000) 07/28 18:04:09 Image size of job updated: 1380012
	1348  -  MemoryUsage of job (MB)
	1380012  -  ResidentSetSize of job (KB)
...
006 (14399.010.000) 07/28 18:09:10 Image size of job updated: 1777744
	1737  -  MemoryUsage of job (MB)
	1777744  -  ResidentSetSize of job (KB)
...
006 (14399.010.000) 07/28 18:28:08 Image size of job updated: 4627248
	1737  -  MemoryUsage of job (MB)
	1777744  -  ResidentSetSize of job (KB)
...
005 (14399.010.000) 07/28 18:28:08 Job terminated.
	(1) Normal termination (return value 0)
		Usr 0 00:26:03, Sys 0 00:00:11  -  Run Remote Usage
		Usr 0 00:00:00, Sys 0 00:00:00  -  Run Local Usage
		Usr 0 00:26:03, Sys 0 00:00:11  -  Total Remote Usage
		Usr 0 00:00:00, Sys 0 00:00:00  -  Total Local Usage
	0  -  Run Bytes Sent By Job
	0  -  Run Bytes Received By Job
	0  -  Total Bytes Sent By Job
	0  -  Total Bytes Received By Job
	Partitionable Resources :    Usage  Request Allocated
	   Cpus                 :                 1         1
	   Disk (KB)            :        1        1 132701698
	   Memory (MB)          :     1737     8192     21265
...
