000 (14399.004.000) 07/28 17:53:11 Job submitted from host: <144.92.142.140:9620?sock=9267_cb64_3>
...
001 (14399.004.000) 07/28 17:53:59 Job executing on host: <144.92.142.151:9620?sock=7917_a1a6_3>
...
006 (14399.004.000) 07/28 17:54:08 Image size of job updated: 2544
	3  -  MemoryUsage of job (MB)
	2544  -  ResidentSetSize of job (KB)
...
006 (14399.004.000) 07/28 17:59:09 Image size of job updated: 36584
	36  -  MemoryUsage of job (MB)
	36584  -  ResidentSetSize of job (KB)
...
006 (14399.004.000) 07/28 18:04:09 Image size of job updated: 1958072
	1913  -  MemoryUsage of job (MB)
	1958072  -  ResidentSetSize of job (KB)
...
006 (14399.004.000) 07/28 18:09:09 Image size of job updated: 2150128
	2100  -  MemoryUsage of job (MB)
	2150128  -  ResidentSetSize of job (KB)
...
006 (14399.004.000) 07/28 18:27:43 Image size of job updated: 3948720
	2100  -  MemoryUsage of job (MB)
	2150128  -  ResidentSetSize of job (KB)
...
005 (14399.004.000) 07/28 18:27:43 Job terminated.
	(1) Normal termination (return value 0)
		Usr 0 00:26:45, Sys 0 00:00:10  -  Run Remote Usage
		Usr 0 00:00:00, Sys 0 00:00:00  -  Run Local Usage
		Usr 0 00:26:45, Sys 0 00:00:10  -  Total Remote Usage
		Usr 0 00:00:00, Sys 0 00:00:00  -  Total Local Usage
	0  -  Run Bytes Sent By Job
	0  -  Run Bytes Received By Job
	0  -  Total Bytes Sent By Job
	0  -  Total Bytes Received By Job
	Partitionable Resources :    Usage  Request Allocated
	   Cpus                 :                 1         1
	   Disk (KB)            :        1        1 132670513
	   Memory (MB)          :     2100     8192     21265
...
