000 (14399.122.000) 07/28 17:53:12 Job submitted from host: <144.92.142.140:9620?sock=9267_cb64_3>
...
001 (14399.122.000) 07/28 18:06:39 Job executing on host: <144.92.142.164:9620?sock=10436_0991_3>
...
006 (14399.122.000) 07/28 18:06:48 Image size of job updated: 27880
	28  -  MemoryUsage of job (MB)
	27880  -  ResidentSetSize of job (KB)
...
006 (14399.122.000) 07/28 18:11:49 Image size of job updated: 905236
	885  -  MemoryUsage of job (MB)
	905236  -  ResidentSetSize of job (KB)
...
006 (14399.122.000) 07/28 18:16:50 Image size of job updated: 1186752
	1159  -  MemoryUsage of job (MB)
	1186752  -  ResidentSetSize of job (KB)
...
006 (14399.122.000) 07/28 18:21:50 Image size of job updated: 1844540
	1802  -  MemoryUsage of job (MB)
	1844540  -  ResidentSetSize of job (KB)
...
006 (14399.122.000) 07/28 18:26:51 Image size of job updated: 2914328
	2847  -  MemoryUsage of job (MB)
	2914328  -  ResidentSetSize of job (KB)
...
005 (14399.122.000) 07/28 18:27:12 Job terminated.
	(1) Normal termination (return value 0)
		Usr 0 00:21:04, Sys 0 00:00:14  -  Run Remote Usage
		Usr 0 00:00:00, Sys 0 00:00:00  -  Run Local Usage
		Usr 0 00:21:04, Sys 0 00:00:14  -  Total Remote Usage
		Usr 0 00:00:00, Sys 0 00:00:00  -  Total Local Usage
	0  -  Run Bytes Sent By Job
	0  -  Run Bytes Received By Job
	0  -  Total Bytes Sent By Job
	0  -  Total Bytes Received By Job
	Partitionable Resources :    Usage  Request Allocated
	   Cpus                 :                 1         4
	   Disk (KB)            :        1        1  34974355
	   Memory (MB)          :     2847     8192     12915
...
