000 (14399.075.000) 07/28 17:53:11 Job submitted from host: <144.92.142.140:9620?sock=9267_cb64_3>
...
001 (14399.075.000) 07/28 17:56:22 Job executing on host: <144.92.142.170:9620?sock=8495_73f6_4>
...
006 (14399.075.000) 07/28 17:56:30 Image size of job updated: 3568
	4  -  MemoryUsage of job (MB)
	3568  -  ResidentSetSize of job (KB)
...
006 (14399.075.000) 07/28 18:01:30 Image size of job updated: 2723556
	2660  -  MemoryUsage of job (MB)
	2723556  -  ResidentSetSize of job (KB)
...
006 (14399.075.000) 07/28 18:06:31 Image size of job updated: 3090400
	3018  -  MemoryUsage of job (MB)
	3090400  -  ResidentSetSize of job (KB)
...
006 (14399.075.000) 07/28 18:25:54 Image size of job updated: 7867224
	3018  -  MemoryUsage of job (MB)
	3090400  -  ResidentSetSize of job (KB)
...
005 (14399.075.000) 07/28 18:25:54 Job terminated.
	(1) Normal termination (return value 0)
		Usr 0 00:27:43, Sys 0 00:00:12  -  Run Remote Usage
		Usr 0 00:00:00, Sys 0 00:00:00  -  Run Local Usage
		Usr 0 00:27:43, Sys 0 00:00:12  -  Total Remote Usage
		Usr 0 00:00:00, Sys 0 00:00:00  -  Total Local Usage
	0  -  Run Bytes Sent By Job
	0  -  Run Bytes Received By Job
	0  -  Total Bytes Sent By Job
	0  -  Total Bytes Received By Job
	Partitionable Resources :    Usage  Request Allocated
	   Cpus                 :                 1         4
	   Disk (KB)            :        1        1 163138259
	   Memory (MB)          :     3018     8192     21508
...
