000 (14399.045.000) 07/28 17:53:11 Job submitted from host: <144.92.142.140:9620?sock=9267_cb64_3>
...
001 (14399.045.000) 07/28 17:53:16 Job executing on host: <144.92.142.165:9620?sock=9950_ad0a_3>
...
006 (14399.045.000) 07/28 17:53:25 Image size of job updated: 5184
	6  -  MemoryUsage of job (MB)
	5184  -  ResidentSetSize of job (KB)
...
006 (14399.045.000) 07/28 17:58:26 Image size of job updated: 470344
	460  -  MemoryUsage of job (MB)
	470344  -  ResidentSetSize of job (KB)
...
006 (14399.045.000) 07/28 17:58:46 Image size of job updated: 2374888
	460  -  MemoryUsage of job (MB)
	470344  -  ResidentSetSize of job (KB)
...
005 (14399.045.000) 07/28 17:58:46 Job terminated.
	(1) Normal termination (return value 0)
		Usr 0 00:03:25, Sys 0 00:00:02  -  Run Remote Usage
		Usr 0 00:00:00, Sys 0 00:00:00  -  Run Local Usage
		Usr 0 00:03:25, Sys 0 00:00:02  -  Total Remote Usage
		Usr 0 00:00:00, Sys 0 00:00:00  -  Total Local Usage
	0  -  Run Bytes Sent By Job
	0  -  Run Bytes Received By Job
	0  -  Total Bytes Sent By Job
	0  -  Total Bytes Received By Job
	Partitionable Resources :    Usage  Request Allocated
	   Cpus                 :                 1         1
	   Disk (KB)            :        1        1  72972642
	   Memory (MB)          :      460     8192     12109
...
