000 (14399.120.000) 07/28 17:53:12 Job submitted from host: <144.92.142.140:9620?sock=9267_cb64_3>
...
001 (14399.120.000) 07/28 18:04:45 Job executing on host: <144.92.142.154:9620?sock=7918_5eb1_3>
...
006 (14399.120.000) 07/28 18:04:54 Image size of job updated: 20128
	20  -  MemoryUsage of job (MB)
	20128  -  ResidentSetSize of job (KB)
...
006 (14399.120.000) 07/28 18:07:06 Image size of job updated: 181208
	20  -  MemoryUsage of job (MB)
	20128  -  ResidentSetSize of job (KB)
...
005 (14399.120.000) 07/28 18:07:06 Job terminated.
	(1) Normal termination (return value 0)
		Usr 0 00:01:57, Sys 0 00:00:01  -  Run Remote Usage
		Usr 0 00:00:00, Sys 0 00:00:00  -  Run Local Usage
		Usr 0 00:01:57, Sys 0 00:00:01  -  Total Remote Usage
		Usr 0 00:00:00, Sys 0 00:00:00  -  Total Local Usage
	0  -  Run Bytes Sent By Job
	0  -  Run Bytes Received By Job
	0  -  Total Bytes Sent By Job
	0  -  Total Bytes Received By Job
	Partitionable Resources :    Usage  Request Allocated
	   Cpus                 :                 1         1
	   Disk (KB)            :        1        1 140421017
	   Memory (MB)          :       20     8192     21265
...
