000 (14399.001.000) 07/28 17:53:11 Job submitted from host: <144.92.142.140:9620?sock=9267_cb64_3>
...
001 (14399.001.000) 07/28 17:53:14 Job executing on host: <144.92.142.170:9620?sock=8495_73f6_4>
...
006 (14399.001.000) 07/28 17:53:23 Image size of job updated: 5184
	6  -  MemoryUsage of job (MB)
	5184  -  ResidentSetSize of job (KB)
...
006 (14399.001.000) 07/28 17:58:24 Image size of job updated: 1157160
	1131  -  MemoryUsage of job (MB)
	1157160  -  ResidentSetSize of job (KB)
...
006 (14399.001.000) 07/28 18:08:25 Image size of job updated: 1893612
	1850  -  MemoryUsage of job (MB)
	1893612  -  ResidentSetSize of job (KB)
...
006 (14399.001.000) 07/28 18:08:51 Image size of job updated: 2717540
	1850  -  MemoryUsage of job (MB)
	1893612  -  ResidentSetSize of job (KB)
...
005 (14399.001.000) 07/28 18:08:51 Job terminated.
	(1) Normal termination (return value 0)
		Usr 0 00:14:13, Sys 0 00:00:08  -  Run Remote Usage
		Usr 0 00:00:00, Sys 0 00:00:00  -  Run Local Usage
		Usr 0 00:14:13, Sys 0 00:00:08  -  Total Remote Usage
		Usr 0 00:00:00, Sys 0 00:00:00  -  Total Local Usage
	0  -  Run Bytes Sent By Job
	0  -  Run Bytes Received By Job
	0  -  Total Bytes Sent By Job
	0  -  Total Bytes Received By Job
	Partitionable Resources :    Usage  Request Allocated
	   Cpus                 :                 1         4
	   Disk (KB)            :        1        1 163190995
	   Memory (MB)          :     1850     8192     21508
...
