000 (14399.092.000) 07/28 17:53:12 Job submitted from host: <144.92.142.140:9620?sock=9267_cb64_3>
...
001 (14399.092.000) 07/28 17:57:52 Job executing on host: <144.92.142.162:9620?sock=10446_6bfc_3>
...
006 (14399.092.000) 07/28 17:58:01 Image size of job updated: 3124
	4  -  MemoryUsage of job (MB)
	3124  -  ResidentSetSize of job (KB)
...
006 (14399.092.000) 07/28 18:03:02 Image size of job updated: 1446008
	1413  -  MemoryUsage of job (MB)
	1446008  -  ResidentSetSize of job (KB)
...
006 (14399.092.000) 07/28 18:08:02 Image size of job updated: 4131876
	4036  -  MemoryUsage of job (MB)
	4131876  -  ResidentSetSize of job (KB)
...
006 (14399.092.000) 07/28 18:18:03 Image size of job updated: 4446816
	4343  -  MemoryUsage of job (MB)
	4446816  -  ResidentSetSize of job (KB)
...
006 (14399.092.000) 07/28 18:23:03 Image size of job updated: 9737716
	9510  -  MemoryUsage of job (MB)
	9737716  -  ResidentSetSize of job (KB)
...
005 (14399.092.000) 07/28 18:57:54 Job terminated.
	(1) Normal termination (return value 0)
		Usr 0 00:57:14, Sys 0 00:00:28  -  Run Remote Usage
		Usr 0 00:00:00, Sys 0 00:00:00  -  Run Local Usage
		Usr 0 00:57:14, Sys 0 00:00:28  -  Total Remote Usage
		Usr 0 00:00:00, Sys 0 00:00:00  -  Total Local Usage
	0  -  Run Bytes Sent By Job
	0  -  Run Bytes Received By Job
	0  -  Total Bytes Sent By Job
	0  -  Total Bytes Received By Job
	Partitionable Resources :    Usage  Request Allocated
	   Cpus                 :                 1         4
	   Disk (KB)            :        1        1  34363952
	   Memory (MB)          :     9510     8192     12915
...
