000 (14399.062.000) 07/28 17:53:11 Job submitted from host: <144.92.142.140:9620?sock=9267_cb64_3>
...
001 (14399.062.000) 07/28 17:56:09 Job executing on host: <144.92.142.136:9620?sock=6083_9576_4>
...
006 (14399.062.000) 07/28 17:56:18 Image size of job updated: 2252
	3  -  MemoryUsage of job (MB)
	2252  -  ResidentSetSize of job (KB)
...
006 (14399.062.000) 07/28 18:01:19 Image size of job updated: 36956
	37  -  MemoryUsage of job (MB)
	36956  -  ResidentSetSize of job (KB)
...
006 (14399.062.000) 07/28 18:06:19 Image size of job updated: 5100720
	4982  -  MemoryUsage of job (MB)
	5100720  -  ResidentSetSize of job (KB)
...
006 (14399.062.000) 07/28 18:11:19 Image size of job updated: 6415280
	6265  -  MemoryUsage of job (MB)
	6415280  -  ResidentSetSize of job (KB)
...
005 (14399.062.000) 07/28 18:28:00 Job terminated.
	(1) Normal termination (return value 0)
		Usr 0 00:26:20, Sys 0 00:00:17  -  Run Remote Usage
		Usr 0 00:00:00, Sys 0 00:00:00  -  Run Local Usage
		Usr 0 00:26:20, Sys 0 00:00:17  -  Total Remote Usage
		Usr 0 00:00:00, Sys 0 00:00:00  -  Total Local Usage
	0  -  Run Bytes Sent By Job
	0  -  Run Bytes Received By Job
	0  -  Total Bytes Sent By Job
	0  -  Total Bytes Received By Job
	Partitionable Resources :    Usage  Request Allocated
	   Cpus                 :                 1         1
	   Disk (KB)            :        1        1  26042104
	   Memory (MB)          :     6265     8192     12288
...
