000 (14399.104.000) 07/28 17:53:12 Job submitted from host: <144.92.142.140:9620?sock=9267_cb64_3>
...
001 (14399.104.000) 07/28 17:58:49 Job executing on host: <144.92.142.166:9620?sock=25940_a2c5_3>
...
006 (14399.104.000) 07/28 17:58:58 Image size of job updated: 3472
	4  -  MemoryUsage of job (MB)
	3472  -  ResidentSetSize of job (KB)
...
006 (14399.104.000) 07/28 18:03:58 Image size of job updated: 2331056
	2277  -  MemoryUsage of job (MB)
	2331056  -  ResidentSetSize of job (KB)
...
006 (14399.104.000) 07/28 18:08:58 Image size of job updated: 2809396
	2744  -  MemoryUsage of job (MB)
	2809396  -  ResidentSetSize of job (KB)
...
006 (14399.104.000) 07/28 18:19:00 Image size of job updated: 5235220
	5113  -  MemoryUsage of job (MB)
	5235220  -  ResidentSetSize of job (KB)
...
006 (14399.104.000) 07/28 18:33:12 Image size of job updated: 7660764
	5113  -  MemoryUsage of job (MB)
	5235220  -  ResidentSetSize of job (KB)
...
005 (14399.104.000) 07/28 18:33:12 Job terminated.
	(1) Normal termination (return value 0)
		Usr 0 00:32:05, Sys 0 00:00:23  -  Run Remote Usage
		Usr 0 00:00:00, Sys 0 00:00:00  -  Run Local Usage
		Usr 0 00:32:05, Sys 0 00:00:23  -  Total Remote Usage
		Usr 0 00:00:00, Sys 0 00:00:00  -  Total Local Usage
	0  -  Run Bytes Sent By Job
	0  -  Run Bytes Received By Job
	0  -  Total Bytes Sent By Job
	0  -  Total Bytes Received By Job
	Partitionable Resources :    Usage  Request Allocated
	   Cpus                 :                 1         4
	   Disk (KB)            :        1        1  81601999
	   Memory (MB)          :     5113     8192     48439
...
