000 (14399.055.000) 07/28 17:53:11 Job submitted from host: <144.92.142.140:9620?sock=9267_cb64_3>
...
001 (14399.055.000) 07/28 17:53:47 Job executing on host: <144.92.142.166:9620?sock=25940_a2c5_3>
...
006 (14399.055.000) 07/28 17:53:56 Image size of job updated: 3592
	4  -  MemoryUsage of job (MB)
	3592  -  ResidentSetSize of job (KB)
...
006 (14399.055.000) 07/28 17:58:57 Image size of job updated: 2153236
	2103  -  MemoryUsage of job (MB)
	2153236  -  ResidentSetSize of job (KB)
...
006 (14399.055.000) 07/28 18:03:58 Image size of job updated: 2652732
	2591  -  MemoryUsage of job (MB)
	2652732  -  ResidentSetSize of job (KB)
...
006 (14399.055.000) 07/28 18:13:59 Image size of job updated: 5132564
	5013  -  MemoryUsage of job (MB)
	5132564  -  ResidentSetSize of job (KB)
...
006 (14399.055.000) 07/28 18:27:42 Image size of job updated: 7617364
	5013  -  MemoryUsage of job (MB)
	5132564  -  ResidentSetSize of job (KB)
...
005 (14399.055.000) 07/28 18:27:42 Job terminated.
	(1) Normal termination (return value 0)
		Usr 0 00:31:25, Sys 0 00:00:24  -  Run Remote Usage
		Usr 0 00:00:00, Sys 0 00:00:00  -  Run Local Usage
		Usr 0 00:31:25, Sys 0 00:00:24  -  Total Remote Usage
		Usr 0 00:00:00, Sys 0 00:00:00  -  Total Local Usage
	0  -  Run Bytes Sent By Job
	0  -  Run Bytes Received By Job
	0  -  Total Bytes Sent By Job
	0  -  Total Bytes Received By Job
	Partitionable Resources :    Usage  Request Allocated
	   Cpus                 :                 1         1
	   Disk (KB)            :        1        1  75769510
	   Memory (MB)          :     5013     8192     12109
...
