000 (14399.029.000) 07/28 17:53:11 Job submitted from host: <144.92.142.140:9620?sock=9267_cb64_3>
...
001 (14399.029.000) 07/28 17:53:59 Job executing on host: <144.92.142.151:9620?sock=7917_a1a6_3>
...
006 (14399.029.000) 07/28 17:54:08 Image size of job updated: 2204
	3  -  MemoryUsage of job (MB)
	2204  -  ResidentSetSize of job (KB)
...
006 (14399.029.000) 07/28 17:59:08 Image size of job updated: 26564
	26  -  MemoryUsage of job (MB)
	26564  -  ResidentSetSize of job (KB)
...
006 (14399.029.000) 07/28 18:04:09 Image size of job updated: 1448332
	1415  -  MemoryUsage of job (MB)
	1448332  -  ResidentSetSize of job (KB)
...
006 (14399.029.000) 07/28 18:09:10 Image size of job updated: 5063592
	4945  -  MemoryUsage of job (MB)
	5063592  -  ResidentSetSize of job (KB)
...
006 (14399.029.000) 07/28 18:19:10 Image size of job updated: 5067344
	4949  -  MemoryUsage of job (MB)
	5067344  -  ResidentSetSize of job (KB)
...
006 (14399.029.000) 07/28 18:29:11 Image size of job updated: 5391208
	5265  -  MemoryUsage of job (MB)
	5391208  -  ResidentSetSize of job (KB)
...
006 (14399.029.000) 07/28 18:39:12 Image size of job updated: 7582092
	7405  -  MemoryUsage of job (MB)
	7582092  -  ResidentSetSize of job (KB)
...
005 (14399.029.000) 07/28 18:48:06 Job terminated.
	(1) Normal termination (return value 0)
		Usr 0 00:46:01, Sys 0 00:00:13  -  Run Remote Usage
		Usr 0 00:00:00, Sys 0 00:00:00  -  Run Local Usage
		Usr 0 00:46:01, Sys 0 00:00:13  -  Total Remote Usage
		Usr 0 00:00:00, Sys 0 00:00:00  -  Total Local Usage
	0  -  Run Bytes Sent By Job
	0  -  Run Bytes Received By Job
	0  -  Total Bytes Sent By Job
	0  -  Total Bytes Received By Job
	Partitionable Resources :    Usage  Request Allocated
	   Cpus                 :                 1         1
	   Disk (KB)            :        1        1 132670503
	   Memory (MB)          :     7405     8192     21265
...
