_CONDOR_JOB_IWD /mnt/ws/home/jferiante
Cluster 14399
Process 84
RunningOn slot4@roy-exec-1.discovery.wisc.edu
python sk_logistic_regression.py pcba 84
Running Scikit Learn Logistic Regression Classifier for pcba.........
Building data for target: aid651635, fold: 0
Running logistic regression for target: aid651635
target:aid651635 fold:0 predicted: 100236 wrong: 20606 pct correct: 0.79442515663, auc: 0.849797047145
Results for aid651635: accuracy: 0.79442515663, auc: 0.849797047145
Building data for target: aid651635, fold: 1
Running logistic regression for target: aid651635
target:aid651635 fold:1 predicted: 100236 wrong: 21176 pct correct: 0.788738576958, auc: 0.840502807188
Results for aid651635: accuracy: 0.791581866794, auc: 0.845149927166
Building data for target: aid651635, fold: 2
Running logistic regression for target: aid651635
target:aid651635 fold:2 predicted: 100236 wrong: 20200 pct correct: 0.79847559759, auc: 0.856251471884
Results for aid651635: accuracy: 0.793879777059, auc: 0.848850442072
Building data for target: aid651635, fold: 3
Running logistic regression for target: aid651635
target:aid651635 fold:3 predicted: 100236 wrong: 20704 pct correct: 0.793447463985, auc: 0.850332621917
Results for aid651635: accuracy: 0.793771698791, auc: 0.849220987034
Building data for target: aid651635, fold: 4
Running logistic regression for target: aid651635
target:aid651635 fold:4 predicted: 100358 wrong: 20908 pct correct: 0.791665836306, auc: 0.848774983001
Results for aid651635: accuracy: 0.793350526294, auc: 0.849131786227
####################  Results for PCBA ####################
aid651635 accuracy: 0.793350526294, auc:0.849131786227
############################################################
runtime: 2113.79 secs.
