000 (14399.023.000) 07/28 17:53:11 Job submitted from host: <144.92.142.140:9620?sock=9267_cb64_3>
...
001 (14399.023.000) 07/28 17:53:59 Job executing on host: <144.92.142.151:9620?sock=7917_a1a6_3>
...
006 (14399.023.000) 07/28 17:54:09 Image size of job updated: 2492
	3  -  MemoryUsage of job (MB)
	2492  -  ResidentSetSize of job (KB)
...
006 (14399.023.000) 07/28 17:59:09 Image size of job updated: 26592
	26  -  MemoryUsage of job (MB)
	26592  -  ResidentSetSize of job (KB)
...
006 (14399.023.000) 07/28 18:04:09 Image size of job updated: 1424280
	1391  -  MemoryUsage of job (MB)
	1424280  -  ResidentSetSize of job (KB)
...
006 (14399.023.000) 07/28 18:09:10 Image size of job updated: 5260464
	5138  -  MemoryUsage of job (MB)
	5260464  -  ResidentSetSize of job (KB)
...
006 (14399.023.000) 07/28 18:19:11 Image size of job updated: 7606484
	7429  -  MemoryUsage of job (MB)
	7606484  -  ResidentSetSize of job (KB)
...
005 (14399.023.000) 07/28 18:45:08 Job terminated.
	(1) Normal termination (return value 0)
		Usr 0 00:42:48, Sys 0 00:00:10  -  Run Remote Usage
		Usr 0 00:00:00, Sys 0 00:00:00  -  Run Local Usage
		Usr 0 00:42:48, Sys 0 00:00:10  -  Total Remote Usage
		Usr 0 00:00:00, Sys 0 00:00:00  -  Total Local Usage
	0  -  Run Bytes Sent By Job
	0  -  Run Bytes Received By Job
	0  -  Total Bytes Sent By Job
	0  -  Total Bytes Received By Job
	Partitionable Resources :    Usage  Request Allocated
	   Cpus                 :                 1         1
	   Disk (KB)            :        1        1 132701703
	   Memory (MB)          :     7429     8192     21265
...
