000 (14399.049.000) 07/28 17:53:11 Job submitted from host: <144.92.142.140:9620?sock=9267_cb64_3>
...
001 (14399.049.000) 07/28 17:53:43 Job executing on host: <144.92.142.174:9620?sock=5096_79fc_3>
...
006 (14399.049.000) 07/28 17:53:52 Image size of job updated: 3624
	4  -  MemoryUsage of job (MB)
	3624  -  ResidentSetSize of job (KB)
...
006 (14399.049.000) 07/28 17:58:53 Image size of job updated: 2348652
	2294  -  MemoryUsage of job (MB)
	2348652  -  ResidentSetSize of job (KB)
...
006 (14399.049.000) 07/28 18:03:53 Image size of job updated: 7267888
	7098  -  MemoryUsage of job (MB)
	7267888  -  ResidentSetSize of job (KB)
...
006 (14399.049.000) 07/28 18:13:55 Image size of job updated: 9472652
	9251  -  MemoryUsage of job (MB)
	9472652  -  ResidentSetSize of job (KB)
...
006 (14399.049.000) 07/28 18:42:02 Image size of job updated: 13067204
	9251  -  MemoryUsage of job (MB)
	9472652  -  ResidentSetSize of job (KB)
...
005 (14399.049.000) 07/28 18:42:02 Job terminated.
	(1) Normal termination (return value 0)
		Usr 0 00:45:29, Sys 0 00:00:26  -  Run Remote Usage
		Usr 0 00:00:00, Sys 0 00:00:00  -  Run Local Usage
		Usr 0 00:45:29, Sys 0 00:00:26  -  Total Remote Usage
		Usr 0 00:00:00, Sys 0 00:00:00  -  Total Local Usage
	0  -  Run Bytes Sent By Job
	0  -  Run Bytes Received By Job
	0  -  Total Bytes Sent By Job
	0  -  Total Bytes Received By Job
	Partitionable Resources :    Usage  Request Allocated
	   Cpus                 :                 1         4
	   Disk (KB)            :        1        1  27570515
	   Memory (MB)          :     9251     8192     16126
...
