000 (14399.126.000) 07/28 17:53:12 Job submitted from host: <144.92.142.140:9620?sock=9267_cb64_3>
...
001 (14399.126.000) 07/28 18:07:56 Job executing on host: <144.92.142.169:9620?sock=8515_38cd_4>
...
006 (14399.126.000) 07/28 18:08:04 Image size of job updated: 18184
	18  -  MemoryUsage of job (MB)
	18184  -  ResidentSetSize of job (KB)
...
006 (14399.126.000) 07/28 18:13:04 Image size of job updated: 996564
	974  -  MemoryUsage of job (MB)
	996564  -  ResidentSetSize of job (KB)
...
006 (14399.126.000) 07/28 18:18:05 Image size of job updated: 999088
	976  -  MemoryUsage of job (MB)
	999088  -  ResidentSetSize of job (KB)
...
006 (14399.126.000) 07/28 18:23:05 Image size of job updated: 1940956
	1896  -  MemoryUsage of job (MB)
	1940956  -  ResidentSetSize of job (KB)
...
006 (14399.126.000) 07/28 18:28:05 Image size of job updated: 2577304
	2517  -  MemoryUsage of job (MB)
	2577304  -  ResidentSetSize of job (KB)
...
005 (14399.126.000) 07/28 18:28:26 Job terminated.
	(1) Normal termination (return value 0)
		Usr 0 00:20:24, Sys 0 00:00:10  -  Run Remote Usage
		Usr 0 00:00:00, Sys 0 00:00:00  -  Run Local Usage
		Usr 0 00:20:24, Sys 0 00:00:10  -  Total Remote Usage
		Usr 0 00:00:00, Sys 0 00:00:00  -  Total Local Usage
	0  -  Run Bytes Sent By Job
	0  -  Run Bytes Received By Job
	0  -  Total Bytes Sent By Job
	0  -  Total Bytes Received By Job
	Partitionable Resources :    Usage  Request Allocated
	   Cpus                 :                 1         4
	   Disk (KB)            :        1        1 163214414
	   Memory (MB)          :     2517     8192     21508
...
