000 (14399.033.000) 07/28 17:53:11 Job submitted from host: <144.92.142.140:9620?sock=9267_cb64_3>
...
001 (14399.033.000) 07/28 17:53:59 Job executing on host: <144.92.142.151:9620?sock=7917_a1a6_3>
...
006 (14399.033.000) 07/28 17:54:08 Image size of job updated: 2248
	3  -  MemoryUsage of job (MB)
	2248  -  ResidentSetSize of job (KB)
...
006 (14399.033.000) 07/28 17:59:08 Image size of job updated: 27008
	27  -  MemoryUsage of job (MB)
	27008  -  ResidentSetSize of job (KB)
...
006 (14399.033.000) 07/28 18:04:09 Image size of job updated: 1472740
	1439  -  MemoryUsage of job (MB)
	1472740  -  ResidentSetSize of job (KB)
...
006 (14399.033.000) 07/28 18:09:10 Image size of job updated: 5318484
	5194  -  MemoryUsage of job (MB)
	5318484  -  ResidentSetSize of job (KB)
...
006 (14399.033.000) 07/28 18:19:11 Image size of job updated: 7694864
	7515  -  MemoryUsage of job (MB)
	7694864  -  ResidentSetSize of job (KB)
...
005 (14399.033.000) 07/28 18:44:41 Job terminated.
	(1) Normal termination (return value 0)
		Usr 0 00:42:37, Sys 0 00:00:10  -  Run Remote Usage
		Usr 0 00:00:00, Sys 0 00:00:00  -  Run Local Usage
		Usr 0 00:42:37, Sys 0 00:00:10  -  Total Remote Usage
		Usr 0 00:00:00, Sys 0 00:00:00  -  Total Local Usage
	0  -  Run Bytes Sent By Job
	0  -  Run Bytes Received By Job
	0  -  Total Bytes Sent By Job
	0  -  Total Bytes Received By Job
	Partitionable Resources :    Usage  Request Allocated
	   Cpus                 :                 1         1
	   Disk (KB)            :        1        1 132701712
	   Memory (MB)          :     7515     8192     21265
...
