_CONDOR_JOB_IWD /mnt/ws/home/jferiante
Cluster 14399
Process 57
RunningOn slot10@roy-exec-1.discovery.wisc.edu
python sk_logistic_regression.py pcba 57
Running Scikit Learn Logistic Regression Classifier for pcba.........
Building data for target: aid504891, fold: 0
Running logistic regression for target: aid504891
target:aid504891 fold:0 predicted: 76910 wrong: 283 pct correct: 0.996320374464, auc: 0.825652721665
Results for aid504891: accuracy: 0.996320374464, auc: 0.825652721665
Building data for target: aid504891, fold: 1
Running logistic regression for target: aid504891
target:aid504891 fold:1 predicted: 76910 wrong: 299 pct correct: 0.996112339098, auc: 0.731185107954
Results for aid504891: accuracy: 0.996216356781, auc: 0.77841891481
Building data for target: aid504891, fold: 2
Running logistic regression for target: aid504891
target:aid504891 fold:2 predicted: 76910 wrong: 313 pct correct: 0.995930308152, auc: 0.836497024197
Results for aid504891: accuracy: 0.996121007238, auc: 0.797778284605
Building data for target: aid504891, fold: 3
Running logistic regression for target: aid504891
target:aid504891 fold:3 predicted: 76910 wrong: 257 pct correct: 0.996658431933, auc: 0.836693600938
Results for aid504891: accuracy: 0.996255363412, auc: 0.807507113689
Building data for target: aid504891, fold: 4
Running logistic regression for target: aid504891
target:aid504891 fold:4 predicted: 77034 wrong: 385 pct correct: 0.995002206818, auc: 0.8954218469
Results for aid504891: accuracy: 0.996004732093, auc: 0.825090060331
####################  Results for PCBA ####################
aid504891 accuracy: 0.996004732093, auc:0.825090060331
############################################################
runtime: 1646.93 secs.
