000 (14399.039.000) 07/28 17:53:11 Job submitted from host: <144.92.142.140:9620?sock=9267_cb64_3>
...
001 (14399.039.000) 07/28 17:55:15 Job executing on host: <144.92.142.156:9620?sock=7917_a1a6_3>
...
006 (14399.039.000) 07/28 17:55:23 Image size of job updated: 2540
	3  -  MemoryUsage of job (MB)
	2540  -  ResidentSetSize of job (KB)
...
006 (14399.039.000) 07/28 18:00:23 Image size of job updated: 36412
	36  -  MemoryUsage of job (MB)
	36412  -  ResidentSetSize of job (KB)
...
006 (14399.039.000) 07/28 18:05:23 Image size of job updated: 2059196
	2011  -  MemoryUsage of job (MB)
	2059196  -  ResidentSetSize of job (KB)
...
006 (14399.039.000) 07/28 18:15:24 Image size of job updated: 3351428
	3273  -  MemoryUsage of job (MB)
	3351428  -  ResidentSetSize of job (KB)
...
006 (14399.039.000) 07/28 18:25:25 Image size of job updated: 5926712
	5788  -  MemoryUsage of job (MB)
	5926712  -  ResidentSetSize of job (KB)
...
005 (14399.039.000) 07/28 18:42:26 Job terminated.
	(1) Normal termination (return value 0)
		Usr 0 00:40:24, Sys 0 00:00:15  -  Run Remote Usage
		Usr 0 00:00:00, Sys 0 00:00:00  -  Run Local Usage
		Usr 0 00:40:24, Sys 0 00:00:15  -  Total Remote Usage
		Usr 0 00:00:00, Sys 0 00:00:00  -  Total Local Usage
	0  -  Run Bytes Sent By Job
	0  -  Run Bytes Received By Job
	0  -  Total Bytes Sent By Job
	0  -  Total Bytes Received By Job
	Partitionable Resources :    Usage  Request Allocated
	   Cpus                 :                 1         1
	   Disk (KB)            :        1        1 133599986
	   Memory (MB)          :     5788     8192     21265
...
