000 (14399.115.000) 07/28 17:53:12 Job submitted from host: <144.92.142.140:9620?sock=9267_cb64_3>
...
001 (14399.115.000) 07/28 18:02:41 Job executing on host: <144.92.142.169:9620?sock=8515_38cd_4>
...
006 (14399.115.000) 07/28 18:02:50 Image size of job updated: 8640
	9  -  MemoryUsage of job (MB)
	8640  -  ResidentSetSize of job (KB)
...
006 (14399.115.000) 07/28 18:05:40 Image size of job updated: 309664
	9  -  MemoryUsage of job (MB)
	8640  -  ResidentSetSize of job (KB)
...
005 (14399.115.000) 07/28 18:05:40 Job terminated.
	(1) Normal termination (return value 0)
		Usr 0 00:02:08, Sys 0 00:00:03  -  Run Remote Usage
		Usr 0 00:00:00, Sys 0 00:00:00  -  Run Local Usage
		Usr 0 00:02:08, Sys 0 00:00:03  -  Total Remote Usage
		Usr 0 00:00:00, Sys 0 00:00:00  -  Total Local Usage
	0  -  Run Bytes Sent By Job
	0  -  Run Bytes Received By Job
	0  -  Total Bytes Sent By Job
	0  -  Total Bytes Received By Job
	Partitionable Resources :    Usage  Request Allocated
	   Cpus                 :                 1         4
	   Disk (KB)            :        1        1 163180862
	   Memory (MB)          :        9     8192     21508
...
