013 (14379.033.000) 07/28 18:09:40 Job was released.
	via condor_release (by user jferiante)
...
001 (14379.033.000) 07/28 18:09:56 Job executing on host: <144.92.142.155:9620?sock=2739_f5d7_3>
...
007 (14379.033.000) 07/28 18:09:56 Shadow exception!
	Error from slot11@wid-005.discovery.wisc.edu: Failed to execute '/mnt/ws/home/jferiante/wid_jobs/sk_logistic_regression/wid-logistic_regression-pcba.sh': (errno=2: 'No such file or directory')
	0  -  Run Bytes Sent By Job
	0  -  Run Bytes Received By Job
...
012 (14379.033.000) 07/28 18:09:56 Job was held.
	Error from slot11@wid-005.discovery.wisc.edu: Failed to execute '/mnt/ws/home/jferiante/wid_jobs/sk_logistic_regression/wid-logistic_regression-pcba.sh': (errno=2: 'No such file or directory')
	Code 6 Subcode 2
...
013 (14379.033.000) 07/28 18:10:35 Job was released.
	via condor_release (by user jferiante)
...
001 (14379.033.000) 07/28 18:10:52 Job executing on host: <144.92.142.136:9620?sock=6083_9576_4>
...
007 (14379.033.000) 07/28 18:10:52 Shadow exception!
	Error from slot12@roy-exec-1.discovery.wisc.edu: Failed to execute '/mnt/ws/home/jferiante/wid_jobs/sk_logistic_regression/wid-logistic_regression-pcba.sh': (errno=2: 'No such file or directory')
	0  -  Run Bytes Sent By Job
	0  -  Run Bytes Received By Job
...
012 (14379.033.000) 07/28 18:10:52 Job was held.
	Error from slot12@roy-exec-1.discovery.wisc.edu: Failed to execute '/mnt/ws/home/jferiante/wid_jobs/sk_logistic_regression/wid-logistic_regression-pcba.sh': (errno=2: 'No such file or directory')
	Code 6 Subcode 2
...
013 (14379.033.000) 07/28 19:07:45 Job was released.
	via condor_release (by user jferiante)
...
001 (14379.033.000) 07/28 19:08:08 Job executing on host: <144.92.142.161:9620?sock=10442_34dc_3>
...
007 (14379.033.000) 07/28 19:08:08 Shadow exception!
	Error from slot5@opt-a001.discovery.wisc.edu: Failed to execute '/mnt/ws/home/jferiante/wid_jobs/sk_logistic_regression/wid-logistic_regression-pcba.sh': (errno=2: 'No such file or directory')
	0  -  Run Bytes Sent By Job
	0  -  Run Bytes Received By Job
...
012 (14379.033.000) 07/28 19:08:08 Job was held.
	Error from slot5@opt-a001.discovery.wisc.edu: Failed to execute '/mnt/ws/home/jferiante/wid_jobs/sk_logistic_regression/wid-logistic_regression-pcba.sh': (errno=2: 'No such file or directory')
	Code 6 Subcode 2
...
013 (14379.033.000) 07/28 19:37:52 Job was released.
	via condor_release (by user jferiante)
...
001 (14379.033.000) 07/28 19:47:01 Job executing on host: <144.92.142.171:9620?sock=8523_2124_4>
...
007 (14379.033.000) 07/28 19:47:01 Shadow exception!
	Error from slot1@opt-a011.discovery.wisc.edu: Failed to execute '/mnt/ws/home/jferiante/wid_jobs/sk_logistic_regression/wid-logistic_regression-pcba.sh': (errno=2: 'No such file or directory')
	0  -  Run Bytes Sent By Job
	0  -  Run Bytes Received By Job
...
012 (14379.033.000) 07/28 19:47:01 Job was held.
	Error from slot1@opt-a011.discovery.wisc.edu: Failed to execute '/mnt/ws/home/jferiante/wid_jobs/sk_logistic_regression/wid-logistic_regression-pcba.sh': (errno=2: 'No such file or directory')
	Code 6 Subcode 2
...
009 (14379.033.000) 07/29 12:01:21 Job was aborted by the user.
	via condor_rm (by user jferiante)
...
