_CONDOR_JOB_IWD /mnt/ws/home/jferiante
Cluster 14399
Process 37
RunningOn slot11@wid-006.discovery.wisc.edu
python sk_logistic_regression.py pcba 37
Running Scikit Learn Logistic Regression Classifier for pcba.........
Building data for target: aid485314, fold: 0
Running logistic regression for target: aid485314
target:aid485314 fold:0 predicted: 92934 wrong: 20387 pct correct: 0.780629263779, auc: 0.836567733464
Results for aid485314: accuracy: 0.780629263779, auc: 0.836567733464
Building data for target: aid485314, fold: 1
Running logistic regression for target: aid485314
target:aid485314 fold:1 predicted: 92934 wrong: 20042 pct correct: 0.784341575742, auc: 0.840335564352
Results for aid485314: accuracy: 0.78248541976, auc: 0.838451648908
Building data for target: aid485314, fold: 2
Running logistic regression for target: aid485314
target:aid485314 fold:2 predicted: 92934 wrong: 19270 pct correct: 0.79264854628, auc: 0.855871843786
Results for aid485314: accuracy: 0.7858731286, auc: 0.844258380534
Building data for target: aid485314, fold: 3
Running logistic regression for target: aid485314
target:aid485314 fold:3 predicted: 92934 wrong: 20379 pct correct: 0.780715346375, auc: 0.835031604749
Results for aid485314: accuracy: 0.784583683044, auc: 0.841951686588
Building data for target: aid485314, fold: 4
Running logistic regression for target: aid485314
target:aid485314 fold:4 predicted: 93028 wrong: 19573 pct correct: 0.78960098035, auc: 0.850217789871
Results for aid485314: accuracy: 0.785587142505, auc: 0.843604907244
####################  Results for PCBA ####################
aid485314 accuracy: 0.785587142505, auc:0.843604907244
############################################################
runtime: 3161.71 secs.
