000 (14399.047.000) 07/28 17:53:11 Job submitted from host: <144.92.142.140:9620?sock=9267_cb64_3>
...
001 (14399.047.000) 07/28 17:53:19 Job executing on host: <144.92.142.166:9620?sock=25940_a2c5_3>
...
006 (14399.047.000) 07/28 17:53:28 Image size of job updated: 5256
	6  -  MemoryUsage of job (MB)
	5256  -  ResidentSetSize of job (KB)
...
006 (14399.047.000) 07/28 17:58:29 Image size of job updated: 1964984
	1919  -  MemoryUsage of job (MB)
	1964984  -  ResidentSetSize of job (KB)
...
006 (14399.047.000) 07/28 18:03:30 Image size of job updated: 6889840
	6729  -  MemoryUsage of job (MB)
	6889840  -  ResidentSetSize of job (KB)
...
006 (14399.047.000) 07/28 18:13:30 Image size of job updated: 7897924
	7713  -  MemoryUsage of job (MB)
	7897924  -  ResidentSetSize of job (KB)
...
006 (14399.047.000) 07/28 18:48:34 Image size of job updated: 10883624
	10629  -  MemoryUsage of job (MB)
	10883624  -  ResidentSetSize of job (KB)
...
005 (14399.047.000) 07/28 18:48:43 Job terminated.
	(1) Normal termination (return value 0)
		Usr 0 00:52:16, Sys 0 00:00:50  -  Run Remote Usage
		Usr 0 00:00:00, Sys 0 00:00:00  -  Run Local Usage
		Usr 0 00:52:16, Sys 0 00:00:50  -  Total Remote Usage
		Usr 0 00:00:00, Sys 0 00:00:00  -  Total Local Usage
	0  -  Run Bytes Sent By Job
	0  -  Run Bytes Received By Job
	0  -  Total Bytes Sent By Job
	0  -  Total Bytes Received By Job
	Partitionable Resources :    Usage  Request Allocated
	   Cpus                 :                 1         1
	   Disk (KB)            :        1        1  77923457
	   Memory (MB)          :    10629     8192     12109
...
