000 (14399.054.000) 07/28 17:53:11 Job submitted from host: <144.92.142.140:9620?sock=9267_cb64_3>
...
001 (14399.054.000) 07/28 17:53:43 Job executing on host: <144.92.142.167:9620?sock=8499_6821_3>
...
006 (14399.054.000) 07/28 17:53:52 Image size of job updated: 4140
	5  -  MemoryUsage of job (MB)
	4140  -  ResidentSetSize of job (KB)
...
006 (14399.054.000) 07/28 17:58:53 Image size of job updated: 2543476
	2484  -  MemoryUsage of job (MB)
	2543476  -  ResidentSetSize of job (KB)
...
006 (14399.054.000) 07/28 18:03:53 Image size of job updated: 4765620
	4654  -  MemoryUsage of job (MB)
	4765620  -  ResidentSetSize of job (KB)
...
006 (14399.054.000) 07/28 18:13:54 Image size of job updated: 5829212
	5693  -  MemoryUsage of job (MB)
	5829212  -  ResidentSetSize of job (KB)
...
005 (14399.054.000) 07/28 18:19:11 Job terminated.
	(1) Normal termination (return value 0)
		Usr 0 00:23:21, Sys 0 00:00:15  -  Run Remote Usage
		Usr 0 00:00:00, Sys 0 00:00:00  -  Run Local Usage
		Usr 0 00:23:21, Sys 0 00:00:15  -  Total Remote Usage
		Usr 0 00:00:00, Sys 0 00:00:00  -  Total Local Usage
	0  -  Run Bytes Sent By Job
	0  -  Run Bytes Received By Job
	0  -  Total Bytes Sent By Job
	0  -  Total Bytes Received By Job
	Partitionable Resources :    Usage  Request Allocated
	   Cpus                 :                 1         4
	   Disk (KB)            :        1        1  76618504
	   Memory (MB)          :     5693     8192     21508
...
