000 (14399.074.000) 07/28 17:53:11 Job submitted from host: <144.92.142.140:9620?sock=9267_cb64_3>
...
001 (14399.074.000) 07/28 17:56:21 Job executing on host: <144.92.142.170:9620?sock=8495_73f6_4>
...
006 (14399.074.000) 07/28 17:56:29 Image size of job updated: 3500
	4  -  MemoryUsage of job (MB)
	3500  -  ResidentSetSize of job (KB)
...
006 (14399.074.000) 07/28 18:01:29 Image size of job updated: 2663796
	2602  -  MemoryUsage of job (MB)
	2663796  -  ResidentSetSize of job (KB)
...
006 (14399.074.000) 07/28 18:16:30 Image size of job updated: 8133480
	7943  -  MemoryUsage of job (MB)
	8133480  -  ResidentSetSize of job (KB)
...
005 (14399.074.000) 07/28 18:28:35 Job terminated.
	(1) Normal termination (return value 0)
		Usr 0 00:30:23, Sys 0 00:00:13  -  Run Remote Usage
		Usr 0 00:00:00, Sys 0 00:00:00  -  Run Local Usage
		Usr 0 00:30:23, Sys 0 00:00:13  -  Total Remote Usage
		Usr 0 00:00:00, Sys 0 00:00:00  -  Total Local Usage
	0  -  Run Bytes Sent By Job
	0  -  Run Bytes Received By Job
	0  -  Total Bytes Sent By Job
	0  -  Total Bytes Received By Job
	Partitionable Resources :    Usage  Request Allocated
	   Cpus                 :                 1         4
	   Disk (KB)            :        1        1 163137440
	   Memory (MB)          :     7943     8192     21508
...
