000 (14399.013.000) 07/28 17:53:11 Job submitted from host: <144.92.142.140:9620?sock=9267_cb64_3>
...
001 (14399.013.000) 07/28 17:53:32 Job executing on host: <144.92.142.152:9620?sock=7919_1bbb_3>
...
006 (14399.013.000) 07/28 17:53:41 Image size of job updated: 5084
	5  -  MemoryUsage of job (MB)
	5084  -  ResidentSetSize of job (KB)
...
006 (14399.013.000) 07/28 17:58:42 Image size of job updated: 40480
	40  -  MemoryUsage of job (MB)
	40480  -  ResidentSetSize of job (KB)
...
006 (14399.013.000) 07/28 18:03:42 Image size of job updated: 2167860
	2118  -  MemoryUsage of job (MB)
	2167860  -  ResidentSetSize of job (KB)
...
006 (14399.013.000) 07/28 18:23:44 Image size of job updated: 2450320
	2393  -  MemoryUsage of job (MB)
	2450320  -  ResidentSetSize of job (KB)
...
006 (14399.013.000) 07/28 18:28:45 Image size of job updated: 2494616
	2437  -  MemoryUsage of job (MB)
	2494616  -  ResidentSetSize of job (KB)
...
006 (14399.013.000) 07/28 18:31:04 Image size of job updated: 3405040
	2437  -  MemoryUsage of job (MB)
	2494616  -  ResidentSetSize of job (KB)
...
005 (14399.013.000) 07/28 18:31:04 Job terminated.
	(1) Normal termination (return value 0)
		Usr 0 00:30:55, Sys 0 00:00:13  -  Run Remote Usage
		Usr 0 00:00:00, Sys 0 00:00:00  -  Run Local Usage
		Usr 0 00:30:55, Sys 0 00:00:13  -  Total Remote Usage
		Usr 0 00:00:00, Sys 0 00:00:00  -  Total Local Usage
	0  -  Run Bytes Sent By Job
	0  -  Run Bytes Received By Job
	0  -  Total Bytes Sent By Job
	0  -  Total Bytes Received By Job
	Partitionable Resources :    Usage  Request Allocated
	   Cpus                 :                 1         1
	   Disk (KB)            :        1        1 134180223
	   Memory (MB)          :     2437     8192     21265
...
