000 (14399.017.000) 07/28 17:53:11 Job submitted from host: <144.92.142.140:9620?sock=9267_cb64_3>
...
001 (14399.017.000) 07/28 17:53:19 Job executing on host: <144.92.142.154:9620?sock=7918_5eb1_3>
...
006 (14399.017.000) 07/28 17:53:27 Image size of job updated: 6744
	7  -  MemoryUsage of job (MB)
	6744  -  ResidentSetSize of job (KB)
...
006 (14399.017.000) 07/28 17:58:27 Image size of job updated: 1882956
	1839  -  MemoryUsage of job (MB)
	1882956  -  ResidentSetSize of job (KB)
...
006 (14399.017.000) 07/28 18:08:29 Image size of job updated: 2884452
	2817  -  MemoryUsage of job (MB)
	2884452  -  ResidentSetSize of job (KB)
...
006 (14399.017.000) 07/28 18:32:29 Image size of job updated: 3646716
	2817  -  MemoryUsage of job (MB)
	2884452  -  ResidentSetSize of job (KB)
...
005 (14399.017.000) 07/28 18:32:29 Job terminated.
	(1) Normal termination (return value 0)
		Usr 0 00:36:51, Sys 0 00:00:21  -  Run Remote Usage
		Usr 0 00:00:00, Sys 0 00:00:00  -  Run Local Usage
		Usr 0 00:36:51, Sys 0 00:00:21  -  Total Remote Usage
		Usr 0 00:00:00, Sys 0 00:00:00  -  Total Local Usage
	0  -  Run Bytes Sent By Job
	0  -  Run Bytes Received By Job
	0  -  Total Bytes Sent By Job
	0  -  Total Bytes Received By Job
	Partitionable Resources :    Usage  Request Allocated
	   Cpus                 :                 1         1
	   Disk (KB)            :        1        1 139846701
	   Memory (MB)          :     2817     8192     21265
...
