000 (14399.091.000) 07/28 17:53:12 Job submitted from host: <144.92.142.140:9620?sock=9267_cb64_3>
...
001 (14399.091.000) 07/28 17:57:50 Job executing on host: <144.92.142.136:9620?sock=6083_9576_4>
...
006 (14399.091.000) 07/28 17:57:59 Image size of job updated: 2488
	3  -  MemoryUsage of job (MB)
	2488  -  ResidentSetSize of job (KB)
...
006 (14399.091.000) 07/28 18:03:00 Image size of job updated: 41772
	41  -  MemoryUsage of job (MB)
	41772  -  ResidentSetSize of job (KB)
...
006 (14399.091.000) 07/28 18:08:00 Image size of job updated: 5208344
	5087  -  MemoryUsage of job (MB)
	5208344  -  ResidentSetSize of job (KB)
...
006 (14399.091.000) 07/28 18:13:00 Image size of job updated: 5278332
	5155  -  MemoryUsage of job (MB)
	5278332  -  ResidentSetSize of job (KB)
...
005 (14399.091.000) 07/28 18:29:04 Job terminated.
	(1) Normal termination (return value 0)
		Usr 0 00:25:52, Sys 0 00:00:15  -  Run Remote Usage
		Usr 0 00:00:00, Sys 0 00:00:00  -  Run Local Usage
		Usr 0 00:25:52, Sys 0 00:00:15  -  Total Remote Usage
		Usr 0 00:00:00, Sys 0 00:00:00  -  Total Local Usage
	0  -  Run Bytes Sent By Job
	0  -  Run Bytes Received By Job
	0  -  Total Bytes Sent By Job
	0  -  Total Bytes Received By Job
	Partitionable Resources :    Usage  Request Allocated
	   Cpus                 :                 1         1
	   Disk (KB)            :        1        1  26037068
	   Memory (MB)          :     5155     8192     12288
...
