000 (14399.027.000) 07/28 17:53:11 Job submitted from host: <144.92.142.140:9620?sock=9267_cb64_3>
...
001 (14399.027.000) 07/28 17:53:59 Job executing on host: <144.92.142.151:9620?sock=7917_a1a6_3>
...
006 (14399.027.000) 07/28 17:54:08 Image size of job updated: 2248
	3  -  MemoryUsage of job (MB)
	2248  -  ResidentSetSize of job (KB)
...
006 (14399.027.000) 07/28 17:59:08 Image size of job updated: 26832
	27  -  MemoryUsage of job (MB)
	26832  -  ResidentSetSize of job (KB)
...
006 (14399.027.000) 07/28 18:04:08 Image size of job updated: 1407876
	1375  -  MemoryUsage of job (MB)
	1407876  -  ResidentSetSize of job (KB)
...
006 (14399.027.000) 07/28 18:14:09 Image size of job updated: 2617040
	2556  -  MemoryUsage of job (MB)
	2617040  -  ResidentSetSize of job (KB)
...
006 (14399.027.000) 07/28 18:35:18 Image size of job updated: 5197256
	2556  -  MemoryUsage of job (MB)
	2617040  -  ResidentSetSize of job (KB)
...
005 (14399.027.000) 07/28 18:35:18 Job terminated.
	(1) Normal termination (return value 0)
		Usr 0 00:33:01, Sys 0 00:00:14  -  Run Remote Usage
		Usr 0 00:00:00, Sys 0 00:00:00  -  Run Local Usage
		Usr 0 00:33:01, Sys 0 00:00:14  -  Total Remote Usage
		Usr 0 00:00:00, Sys 0 00:00:00  -  Total Local Usage
	0  -  Run Bytes Sent By Job
	0  -  Run Bytes Received By Job
	0  -  Total Bytes Sent By Job
	0  -  Total Bytes Received By Job
	Partitionable Resources :    Usage  Request Allocated
	   Cpus                 :                 1         1
	   Disk (KB)            :        1        1 132670507
	   Memory (MB)          :     2556     8192     21265
...
