000 (14399.028.000) 07/28 17:53:11 Job submitted from host: <144.92.142.140:9620?sock=9267_cb64_3>
...
001 (14399.028.000) 07/28 17:53:36 Job executing on host: <144.92.142.152:9620?sock=7919_1bbb_3>
...
006 (14399.028.000) 07/28 17:53:45 Image size of job updated: 3132
	4  -  MemoryUsage of job (MB)
	3132  -  ResidentSetSize of job (KB)
...
006 (14399.028.000) 07/28 17:58:46 Image size of job updated: 35032
	35  -  MemoryUsage of job (MB)
	35032  -  ResidentSetSize of job (KB)
...
006 (14399.028.000) 07/28 18:03:46 Image size of job updated: 1895624
	1852  -  MemoryUsage of job (MB)
	1895624  -  ResidentSetSize of job (KB)
...
006 (14399.028.000) 07/28 18:18:47 Image size of job updated: 2653404
	2592  -  MemoryUsage of job (MB)
	2653404  -  ResidentSetSize of job (KB)
...
006 (14399.028.000) 07/28 18:23:47 Image size of job updated: 2968736
	2900  -  MemoryUsage of job (MB)
	2968736  -  ResidentSetSize of job (KB)
...
006 (14399.028.000) 07/28 18:32:14 Image size of job updated: 3339120
	2900  -  MemoryUsage of job (MB)
	2968736  -  ResidentSetSize of job (KB)
...
005 (14399.028.000) 07/28 18:32:14 Job terminated.
	(1) Normal termination (return value 0)
		Usr 0 00:31:24, Sys 0 00:00:12  -  Run Remote Usage
		Usr 0 00:00:00, Sys 0 00:00:00  -  Run Local Usage
		Usr 0 00:31:24, Sys 0 00:00:12  -  Total Remote Usage
		Usr 0 00:00:00, Sys 0 00:00:00  -  Total Local Usage
	0  -  Run Bytes Sent By Job
	0  -  Run Bytes Received By Job
	0  -  Total Bytes Sent By Job
	0  -  Total Bytes Received By Job
	Partitionable Resources :    Usage  Request Allocated
	   Cpus                 :                 1         1
	   Disk (KB)            :        1        1 134150910
	   Memory (MB)          :     2900     8192     21265
...
