000 (14399.105.000) 07/28 17:53:12 Job submitted from host: <144.92.142.140:9620?sock=9267_cb64_3>
...
001 (14399.105.000) 07/28 17:59:43 Job executing on host: <144.92.142.154:9620?sock=7918_5eb1_3>
...
006 (14399.105.000) 07/28 17:59:52 Image size of job updated: 3740
	4  -  MemoryUsage of job (MB)
	3740  -  ResidentSetSize of job (KB)
...
006 (14399.105.000) 07/28 18:04:53 Image size of job updated: 1776324
	1735  -  MemoryUsage of job (MB)
	1776324  -  ResidentSetSize of job (KB)
...
006 (14399.105.000) 07/28 18:09:53 Image size of job updated: 5175064
	5054  -  MemoryUsage of job (MB)
	5175064  -  ResidentSetSize of job (KB)
...
006 (14399.105.000) 07/28 18:34:56 Image size of job updated: 5175132
	5054  -  MemoryUsage of job (MB)
	5175132  -  ResidentSetSize of job (KB)
...
005 (14399.105.000) 07/28 18:43:14 Job terminated.
	(1) Normal termination (return value 0)
		Usr 0 00:40:56, Sys 0 00:00:17  -  Run Remote Usage
		Usr 0 00:00:00, Sys 0 00:00:00  -  Run Local Usage
		Usr 0 00:40:56, Sys 0 00:00:17  -  Total Remote Usage
		Usr 0 00:00:00, Sys 0 00:00:00  -  Total Local Usage
	0  -  Run Bytes Sent By Job
	0  -  Run Bytes Received By Job
	0  -  Total Bytes Sent By Job
	0  -  Total Bytes Received By Job
	Partitionable Resources :    Usage  Request Allocated
	   Cpus                 :                 1         1
	   Disk (KB)            :        1        1 140448584
	   Memory (MB)          :     5054     8192     21265
...
