000 (14399.081.000) 07/28 17:53:11 Job submitted from host: <144.92.142.140:9620?sock=9267_cb64_3>
...
001 (14399.081.000) 07/28 17:56:59 Job executing on host: <144.92.142.155:9620?sock=2739_f5d7_3>
...
006 (14399.081.000) 07/28 17:57:08 Image size of job updated: 3500
	4  -  MemoryUsage of job (MB)
	3500  -  ResidentSetSize of job (KB)
...
006 (14399.081.000) 07/28 18:02:09 Image size of job updated: 1772576
	1732  -  MemoryUsage of job (MB)
	1772576  -  ResidentSetSize of job (KB)
...
006 (14399.081.000) 07/28 18:07:10 Image size of job updated: 3924076
	3833  -  MemoryUsage of job (MB)
	3924076  -  ResidentSetSize of job (KB)
...
006 (14399.081.000) 07/28 18:12:10 Image size of job updated: 6986512
	6823  -  MemoryUsage of job (MB)
	6986512  -  ResidentSetSize of job (KB)
...
006 (14399.081.000) 07/28 19:06:41 Image size of job updated: 11002784
	6823  -  MemoryUsage of job (MB)
	6986512  -  ResidentSetSize of job (KB)
...
005 (14399.081.000) 07/28 19:06:41 Job terminated.
	(1) Normal termination (return value 0)
		Usr 0 01:06:36, Sys 0 00:00:26  -  Run Remote Usage
		Usr 0 00:00:00, Sys 0 00:00:00  -  Run Local Usage
		Usr 0 01:06:36, Sys 0 00:00:26  -  Total Remote Usage
		Usr 0 00:00:00, Sys 0 00:00:00  -  Total Local Usage
	0  -  Run Bytes Sent By Job
	0  -  Run Bytes Received By Job
	0  -  Total Bytes Sent By Job
	0  -  Total Bytes Received By Job
	Partitionable Resources :    Usage  Request Allocated
	   Cpus                 :                 1         1
	   Disk (KB)            :        1        1 140448475
	   Memory (MB)          :     6823     8192     21265
...
