000 (14399.042.000) 07/28 17:53:11 Job submitted from host: <144.92.142.140:9620?sock=9267_cb64_3>
...
001 (14399.042.000) 07/28 17:55:15 Job executing on host: <144.92.142.156:9620?sock=7917_a1a6_3>
...
006 (14399.042.000) 07/28 17:55:24 Image size of job updated: 1860
	2  -  MemoryUsage of job (MB)
	1860  -  ResidentSetSize of job (KB)
...
006 (14399.042.000) 07/28 18:00:24 Image size of job updated: 27552
	27  -  MemoryUsage of job (MB)
	27552  -  ResidentSetSize of job (KB)
...
006 (14399.042.000) 07/28 18:05:24 Image size of job updated: 1682088
	1643  -  MemoryUsage of job (MB)
	1682088  -  ResidentSetSize of job (KB)
...
006 (14399.042.000) 07/28 18:10:25 Image size of job updated: 3838884
	3749  -  MemoryUsage of job (MB)
	3838884  -  ResidentSetSize of job (KB)
...
006 (14399.042.000) 07/28 18:15:26 Image size of job updated: 7127580
	6961  -  MemoryUsage of job (MB)
	7127580  -  ResidentSetSize of job (KB)
...
006 (14399.042.000) 07/28 19:15:32 Image size of job updated: 7129092
	6963  -  MemoryUsage of job (MB)
	7129092  -  ResidentSetSize of job (KB)
...
005 (14399.042.000) 07/28 19:17:51 Job terminated.
	(1) Normal termination (return value 0)
		Usr 0 01:14:29, Sys 0 00:00:27  -  Run Remote Usage
		Usr 0 00:00:00, Sys 0 00:00:00  -  Run Local Usage
		Usr 0 01:14:29, Sys 0 00:00:27  -  Total Remote Usage
		Usr 0 00:00:00, Sys 0 00:00:00  -  Total Local Usage
	0  -  Run Bytes Sent By Job
	0  -  Run Bytes Received By Job
	0  -  Total Bytes Sent By Job
	0  -  Total Bytes Received By Job
	Partitionable Resources :    Usage  Request Allocated
	   Cpus                 :                 1         1
	   Disk (KB)            :        1        1 133630607
	   Memory (MB)          :     6963     8192     21265
...
