000 (14399.067.000) 07/28 17:53:11 Job submitted from host: <144.92.142.140:9620?sock=9267_cb64_3>
...
001 (14399.067.000) 07/28 17:55:41 Job executing on host: <144.92.142.162:9620?sock=10446_6bfc_3>
...
006 (14399.067.000) 07/28 17:55:49 Image size of job updated: 2544
	3  -  MemoryUsage of job (MB)
	2544  -  ResidentSetSize of job (KB)
...
006 (14399.067.000) 07/28 18:00:49 Image size of job updated: 960664
	939  -  MemoryUsage of job (MB)
	960664  -  ResidentSetSize of job (KB)
...
006 (14399.067.000) 07/28 18:05:50 Image size of job updated: 3440860
	3361  -  MemoryUsage of job (MB)
	3440860  -  ResidentSetSize of job (KB)
...
006 (14399.067.000) 07/28 18:10:51 Image size of job updated: 9475304
	9254  -  MemoryUsage of job (MB)
	9475304  -  ResidentSetSize of job (KB)
...
006 (14399.067.000) 07/28 18:55:56 Image size of job updated: 9545768
	9323  -  MemoryUsage of job (MB)
	9545768  -  ResidentSetSize of job (KB)
...
005 (14399.067.000) 07/28 18:56:51 Job terminated.
	(1) Normal termination (return value 0)
		Usr 0 00:57:03, Sys 0 00:00:32  -  Run Remote Usage
		Usr 0 00:00:00, Sys 0 00:00:00  -  Run Local Usage
		Usr 0 00:57:03, Sys 0 00:00:32  -  Total Remote Usage
		Usr 0 00:00:00, Sys 0 00:00:00  -  Total Local Usage
	0  -  Run Bytes Sent By Job
	0  -  Run Bytes Received By Job
	0  -  Total Bytes Sent By Job
	0  -  Total Bytes Received By Job
	Partitionable Resources :    Usage  Request Allocated
	   Cpus                 :                 1         4
	   Disk (KB)            :        1        1  34974603
	   Memory (MB)          :     9323     8192     12915
...
