000 (14399.090.000) 07/28 17:53:12 Job submitted from host: <144.92.142.140:9620?sock=9267_cb64_3>
...
001 (14399.090.000) 07/28 17:57:38 Job executing on host: <144.92.142.181:9620?sock=7576_d24e_3>
...
006 (14399.090.000) 07/28 17:57:47 Image size of job updated: 2504
	3  -  MemoryUsage of job (MB)
	2504  -  ResidentSetSize of job (KB)
...
006 (14399.090.000) 07/28 18:02:47 Image size of job updated: 1605456
	1568  -  MemoryUsage of job (MB)
	1605456  -  ResidentSetSize of job (KB)
...
006 (14399.090.000) 07/28 18:07:47 Image size of job updated: 3134724
	3062  -  MemoryUsage of job (MB)
	3134724  -  ResidentSetSize of job (KB)
...
006 (14399.090.000) 07/28 18:12:48 Image size of job updated: 5997536
	5857  -  MemoryUsage of job (MB)
	5997536  -  ResidentSetSize of job (KB)
...
006 (14399.090.000) 07/28 18:32:50 Image size of job updated: 5997820
	5858  -  MemoryUsage of job (MB)
	5997820  -  ResidentSetSize of job (KB)
...
006 (14399.090.000) 07/28 18:33:39 Image size of job updated: 8853216
	5858  -  MemoryUsage of job (MB)
	5997820  -  ResidentSetSize of job (KB)
...
005 (14399.090.000) 07/28 18:33:39 Job terminated.
	(1) Normal termination (return value 0)
		Usr 0 00:33:05, Sys 0 00:00:19  -  Run Remote Usage
		Usr 0 00:00:00, Sys 0 00:00:00  -  Run Local Usage
		Usr 0 00:33:05, Sys 0 00:00:19  -  Total Remote Usage
		Usr 0 00:00:00, Sys 0 00:00:00  -  Total Local Usage
	0  -  Run Bytes Sent By Job
	0  -  Run Bytes Received By Job
	0  -  Total Bytes Sent By Job
	0  -  Total Bytes Received By Job
	Partitionable Resources :    Usage  Request Allocated
	   Cpus                 :                 1         4
	   Disk (KB)            :        1        1  37411155
	   Memory (MB)          :     5858     8192     12913
...
