000 (14399.056.000) 07/28 17:53:11 Job submitted from host: <144.92.142.140:9620?sock=9267_cb64_3>
...
001 (14399.056.000) 07/28 17:54:25 Job executing on host: <144.92.142.154:9620?sock=7918_5eb1_3>
...
006 (14399.056.000) 07/28 17:54:33 Image size of job updated: 3448
	4  -  MemoryUsage of job (MB)
	3448  -  ResidentSetSize of job (KB)
...
006 (14399.056.000) 07/28 17:59:33 Image size of job updated: 1616172
	1579  -  MemoryUsage of job (MB)
	1616172  -  ResidentSetSize of job (KB)
...
006 (14399.056.000) 07/28 18:04:34 Image size of job updated: 3791768
	3703  -  MemoryUsage of job (MB)
	3791768  -  ResidentSetSize of job (KB)
...
006 (14399.056.000) 07/28 18:14:35 Image size of job updated: 3919136
	3828  -  MemoryUsage of job (MB)
	3919136  -  ResidentSetSize of job (KB)
...
006 (14399.056.000) 07/28 18:19:35 Image size of job updated: 8910180
	8702  -  MemoryUsage of job (MB)
	8910180  -  ResidentSetSize of job (KB)
...
005 (14399.056.000) 07/28 18:51:51 Job terminated.
	(1) Normal termination (return value 0)
		Usr 0 00:54:14, Sys 0 00:00:29  -  Run Remote Usage
		Usr 0 00:00:00, Sys 0 00:00:00  -  Run Local Usage
		Usr 0 00:54:14, Sys 0 00:00:29  -  Total Remote Usage
		Usr 0 00:00:00, Sys 0 00:00:00  -  Total Local Usage
	0  -  Run Bytes Sent By Job
	0  -  Run Bytes Received By Job
	0  -  Total Bytes Sent By Job
	0  -  Total Bytes Received By Job
	Partitionable Resources :    Usage  Request Allocated
	   Cpus                 :                 1         1
	   Disk (KB)            :        1        1 139846701
	   Memory (MB)          :     8702     8192     21265
...
