_CONDOR_JOB_IWD /mnt/ws/home/jferiante
Cluster 14401
Process 71
RunningOn slot14@opt-a015.discovery.wisc.edu
python sk_random_forests.py dud_e 71
Running Scikit Learn Random Forests for dud_e.........
Building data for target: nram, fold: 0
Running random forests for target: nram
target:nram fold:0 predicted: 2477 wrong: 0 pct correct: 1.0, auc: 1.0
Results for nram: accuracy: 1.0, auc: 1.0
Building data for target: nram, fold: 1
Running random forests for target: nram
target:nram fold:1 predicted: 2477 wrong: 1 pct correct: 0.99959628583, auc: 0.999963490325
Results for nram: accuracy: 0.999798142915, auc: 0.999981745162
Building data for target: nram, fold: 2
Running random forests for target: nram
target:nram fold:2 predicted: 2477 wrong: 29 pct correct: 0.988292289059, auc: 0.999808324206
Results for nram: accuracy: 0.995962858296, auc: 0.999923938177
Building data for target: nram, fold: 3
Running random forests for target: nram
target:nram fold:3 predicted: 2477 wrong: 1 pct correct: 0.99959628583, auc: 1.0
Results for nram: accuracy: 0.99687121518, auc: 0.999942953633
Building data for target: nram, fold: 4
Running random forests for target: nram
target:nram fold:4 predicted: 2489 wrong: 27 pct correct: 0.989152269988, auc: 1.0
Results for nram: accuracy: 0.995327426141, auc: 0.999954362906
####################  Results for DUD-E ####################
nram accuracy: 0.995327426141, auc:0.999954362906
############################################################
runtime: 145.59 secs.
