000 (14401.062.000) 07/28 17:53:58 Job submitted from host: <144.92.142.140:9620?sock=9267_cb64_3>
...
001 (14401.062.000) 07/28 17:58:21 Job executing on host: <144.92.142.180:9620?sock=7678_2498_3>
...
006 (14401.062.000) 07/28 17:58:29 Image size of job updated: 2496
	3  -  MemoryUsage of job (MB)
	2496  -  ResidentSetSize of job (KB)
...
006 (14401.062.000) 07/28 18:03:29 Image size of job updated: 212532
	208  -  MemoryUsage of job (MB)
	212532  -  ResidentSetSize of job (KB)
...
006 (14401.062.000) 07/28 18:05:11 Image size of job updated: 764848
	208  -  MemoryUsage of job (MB)
	212532  -  ResidentSetSize of job (KB)
...
005 (14401.062.000) 07/28 18:05:11 Job terminated.
	(1) Normal termination (return value 0)
		Usr 0 00:03:39, Sys 0 00:00:00  -  Run Remote Usage
		Usr 0 00:00:00, Sys 0 00:00:00  -  Run Local Usage
		Usr 0 00:03:39, Sys 0 00:00:00  -  Total Remote Usage
		Usr 0 00:00:00, Sys 0 00:00:00  -  Total Local Usage
	0  -  Run Bytes Sent By Job
	0  -  Run Bytes Received By Job
	0  -  Total Bytes Sent By Job
	0  -  Total Bytes Received By Job
	Partitionable Resources :    Usage  Request Allocated
	   Cpus                 :                 1         1
	   Disk (KB)            :        1        1  37427764
	   Memory (MB)          :      208     3072      3228
...
