_CONDOR_JOB_IWD /mnt/ws/home/jferiante
Cluster 14401
Process 84
RunningOn slot12@mir-exec-01.discovery.wisc.edu
python sk_random_forests.py dud_e 84
Running Scikit Learn Random Forests for dud_e.........
Building data for target: pur2, fold: 0
Running random forests for target: pur2
target:pur2 fold:0 predicted: 1065 wrong: 0 pct correct: 1.0, auc: 1.0
Results for pur2: accuracy: 1.0, auc: 1.0
Building data for target: pur2, fold: 1
Running random forests for target: pur2
target:pur2 fold:1 predicted: 1065 wrong: 0 pct correct: 1.0, auc: 1.0
Results for pur2: accuracy: 1.0, auc: 1.0
Building data for target: pur2, fold: 2
Running random forests for target: pur2
target:pur2 fold:2 predicted: 1065 wrong: 0 pct correct: 1.0, auc: 1.0
Results for pur2: accuracy: 1.0, auc: 1.0
Building data for target: pur2, fold: 3
Running random forests for target: pur2
target:pur2 fold:3 predicted: 1065 wrong: 0 pct correct: 1.0, auc: 1.0
Results for pur2: accuracy: 1.0, auc: 1.0
Building data for target: pur2, fold: 4
Running random forests for target: pur2
target:pur2 fold:4 predicted: 1078 wrong: 0 pct correct: 1.0, auc: 1.0
Results for pur2: accuracy: 1.0, auc: 1.0
####################  Results for DUD-E ####################
pur2 accuracy: 1.0, auc:1.0
############################################################
runtime: 72.20 secs.
