000 (14401.070.000) 07/28 17:53:58 Job submitted from host: <144.92.142.140:9620?sock=9267_cb64_3>
...
001 (14401.070.000) 07/28 17:59:16 Job executing on host: <144.92.142.167:9620?sock=8499_6821_3>
...
006 (14401.070.000) 07/28 17:59:25 Image size of job updated: 3408
	4  -  MemoryUsage of job (MB)
	3408  -  ResidentSetSize of job (KB)
...
006 (14401.070.000) 07/28 18:04:25 Image size of job updated: 165012
	162  -  MemoryUsage of job (MB)
	165012  -  ResidentSetSize of job (KB)
...
006 (14401.070.000) 07/28 18:08:54 Image size of job updated: 250680
	162  -  MemoryUsage of job (MB)
	165012  -  ResidentSetSize of job (KB)
...
005 (14401.070.000) 07/28 18:08:54 Job terminated.
	(1) Normal termination (return value 0)
		Usr 0 00:07:35, Sys 0 00:00:00  -  Run Remote Usage
		Usr 0 00:00:00, Sys 0 00:00:00  -  Run Local Usage
		Usr 0 00:07:35, Sys 0 00:00:00  -  Total Remote Usage
		Usr 0 00:00:00, Sys 0 00:00:00  -  Total Local Usage
	0  -  Run Bytes Sent By Job
	0  -  Run Bytes Received By Job
	0  -  Total Bytes Sent By Job
	0  -  Total Bytes Received By Job
	Partitionable Resources :    Usage  Request Allocated
	   Cpus                 :                 1         1
	   Disk (KB)            :        1        1  76529124
	   Memory (MB)          :      162     3072      5377
...
