000 (14401.065.000) 07/28 17:53:58 Job submitted from host: <144.92.142.140:9620?sock=9267_cb64_3>
...
001 (14401.065.000) 07/28 17:58:50 Job executing on host: <144.92.142.178:9620?sock=3470_c397_3>
...
006 (14401.065.000) 07/28 17:58:58 Image size of job updated: 2248
	3  -  MemoryUsage of job (MB)
	2248  -  ResidentSetSize of job (KB)
...
006 (14401.065.000) 07/28 18:03:58 Image size of job updated: 163392
	160  -  MemoryUsage of job (MB)
	163392  -  ResidentSetSize of job (KB)
...
006 (14401.065.000) 07/28 18:07:23 Image size of job updated: 164052
	160  -  MemoryUsage of job (MB)
	163392  -  ResidentSetSize of job (KB)
...
005 (14401.065.000) 07/28 18:07:23 Job terminated.
	(1) Normal termination (return value 0)
		Usr 0 00:03:42, Sys 0 00:00:00  -  Run Remote Usage
		Usr 0 00:00:00, Sys 0 00:00:00  -  Run Local Usage
		Usr 0 00:03:42, Sys 0 00:00:00  -  Total Remote Usage
		Usr 0 00:00:00, Sys 0 00:00:00  -  Total Local Usage
	0  -  Run Bytes Sent By Job
	0  -  Run Bytes Received By Job
	0  -  Total Bytes Sent By Job
	0  -  Total Bytes Received By Job
	Partitionable Resources :    Usage  Request Allocated
	   Cpus                 :                 1         1
	   Disk (KB)            :        1        1  49110096
	   Memory (MB)          :      160     3072      4031
...
