_CONDOR_JOB_IWD /mnt/ws/home/jferiante
Cluster 14401
Process 11
RunningOn slot28@wid-007.discovery.wisc.edu
python sk_random_forests.py dud_e 11
Running Scikit Learn Random Forests for dud_e.........
Building data for target: ampc, fold: 0
Running random forests for target: ampc
target:ampc fold:0 predicted: 940 wrong: 30 pct correct: 0.968085106383, auc: 1.0
Results for ampc: accuracy: 0.968085106383, auc: 1.0
Building data for target: ampc, fold: 1
Running random forests for target: ampc
target:ampc fold:1 predicted: 940 wrong: 150 pct correct: 0.840425531915, auc: 0.98599137931
Results for ampc: accuracy: 0.904255319149, auc: 0.992995689655
Building data for target: ampc, fold: 2
Running random forests for target: ampc
target:ampc fold:2 predicted: 940 wrong: 270 pct correct: 0.712765957447, auc: 0.802945402299
Results for ampc: accuracy: 0.840425531915, auc: 0.92964559387
Building data for target: ampc, fold: 3
Running random forests for target: ampc
target:ampc fold:3 predicted: 940 wrong: 91 pct correct: 0.903191489362, auc: 0.979382183908
Results for ampc: accuracy: 0.856117021277, auc: 0.942079741379
Building data for target: ampc, fold: 4
Running random forests for target: ampc
target:ampc fold:4 predicted: 1001 wrong: 30 pct correct: 0.97002997003, auc: 0.988996803541
Results for ampc: accuracy: 0.878899611027, auc: 0.951463153812
####################  Results for DUD-E ####################
ampc accuracy: 0.878899611027, auc:0.951463153812
############################################################
runtime: 115.25 secs.
