_CONDOR_JOB_IWD /mnt/ws/home/jferiante
Cluster 14401
Process 96
RunningOn slot30@wid-007.discovery.wisc.edu
python sk_random_forests.py dud_e 96
Running Scikit Learn Random Forests for dud_e.........
Building data for target: tryb1, fold: 0
Running random forests for target: tryb1
target:tryb1 fold:0 predicted: 2562 wrong: 31 pct correct: 0.987900078064, auc: 0.999980926223
Results for tryb1: accuracy: 0.987900078064, auc: 0.999980926223
Building data for target: tryb1, fold: 1
Running random forests for target: tryb1
target:tryb1 fold:1 predicted: 2562 wrong: 0 pct correct: 1.0, auc: 1.0
Results for tryb1: accuracy: 0.993950039032, auc: 0.999990463111
Building data for target: tryb1, fold: 2
Running random forests for target: tryb1
target:tryb1 fold:2 predicted: 2562 wrong: 30 pct correct: 0.988290398126, auc: 0.999885557336
Results for tryb1: accuracy: 0.992063492063, auc: 0.999955494519
Building data for target: tryb1, fold: 3
Running random forests for target: tryb1
target:tryb1 fold:3 predicted: 2562 wrong: 90 pct correct: 0.964871194379, auc: 0.967412451362
Results for tryb1: accuracy: 0.985265417642, auc: 0.99181973373
Building data for target: tryb1, fold: 4
Running random forests for target: tryb1
target:tryb1 fold:4 predicted: 2595 wrong: 1 pct correct: 0.999614643545, auc: 1.0
Results for tryb1: accuracy: 0.988135262823, auc: 0.993455786984
####################  Results for DUD-E ####################
tryb1 accuracy: 0.988135262823, auc:0.993455786984
############################################################
runtime: 382.34 secs.
