000 (14401.037.000) 07/28 17:53:58 Job submitted from host: <144.92.142.140:9620?sock=9267_cb64_3>
...
001 (14401.037.000) 07/28 17:54:25 Job executing on host: <144.92.142.181:9620?sock=7576_d24e_3>
...
006 (14401.037.000) 07/28 17:54:34 Image size of job updated: 2544
	3  -  MemoryUsage of job (MB)
	2544  -  ResidentSetSize of job (KB)
...
006 (14401.037.000) 07/28 17:59:35 Image size of job updated: 107096
	105  -  MemoryUsage of job (MB)
	107096  -  ResidentSetSize of job (KB)
...
006 (14401.037.000) 07/28 18:01:20 Image size of job updated: 200828
	105  -  MemoryUsage of job (MB)
	107096  -  ResidentSetSize of job (KB)
...
005 (14401.037.000) 07/28 18:01:20 Job terminated.
	(1) Normal termination (return value 0)
		Usr 0 00:02:41, Sys 0 00:00:00  -  Run Remote Usage
		Usr 0 00:00:00, Sys 0 00:00:00  -  Run Local Usage
		Usr 0 00:02:41, Sys 0 00:00:00  -  Total Remote Usage
		Usr 0 00:00:00, Sys 0 00:00:00  -  Total Local Usage
	0  -  Run Bytes Sent By Job
	0  -  Run Bytes Received By Job
	0  -  Total Bytes Sent By Job
	0  -  Total Bytes Received By Job
	Partitionable Resources :    Usage  Request Allocated
	   Cpus                 :                 1         1
	   Disk (KB)            :        1        1  37427764
	   Memory (MB)          :      105     3072      3228
...
