000 (14401.059.000) 07/28 17:53:58 Job submitted from host: <144.92.142.140:9620?sock=9267_cb64_3>
...
001 (14401.059.000) 07/28 17:57:09 Job executing on host: <144.92.142.174:9620?sock=5096_79fc_3>
...
006 (14401.059.000) 07/28 17:57:18 Image size of job updated: 3124
	4  -  MemoryUsage of job (MB)
	3124  -  ResidentSetSize of job (KB)
...
006 (14401.059.000) 07/28 18:02:19 Image size of job updated: 266208
	260  -  MemoryUsage of job (MB)
	266208  -  ResidentSetSize of job (KB)
...
006 (14401.059.000) 07/28 18:06:43 Image size of job updated: 266724
	260  -  MemoryUsage of job (MB)
	266208  -  ResidentSetSize of job (KB)
...
005 (14401.059.000) 07/28 18:06:43 Job terminated.
	(1) Normal termination (return value 0)
		Usr 0 00:06:45, Sys 0 00:00:00  -  Run Remote Usage
		Usr 0 00:00:00, Sys 0 00:00:00  -  Run Local Usage
		Usr 0 00:06:45, Sys 0 00:00:00  -  Total Remote Usage
		Usr 0 00:00:00, Sys 0 00:00:00  -  Total Local Usage
	0  -  Run Bytes Sent By Job
	0  -  Run Bytes Received By Job
	0  -  Total Bytes Sent By Job
	0  -  Total Bytes Received By Job
	Partitionable Resources :    Usage  Request Allocated
	   Cpus                 :                 1         1
	   Disk (KB)            :        1        1  27573630
	   Memory (MB)          :      260     3072      4031
...
