000 (14401.022.000) 07/28 17:53:58 Job submitted from host: <144.92.142.140:9620?sock=9267_cb64_3>
...
001 (14401.022.000) 07/28 17:54:25 Job executing on host: <144.92.142.168:9620?sock=3732_3c9c_3>
...
006 (14401.022.000) 07/28 17:54:33 Image size of job updated: 2548
	3  -  MemoryUsage of job (MB)
	2548  -  ResidentSetSize of job (KB)
...
006 (14401.022.000) 07/28 17:59:33 Image size of job updated: 332004
	325  -  MemoryUsage of job (MB)
	332004  -  ResidentSetSize of job (KB)
...
006 (14401.022.000) 07/28 18:09:34 Image size of job updated: 332008
	325  -  MemoryUsage of job (MB)
	332008  -  ResidentSetSize of job (KB)
...
006 (14401.022.000) 07/28 18:14:34 Image size of job updated: 332028
	325  -  MemoryUsage of job (MB)
	332028  -  ResidentSetSize of job (KB)
...
006 (14401.022.000) 07/28 18:19:35 Image size of job updated: 332056
	325  -  MemoryUsage of job (MB)
	332056  -  ResidentSetSize of job (KB)
...
006 (14401.022.000) 07/28 18:24:36 Image size of job updated: 332236
	325  -  MemoryUsage of job (MB)
	332236  -  ResidentSetSize of job (KB)
...
005 (14401.022.000) 07/28 18:26:37 Job terminated.
	(1) Normal termination (return value 0)
		Usr 0 00:28:13, Sys 0 00:00:04  -  Run Remote Usage
		Usr 0 00:00:00, Sys 0 00:00:00  -  Run Local Usage
		Usr 0 00:28:13, Sys 0 00:00:04  -  Total Remote Usage
		Usr 0 00:00:00, Sys 0 00:00:00  -  Total Local Usage
	0  -  Run Bytes Sent By Job
	0  -  Run Bytes Received By Job
	0  -  Total Bytes Sent By Job
	0  -  Total Bytes Received By Job
	Partitionable Resources :    Usage  Request Allocated
	   Cpus                 :                 1         1
	   Disk (KB)            :        1        1  78782886
	   Memory (MB)          :      325     3072      5377
...
