000 (14401.068.000) 07/28 17:53:58 Job submitted from host: <144.92.142.140:9620?sock=9267_cb64_3>
...
001 (14401.068.000) 07/28 17:59:05 Job executing on host: <144.92.142.180:9620?sock=7678_2498_3>
...
006 (14401.068.000) 07/28 17:59:13 Image size of job updated: 2540
	3  -  MemoryUsage of job (MB)
	2540  -  ResidentSetSize of job (KB)
...
006 (14401.068.000) 07/28 18:04:13 Image size of job updated: 987980
	965  -  MemoryUsage of job (MB)
	987980  -  ResidentSetSize of job (KB)
...
006 (14401.068.000) 07/28 18:34:16 Image size of job updated: 988636
	966  -  MemoryUsage of job (MB)
	988636  -  ResidentSetSize of job (KB)
...
006 (14401.068.000) 07/28 18:49:18 Image size of job updated: 988652
	966  -  MemoryUsage of job (MB)
	988652  -  ResidentSetSize of job (KB)
...
006 (14401.068.000) 07/28 19:04:19 Image size of job updated: 988892
	966  -  MemoryUsage of job (MB)
	988892  -  ResidentSetSize of job (KB)
...
005 (14401.068.000) 07/28 19:13:08 Job terminated.
	(1) Normal termination (return value 0)
		Usr 0 01:11:15, Sys 0 00:00:03  -  Run Remote Usage
		Usr 0 00:00:00, Sys 0 00:00:00  -  Run Local Usage
		Usr 0 01:11:15, Sys 0 00:00:03  -  Total Remote Usage
		Usr 0 00:00:00, Sys 0 00:00:00  -  Total Local Usage
	0  -  Run Bytes Sent By Job
	0  -  Run Bytes Received By Job
	0  -  Total Bytes Sent By Job
	0  -  Total Bytes Received By Job
	Partitionable Resources :    Usage  Request Allocated
	   Cpus                 :                 1         1
	   Disk (KB)            :        1        1  37427764
	   Memory (MB)          :      966     3072      3228
...
