_CONDOR_JOB_IWD /mnt/ws/home/jferiante
Cluster 14401
Process 5
RunningOn slot24@wid-007.discovery.wisc.edu
python sk_random_forests.py dud_e 5
Running Scikit Learn Random Forests for dud_e.........
Building data for target: ada, fold: 0
Running random forests for target: ada
target:ada fold:0 predicted: 2186 wrong: 21 pct correct: 0.990393412626, auc: 0.999947264801
Results for ada: accuracy: 0.990393412626, auc: 0.999947264801
Building data for target: ada, fold: 1
Running random forests for target: ada
target:ada fold:1 predicted: 2186 wrong: 2 pct correct: 0.999085086917, auc: 1.0
Results for ada: accuracy: 0.994739249771, auc: 0.999973632401
Building data for target: ada, fold: 2
Running random forests for target: ada
target:ada fold:2 predicted: 2186 wrong: 21 pct correct: 0.990393412626, auc: 0.999876951202
Results for ada: accuracy: 0.993290637389, auc: 0.999941405334
Building data for target: ada, fold: 3
Running random forests for target: ada
target:ada fold:3 predicted: 2186 wrong: 0 pct correct: 1.0, auc: 1.0
Results for ada: accuracy: 0.994967978042, auc: 0.999956054001
Building data for target: ada, fold: 4
Running random forests for target: ada
target:ada fold:4 predicted: 2176 wrong: 3 pct correct: 0.998621323529, auc: 1.0
Results for ada: accuracy: 0.99569864714, auc: 0.999964843201
####################  Results for DUD-E ####################
ada accuracy: 0.99569864714, auc:0.999964843201
############################################################
runtime: 349.76 secs.
