000 (14401.024.000) 07/28 17:53:58 Job submitted from host: <144.92.142.140:9620?sock=9267_cb64_3>
...
001 (14401.024.000) 07/28 17:54:25 Job executing on host: <144.92.142.192:9620?sock=11062_0af0_13>
...
006 (14401.024.000) 07/28 17:54:34 Image size of job updated: 2008
	2  -  MemoryUsage of job (MB)
	2008  -  ResidentSetSize of job (KB)
...
006 (14401.024.000) 07/28 17:59:34 Image size of job updated: 37476
	37  -  MemoryUsage of job (MB)
	37476  -  ResidentSetSize of job (KB)
...
006 (14401.024.000) 07/28 18:03:17 Image size of job updated: 188628
	37  -  MemoryUsage of job (MB)
	37476  -  ResidentSetSize of job (KB)
...
005 (14401.024.000) 07/28 18:03:17 Job terminated.
	(1) Normal termination (return value 0)
		Usr 0 00:02:43, Sys 0 00:00:00  -  Run Remote Usage
		Usr 0 00:00:00, Sys 0 00:00:00  -  Run Local Usage
		Usr 0 00:02:43, Sys 0 00:00:00  -  Total Remote Usage
		Usr 0 00:00:00, Sys 0 00:00:00  -  Total Local Usage
	0  -  Run Bytes Sent By Job
	0  -  Run Bytes Received By Job
	0  -  Total Bytes Sent By Job
	0  -  Total Bytes Received By Job
	Partitionable Resources :    Usage  Request Allocated
	   Cpus                 :                 1         1
	   Disk (KB)            :        1        1  36007735
	   Memory (MB)          :       37     3072      3228
...
