_CONDOR_JOB_IWD /mnt/ws/home/jferiante
Cluster 14401
Process 58
RunningOn slot8@opt-a018.discovery.wisc.edu
python sk_random_forests.py dud_e 58
Running Scikit Learn Random Forests for dud_e.........
Building data for target: kith, fold: 0
Running random forests for target: kith
target:kith fold:0 predicted: 1145 wrong: 0 pct correct: 1.0, auc: 1.0
Results for kith: accuracy: 1.0, auc: 1.0
Building data for target: kith, fold: 1
Running random forests for target: kith
target:kith fold:1 predicted: 1145 wrong: 22 pct correct: 0.980786026201, auc: 0.999697946033
Results for kith: accuracy: 0.9903930131, auc: 0.999848973017
Building data for target: kith, fold: 2
Running random forests for target: kith
target:kith fold:2 predicted: 1145 wrong: 1 pct correct: 0.999126637555, auc: 1.0
Results for kith: accuracy: 0.993304221252, auc: 0.999899315344
Building data for target: kith, fold: 3
Running random forests for target: kith
target:kith fold:3 predicted: 1145 wrong: 1 pct correct: 0.999126637555, auc: 1.0
Results for kith: accuracy: 0.994759825328, auc: 0.999924486508
Building data for target: kith, fold: 4
Running random forests for target: kith
target:kith fold:4 predicted: 1134 wrong: 1 pct correct: 0.999118165785, auc: 1.0
Results for kith: accuracy: 0.995631493419, auc: 0.999939589207
####################  Results for DUD-E ####################
kith accuracy: 0.995631493419, auc:0.999939589207
############################################################
runtime: 69.00 secs.
