000 (14401.014.000) 07/28 17:53:58 Job submitted from host: <144.92.142.140:9620?sock=9267_cb64_3>
...
001 (14401.014.000) 07/28 17:54:25 Job executing on host: <144.92.142.161:9620?sock=10442_34dc_3>
...
006 (14401.014.000) 07/28 17:54:33 Image size of job updated: 2504
	3  -  MemoryUsage of job (MB)
	2504  -  ResidentSetSize of job (KB)
...
006 (14401.014.000) 07/28 17:59:33 Image size of job updated: 42488
	42  -  MemoryUsage of job (MB)
	42488  -  ResidentSetSize of job (KB)
...
006 (14401.014.000) 07/28 18:04:34 Image size of job updated: 491820
	481  -  MemoryUsage of job (MB)
	491820  -  ResidentSetSize of job (KB)
...
006 (14401.014.000) 07/28 18:14:35 Image size of job updated: 492228
	481  -  MemoryUsage of job (MB)
	492228  -  ResidentSetSize of job (KB)
...
005 (14401.014.000) 07/28 18:31:34 Job terminated.
	(1) Normal termination (return value 0)
		Usr 0 00:31:39, Sys 0 00:00:01  -  Run Remote Usage
		Usr 0 00:00:00, Sys 0 00:00:00  -  Run Local Usage
		Usr 0 00:31:39, Sys 0 00:00:01  -  Total Remote Usage
		Usr 0 00:00:00, Sys 0 00:00:00  -  Total Local Usage
	0  -  Run Bytes Sent By Job
	0  -  Run Bytes Received By Job
	0  -  Total Bytes Sent By Job
	0  -  Total Bytes Received By Job
	Partitionable Resources :    Usage  Request Allocated
	   Cpus                 :                 1         1
	   Disk (KB)            :        1        1  33967942
	   Memory (MB)          :      481     3072      3228
...
