000 (14401.051.000) 07/28 17:53:58 Job submitted from host: <144.92.142.140:9620?sock=9267_cb64_3>
...
001 (14401.051.000) 07/28 18:00:36 Job executing on host: <144.92.142.163:9620?sock=10480_4475_3>
...
006 (14401.051.000) 07/28 18:00:45 Image size of job updated: 3564
	4  -  MemoryUsage of job (MB)
	3564  -  ResidentSetSize of job (KB)
...
006 (14401.051.000) 07/28 18:05:46 Image size of job updated: 161744
	158  -  MemoryUsage of job (MB)
	161744  -  ResidentSetSize of job (KB)
...
006 (14401.051.000) 07/28 18:10:46 Image size of job updated: 162564
	159  -  MemoryUsage of job (MB)
	162564  -  ResidentSetSize of job (KB)
...
006 (14401.051.000) 07/28 18:10:49 Image size of job updated: 714752
	159  -  MemoryUsage of job (MB)
	162564  -  ResidentSetSize of job (KB)
...
005 (14401.051.000) 07/28 18:10:49 Job terminated.
	(1) Normal termination (return value 0)
		Usr 0 00:08:24, Sys 0 00:00:00  -  Run Remote Usage
		Usr 0 00:00:00, Sys 0 00:00:00  -  Run Local Usage
		Usr 0 00:08:24, Sys 0 00:00:00  -  Total Remote Usage
		Usr 0 00:00:00, Sys 0 00:00:00  -  Total Local Usage
	0  -  Run Bytes Sent By Job
	0  -  Run Bytes Received By Job
	0  -  Total Bytes Sent By Job
	0  -  Total Bytes Received By Job
	Partitionable Resources :    Usage  Request Allocated
	   Cpus                 :                 1         1
	   Disk (KB)            :        1        1  34973883
	   Memory (MB)          :      159     3072      3228
...
