000 (14401.082.000) 07/28 17:53:58 Job submitted from host: <144.92.142.140:9620?sock=9267_cb64_3>
...
001 (14401.082.000) 07/28 18:01:07 Job executing on host: <144.92.142.141:9620?sock=4744_8b2e_3>
...
006 (14401.082.000) 07/28 18:01:16 Image size of job updated: 1764
	2  -  MemoryUsage of job (MB)
	1764  -  ResidentSetSize of job (KB)
...
006 (14401.082.000) 07/28 18:06:17 Image size of job updated: 441532
	432  -  MemoryUsage of job (MB)
	441532  -  ResidentSetSize of job (KB)
...
006 (14401.082.000) 07/28 18:11:17 Image size of job updated: 441680
	432  -  MemoryUsage of job (MB)
	441680  -  ResidentSetSize of job (KB)
...
006 (14401.082.000) 07/28 18:16:18 Image size of job updated: 441720
	432  -  MemoryUsage of job (MB)
	441720  -  ResidentSetSize of job (KB)
...
006 (14401.082.000) 07/28 18:36:20 Image size of job updated: 442352
	432  -  MemoryUsage of job (MB)
	442352  -  ResidentSetSize of job (KB)
...
005 (14401.082.000) 07/28 18:38:26 Job terminated.
	(1) Normal termination (return value 0)
		Usr 0 00:32:43, Sys 0 00:00:03  -  Run Remote Usage
		Usr 0 00:00:00, Sys 0 00:00:00  -  Run Local Usage
		Usr 0 00:32:43, Sys 0 00:00:03  -  Total Remote Usage
		Usr 0 00:00:00, Sys 0 00:00:00  -  Total Local Usage
	0  -  Run Bytes Sent By Job
	0  -  Run Bytes Received By Job
	0  -  Total Bytes Sent By Job
	0  -  Total Bytes Received By Job
	Partitionable Resources :    Usage  Request Allocated
	   Cpus                 :                 1         1
	   Disk (KB)            :        1        1  10268464
	   Memory (MB)          :      432     3072      4031
...
