_CONDOR_JOB_IWD /mnt/ws/home/jferiante
Cluster 14401
Process 56
RunningOn slot10@opt-a002.discovery.wisc.edu
python sk_random_forests.py dud_e 56
Running Scikit Learn Random Forests for dud_e.........
Building data for target: kif11, fold: 0
Running random forests for target: kif11
target:kif11 fold:0 predicted: 2552 wrong: 0 pct correct: 1.0, auc: 1.0
Results for kif11: accuracy: 1.0, auc: 1.0
Building data for target: kif11, fold: 1
Running random forests for target: kif11
target:kif11 fold:1 predicted: 2552 wrong: 0 pct correct: 1.0, auc: 1.0
Results for kif11: accuracy: 1.0, auc: 1.0
Building data for target: kif11, fold: 2
Running random forests for target: kif11
target:kif11 fold:2 predicted: 2552 wrong: 2 pct correct: 0.99921630094, auc: 0.999962892872
Results for kif11: accuracy: 0.99973876698, auc: 0.999987630957
Building data for target: kif11, fold: 3
Running random forests for target: kif11
target:kif11 fold:3 predicted: 2552 wrong: 30 pct correct: 0.988244514107, auc: 0.998589929125
Results for kif11: accuracy: 0.996865203762, auc: 0.999638205499
Building data for target: kif11, fold: 4
Running random forests for target: kif11
target:kif11 fold:4 predicted: 2613 wrong: 180 pct correct: 0.931113662457, auc: 0.931017759201
Results for kif11: accuracy: 0.983714895501, auc: 0.98591411624
####################  Results for DUD-E ####################
kif11 accuracy: 0.983714895501, auc:0.98591411624
############################################################
runtime: 320.51 secs.
