000 (14401.009.000) 07/28 17:53:57 Job submitted from host: <144.92.142.140:9620?sock=9267_cb64_3>
...
001 (14401.009.000) 07/28 17:54:49 Job executing on host: <144.92.142.178:9620?sock=3470_c397_3>
...
006 (14401.009.000) 07/28 17:54:58 Image size of job updated: 1732
	2  -  MemoryUsage of job (MB)
	1732  -  ResidentSetSize of job (KB)
...
006 (14401.009.000) 07/28 17:59:58 Image size of job updated: 16400
	17  -  MemoryUsage of job (MB)
	16400  -  ResidentSetSize of job (KB)
...
006 (14401.009.000) 07/28 18:04:59 Image size of job updated: 217136
	213  -  MemoryUsage of job (MB)
	217136  -  ResidentSetSize of job (KB)
...
006 (14401.009.000) 07/28 18:10:00 Image size of job updated: 217164
	213  -  MemoryUsage of job (MB)
	217164  -  ResidentSetSize of job (KB)
...
006 (14401.009.000) 07/28 18:10:09 Image size of job updated: 769400
	213  -  MemoryUsage of job (MB)
	217164  -  ResidentSetSize of job (KB)
...
005 (14401.009.000) 07/28 18:10:09 Job terminated.
	(1) Normal termination (return value 0)
		Usr 0 00:06:44, Sys 0 00:00:00  -  Run Remote Usage
		Usr 0 00:00:00, Sys 0 00:00:00  -  Run Local Usage
		Usr 0 00:06:44, Sys 0 00:00:00  -  Total Remote Usage
		Usr 0 00:00:00, Sys 0 00:00:00  -  Total Local Usage
	0  -  Run Bytes Sent By Job
	0  -  Run Bytes Received By Job
	0  -  Total Bytes Sent By Job
	0  -  Total Bytes Received By Job
	Partitionable Resources :    Usage  Request Allocated
	   Cpus                 :                 1         1
	   Disk (KB)            :        1        1  48190715
	   Memory (MB)          :      213     3072      4031
...
