000 (14401.064.000) 07/28 17:53:58 Job submitted from host: <144.92.142.140:9620?sock=9267_cb64_3>
...
001 (14401.064.000) 07/28 18:01:30 Job executing on host: <144.92.142.174:9620?sock=5096_79fc_3>
...
006 (14401.064.000) 07/28 18:01:38 Image size of job updated: 7904
	8  -  MemoryUsage of job (MB)
	7904  -  ResidentSetSize of job (KB)
...
006 (14401.064.000) 07/28 18:06:39 Image size of job updated: 301324
	295  -  MemoryUsage of job (MB)
	301324  -  ResidentSetSize of job (KB)
...
006 (14401.064.000) 07/28 18:09:52 Image size of job updated: 854212
	295  -  MemoryUsage of job (MB)
	301324  -  ResidentSetSize of job (KB)
...
005 (14401.064.000) 07/28 18:09:52 Job terminated.
	(1) Normal termination (return value 0)
		Usr 0 00:07:22, Sys 0 00:00:00  -  Run Remote Usage
		Usr 0 00:00:00, Sys 0 00:00:00  -  Run Local Usage
		Usr 0 00:07:22, Sys 0 00:00:00  -  Total Remote Usage
		Usr 0 00:00:00, Sys 0 00:00:00  -  Total Local Usage
	0  -  Run Bytes Sent By Job
	0  -  Run Bytes Received By Job
	0  -  Total Bytes Sent By Job
	0  -  Total Bytes Received By Job
	Partitionable Resources :    Usage  Request Allocated
	   Cpus                 :                 1         1
	   Disk (KB)            :        1        1  27112776
	   Memory (MB)          :      295     3072      4031
...
