000 (14401.008.000) 07/28 17:53:57 Job submitted from host: <144.92.142.140:9620?sock=9267_cb64_3>
...
001 (14401.008.000) 07/28 17:54:48 Job executing on host: <144.92.142.178:9620?sock=3470_c397_3>
...
006 (14401.008.000) 07/28 17:54:56 Image size of job updated: 1860
	2  -  MemoryUsage of job (MB)
	1860  -  ResidentSetSize of job (KB)
...
006 (14401.008.000) 07/28 17:59:56 Image size of job updated: 16668
	17  -  MemoryUsage of job (MB)
	16668  -  ResidentSetSize of job (KB)
...
006 (14401.008.000) 07/28 18:04:57 Image size of job updated: 444128
	434  -  MemoryUsage of job (MB)
	444128  -  ResidentSetSize of job (KB)
...
006 (14401.008.000) 07/28 18:09:58 Image size of job updated: 444260
	434  -  MemoryUsage of job (MB)
	444260  -  ResidentSetSize of job (KB)
...
006 (14401.008.000) 07/28 18:19:58 Image size of job updated: 444296
	434  -  MemoryUsage of job (MB)
	444296  -  ResidentSetSize of job (KB)
...
006 (14401.008.000) 07/28 18:24:59 Image size of job updated: 444308
	434  -  MemoryUsage of job (MB)
	444308  -  ResidentSetSize of job (KB)
...
006 (14401.008.000) 07/28 18:29:59 Image size of job updated: 444772
	435  -  MemoryUsage of job (MB)
	444772  -  ResidentSetSize of job (KB)
...
006 (14401.008.000) 07/28 18:33:18 Image size of job updated: 997032
	435  -  MemoryUsage of job (MB)
	444772  -  ResidentSetSize of job (KB)
...
005 (14401.008.000) 07/28 18:33:18 Job terminated.
	(1) Normal termination (return value 0)
		Usr 0 00:29:19, Sys 0 00:00:01  -  Run Remote Usage
		Usr 0 00:00:00, Sys 0 00:00:00  -  Run Local Usage
		Usr 0 00:29:19, Sys 0 00:00:01  -  Total Remote Usage
		Usr 0 00:00:00, Sys 0 00:00:00  -  Total Local Usage
	0  -  Run Bytes Sent By Job
	0  -  Run Bytes Received By Job
	0  -  Total Bytes Sent By Job
	0  -  Total Bytes Received By Job
	Partitionable Resources :    Usage  Request Allocated
	   Cpus                 :                 1         1
	   Disk (KB)            :        1        1  48190715
	   Memory (MB)          :      435     3072      4031
...
