_CONDOR_JOB_IWD /mnt/ws/home/jferiante
Cluster 14401
Process 23
RunningOn slot7@opt-a018.discovery.wisc.edu
python sk_random_forests.py dud_e 23
Running Scikit Learn Random Forests for dud_e.........
Building data for target: cxcr4, fold: 0
Running random forests for target: cxcr4
target:cxcr4 fold:0 predicted: 1354 wrong: 0 pct correct: 1.0, auc: 1.0
Results for cxcr4: accuracy: 1.0, auc: 1.0
Building data for target: cxcr4, fold: 1
Running random forests for target: cxcr4
target:cxcr4 fold:1 predicted: 1354 wrong: 28 pct correct: 0.979320531758, auc: 0.999327956989
Results for cxcr4: accuracy: 0.989660265879, auc: 0.999663978495
Building data for target: cxcr4, fold: 2
Running random forests for target: cxcr4
target:cxcr4 fold:2 predicted: 1354 wrong: 56 pct correct: 0.958641063516, auc: 0.999327956989
Results for cxcr4: accuracy: 0.979320531758, auc: 0.999551971326
Building data for target: cxcr4, fold: 3
Running random forests for target: cxcr4
target:cxcr4 fold:3 predicted: 1354 wrong: 28 pct correct: 0.979320531758, auc: 1.0
Results for cxcr4: accuracy: 0.979320531758, auc: 0.999663978495
Building data for target: cxcr4, fold: 4
Running random forests for target: cxcr4
target:cxcr4 fold:4 predicted: 1361 wrong: 26 pct correct: 0.980896399706, auc: 1.0
Results for cxcr4: accuracy: 0.979635705347, auc: 0.999731182796
####################  Results for DUD-E ####################
cxcr4 accuracy: 0.979635705347, auc:0.999731182796
############################################################
runtime: 101.14 secs.
