000 (14401.081.000) 07/28 17:53:58 Job submitted from host: <144.92.142.140:9620?sock=9267_cb64_3>
...
001 (14401.081.000) 07/28 18:01:07 Job executing on host: <144.92.142.141:9620?sock=4744_8b2e_3>
...
006 (14401.081.000) 07/28 18:01:16 Image size of job updated: 1764
	2  -  MemoryUsage of job (MB)
	1764  -  ResidentSetSize of job (KB)
...
006 (14401.081.000) 07/28 18:06:17 Image size of job updated: 693208
	677  -  MemoryUsage of job (MB)
	693208  -  ResidentSetSize of job (KB)
...
006 (14401.081.000) 07/28 18:21:18 Image size of job updated: 693364
	678  -  MemoryUsage of job (MB)
	693364  -  ResidentSetSize of job (KB)
...
006 (14401.081.000) 07/28 18:31:18 Image size of job updated: 693636
	678  -  MemoryUsage of job (MB)
	693636  -  ResidentSetSize of job (KB)
...
006 (14401.081.000) 07/28 18:56:22 Image size of job updated: 694116
	678  -  MemoryUsage of job (MB)
	694116  -  ResidentSetSize of job (KB)
...
006 (14401.081.000) 07/28 19:07:11 Image size of job updated: 1246300
	678  -  MemoryUsage of job (MB)
	694116  -  ResidentSetSize of job (KB)
...
005 (14401.081.000) 07/28 19:07:11 Job terminated.
	(1) Normal termination (return value 0)
		Usr 0 01:01:11, Sys 0 00:00:03  -  Run Remote Usage
		Usr 0 00:00:00, Sys 0 00:00:00  -  Run Local Usage
		Usr 0 01:01:11, Sys 0 00:00:03  -  Total Remote Usage
		Usr 0 00:00:00, Sys 0 00:00:00  -  Total Local Usage
	0  -  Run Bytes Sent By Job
	0  -  Run Bytes Received By Job
	0  -  Total Bytes Sent By Job
	0  -  Total Bytes Received By Job
	Partitionable Resources :    Usage  Request Allocated
	   Cpus                 :                 1         1
	   Disk (KB)            :        1        1  10268464
	   Memory (MB)          :      678     3072      4031
...
