000 (14401.044.000) 07/28 17:53:58 Job submitted from host: <144.92.142.140:9620?sock=9267_cb64_3>
...
001 (14401.044.000) 07/28 17:56:41 Job executing on host: <144.92.142.180:9620?sock=7678_2498_3>
...
006 (14401.044.000) 07/28 17:56:50 Image size of job updated: 2672
	3  -  MemoryUsage of job (MB)
	2672  -  ResidentSetSize of job (KB)
...
006 (14401.044.000) 07/28 18:01:51 Image size of job updated: 173356
	170  -  MemoryUsage of job (MB)
	173356  -  ResidentSetSize of job (KB)
...
006 (14401.044.000) 07/28 18:06:07 Image size of job updated: 284636
	170  -  MemoryUsage of job (MB)
	173356  -  ResidentSetSize of job (KB)
...
005 (14401.044.000) 07/28 18:06:07 Job terminated.
	(1) Normal termination (return value 0)
		Usr 0 00:05:29, Sys 0 00:00:00  -  Run Remote Usage
		Usr 0 00:00:00, Sys 0 00:00:00  -  Run Local Usage
		Usr 0 00:05:29, Sys 0 00:00:00  -  Total Remote Usage
		Usr 0 00:00:00, Sys 0 00:00:00  -  Total Local Usage
	0  -  Run Bytes Sent By Job
	0  -  Run Bytes Received By Job
	0  -  Total Bytes Sent By Job
	0  -  Total Bytes Received By Job
	Partitionable Resources :    Usage  Request Allocated
	   Cpus                 :                 1         1
	   Disk (KB)            :        1        1  37428239
	   Memory (MB)          :      170     3072      3228
...
