000 (14401.072.000) 07/28 17:53:58 Job submitted from host: <144.92.142.140:9620?sock=9267_cb64_3>
...
001 (14401.072.000) 07/28 18:01:32 Job executing on host: <144.92.142.178:9620?sock=3470_c397_3>
...
006 (14401.072.000) 07/28 18:01:41 Image size of job updated: 2504
	3  -  MemoryUsage of job (MB)
	2504  -  ResidentSetSize of job (KB)
...
006 (14401.072.000) 07/28 18:06:42 Image size of job updated: 167608
	164  -  MemoryUsage of job (MB)
	167608  -  ResidentSetSize of job (KB)
...
006 (14401.072.000) 07/28 18:07:34 Image size of job updated: 167932
	164  -  MemoryUsage of job (MB)
	167608  -  ResidentSetSize of job (KB)
...
005 (14401.072.000) 07/28 18:07:34 Job terminated.
	(1) Normal termination (return value 0)
		Usr 0 00:03:40, Sys 0 00:00:00  -  Run Remote Usage
		Usr 0 00:00:00, Sys 0 00:00:00  -  Run Local Usage
		Usr 0 00:03:40, Sys 0 00:00:00  -  Total Remote Usage
		Usr 0 00:00:00, Sys 0 00:00:00  -  Total Local Usage
	0  -  Run Bytes Sent By Job
	0  -  Run Bytes Received By Job
	0  -  Total Bytes Sent By Job
	0  -  Total Bytes Received By Job
	Partitionable Resources :    Usage  Request Allocated
	   Cpus                 :                 1         1
	   Disk (KB)            :        1        1  48717544
	   Memory (MB)          :      164     3072      4031
...
