000 (14401.017.000) 07/28 17:53:58 Job submitted from host: <144.92.142.140:9620?sock=9267_cb64_3>
...
001 (14401.017.000) 07/28 17:54:25 Job executing on host: <144.92.142.164:9620?sock=10436_0991_3>
...
006 (14401.017.000) 07/28 17:54:34 Image size of job updated: 2504
	3  -  MemoryUsage of job (MB)
	2504  -  ResidentSetSize of job (KB)
...
006 (14401.017.000) 07/28 17:59:35 Image size of job updated: 334176
	327  -  MemoryUsage of job (MB)
	334176  -  ResidentSetSize of job (KB)
...
006 (14401.017.000) 07/28 18:04:35 Image size of job updated: 334416
	327  -  MemoryUsage of job (MB)
	334416  -  ResidentSetSize of job (KB)
...
006 (14401.017.000) 07/28 18:09:36 Image size of job updated: 334452
	327  -  MemoryUsage of job (MB)
	334452  -  ResidentSetSize of job (KB)
...
006 (14401.017.000) 07/28 18:14:37 Image size of job updated: 334492
	327  -  MemoryUsage of job (MB)
	334492  -  ResidentSetSize of job (KB)
...
005 (14401.017.000) 07/28 18:17:24 Job terminated.
	(1) Normal termination (return value 0)
		Usr 0 00:20:05, Sys 0 00:00:00  -  Run Remote Usage
		Usr 0 00:00:00, Sys 0 00:00:00  -  Run Local Usage
		Usr 0 00:20:05, Sys 0 00:00:00  -  Total Remote Usage
		Usr 0 00:00:00, Sys 0 00:00:00  -  Total Local Usage
	0  -  Run Bytes Sent By Job
	0  -  Run Bytes Received By Job
	0  -  Total Bytes Sent By Job
	0  -  Total Bytes Received By Job
	Partitionable Resources :    Usage  Request Allocated
	   Cpus                 :                 1         1
	   Disk (KB)            :        1        1  34365311
	   Memory (MB)          :      327     3072      3228
...
