_CONDOR_JOB_IWD /mnt/ws/home/jferiante
Cluster 14401
Process 90
RunningOn slot13@opt-a015.discovery.wisc.edu
python sk_random_forests.py dud_e 90
Running Scikit Learn Random Forests for dud_e.........
Building data for target: sahh, fold: 0
Running random forests for target: sahh
target:sahh fold:0 predicted: 1380 wrong: 0 pct correct: 1.0, auc: 1.0
Results for sahh: accuracy: 1.0, auc: 1.0
Building data for target: sahh, fold: 1
Running random forests for target: sahh
target:sahh fold:1 predicted: 1380 wrong: 0 pct correct: 1.0, auc: 1.0
Results for sahh: accuracy: 1.0, auc: 1.0
Building data for target: sahh, fold: 2
Running random forests for target: sahh
target:sahh fold:2 predicted: 1380 wrong: 0 pct correct: 1.0, auc: 1.0
Results for sahh: accuracy: 1.0, auc: 1.0
Building data for target: sahh, fold: 3
Running random forests for target: sahh
target:sahh fold:3 predicted: 1380 wrong: 0 pct correct: 1.0, auc: 1.0
Results for sahh: accuracy: 1.0, auc: 1.0
Building data for target: sahh, fold: 4
Running random forests for target: sahh
target:sahh fold:4 predicted: 1383 wrong: 0 pct correct: 1.0, auc: 1.0
Results for sahh: accuracy: 1.0, auc: 1.0
####################  Results for DUD-E ####################
sahh accuracy: 1.0, auc:1.0
############################################################
runtime: 55.95 secs.
