_CONDOR_JOB_IWD /mnt/ws/home/jferiante
Cluster 14401
Process 85
RunningOn slot19@mir-exec-01.discovery.wisc.edu
python sk_random_forests.py dud_e 85
Running Scikit Learn Random Forests for dud_e.........
Building data for target: pygm, fold: 0
Running random forests for target: pygm
target:pygm fold:0 predicted: 1467 wrong: 3 pct correct: 0.997955010225, auc: 0.999943674665
Results for pygm: accuracy: 0.997955010225, auc: 0.999943674665
Building data for target: pygm, fold: 1
Running random forests for target: pygm
target:pygm fold:1 predicted: 1467 wrong: 0 pct correct: 1.0, auc: 1.0
Results for pygm: accuracy: 0.998977505112, auc: 0.999971837332
Building data for target: pygm, fold: 2
Running random forests for target: pygm
target:pygm fold:2 predicted: 1467 wrong: 60 pct correct: 0.959100204499, auc: 0.998563703954
Results for pygm: accuracy: 0.985685071575, auc: 0.99950245954
Building data for target: pygm, fold: 3
Running random forests for target: pygm
target:pygm fold:3 predicted: 1467 wrong: 31 pct correct: 0.978868438991, auc: 0.999915511997
Results for pygm: accuracy: 0.983980913429, auc: 0.999605722654
Building data for target: pygm, fold: 4
Running random forests for target: pygm
target:pygm fold:4 predicted: 1590 wrong: 30 pct correct: 0.981132075472, auc: 0.999382716049
Results for pygm: accuracy: 0.983411145837, auc: 0.999561121333
####################  Results for DUD-E ####################
pygm accuracy: 0.983411145837, auc:0.999561121333
############################################################
runtime: 217.64 secs.
