000 (14401.031.000) 07/28 17:53:58 Job submitted from host: <144.92.142.140:9620?sock=9267_cb64_3>
...
001 (14401.031.000) 07/28 17:54:25 Job executing on host: <144.92.142.192:9620?sock=11062_0af0_13>
...
006 (14401.031.000) 07/28 17:54:34 Image size of job updated: 1868
	2  -  MemoryUsage of job (MB)
	1868  -  ResidentSetSize of job (KB)
...
006 (14401.031.000) 07/28 17:59:34 Image size of job updated: 32528
	32  -  MemoryUsage of job (MB)
	32528  -  ResidentSetSize of job (KB)
...
006 (14401.031.000) 07/28 18:04:35 Image size of job updated: 564508
	552  -  MemoryUsage of job (MB)
	564508  -  ResidentSetSize of job (KB)
...
006 (14401.031.000) 07/28 18:09:35 Image size of job updated: 564624
	552  -  MemoryUsage of job (MB)
	564624  -  ResidentSetSize of job (KB)
...
006 (14401.031.000) 07/28 18:14:35 Image size of job updated: 564664
	552  -  MemoryUsage of job (MB)
	564664  -  ResidentSetSize of job (KB)
...
006 (14401.031.000) 07/28 18:19:36 Image size of job updated: 564696
	552  -  MemoryUsage of job (MB)
	564696  -  ResidentSetSize of job (KB)
...
006 (14401.031.000) 07/28 18:24:37 Image size of job updated: 564760
	552  -  MemoryUsage of job (MB)
	564760  -  ResidentSetSize of job (KB)
...
005 (14401.031.000) 07/28 18:29:49 Job terminated.
	(1) Normal termination (return value 0)
		Usr 0 00:28:29, Sys 0 00:00:01  -  Run Remote Usage
		Usr 0 00:00:00, Sys 0 00:00:00  -  Run Local Usage
		Usr 0 00:28:29, Sys 0 00:00:01  -  Total Remote Usage
		Usr 0 00:00:00, Sys 0 00:00:00  -  Total Local Usage
	0  -  Run Bytes Sent By Job
	0  -  Run Bytes Received By Job
	0  -  Total Bytes Sent By Job
	0  -  Total Bytes Received By Job
	Partitionable Resources :    Usage  Request Allocated
	   Cpus                 :                 1         1
	   Disk (KB)            :        1        1  36007721
	   Memory (MB)          :      552     3072      3228
...
