000 (14401.058.000) 07/28 17:53:58 Job submitted from host: <144.92.142.140:9620?sock=9267_cb64_3>
...
001 (14401.058.000) 07/28 17:56:59 Job executing on host: <144.92.142.192:9620?sock=11062_0af0_13>
...
006 (14401.058.000) 07/28 17:57:07 Image size of job updated: 2252
	3  -  MemoryUsage of job (MB)
	2252  -  ResidentSetSize of job (KB)
...
006 (14401.058.000) 07/28 18:02:07 Image size of job updated: 121944
	120  -  MemoryUsage of job (MB)
	121944  -  ResidentSetSize of job (KB)
...
006 (14401.058.000) 07/28 18:02:33 Image size of job updated: 121960
	120  -  MemoryUsage of job (MB)
	121944  -  ResidentSetSize of job (KB)
...
005 (14401.058.000) 07/28 18:02:33 Job terminated.
	(1) Normal termination (return value 0)
		Usr 0 00:01:08, Sys 0 00:00:00  -  Run Remote Usage
		Usr 0 00:00:00, Sys 0 00:00:00  -  Run Local Usage
		Usr 0 00:01:08, Sys 0 00:00:00  -  Total Remote Usage
		Usr 0 00:00:00, Sys 0 00:00:00  -  Total Local Usage
	0  -  Run Bytes Sent By Job
	0  -  Run Bytes Received By Job
	0  -  Total Bytes Sent By Job
	0  -  Total Bytes Received By Job
	Partitionable Resources :    Usage  Request Allocated
	   Cpus                 :                 1         1
	   Disk (KB)            :        1        1  36037729
	   Memory (MB)          :      120     3072      3228
...
