000 (14401.027.000) 07/28 17:53:58 Job submitted from host: <144.92.142.140:9620?sock=9267_cb64_3>
...
001 (14401.027.000) 07/28 17:54:25 Job executing on host: <144.92.142.162:9620?sock=10446_6bfc_3>
...
006 (14401.027.000) 07/28 17:54:33 Image size of job updated: 2504
	3  -  MemoryUsage of job (MB)
	2504  -  ResidentSetSize of job (KB)
...
006 (14401.027.000) 07/28 17:59:33 Image size of job updated: 336504
	329  -  MemoryUsage of job (MB)
	336504  -  ResidentSetSize of job (KB)
...
006 (14401.027.000) 07/28 18:04:34 Image size of job updated: 871092
	851  -  MemoryUsage of job (MB)
	871092  -  ResidentSetSize of job (KB)
...
006 (14401.027.000) 07/28 18:19:35 Image size of job updated: 871236
	851  -  MemoryUsage of job (MB)
	871236  -  ResidentSetSize of job (KB)
...
006 (14401.027.000) 07/28 18:39:38 Image size of job updated: 871252
	851  -  MemoryUsage of job (MB)
	871252  -  ResidentSetSize of job (KB)
...
006 (14401.027.000) 07/28 19:24:42 Image size of job updated: 871800
	852  -  MemoryUsage of job (MB)
	871800  -  ResidentSetSize of job (KB)
...
005 (14401.027.000) 07/28 19:38:26 Job terminated.
	(1) Normal termination (return value 0)
		Usr 0 01:39:12, Sys 0 00:00:02  -  Run Remote Usage
		Usr 0 00:00:00, Sys 0 00:00:00  -  Run Local Usage
		Usr 0 01:39:12, Sys 0 00:00:02  -  Total Remote Usage
		Usr 0 00:00:00, Sys 0 00:00:00  -  Total Local Usage
	0  -  Run Bytes Sent By Job
	0  -  Run Bytes Received By Job
	0  -  Total Bytes Sent By Job
	0  -  Total Bytes Received By Job
	Partitionable Resources :    Usage  Request Allocated
	   Cpus                 :                 1         1
	   Disk (KB)            :        1        1  34134120
	   Memory (MB)          :      852     3072      3228
...
