000 (14401.004.000) 07/28 17:53:57 Job submitted from host: <144.92.142.140:9620?sock=9267_cb64_3>
...
001 (14401.004.000) 07/28 17:54:51 Job executing on host: <144.92.142.178:9620?sock=3470_c397_3>
...
006 (14401.004.000) 07/28 17:55:00 Image size of job updated: 1732
	2  -  MemoryUsage of job (MB)
	1732  -  ResidentSetSize of job (KB)
...
006 (14401.004.000) 07/28 18:00:01 Image size of job updated: 15264
	15  -  MemoryUsage of job (MB)
	15264  -  ResidentSetSize of job (KB)
...
006 (14401.004.000) 07/28 18:05:01 Image size of job updated: 938012
	917  -  MemoryUsage of job (MB)
	938012  -  ResidentSetSize of job (KB)
...
005 (14401.004.000) 07/28 19:39:08 Job terminated.
	(1) Normal termination (return value 0)
		Usr 0 01:34:39, Sys 0 00:00:03  -  Run Remote Usage
		Usr 0 00:00:00, Sys 0 00:00:00  -  Run Local Usage
		Usr 0 01:34:39, Sys 0 00:00:03  -  Total Remote Usage
		Usr 0 00:00:00, Sys 0 00:00:00  -  Total Local Usage
	0  -  Run Bytes Sent By Job
	0  -  Run Bytes Received By Job
	0  -  Total Bytes Sent By Job
	0  -  Total Bytes Received By Job
	Partitionable Resources :    Usage  Request Allocated
	   Cpus                 :                 1         1
	   Disk (KB)            :        1        1  48190715
	   Memory (MB)          :      917     3072      4031
...
