000 (14401.000.000) 07/28 17:53:57 Job submitted from host: <144.92.142.140:9620?sock=9267_cb64_3>
...
001 (14401.000.000) 07/28 17:55:00 Job executing on host: <144.92.142.163:9620?sock=10480_4475_3>
...
006 (14401.000.000) 07/28 17:55:09 Image size of job updated: 3408
	4  -  MemoryUsage of job (MB)
	3408  -  ResidentSetSize of job (KB)
...
006 (14401.000.000) 07/28 18:00:10 Image size of job updated: 507800
	496  -  MemoryUsage of job (MB)
	507800  -  ResidentSetSize of job (KB)
...
006 (14401.000.000) 07/28 18:05:10 Image size of job updated: 827060
	808  -  MemoryUsage of job (MB)
	827060  -  ResidentSetSize of job (KB)
...
006 (14401.000.000) 07/28 18:10:11 Image size of job updated: 827068
	808  -  MemoryUsage of job (MB)
	827068  -  ResidentSetSize of job (KB)
...
006 (14401.000.000) 07/28 18:20:12 Image size of job updated: 827072
	808  -  MemoryUsage of job (MB)
	827072  -  ResidentSetSize of job (KB)
...
006 (14401.000.000) 07/28 18:25:12 Image size of job updated: 827080
	808  -  MemoryUsage of job (MB)
	827080  -  ResidentSetSize of job (KB)
...
006 (14401.000.000) 07/28 18:35:14 Image size of job updated: 828472
	810  -  MemoryUsage of job (MB)
	828472  -  ResidentSetSize of job (KB)
...
006 (14401.000.000) 07/28 19:45:21 Image size of job updated: 828836
	810  -  MemoryUsage of job (MB)
	828836  -  ResidentSetSize of job (KB)
...
005 (14401.000.000) 07/28 20:03:55 Job terminated.
	(1) Normal termination (return value 0)
		Usr 0 02:04:15, Sys 0 00:00:03  -  Run Remote Usage
		Usr 0 00:00:00, Sys 0 00:00:00  -  Run Local Usage
		Usr 0 02:04:15, Sys 0 00:00:03  -  Total Remote Usage
		Usr 0 00:00:00, Sys 0 00:00:00  -  Total Local Usage
	0  -  Run Bytes Sent By Job
	0  -  Run Bytes Received By Job
	0  -  Total Bytes Sent By Job
	0  -  Total Bytes Received By Job
	Partitionable Resources :    Usage  Request Allocated
	   Cpus                 :                 1         1
	   Disk (KB)            :        1        1  34973883
	   Memory (MB)          :      810     3072      3228
...
