000 (14401.049.000) 07/28 17:53:58 Job submitted from host: <144.92.142.140:9620?sock=9267_cb64_3>
...
001 (14401.049.000) 07/28 17:55:48 Job executing on host: <144.92.142.163:9620?sock=10480_4475_3>
...
006 (14401.049.000) 07/28 17:55:56 Image size of job updated: 2680
	3  -  MemoryUsage of job (MB)
	2680  -  ResidentSetSize of job (KB)
...
006 (14401.049.000) 07/28 18:00:56 Image size of job updated: 285084
	279  -  MemoryUsage of job (MB)
	285084  -  ResidentSetSize of job (KB)
...
006 (14401.049.000) 07/28 18:05:57 Image size of job updated: 285476
	279  -  MemoryUsage of job (MB)
	285476  -  ResidentSetSize of job (KB)
...
006 (14401.049.000) 07/28 18:10:58 Image size of job updated: 285744
	280  -  MemoryUsage of job (MB)
	285744  -  ResidentSetSize of job (KB)
...
006 (14401.049.000) 07/28 18:15:58 Image size of job updated: 285764
	280  -  MemoryUsage of job (MB)
	285764  -  ResidentSetSize of job (KB)
...
005 (14401.049.000) 07/28 18:21:53 Job terminated.
	(1) Normal termination (return value 0)
		Usr 0 00:22:21, Sys 0 00:00:01  -  Run Remote Usage
		Usr 0 00:00:00, Sys 0 00:00:00  -  Run Local Usage
		Usr 0 00:22:21, Sys 0 00:00:01  -  Total Remote Usage
		Usr 0 00:00:00, Sys 0 00:00:00  -  Total Local Usage
	0  -  Run Bytes Sent By Job
	0  -  Run Bytes Received By Job
	0  -  Total Bytes Sent By Job
	0  -  Total Bytes Received By Job
	Partitionable Resources :    Usage  Request Allocated
	   Cpus                 :                 1         1
	   Disk (KB)            :        1        1  34973883
	   Memory (MB)          :      280     3072      3228
...
