_CONDOR_JOB_IWD /mnt/ws/home/jferiante
Cluster 14401
Process 13
RunningOn slot29@wid-007.discovery.wisc.edu
python sk_random_forests.py dud_e 13
Running Scikit Learn Random Forests for dud_e.........
Building data for target: aofb, fold: 0
Running random forests for target: aofb
target:aofb fold:0 predicted: 2376 wrong: 246 pct correct: 0.896464646465, auc: 0.969303423849
Results for aofb: accuracy: 0.896464646465, auc: 0.969303423849
Building data for target: aofb, fold: 1
Running random forests for target: aofb
target:aofb fold:1 predicted: 2376 wrong: 99 pct correct: 0.958333333333, auc: 0.998666316848
Results for aofb: accuracy: 0.927398989899, auc: 0.983984870349
Building data for target: aofb, fold: 2
Running random forests for target: aofb
target:aofb fold:2 predicted: 2376 wrong: 302 pct correct: 0.872895622896, auc: 0.987821942367
Results for aofb: accuracy: 0.909231200898, auc: 0.985263894355
Building data for target: aofb, fold: 3
Running random forests for target: aofb
target:aofb fold:3 predicted: 2376 wrong: 155 pct correct: 0.934764309764, auc: 0.974813065722
Results for aofb: accuracy: 0.915614478114, auc: 0.982651187197
Building data for target: aofb, fold: 4
Running random forests for target: aofb
target:aofb fold:4 predicted: 2467 wrong: 123 pct correct: 0.95014187272, auc: 0.998357766563
Results for aofb: accuracy: 0.922519957036, auc: 0.98579250307
####################  Results for DUD-E ####################
aofb accuracy: 0.922519957036, auc:0.98579250307
############################################################
runtime: 488.57 secs.
