000 (14401.042.000) 07/28 17:53:58 Job submitted from host: <144.92.142.140:9620?sock=9267_cb64_3>
...
001 (14401.042.000) 07/28 17:54:51 Job executing on host: <144.92.142.163:9620?sock=10480_4475_3>
...
006 (14401.042.000) 07/28 17:55:00 Image size of job updated: 3492
	4  -  MemoryUsage of job (MB)
	3492  -  ResidentSetSize of job (KB)
...
006 (14401.042.000) 07/28 18:00:00 Image size of job updated: 330608
	323  -  MemoryUsage of job (MB)
	330608  -  ResidentSetSize of job (KB)
...
006 (14401.042.000) 07/28 18:05:00 Image size of job updated: 330616
	323  -  MemoryUsage of job (MB)
	330616  -  ResidentSetSize of job (KB)
...
006 (14401.042.000) 07/28 18:10:01 Image size of job updated: 330656
	323  -  MemoryUsage of job (MB)
	330656  -  ResidentSetSize of job (KB)
...
006 (14401.042.000) 07/28 18:20:02 Image size of job updated: 330668
	323  -  MemoryUsage of job (MB)
	330668  -  ResidentSetSize of job (KB)
...
005 (14401.042.000) 07/28 18:27:03 Job terminated.
	(1) Normal termination (return value 0)
		Usr 0 00:28:11, Sys 0 00:00:00  -  Run Remote Usage
		Usr 0 00:00:00, Sys 0 00:00:00  -  Run Local Usage
		Usr 0 00:28:11, Sys 0 00:00:00  -  Total Remote Usage
		Usr 0 00:00:00, Sys 0 00:00:00  -  Total Local Usage
	0  -  Run Bytes Sent By Job
	0  -  Run Bytes Received By Job
	0  -  Total Bytes Sent By Job
	0  -  Total Bytes Received By Job
	Partitionable Resources :    Usage  Request Allocated
	   Cpus                 :                 1         1
	   Disk (KB)            :        1        1  34973883
	   Memory (MB)          :      323     3072      3228
...
