000 (14401.099.000) 07/28 17:53:58 Job submitted from host: <144.92.142.140:9620?sock=9267_cb64_3>
...
001 (14401.099.000) 07/28 18:02:31 Job executing on host: <144.92.142.141:9620?sock=4744_8b2e_3>
...
006 (14401.099.000) 07/28 18:02:39 Image size of job updated: 3616
	4  -  MemoryUsage of job (MB)
	3616  -  ResidentSetSize of job (KB)
...
006 (14401.099.000) 07/28 18:07:39 Image size of job updated: 644412
	630  -  MemoryUsage of job (MB)
	644412  -  ResidentSetSize of job (KB)
...
006 (14401.099.000) 07/28 18:22:40 Image size of job updated: 644868
	630  -  MemoryUsage of job (MB)
	644868  -  ResidentSetSize of job (KB)
...
006 (14401.099.000) 07/28 18:37:42 Image size of job updated: 644916
	630  -  MemoryUsage of job (MB)
	644916  -  ResidentSetSize of job (KB)
...
006 (14401.099.000) 07/28 18:52:44 Image size of job updated: 644960
	630  -  MemoryUsage of job (MB)
	644960  -  ResidentSetSize of job (KB)
...
005 (14401.099.000) 07/28 19:13:43 Job terminated.
	(1) Normal termination (return value 0)
		Usr 0 01:07:14, Sys 0 00:00:04  -  Run Remote Usage
		Usr 0 00:00:00, Sys 0 00:00:00  -  Run Local Usage
		Usr 0 01:07:14, Sys 0 00:00:04  -  Total Remote Usage
		Usr 0 00:00:00, Sys 0 00:00:00  -  Total Local Usage
	0  -  Run Bytes Sent By Job
	0  -  Run Bytes Received By Job
	0  -  Total Bytes Sent By Job
	0  -  Total Bytes Received By Job
	Partitionable Resources :    Usage  Request Allocated
	   Cpus                 :                 1         1
	   Disk (KB)            :        1        1  10268464
	   Memory (MB)          :      630     3072      4031
...
