000 (14401.069.000) 07/28 17:53:58 Job submitted from host: <144.92.142.140:9620?sock=9267_cb64_3>
...
001 (14401.069.000) 07/28 17:59:14 Job executing on host: <144.92.142.163:9620?sock=10480_4475_3>
...
006 (14401.069.000) 07/28 17:59:23 Image size of job updated: 3464
	4  -  MemoryUsage of job (MB)
	3464  -  ResidentSetSize of job (KB)
...
006 (14401.069.000) 07/28 18:04:24 Image size of job updated: 255368
	250  -  MemoryUsage of job (MB)
	255368  -  ResidentSetSize of job (KB)
...
006 (14401.069.000) 07/28 18:14:25 Image size of job updated: 255528
	250  -  MemoryUsage of job (MB)
	255528  -  ResidentSetSize of job (KB)
...
006 (14401.069.000) 07/28 18:17:59 Image size of job updated: 255680
	250  -  MemoryUsage of job (MB)
	255528  -  ResidentSetSize of job (KB)
...
005 (14401.069.000) 07/28 18:17:59 Job terminated.
	(1) Normal termination (return value 0)
		Usr 0 00:16:18, Sys 0 00:00:00  -  Run Remote Usage
		Usr 0 00:00:00, Sys 0 00:00:00  -  Run Local Usage
		Usr 0 00:16:18, Sys 0 00:00:00  -  Total Remote Usage
		Usr 0 00:00:00, Sys 0 00:00:00  -  Total Local Usage
	0  -  Run Bytes Sent By Job
	0  -  Run Bytes Received By Job
	0  -  Total Bytes Sent By Job
	0  -  Total Bytes Received By Job
	Partitionable Resources :    Usage  Request Allocated
	   Cpus                 :                 1         1
	   Disk (KB)            :        1        1  34973883
	   Memory (MB)          :      250     3072      3228
...
