000 (14401.020.000) 07/28 17:53:58 Job submitted from host: <144.92.142.140:9620?sock=9267_cb64_3>
...
001 (14401.020.000) 07/28 17:54:25 Job executing on host: <144.92.142.168:9620?sock=3732_3c9c_3>
...
006 (14401.020.000) 07/28 17:54:33 Image size of job updated: 2540
	3  -  MemoryUsage of job (MB)
	2540  -  ResidentSetSize of job (KB)
...
006 (14401.020.000) 07/28 17:59:33 Image size of job updated: 222688
	218  -  MemoryUsage of job (MB)
	222688  -  ResidentSetSize of job (KB)
...
006 (14401.020.000) 07/28 18:04:34 Image size of job updated: 222824
	218  -  MemoryUsage of job (MB)
	222824  -  ResidentSetSize of job (KB)
...
006 (14401.020.000) 07/28 18:09:35 Image size of job updated: 222992
	218  -  MemoryUsage of job (MB)
	222992  -  ResidentSetSize of job (KB)
...
006 (14401.020.000) 07/28 18:14:35 Image size of job updated: 223576
	219  -  MemoryUsage of job (MB)
	223576  -  ResidentSetSize of job (KB)
...
005 (14401.020.000) 07/28 18:17:13 Job terminated.
	(1) Normal termination (return value 0)
		Usr 0 00:19:03, Sys 0 00:00:02  -  Run Remote Usage
		Usr 0 00:00:00, Sys 0 00:00:00  -  Run Local Usage
		Usr 0 00:19:03, Sys 0 00:00:02  -  Total Remote Usage
		Usr 0 00:00:00, Sys 0 00:00:00  -  Total Local Usage
	0  -  Run Bytes Sent By Job
	0  -  Run Bytes Received By Job
	0  -  Total Bytes Sent By Job
	0  -  Total Bytes Received By Job
	Partitionable Resources :    Usage  Request Allocated
	   Cpus                 :                 1         1
	   Disk (KB)            :        1        1  78782886
	   Memory (MB)          :      219     3072      5377
...
