000 (14401.019.000) 07/28 17:53:58 Job submitted from host: <144.92.142.140:9620?sock=9267_cb64_3>
...
001 (14401.019.000) 07/28 17:54:11 Job executing on host: <144.92.142.167:9620?sock=8499_6821_3>
...
006 (14401.019.000) 07/28 17:54:19 Image size of job updated: 3492
	4  -  MemoryUsage of job (MB)
	3492  -  ResidentSetSize of job (KB)
...
006 (14401.019.000) 07/28 17:58:22 Image size of job updated: 133644
	4  -  MemoryUsage of job (MB)
	3492  -  ResidentSetSize of job (KB)
...
005 (14401.019.000) 07/28 17:58:22 Job terminated.
	(1) Normal termination (return value 0)
		Usr 0 00:01:00, Sys 0 00:00:00  -  Run Remote Usage
		Usr 0 00:00:00, Sys 0 00:00:00  -  Run Local Usage
		Usr 0 00:01:00, Sys 0 00:00:00  -  Total Remote Usage
		Usr 0 00:00:00, Sys 0 00:00:00  -  Total Local Usage
	0  -  Run Bytes Sent By Job
	0  -  Run Bytes Received By Job
	0  -  Total Bytes Sent By Job
	0  -  Total Bytes Received By Job
	Partitionable Resources :    Usage  Request Allocated
	   Cpus                 :                 1         1
	   Disk (KB)            :        1        1  76819592
	   Memory (MB)          :        4     3072      5377
...
