000 (14401.029.000) 07/28 17:53:58 Job submitted from host: <144.92.142.140:9620?sock=9267_cb64_3>
...
001 (14401.029.000) 07/28 17:54:25 Job executing on host: <144.92.142.162:9620?sock=10446_6bfc_3>
...
006 (14401.029.000) 07/28 17:54:34 Image size of job updated: 2500
	3  -  MemoryUsage of job (MB)
	2500  -  ResidentSetSize of job (KB)
...
006 (14401.029.000) 07/28 17:59:35 Image size of job updated: 168564
	165  -  MemoryUsage of job (MB)
	168564  -  ResidentSetSize of job (KB)
...
006 (14401.029.000) 07/28 18:04:36 Image size of job updated: 871012
	851  -  MemoryUsage of job (MB)
	871012  -  ResidentSetSize of job (KB)
...
006 (14401.029.000) 07/28 18:14:36 Image size of job updated: 871020
	851  -  MemoryUsage of job (MB)
	871020  -  ResidentSetSize of job (KB)
...
006 (14401.029.000) 07/28 18:19:37 Image size of job updated: 871428
	852  -  MemoryUsage of job (MB)
	871428  -  ResidentSetSize of job (KB)
...
006 (14401.029.000) 07/28 18:39:39 Image size of job updated: 871472
	852  -  MemoryUsage of job (MB)
	871472  -  ResidentSetSize of job (KB)
...
006 (14401.029.000) 07/28 19:19:43 Image size of job updated: 872040
	852  -  MemoryUsage of job (MB)
	872040  -  ResidentSetSize of job (KB)
...
005 (14401.029.000) 07/28 19:32:29 Job terminated.
	(1) Normal termination (return value 0)
		Usr 0 01:32:53, Sys 0 00:00:02  -  Run Remote Usage
		Usr 0 00:00:00, Sys 0 00:00:00  -  Run Local Usage
		Usr 0 01:32:53, Sys 0 00:00:02  -  Total Remote Usage
		Usr 0 00:00:00, Sys 0 00:00:00  -  Total Local Usage
	0  -  Run Bytes Sent By Job
	0  -  Run Bytes Received By Job
	0  -  Total Bytes Sent By Job
	0  -  Total Bytes Received By Job
	Partitionable Resources :    Usage  Request Allocated
	   Cpus                 :                 1         1
	   Disk (KB)            :        1        1  34134118
	   Memory (MB)          :      852     3072      3228
...
