000 (14401.098.000) 07/28 17:53:58 Job submitted from host: <144.92.142.140:9620?sock=9267_cb64_3>
...
001 (14401.098.000) 07/28 18:02:27 Job executing on host: <144.92.142.181:9620?sock=7576_d24e_3>
...
006 (14401.098.000) 07/28 18:02:36 Image size of job updated: 10224
	10  -  MemoryUsage of job (MB)
	10224  -  ResidentSetSize of job (KB)
...
006 (14401.098.000) 07/28 18:07:37 Image size of job updated: 303392
	297  -  MemoryUsage of job (MB)
	303392  -  ResidentSetSize of job (KB)
...
005 (14401.098.000) 07/28 18:11:05 Job terminated.
	(1) Normal termination (return value 0)
		Usr 0 00:07:51, Sys 0 00:00:00  -  Run Remote Usage
		Usr 0 00:00:00, Sys 0 00:00:00  -  Run Local Usage
		Usr 0 00:07:51, Sys 0 00:00:00  -  Total Remote Usage
		Usr 0 00:00:00, Sys 0 00:00:00  -  Total Local Usage
	0  -  Run Bytes Sent By Job
	0  -  Run Bytes Received By Job
	0  -  Total Bytes Sent By Job
	0  -  Total Bytes Received By Job
	Partitionable Resources :    Usage  Request Allocated
	   Cpus                 :                 1         1
	   Disk (KB)            :        1        1  37427764
	   Memory (MB)          :      297     3072      3228
...
