000 (14401.096.000) 07/28 17:53:58 Job submitted from host: <144.92.142.140:9620?sock=9267_cb64_3>
...
001 (14401.096.000) 07/28 18:02:20 Job executing on host: <144.92.142.178:9620?sock=3470_c397_3>
...
006 (14401.096.000) 07/28 18:02:28 Image size of job updated: 3408
	4  -  MemoryUsage of job (MB)
	3408  -  ResidentSetSize of job (KB)
...
006 (14401.096.000) 07/28 18:07:28 Image size of job updated: 220316
	216  -  MemoryUsage of job (MB)
	220316  -  ResidentSetSize of job (KB)
...
006 (14401.096.000) 07/28 18:10:33 Image size of job updated: 220616
	216  -  MemoryUsage of job (MB)
	220316  -  ResidentSetSize of job (KB)
...
005 (14401.096.000) 07/28 18:10:33 Job terminated.
	(1) Normal termination (return value 0)
		Usr 0 00:06:22, Sys 0 00:00:00  -  Run Remote Usage
		Usr 0 00:00:00, Sys 0 00:00:00  -  Run Local Usage
		Usr 0 00:06:22, Sys 0 00:00:00  -  Total Remote Usage
		Usr 0 00:00:00, Sys 0 00:00:00  -  Total Local Usage
	0  -  Run Bytes Sent By Job
	0  -  Run Bytes Received By Job
	0  -  Total Bytes Sent By Job
	0  -  Total Bytes Received By Job
	Partitionable Resources :    Usage  Request Allocated
	   Cpus                 :                 1         1
	   Disk (KB)            :        1        1  48717538
	   Memory (MB)          :      216     3072      4031
...
