000 (14401.083.000) 07/28 17:53:58 Job submitted from host: <144.92.142.140:9620?sock=9267_cb64_3>
...
001 (14401.083.000) 07/28 18:01:21 Job executing on host: <144.92.142.181:9620?sock=7576_d24e_3>
...
006 (14401.083.000) 07/28 18:01:30 Image size of job updated: 4224
	5  -  MemoryUsage of job (MB)
	4224  -  ResidentSetSize of job (KB)
...
006 (14401.083.000) 07/28 18:06:30 Image size of job updated: 236944
	232  -  MemoryUsage of job (MB)
	236944  -  ResidentSetSize of job (KB)
...
006 (14401.083.000) 07/28 18:08:17 Image size of job updated: 236988
	232  -  MemoryUsage of job (MB)
	236944  -  ResidentSetSize of job (KB)
...
005 (14401.083.000) 07/28 18:08:17 Job terminated.
	(1) Normal termination (return value 0)
		Usr 0 00:05:49, Sys 0 00:00:00  -  Run Remote Usage
		Usr 0 00:00:00, Sys 0 00:00:00  -  Run Local Usage
		Usr 0 00:05:49, Sys 0 00:00:00  -  Total Remote Usage
		Usr 0 00:00:00, Sys 0 00:00:00  -  Total Local Usage
	0  -  Run Bytes Sent By Job
	0  -  Run Bytes Received By Job
	0  -  Total Bytes Sent By Job
	0  -  Total Bytes Received By Job
	Partitionable Resources :    Usage  Request Allocated
	   Cpus                 :                 1         1
	   Disk (KB)            :        1        1  37427764
	   Memory (MB)          :      232     3072      3228
...
