000 (14401.028.000) 07/28 17:53:58 Job submitted from host: <144.92.142.140:9620?sock=9267_cb64_3>
...
001 (14401.028.000) 07/28 17:54:25 Job executing on host: <144.92.142.161:9620?sock=10442_34dc_3>
...
006 (14401.028.000) 07/28 17:54:34 Image size of job updated: 2500
	3  -  MemoryUsage of job (MB)
	2500  -  ResidentSetSize of job (KB)
...
006 (14401.028.000) 07/28 17:59:35 Image size of job updated: 91652
	90  -  MemoryUsage of job (MB)
	91652  -  ResidentSetSize of job (KB)
...
006 (14401.028.000) 07/28 18:04:36 Image size of job updated: 511640
	500  -  MemoryUsage of job (MB)
	511640  -  ResidentSetSize of job (KB)
...
006 (14401.028.000) 07/28 18:19:37 Image size of job updated: 511996
	500  -  MemoryUsage of job (MB)
	511996  -  ResidentSetSize of job (KB)
...
006 (14401.028.000) 07/28 18:29:37 Image size of job updated: 512032
	501  -  MemoryUsage of job (MB)
	512032  -  ResidentSetSize of job (KB)
...
006 (14401.028.000) 07/28 18:39:39 Image size of job updated: 512208
	501  -  MemoryUsage of job (MB)
	512208  -  ResidentSetSize of job (KB)
...
005 (14401.028.000) 07/28 18:47:27 Job terminated.
	(1) Normal termination (return value 0)
		Usr 0 00:47:48, Sys 0 00:00:01  -  Run Remote Usage
		Usr 0 00:00:00, Sys 0 00:00:00  -  Run Local Usage
		Usr 0 00:47:48, Sys 0 00:00:01  -  Total Remote Usage
		Usr 0 00:00:00, Sys 0 00:00:00  -  Total Local Usage
	0  -  Run Bytes Sent By Job
	0  -  Run Bytes Received By Job
	0  -  Total Bytes Sent By Job
	0  -  Total Bytes Received By Job
	Partitionable Resources :    Usage  Request Allocated
	   Cpus                 :                 1         1
	   Disk (KB)            :        1        1  33962760
	   Memory (MB)          :      501     3072      3228
...
