_CONDOR_JOB_IWD /mnt/ws/home/jferiante
Cluster 14401
Process 101
RunningOn slot23@mir-exec-01.discovery.wisc.edu
python sk_random_forests.py dud_e 101
Running Scikit Learn Random Forests for dud_e.........
Building data for target: xiap, fold: 0
Running random forests for target: xiap
target:xiap fold:0 predicted: 1792 wrong: 60 pct correct: 0.966517857143, auc: 0.999347408829
Results for xiap: accuracy: 0.966517857143, auc: 0.999347408829
Building data for target: xiap, fold: 1
Running random forests for target: xiap
target:xiap fold:1 predicted: 1792 wrong: 0 pct correct: 1.0, auc: 1.0
Results for xiap: accuracy: 0.983258928571, auc: 0.999673704415
Building data for target: xiap, fold: 2
Running random forests for target: xiap
target:xiap fold:2 predicted: 1792 wrong: 0 pct correct: 1.0, auc: 1.0
Results for xiap: accuracy: 0.988839285714, auc: 0.99978246961
Building data for target: xiap, fold: 3
Running random forests for target: xiap
target:xiap fold:3 predicted: 1792 wrong: 30 pct correct: 0.983258928571, auc: 0.99990403071
Results for xiap: accuracy: 0.987444196429, auc: 0.999812859885
Building data for target: xiap, fold: 4
Running random forests for target: xiap
target:xiap fold:4 predicted: 1915 wrong: 60 pct correct: 0.968668407311, auc: 0.999703019304
Results for xiap: accuracy: 0.983689038605, auc: 0.999790891769
####################  Results for DUD-E ####################
xiap accuracy: 0.983689038605, auc:0.999790891769
############################################################
runtime: 217.83 secs.
