000 (14401.061.000) 07/28 17:53:58 Job submitted from host: <144.92.142.140:9620?sock=9267_cb64_3>
...
001 (14401.061.000) 07/28 17:58:03 Job executing on host: <144.92.142.181:9620?sock=7576_d24e_3>
...
006 (14401.061.000) 07/28 17:58:12 Image size of job updated: 2504
	3  -  MemoryUsage of job (MB)
	2504  -  ResidentSetSize of job (KB)
...
006 (14401.061.000) 07/28 18:03:13 Image size of job updated: 273696
	268  -  MemoryUsage of job (MB)
	273696  -  ResidentSetSize of job (KB)
...
006 (14401.061.000) 07/28 18:07:13 Image size of job updated: 274260
	268  -  MemoryUsage of job (MB)
	273696  -  ResidentSetSize of job (KB)
...
005 (14401.061.000) 07/28 18:07:13 Job terminated.
	(1) Normal termination (return value 0)
		Usr 0 00:05:51, Sys 0 00:00:00  -  Run Remote Usage
		Usr 0 00:00:00, Sys 0 00:00:00  -  Run Local Usage
		Usr 0 00:05:51, Sys 0 00:00:00  -  Total Remote Usage
		Usr 0 00:00:00, Sys 0 00:00:00  -  Total Local Usage
	0  -  Run Bytes Sent By Job
	0  -  Run Bytes Received By Job
	0  -  Total Bytes Sent By Job
	0  -  Total Bytes Received By Job
	Partitionable Resources :    Usage  Request Allocated
	   Cpus                 :                 1         1
	   Disk (KB)            :        1        1  37427985
	   Memory (MB)          :      268     3072      3228
...
