000 (14401.002.000) 07/28 17:53:57 Job submitted from host: <144.92.142.140:9620?sock=9267_cb64_3>
...
001 (14401.002.000) 07/28 17:55:14 Job executing on host: <144.92.142.163:9620?sock=10480_4475_3>
...
006 (14401.002.000) 07/28 17:55:23 Image size of job updated: 3116
	4  -  MemoryUsage of job (MB)
	3116  -  ResidentSetSize of job (KB)
...
006 (14401.002.000) 07/28 18:00:24 Image size of job updated: 506016
	495  -  MemoryUsage of job (MB)
	506016  -  ResidentSetSize of job (KB)
...
006 (14401.002.000) 07/28 18:25:26 Image size of job updated: 506412
	495  -  MemoryUsage of job (MB)
	506412  -  ResidentSetSize of job (KB)
...
006 (14401.002.000) 07/28 18:35:27 Image size of job updated: 506436
	495  -  MemoryUsage of job (MB)
	506436  -  ResidentSetSize of job (KB)
...
005 (14401.002.000) 07/28 18:56:01 Job terminated.
	(1) Normal termination (return value 0)
		Usr 0 00:56:34, Sys 0 00:00:02  -  Run Remote Usage
		Usr 0 00:00:00, Sys 0 00:00:00  -  Run Local Usage
		Usr 0 00:56:34, Sys 0 00:00:02  -  Total Remote Usage
		Usr 0 00:00:00, Sys 0 00:00:00  -  Total Local Usage
	0  -  Run Bytes Sent By Job
	0  -  Run Bytes Received By Job
	0  -  Total Bytes Sent By Job
	0  -  Total Bytes Received By Job
	Partitionable Resources :    Usage  Request Allocated
	   Cpus                 :                 1         1
	   Disk (KB)            :        1        1  34973883
	   Memory (MB)          :      495     3072      3228
...
