_CONDOR_JOB_IWD /mnt/ws/home/jferiante
Cluster 14401
Process 51
RunningOn slot8@opt-a003.discovery.wisc.edu
python sk_random_forests.py dud_e 51
Running Scikit Learn Random Forests for dud_e.........
Building data for target: hxk4, fold: 0
Running random forests for target: hxk4
target:hxk4 fold:0 predicted: 1710 wrong: 0 pct correct: 1.0, auc: 1.0
Results for hxk4: accuracy: 1.0, auc: 1.0
Building data for target: hxk4, fold: 1
Running random forests for target: hxk4
target:hxk4 fold:1 predicted: 1710 wrong: 2 pct correct: 0.998830409357, auc: 1.0
Results for hxk4: accuracy: 0.999415204678, auc: 1.0
Building data for target: hxk4, fold: 2
Running random forests for target: hxk4
target:hxk4 fold:2 predicted: 1710 wrong: 2 pct correct: 0.998830409357, auc: 0.999916666667
Results for hxk4: accuracy: 0.999220272904, auc: 0.999972222222
Building data for target: hxk4, fold: 3
Running random forests for target: hxk4
target:hxk4 fold:3 predicted: 1710 wrong: 0 pct correct: 1.0, auc: 1.0
Results for hxk4: accuracy: 0.999415204678, auc: 0.999979166667
Building data for target: hxk4, fold: 4
Running random forests for target: hxk4
target:hxk4 fold:4 predicted: 1773 wrong: 0 pct correct: 1.0, auc: 1.0
Results for hxk4: accuracy: 0.999532163743, auc: 0.999983333333
####################  Results for DUD-E ####################
hxk4 accuracy: 0.999532163743, auc:0.999983333333
############################################################
runtime: 505.22 secs.
