000 (14401.097.000) 07/28 17:53:58 Job submitted from host: <144.92.142.140:9620?sock=9267_cb64_3>
...
001 (14401.097.000) 07/28 18:02:20 Job executing on host: <144.92.142.162:9620?sock=10446_6bfc_3>
...
006 (14401.097.000) 07/28 18:02:29 Image size of job updated: 8432
	9  -  MemoryUsage of job (MB)
	8432  -  ResidentSetSize of job (KB)
...
006 (14401.097.000) 07/28 18:07:29 Image size of job updated: 160548
	157  -  MemoryUsage of job (MB)
	160548  -  ResidentSetSize of job (KB)
...
006 (14401.097.000) 07/28 18:09:27 Image size of job updated: 230208
	157  -  MemoryUsage of job (MB)
	160548  -  ResidentSetSize of job (KB)
...
005 (14401.097.000) 07/28 18:09:27 Job terminated.
	(1) Normal termination (return value 0)
		Usr 0 00:06:10, Sys 0 00:00:00  -  Run Remote Usage
		Usr 0 00:00:00, Sys 0 00:00:00  -  Run Local Usage
		Usr 0 00:06:10, Sys 0 00:00:00  -  Total Remote Usage
		Usr 0 00:00:00, Sys 0 00:00:00  -  Total Local Usage
	0  -  Run Bytes Sent By Job
	0  -  Run Bytes Received By Job
	0  -  Total Bytes Sent By Job
	0  -  Total Bytes Received By Job
	Partitionable Resources :    Usage  Request Allocated
	   Cpus                 :                 1         1
	   Disk (KB)            :        1        1  34877914
	   Memory (MB)          :      157     3072      3228
...
