000 (14401.075.000) 07/28 17:53:58 Job submitted from host: <144.92.142.140:9620?sock=9267_cb64_3>
...
001 (14401.075.000) 07/28 18:01:34 Job executing on host: <144.92.142.192:9620?sock=11062_0af0_13>
...
006 (14401.075.000) 07/28 18:01:43 Image size of job updated: 5276
	6  -  MemoryUsage of job (MB)
	5276  -  ResidentSetSize of job (KB)
...
006 (14401.075.000) 07/28 18:06:44 Image size of job updated: 297148
	291  -  MemoryUsage of job (MB)
	297148  -  ResidentSetSize of job (KB)
...
006 (14401.075.000) 07/28 18:15:59 Image size of job updated: 297612
	291  -  MemoryUsage of job (MB)
	297148  -  ResidentSetSize of job (KB)
...
005 (14401.075.000) 07/28 18:15:59 Job terminated.
	(1) Normal termination (return value 0)
		Usr 0 00:13:11, Sys 0 00:00:00  -  Run Remote Usage
		Usr 0 00:00:00, Sys 0 00:00:00  -  Run Local Usage
		Usr 0 00:13:11, Sys 0 00:00:00  -  Total Remote Usage
		Usr 0 00:00:00, Sys 0 00:00:00  -  Total Local Usage
	0  -  Run Bytes Sent By Job
	0  -  Run Bytes Received By Job
	0  -  Total Bytes Sent By Job
	0  -  Total Bytes Received By Job
	Partitionable Resources :    Usage  Request Allocated
	   Cpus                 :                 1         1
	   Disk (KB)            :        1        1  36007768
	   Memory (MB)          :      291     3072      3228
...
