000 (14402.005.000) 07/28 17:54:03 Job submitted from host: <144.92.142.140:9620?sock=9267_cb64_3>
...
001 (14402.005.000) 07/28 18:04:38 Job executing on host: <144.92.142.181:9620?sock=7576_d24e_3>
...
006 (14402.005.000) 07/28 18:04:47 Image size of job updated: 26588
	26  -  MemoryUsage of job (MB)
	26588  -  ResidentSetSize of job (KB)
...
006 (14402.005.000) 07/28 18:09:48 Image size of job updated: 268268
	262  -  MemoryUsage of job (MB)
	268268  -  ResidentSetSize of job (KB)
...
006 (14402.005.000) 07/28 18:14:31 Image size of job updated: 268312
	262  -  MemoryUsage of job (MB)
	268268  -  ResidentSetSize of job (KB)
...
005 (14402.005.000) 07/28 18:14:31 Job terminated.
	(1) Normal termination (return value 0)
		Usr 0 00:09:34, Sys 0 00:00:00  -  Run Remote Usage
		Usr 0 00:00:00, Sys 0 00:00:00  -  Run Local Usage
		Usr 0 00:09:34, Sys 0 00:00:00  -  Total Remote Usage
		Usr 0 00:00:00, Sys 0 00:00:00  -  Total Local Usage
	0  -  Run Bytes Sent By Job
	0  -  Run Bytes Received By Job
	0  -  Total Bytes Sent By Job
	0  -  Total Bytes Received By Job
	Partitionable Resources :    Usage  Request Allocated
	   Cpus                 :                 1         1
	   Disk (KB)            :        1        1  37427764
	   Memory (MB)          :      262     3072      3228
...
