000 (14402.032.000) 07/28 17:54:03 Job submitted from host: <144.92.142.140:9620?sock=9267_cb64_3>
...
001 (14402.032.000) 07/28 18:05:18 Job executing on host: <144.92.142.141:9620?sock=4744_8b2e_3>
...
006 (14402.032.000) 07/28 18:05:26 Image size of job updated: 18188
	18  -  MemoryUsage of job (MB)
	18188  -  ResidentSetSize of job (KB)
...
006 (14402.032.000) 07/28 18:05:40 Image size of job updated: 593292
	18  -  MemoryUsage of job (MB)
	18188  -  ResidentSetSize of job (KB)
...
005 (14402.032.000) 07/28 18:05:41 Job terminated.
	(1) Normal termination (return value 1)
		Usr 0 00:00:00, Sys 0 00:00:00  -  Run Remote Usage
		Usr 0 00:00:00, Sys 0 00:00:00  -  Run Local Usage
		Usr 0 00:00:00, Sys 0 00:00:00  -  Total Remote Usage
		Usr 0 00:00:00, Sys 0 00:00:00  -  Total Local Usage
	0  -  Run Bytes Sent By Job
	0  -  Run Bytes Received By Job
	0  -  Total Bytes Sent By Job
	0  -  Total Bytes Received By Job
	Partitionable Resources :    Usage  Request Allocated
	   Cpus                 :                 1         1
	   Disk (KB)            :        1        1  10268464
	   Memory (MB)          :       18     3072      4031
...
