000 (14402.023.000) 07/28 17:54:03 Job submitted from host: <144.92.142.140:9620?sock=9267_cb64_3>
...
001 (14402.023.000) 07/28 18:05:00 Job executing on host: <144.92.142.141:9620?sock=4744_8b2e_3>
...
006 (14402.023.000) 07/28 18:05:09 Image size of job updated: 27800
	28  -  MemoryUsage of job (MB)
	27800  -  ResidentSetSize of job (KB)
...
006 (14402.023.000) 07/28 18:05:19 Image size of job updated: 586376
	28  -  MemoryUsage of job (MB)
	27800  -  ResidentSetSize of job (KB)
...
005 (14402.023.000) 07/28 18:05:19 Job terminated.
	(1) Normal termination (return value 1)
		Usr 0 00:00:00, Sys 0 00:00:00  -  Run Remote Usage
		Usr 0 00:00:00, Sys 0 00:00:00  -  Run Local Usage
		Usr 0 00:00:00, Sys 0 00:00:00  -  Total Remote Usage
		Usr 0 00:00:00, Sys 0 00:00:00  -  Total Local Usage
	0  -  Run Bytes Sent By Job
	0  -  Run Bytes Received By Job
	0  -  Total Bytes Sent By Job
	0  -  Total Bytes Received By Job
	Partitionable Resources :    Usage  Request Allocated
	   Cpus                 :                 1         1
	   Disk (KB)            :        1        1  10268464
	   Memory (MB)          :       28     3072      4031
...
