000 (14402.000.000) 07/28 17:54:03 Job submitted from host: <144.92.142.140:9620?sock=9267_cb64_3>
...
001 (14402.000.000) 07/28 18:02:44 Job executing on host: <144.92.142.178:9620?sock=3470_c397_3>
...
006 (14402.000.000) 07/28 18:02:53 Image size of job updated: 3448
	4  -  MemoryUsage of job (MB)
	3448  -  ResidentSetSize of job (KB)
...
006 (14402.000.000) 07/28 18:07:54 Image size of job updated: 268320
	263  -  MemoryUsage of job (MB)
	268320  -  ResidentSetSize of job (KB)
...
006 (14402.000.000) 07/28 18:12:54 Image size of job updated: 268336
	263  -  MemoryUsage of job (MB)
	268336  -  ResidentSetSize of job (KB)
...
006 (14402.000.000) 07/28 18:17:55 Image size of job updated: 268472
	263  -  MemoryUsage of job (MB)
	268472  -  ResidentSetSize of job (KB)
...
006 (14402.000.000) 07/28 18:18:03 Image size of job updated: 820632
	263  -  MemoryUsage of job (MB)
	268472  -  ResidentSetSize of job (KB)
...
005 (14402.000.000) 07/28 18:18:03 Job terminated.
	(1) Normal termination (return value 0)
		Usr 0 00:13:48, Sys 0 00:00:00  -  Run Remote Usage
		Usr 0 00:00:00, Sys 0 00:00:00  -  Run Local Usage
		Usr 0 00:13:48, Sys 0 00:00:00  -  Total Remote Usage
		Usr 0 00:00:00, Sys 0 00:00:00  -  Total Local Usage
	0  -  Run Bytes Sent By Job
	0  -  Run Bytes Received By Job
	0  -  Total Bytes Sent By Job
	0  -  Total Bytes Received By Job
	Partitionable Resources :    Usage  Request Allocated
	   Cpus                 :                 1         1
	   Disk (KB)            :        1        1  48717544
	   Memory (MB)          :      263     3072      4031
...
