000 (14402.002.000) 07/28 17:54:03 Job submitted from host: <144.92.142.140:9620?sock=9267_cb64_3>
...
001 (14402.002.000) 07/28 18:03:42 Job executing on host: <144.92.142.141:9620?sock=4744_8b2e_3>
...
006 (14402.002.000) 07/28 18:03:51 Image size of job updated: 3616
	4  -  MemoryUsage of job (MB)
	3616  -  ResidentSetSize of job (KB)
...
006 (14402.002.000) 07/28 18:08:51 Image size of job updated: 268332
	263  -  MemoryUsage of job (MB)
	268332  -  ResidentSetSize of job (KB)
...
006 (14402.002.000) 07/28 18:13:51 Image size of job updated: 268384
	263  -  MemoryUsage of job (MB)
	268384  -  ResidentSetSize of job (KB)
...
005 (14402.002.000) 07/28 18:16:33 Job terminated.
	(1) Normal termination (return value 0)
		Usr 0 00:12:02, Sys 0 00:00:01  -  Run Remote Usage
		Usr 0 00:00:00, Sys 0 00:00:00  -  Run Local Usage
		Usr 0 00:12:02, Sys 0 00:00:01  -  Total Remote Usage
		Usr 0 00:00:00, Sys 0 00:00:00  -  Total Local Usage
	0  -  Run Bytes Sent By Job
	0  -  Run Bytes Received By Job
	0  -  Total Bytes Sent By Job
	0  -  Total Bytes Received By Job
	Partitionable Resources :    Usage  Request Allocated
	   Cpus                 :                 1         1
	   Disk (KB)            :        1        1  10268464
	   Memory (MB)          :      263     3072      4031
...
