000 (14402.013.000) 07/28 17:54:03 Job submitted from host: <144.92.142.140:9620?sock=9267_cb64_3>
...
001 (14402.013.000) 07/28 18:04:11 Job executing on host: <144.92.142.192:9620?sock=11062_0af0_13>
...
006 (14402.013.000) 07/28 18:04:20 Image size of job updated: 27664
	28  -  MemoryUsage of job (MB)
	27664  -  ResidentSetSize of job (KB)
...
006 (14402.013.000) 07/28 18:09:21 Image size of job updated: 268336
	263  -  MemoryUsage of job (MB)
	268336  -  ResidentSetSize of job (KB)
...
005 (14402.013.000) 07/28 18:13:24 Job terminated.
	(1) Normal termination (return value 0)
		Usr 0 00:08:53, Sys 0 00:00:00  -  Run Remote Usage
		Usr 0 00:00:00, Sys 0 00:00:00  -  Run Local Usage
		Usr 0 00:08:53, Sys 0 00:00:00  -  Total Remote Usage
		Usr 0 00:00:00, Sys 0 00:00:00  -  Total Local Usage
	0  -  Run Bytes Sent By Job
	0  -  Run Bytes Received By Job
	0  -  Total Bytes Sent By Job
	0  -  Total Bytes Received By Job
	Partitionable Resources :    Usage  Request Allocated
	   Cpus                 :                 1         1
	   Disk (KB)            :        1        1  36007651
	   Memory (MB)          :      263     3072      3228
...
