000 (14402.017.000) 07/28 17:54:03 Job submitted from host: <144.92.142.140:9620?sock=9267_cb64_3>
...
001 (14402.017.000) 07/28 18:07:23 Job executing on host: <144.92.142.178:9620?sock=3470_c397_3>
...
006 (14402.017.000) 07/28 18:07:32 Image size of job updated: 16344
	16  -  MemoryUsage of job (MB)
	16344  -  ResidentSetSize of job (KB)
...
006 (14402.017.000) 07/28 18:07:44 Image size of job updated: 42808
	16  -  MemoryUsage of job (MB)
	16344  -  ResidentSetSize of job (KB)
...
005 (14402.017.000) 07/28 18:07:44 Job terminated.
	(1) Normal termination (return value 1)
		Usr 0 00:00:00, Sys 0 00:00:00  -  Run Remote Usage
		Usr 0 00:00:00, Sys 0 00:00:00  -  Run Local Usage
		Usr 0 00:00:00, Sys 0 00:00:00  -  Total Remote Usage
		Usr 0 00:00:00, Sys 0 00:00:00  -  Total Local Usage
	0  -  Run Bytes Sent By Job
	0  -  Run Bytes Received By Job
	0  -  Total Bytes Sent By Job
	0  -  Total Bytes Received By Job
	Partitionable Resources :    Usage  Request Allocated
	   Cpus                 :                 1         1
	   Disk (KB)            :        1        1  49110096
	   Memory (MB)          :       16     3072      4031
...
