000 (14403.011.000) 07/28 17:54:23 Job submitted from host: <144.92.142.140:9620?sock=9267_cb64_3>
...
001 (14403.011.000) 07/28 18:12:15 Job executing on host: <144.92.142.136:9620?sock=6083_9576_4>
...
006 (14403.011.000) 07/28 18:12:24 Image size of job updated: 32808
	33  -  MemoryUsage of job (MB)
	32808  -  ResidentSetSize of job (KB)
...
006 (14403.011.000) 07/28 18:17:24 Image size of job updated: 4251932
	4153  -  MemoryUsage of job (MB)
	4251932  -  ResidentSetSize of job (KB)
...
006 (14403.011.000) 07/28 20:27:39 Image size of job updated: 4251992
	4153  -  MemoryUsage of job (MB)
	4251992  -  ResidentSetSize of job (KB)
...
006 (14403.011.000) 07/29 04:13:24 Image size of job updated: 4253048
	4154  -  MemoryUsage of job (MB)
	4253048  -  ResidentSetSize of job (KB)
...
005 (14403.011.000) 07/29 10:01:27 Job terminated.
	(1) Normal termination (return value 0)
		Usr 0 15:47:50, Sys 0 00:00:19  -  Run Remote Usage
		Usr 0 00:00:00, Sys 0 00:00:00  -  Run Local Usage
		Usr 0 15:47:50, Sys 0 00:00:19  -  Total Remote Usage
		Usr 0 00:00:00, Sys 0 00:00:00  -  Total Local Usage
	0  -  Run Bytes Sent By Job
	0  -  Run Bytes Received By Job
	0  -  Total Bytes Sent By Job
	0  -  Total Bytes Received By Job
	Partitionable Resources :    Usage  Request Allocated
	   Cpus                 :                 1         1
	   Disk (KB)            :        1        1  26198061
	   Memory (MB)          :     4154     8192     12288
...
