000 (14403.101.000) 07/28 17:54:24 Job submitted from host: <144.92.142.140:9620?sock=9267_cb64_3>
...
001 (14403.101.000) 07/28 18:42:45 Job executing on host: <144.92.142.156:9620?sock=7917_a1a6_3>
...
006 (14403.101.000) 07/28 18:42:54 Image size of job updated: 18188
	18  -  MemoryUsage of job (MB)
	18188  -  ResidentSetSize of job (KB)
...
006 (14403.101.000) 07/28 18:47:54 Image size of job updated: 2623292
	2562  -  MemoryUsage of job (MB)
	2623292  -  ResidentSetSize of job (KB)
...
006 (14403.101.000) 07/28 18:52:54 Image size of job updated: 5389560
	5264  -  MemoryUsage of job (MB)
	5389560  -  ResidentSetSize of job (KB)
...
006 (14403.101.000) 07/29 02:28:43 Image size of job updated: 5389872
	5264  -  MemoryUsage of job (MB)
	5389872  -  ResidentSetSize of job (KB)
...
006 (14403.101.000) 07/29 08:09:17 Image size of job updated: 5389880
	5264  -  MemoryUsage of job (MB)
	5389880  -  ResidentSetSize of job (KB)
...
004 (14403.101.000) 07/29 12:01:20 Job was evicted.
	(0) Job was not checkpointed.
		Usr 0 17:09:42, Sys 0 00:00:11  -  Run Remote Usage
		Usr 0 00:00:00, Sys 0 00:00:00  -  Run Local Usage
	0  -  Run Bytes Sent By Job
	0  -  Run Bytes Received By Job
	Partitionable Resources :    Usage  Request Allocated
	   Cpus                 :                 1         1
	   Disk (KB)            :        1        1 140419684
	   Memory (MB)          :     5264     8192     21265
...
009 (14403.101.000) 07/29 12:01:20 Job was aborted by the user.
	via condor_rm (by user jferiante)
...
