000 (14403.080.000) 07/28 17:54:24 Job submitted from host: <144.92.142.140:9620?sock=9267_cb64_3>
...
001 (14403.080.000) 07/28 18:35:45 Job executing on host: <144.92.142.151:9620?sock=7917_a1a6_3>
...
006 (14403.080.000) 07/28 18:35:53 Image size of job updated: 31060
	31  -  MemoryUsage of job (MB)
	31060  -  ResidentSetSize of job (KB)
...
006 (14403.080.000) 07/28 18:40:53 Image size of job updated: 2716084
	2653  -  MemoryUsage of job (MB)
	2716084  -  ResidentSetSize of job (KB)
...
006 (14403.080.000) 07/28 18:45:54 Image size of job updated: 5126384
	5007  -  MemoryUsage of job (MB)
	5126384  -  ResidentSetSize of job (KB)
...
006 (14403.080.000) 07/29 01:06:33 Image size of job updated: 5126624
	5007  -  MemoryUsage of job (MB)
	5126624  -  ResidentSetSize of job (KB)
...
004 (14403.080.000) 07/29 12:01:20 Job was evicted.
	(0) Job was not checkpointed.
		Usr 0 17:16:06, Sys 0 00:00:14  -  Run Remote Usage
		Usr 0 00:00:00, Sys 0 00:00:00  -  Run Local Usage
	0  -  Run Bytes Sent By Job
	0  -  Run Bytes Received By Job
	Partitionable Resources :    Usage  Request Allocated
	   Cpus                 :                 1         1
	   Disk (KB)            :        1        1 140448584
	   Memory (MB)          :     5007     8192     21265
...
009 (14403.080.000) 07/29 12:01:20 Job was aborted by the user.
	via condor_rm (by user jferiante)
...
