000 (14403.043.000) 07/28 17:54:24 Job submitted from host: <144.92.142.140:9620?sock=9267_cb64_3>
...
001 (14403.043.000) 07/28 18:27:47 Job executing on host: <144.92.142.136:9620?sock=6083_9576_4>
...
006 (14403.043.000) 07/28 18:27:56 Image size of job updated: 36576
	36  -  MemoryUsage of job (MB)
	36576  -  ResidentSetSize of job (KB)
...
006 (14403.043.000) 07/28 18:32:57 Image size of job updated: 4932936
	4818  -  MemoryUsage of job (MB)
	4932936  -  ResidentSetSize of job (KB)
...
006 (14403.043.000) 07/28 21:13:14 Image size of job updated: 4932976
	4818  -  MemoryUsage of job (MB)
	4932976  -  ResidentSetSize of job (KB)
...
006 (14403.043.000) 07/28 22:38:24 Image size of job updated: 4933284
	4818  -  MemoryUsage of job (MB)
	4933284  -  ResidentSetSize of job (KB)
...
006 (14403.043.000) 07/29 07:39:22 Image size of job updated: 4933608
	4818  -  MemoryUsage of job (MB)
	4933608  -  ResidentSetSize of job (KB)
...
005 (14403.043.000) 07/29 10:28:46 Job terminated.
	(1) Normal termination (return value 0)
		Usr 0 15:59:26, Sys 0 00:00:21  -  Run Remote Usage
		Usr 0 00:00:00, Sys 0 00:00:00  -  Run Local Usage
		Usr 0 15:59:26, Sys 0 00:00:21  -  Total Remote Usage
		Usr 0 00:00:00, Sys 0 00:00:00  -  Total Local Usage
	0  -  Run Bytes Sent By Job
	0  -  Run Bytes Received By Job
	0  -  Total Bytes Sent By Job
	0  -  Total Bytes Received By Job
	Partitionable Resources :    Usage  Request Allocated
	   Cpus                 :                 1         1
	   Disk (KB)            :        1        1  26198093
	   Memory (MB)          :     4818     8192     12288
...
