000 (14403.112.000) 07/28 17:54:24 Job submitted from host: <144.92.142.140:9620?sock=9267_cb64_3>
...
001 (14403.112.000) 07/28 18:47:49 Job executing on host: <144.92.142.156:9620?sock=7917_a1a6_3>
...
006 (14403.112.000) 07/28 18:47:57 Image size of job updated: 18016
	18  -  MemoryUsage of job (MB)
	18016  -  ResidentSetSize of job (KB)
...
006 (14403.112.000) 07/28 18:52:57 Image size of job updated: 289352
	283  -  MemoryUsage of job (MB)
	289352  -  ResidentSetSize of job (KB)
...
006 (14403.112.000) 07/28 18:57:58 Image size of job updated: 289760
	283  -  MemoryUsage of job (MB)
	289760  -  ResidentSetSize of job (KB)
...
006 (14403.112.000) 07/28 19:02:59 Image size of job updated: 289772
	283  -  MemoryUsage of job (MB)
	289772  -  ResidentSetSize of job (KB)
...
006 (14403.112.000) 07/28 19:07:59 Image size of job updated: 289820
	284  -  MemoryUsage of job (MB)
	289820  -  ResidentSetSize of job (KB)
...
005 (14403.112.000) 07/28 19:14:52 Job terminated.
	(1) Normal termination (return value 0)
		Usr 0 00:26:23, Sys 0 00:00:02  -  Run Remote Usage
		Usr 0 00:00:00, Sys 0 00:00:00  -  Run Local Usage
		Usr 0 00:26:23, Sys 0 00:00:02  -  Total Remote Usage
		Usr 0 00:00:00, Sys 0 00:00:00  -  Total Local Usage
	0  -  Run Bytes Sent By Job
	0  -  Run Bytes Received By Job
	0  -  Total Bytes Sent By Job
	0  -  Total Bytes Received By Job
	Partitionable Resources :    Usage  Request Allocated
	   Cpus                 :                 1         1
	   Disk (KB)            :        1        1 140448582
	   Memory (MB)          :      284     8192     21265
...
