000 (14403.035.000) 07/28 17:54:24 Job submitted from host: <144.92.142.140:9620?sock=9267_cb64_3>
...
001 (14403.035.000) 07/28 18:23:54 Job executing on host: <144.92.142.165:9620?sock=9950_ad0a_3>
...
006 (14403.035.000) 07/28 18:24:02 Image size of job updated: 27148
	27  -  MemoryUsage of job (MB)
	27148  -  ResidentSetSize of job (KB)
...
006 (14403.035.000) 07/28 18:29:02 Image size of job updated: 6498540
	6347  -  MemoryUsage of job (MB)
	6498540  -  ResidentSetSize of job (KB)
...
006 (14403.035.000) 07/28 18:34:02 Image size of job updated: 8693416
	8490  -  MemoryUsage of job (MB)
	8693416  -  ResidentSetSize of job (KB)
...
004 (14403.035.000) 07/29 12:01:19 Job was evicted.
	(0) Job was not checkpointed.
		Usr 0 17:36:29, Sys 0 00:00:17  -  Run Remote Usage
		Usr 0 00:00:00, Sys 0 00:00:00  -  Run Local Usage
	0  -  Run Bytes Sent By Job
	0  -  Run Bytes Received By Job
	Partitionable Resources :    Usage  Request Allocated
	   Cpus                 :                 1         1
	   Disk (KB)            :        1        1  81607427
	   Memory (MB)          :     8490     8192     12109
...
009 (14403.035.000) 07/29 12:01:19 Job was aborted by the user.
	via condor_rm (by user jferiante)
...
