000 (14403.041.000) 07/28 17:54:24 Job submitted from host: <144.92.142.140:9620?sock=9267_cb64_3>
...
001 (14403.041.000) 07/28 18:26:44 Job executing on host: <144.92.142.170:9620?sock=8495_73f6_4>
...
006 (14403.041.000) 07/28 18:26:53 Image size of job updated: 37136
	37  -  MemoryUsage of job (MB)
	37136  -  ResidentSetSize of job (KB)
...
006 (14403.041.000) 07/28 18:31:54 Image size of job updated: 3788188
	3700  -  MemoryUsage of job (MB)
	3788188  -  ResidentSetSize of job (KB)
...
006 (14403.041.000) 07/28 19:57:02 Image size of job updated: 3788236
	3700  -  MemoryUsage of job (MB)
	3788236  -  ResidentSetSize of job (KB)
...
006 (14403.041.000) 07/28 20:37:06 Image size of job updated: 3792316
	3704  -  MemoryUsage of job (MB)
	3792316  -  ResidentSetSize of job (KB)
...
006 (14403.041.000) 07/28 22:17:16 Image size of job updated: 3792584
	3704  -  MemoryUsage of job (MB)
	3792584  -  ResidentSetSize of job (KB)
...
006 (14403.041.000) 07/28 23:07:22 Image size of job updated: 3792632
	3704  -  MemoryUsage of job (MB)
	3792632  -  ResidentSetSize of job (KB)
...
005 (14403.041.000) 07/29 03:12:58 Job terminated.
	(1) Normal termination (return value 0)
		Usr 0 08:45:44, Sys 0 00:00:08  -  Run Remote Usage
		Usr 0 00:00:00, Sys 0 00:00:00  -  Run Local Usage
		Usr 0 08:45:44, Sys 0 00:00:08  -  Total Remote Usage
		Usr 0 00:00:00, Sys 0 00:00:00  -  Total Local Usage
	0  -  Run Bytes Sent By Job
	0  -  Run Bytes Received By Job
	0  -  Total Bytes Sent By Job
	0  -  Total Bytes Received By Job
	Partitionable Resources :    Usage  Request Allocated
	   Cpus                 :                 1         4
	   Disk (KB)            :        1        1 163197568
	   Memory (MB)          :     3704     8192     21508
...
