000 (14403.028.000) 07/28 17:54:23 Job submitted from host: <144.92.142.140:9620?sock=9267_cb64_3>
...
001 (14403.028.000) 07/28 18:19:50 Job executing on host: <144.92.142.151:9620?sock=7917_a1a6_3>
...
006 (14403.028.000) 07/28 18:19:59 Image size of job updated: 31336
	31  -  MemoryUsage of job (MB)
	31336  -  ResidentSetSize of job (KB)
...
006 (14403.028.000) 07/28 18:25:00 Image size of job updated: 4051140
	3957  -  MemoryUsage of job (MB)
	4051140  -  ResidentSetSize of job (KB)
...
005 (14403.028.000) 07/29 10:04:07 Job terminated.
	(1) Normal termination (return value 0)
		Usr 0 15:37:43, Sys 0 00:00:17  -  Run Remote Usage
		Usr 0 00:00:00, Sys 0 00:00:00  -  Run Local Usage
		Usr 0 15:37:43, Sys 0 00:00:17  -  Total Remote Usage
		Usr 0 00:00:00, Sys 0 00:00:00  -  Total Local Usage
	0  -  Run Bytes Sent By Job
	0  -  Run Bytes Received By Job
	0  -  Total Bytes Sent By Job
	0  -  Total Bytes Received By Job
	Partitionable Resources :    Usage  Request Allocated
	   Cpus                 :                 1         1
	   Disk (KB)            :        1        1 140446540
	   Memory (MB)          :     3957     8192     21265
...
