000 (14403.108.000) 07/28 17:54:24 Job submitted from host: <144.92.142.140:9620?sock=9267_cb64_3>
...
001 (14403.108.000) 07/28 18:44:46 Job executing on host: <144.92.142.136:9620?sock=6083_9576_4>
...
006 (14403.108.000) 07/28 18:44:55 Image size of job updated: 36568
	36  -  MemoryUsage of job (MB)
	36568  -  ResidentSetSize of job (KB)
...
006 (14403.108.000) 07/28 18:49:56 Image size of job updated: 1102832
	1077  -  MemoryUsage of job (MB)
	1102832  -  ResidentSetSize of job (KB)
...
006 (14403.108.000) 07/28 18:59:57 Image size of job updated: 1103260
	1078  -  MemoryUsage of job (MB)
	1103260  -  ResidentSetSize of job (KB)
...
006 (14403.108.000) 07/28 19:14:58 Image size of job updated: 1103268
	1078  -  MemoryUsage of job (MB)
	1103268  -  ResidentSetSize of job (KB)
...
006 (14403.108.000) 07/28 19:40:00 Image size of job updated: 1103828
	1078  -  MemoryUsage of job (MB)
	1103828  -  ResidentSetSize of job (KB)
...
005 (14403.108.000) 07/28 19:51:35 Job terminated.
	(1) Normal termination (return value 0)
		Usr 0 01:06:27, Sys 0 00:00:04  -  Run Remote Usage
		Usr 0 00:00:00, Sys 0 00:00:00  -  Run Local Usage
		Usr 0 01:06:27, Sys 0 00:00:04  -  Total Remote Usage
		Usr 0 00:00:00, Sys 0 00:00:00  -  Total Local Usage
	0  -  Run Bytes Sent By Job
	0  -  Run Bytes Received By Job
	0  -  Total Bytes Sent By Job
	0  -  Total Bytes Received By Job
	Partitionable Resources :    Usage  Request Allocated
	   Cpus                 :                 1         1
	   Disk (KB)            :        1        1  26198092
	   Memory (MB)          :     1078     8192     12288
...
