000 (14403.090.000) 07/28 17:54:24 Job submitted from host: <144.92.142.140:9620?sock=9267_cb64_3>
...
001 (14403.090.000) 07/28 18:38:47 Job executing on host: <144.92.142.136:9620?sock=6083_9576_4>
...
006 (14403.090.000) 07/28 18:38:56 Image size of job updated: 27452
	27  -  MemoryUsage of job (MB)
	27452  -  ResidentSetSize of job (KB)
...
006 (14403.090.000) 07/28 18:43:57 Image size of job updated: 5865688
	5729  -  MemoryUsage of job (MB)
	5865688  -  ResidentSetSize of job (KB)
...
006 (14403.090.000) 07/28 18:48:57 Image size of job updated: 7295752
	7125  -  MemoryUsage of job (MB)
	7295752  -  ResidentSetSize of job (KB)
...
006 (14403.090.000) 07/29 04:45:02 Image size of job updated: 7295808
	7125  -  MemoryUsage of job (MB)
	7295808  -  ResidentSetSize of job (KB)
...
004 (14403.090.000) 07/29 12:01:21 Job was evicted.
	(0) Job was not checkpointed.
		Usr 0 17:21:09, Sys 0 00:00:16  -  Run Remote Usage
		Usr 0 00:00:00, Sys 0 00:00:00  -  Run Local Usage
	0  -  Run Bytes Sent By Job
	0  -  Run Bytes Received By Job
	Partitionable Resources :    Usage  Request Allocated
	   Cpus                 :                 1         1
	   Disk (KB)            :        1        1  26198095
	   Memory (MB)          :     7125     8192     12288
...
009 (14403.090.000) 07/29 12:01:21 Job was aborted by the user.
	via condor_rm (by user jferiante)
...
