000 (14403.116.000) 07/28 17:54:24 Job submitted from host: <144.92.142.140:9620?sock=9267_cb64_3>
...
001 (14403.116.000) 07/28 18:49:51 Job executing on host: <144.92.142.192:9620?sock=11062_0af0_13>
...
006 (14403.116.000) 07/28 18:50:00 Image size of job updated: 26488
	26  -  MemoryUsage of job (MB)
	26488  -  ResidentSetSize of job (KB)
...
006 (14403.116.000) 07/28 18:55:01 Image size of job updated: 2528572
	2470  -  MemoryUsage of job (MB)
	2528572  -  ResidentSetSize of job (KB)
...
006 (14403.116.000) 07/28 20:10:09 Image size of job updated: 2528884
	2470  -  MemoryUsage of job (MB)
	2528884  -  ResidentSetSize of job (KB)
...
006 (14403.116.000) 07/28 21:10:15 Image size of job updated: 2529148
	2470  -  MemoryUsage of job (MB)
	2529148  -  ResidentSetSize of job (KB)
...
006 (14403.116.000) 07/28 22:10:22 Image size of job updated: 2781348
	2717  -  MemoryUsage of job (MB)
	2781348  -  ResidentSetSize of job (KB)
...
005 (14403.116.000) 07/29 00:11:37 Job terminated.
	(1) Normal termination (return value 0)
		Usr 0 05:21:08, Sys 0 00:00:06  -  Run Remote Usage
		Usr 0 00:00:00, Sys 0 00:00:00  -  Run Local Usage
		Usr 0 05:21:08, Sys 0 00:00:06  -  Total Remote Usage
		Usr 0 00:00:00, Sys 0 00:00:00  -  Total Local Usage
	0  -  Run Bytes Sent By Job
	0  -  Run Bytes Received By Job
	0  -  Total Bytes Sent By Job
	0  -  Total Bytes Received By Job
	Partitionable Resources :    Usage  Request Allocated
	   Cpus                 :                 1         4
	   Disk (KB)            :        1        1  37428480
	   Memory (MB)          :     2717     8192     12915
...
