000 (14403.092.000) 07/28 17:54:24 Job submitted from host: <144.92.142.140:9620?sock=9267_cb64_3>
...
001 (14403.092.000) 07/28 18:40:07 Job executing on host: <144.92.142.174:9620?sock=5096_79fc_3>
...
006 (14403.092.000) 07/28 18:40:16 Image size of job updated: 34192
	34  -  MemoryUsage of job (MB)
	34192  -  ResidentSetSize of job (KB)
...
006 (14403.092.000) 07/28 18:45:17 Image size of job updated: 5189572
	5068  -  MemoryUsage of job (MB)
	5189572  -  ResidentSetSize of job (KB)
...
006 (14403.092.000) 07/28 18:50:18 Image size of job updated: 7891848
	7707  -  MemoryUsage of job (MB)
	7891848  -  ResidentSetSize of job (KB)
...
006 (14403.092.000) 07/28 21:50:34 Image size of job updated: 7891904
	7707  -  MemoryUsage of job (MB)
	7891904  -  ResidentSetSize of job (KB)
...
006 (14403.092.000) 07/29 00:40:51 Image size of job updated: 7891912
	7707  -  MemoryUsage of job (MB)
	7891912  -  ResidentSetSize of job (KB)
...
005 (14403.092.000) 07/29 08:57:01 Job terminated.
	(1) Normal termination (return value 0)
		Usr 0 14:16:07, Sys 0 00:00:13  -  Run Remote Usage
		Usr 0 00:00:00, Sys 0 00:00:00  -  Run Local Usage
		Usr 0 14:16:07, Sys 0 00:00:13  -  Total Remote Usage
		Usr 0 00:00:00, Sys 0 00:00:00  -  Total Local Usage
	0  -  Run Bytes Sent By Job
	0  -  Run Bytes Received By Job
	0  -  Total Bytes Sent By Job
	0  -  Total Bytes Received By Job
	Partitionable Resources :    Usage  Request Allocated
	   Cpus                 :                 1         4
	   Disk (KB)            :        1        1  27963867
	   Memory (MB)          :     7707     8192     16126
...
