000 (14403.049.000) 07/28 17:54:24 Job submitted from host: <144.92.142.140:9620?sock=9267_cb64_3>
...
001 (14403.049.000) 07/28 18:28:48 Job executing on host: <144.92.142.136:9620?sock=6083_9576_4>
...
006 (14403.049.000) 07/28 18:28:56 Image size of job updated: 16404
	17  -  MemoryUsage of job (MB)
	16404  -  ResidentSetSize of job (KB)
...
006 (14403.049.000) 07/28 18:33:56 Image size of job updated: 4135912
	4039  -  MemoryUsage of job (MB)
	4135912  -  ResidentSetSize of job (KB)
...
006 (14403.049.000) 07/28 18:38:57 Image size of job updated: 10674760
	10425  -  MemoryUsage of job (MB)
	10674760  -  ResidentSetSize of job (KB)
...
006 (14403.049.000) 07/29 05:40:06 Image size of job updated: 10674820
	10425  -  MemoryUsage of job (MB)
	10674820  -  ResidentSetSize of job (KB)
...
006 (14403.049.000) 07/29 12:01:20 Image size of job updated: 11227004
	10425  -  MemoryUsage of job (MB)
	10674820  -  ResidentSetSize of job (KB)
...
004 (14403.049.000) 07/29 12:01:20 Job was evicted.
	(0) Job was not checkpointed.
		Usr 0 17:31:01, Sys 0 00:00:14  -  Run Remote Usage
		Usr 0 00:00:00, Sys 0 00:00:00  -  Run Local Usage
	0  -  Run Bytes Sent By Job
	0  -  Run Bytes Received By Job
	Partitionable Resources :    Usage  Request Allocated
	   Cpus                 :                 1         1
	   Disk (KB)            :        1        1  26198090
	   Memory (MB)          :    10425     8192     12288
...
009 (14403.049.000) 07/29 12:01:20 Job was aborted by the user.
	via condor_rm (by user jferiante)
...
