000 (14403.121.000) 07/28 17:54:24 Job submitted from host: <144.92.142.140:9620?sock=9267_cb64_3>
...
001 (14403.121.000) 07/28 18:50:57 Job executing on host: <144.92.142.155:9620?sock=2739_f5d7_3>
...
006 (14403.121.000) 07/28 18:51:05 Image size of job updated: 24692
	25  -  MemoryUsage of job (MB)
	24692  -  ResidentSetSize of job (KB)
...
006 (14403.121.000) 07/28 18:56:05 Image size of job updated: 323312
	316  -  MemoryUsage of job (MB)
	323312  -  ResidentSetSize of job (KB)
...
006 (14403.121.000) 07/28 19:01:06 Image size of job updated: 323548
	316  -  MemoryUsage of job (MB)
	323548  -  ResidentSetSize of job (KB)
...
006 (14403.121.000) 07/28 19:11:07 Image size of job updated: 323824
	317  -  MemoryUsage of job (MB)
	323824  -  ResidentSetSize of job (KB)
...
006 (14403.121.000) 07/28 19:31:08 Image size of job updated: 323928
	317  -  MemoryUsage of job (MB)
	323928  -  ResidentSetSize of job (KB)
...
005 (14403.121.000) 07/28 19:36:36 Job terminated.
	(1) Normal termination (return value 0)
		Usr 0 00:45:09, Sys 0 00:00:01  -  Run Remote Usage
		Usr 0 00:00:00, Sys 0 00:00:00  -  Run Local Usage
		Usr 0 00:45:09, Sys 0 00:00:01  -  Total Remote Usage
		Usr 0 00:00:00, Sys 0 00:00:00  -  Total Local Usage
	0  -  Run Bytes Sent By Job
	0  -  Run Bytes Received By Job
	0  -  Total Bytes Sent By Job
	0  -  Total Bytes Received By Job
	Partitionable Resources :    Usage  Request Allocated
	   Cpus                 :                 1         1
	   Disk (KB)            :        1        1 140402846
	   Memory (MB)          :      317     8192     21265
...
