000 (14403.060.000) 07/28 17:54:24 Job submitted from host: <144.92.142.140:9620?sock=9267_cb64_3>
...
001 (14403.060.000) 07/28 18:31:46 Job executing on host: <144.92.142.136:9620?sock=6083_9576_4>
...
006 (14403.060.000) 07/28 18:31:54 Image size of job updated: 20140
	20  -  MemoryUsage of job (MB)
	20140  -  ResidentSetSize of job (KB)
...
006 (14403.060.000) 07/28 18:36:54 Image size of job updated: 4039940
	3946  -  MemoryUsage of job (MB)
	4039940  -  ResidentSetSize of job (KB)
...
006 (14403.060.000) 07/28 18:41:54 Image size of job updated: 9117728
	8905  -  MemoryUsage of job (MB)
	9117728  -  ResidentSetSize of job (KB)
...
006 (14403.060.000) 07/29 09:08:23 Image size of job updated: 9118040
	8905  -  MemoryUsage of job (MB)
	9118040  -  ResidentSetSize of job (KB)
...
004 (14403.060.000) 07/29 12:01:21 Job was evicted.
	(0) Job was not checkpointed.
		Usr 0 17:28:15, Sys 0 00:00:12  -  Run Remote Usage
		Usr 0 00:00:00, Sys 0 00:00:00  -  Run Local Usage
	0  -  Run Bytes Sent By Job
	0  -  Run Bytes Received By Job
	Partitionable Resources :    Usage  Request Allocated
	   Cpus                 :                 1         1
	   Disk (KB)            :        1        1  26198094
	   Memory (MB)          :     8905     8192     12288
...
009 (14403.060.000) 07/29 12:01:21 Job was aborted by the user.
	via condor_rm (by user jferiante)
...
