000 (14403.055.000) 07/28 17:54:24 Job submitted from host: <144.92.142.140:9620?sock=9267_cb64_3>
...
001 (14403.055.000) 07/28 18:29:45 Job executing on host: <144.92.142.136:9620?sock=6083_9576_4>
...
006 (14403.055.000) 07/28 18:29:53 Image size of job updated: 34008
	34  -  MemoryUsage of job (MB)
	34008  -  ResidentSetSize of job (KB)
...
006 (14403.055.000) 07/28 18:34:53 Image size of job updated: 4830692
	4718  -  MemoryUsage of job (MB)
	4830692  -  ResidentSetSize of job (KB)
...
006 (14403.055.000) 07/28 18:39:53 Image size of job updated: 6069604
	5928  -  MemoryUsage of job (MB)
	6069604  -  ResidentSetSize of job (KB)
...
006 (14403.055.000) 07/29 12:01:20 Image size of job updated: 6621632
	5928  -  MemoryUsage of job (MB)
	6069604  -  ResidentSetSize of job (KB)
...
004 (14403.055.000) 07/29 12:01:21 Job was evicted.
	(0) Job was not checkpointed.
		Usr 0 17:30:20, Sys 0 00:00:17  -  Run Remote Usage
		Usr 0 00:00:00, Sys 0 00:00:00  -  Run Local Usage
	0  -  Run Bytes Sent By Job
	0  -  Run Bytes Received By Job
	Partitionable Resources :    Usage  Request Allocated
	   Cpus                 :                 1         1
	   Disk (KB)            :        1        1  26198076
	   Memory (MB)          :     5928     8192     12288
...
009 (14403.055.000) 07/29 12:01:21 Job was aborted by the user.
	via condor_rm (by user jferiante)
...
