000 (14403.086.000) 07/28 17:54:24 Job submitted from host: <144.92.142.140:9620?sock=9267_cb64_3>
...
001 (14403.086.000) 07/28 18:37:49 Job executing on host: <144.92.142.151:9620?sock=7917_a1a6_3>
...
006 (14403.086.000) 07/28 18:37:58 Image size of job updated: 20420
	20  -  MemoryUsage of job (MB)
	20420  -  ResidentSetSize of job (KB)
...
006 (14403.086.000) 07/28 18:42:59 Image size of job updated: 2575504
	2516  -  MemoryUsage of job (MB)
	2575504  -  ResidentSetSize of job (KB)
...
006 (14403.086.000) 07/28 18:48:00 Image size of job updated: 6696820
	6540  -  MemoryUsage of job (MB)
	6696820  -  ResidentSetSize of job (KB)
...
006 (14403.086.000) 07/29 01:18:39 Image size of job updated: 6696876
	6540  -  MemoryUsage of job (MB)
	6696876  -  ResidentSetSize of job (KB)
...
006 (14403.086.000) 07/29 07:09:18 Image size of job updated: 6696884
	6540  -  MemoryUsage of job (MB)
	6696884  -  ResidentSetSize of job (KB)
...
004 (14403.086.000) 07/29 12:01:20 Job was evicted.
	(0) Job was not checkpointed.
		Usr 0 17:12:27, Sys 0 00:00:14  -  Run Remote Usage
		Usr 0 00:00:00, Sys 0 00:00:00  -  Run Local Usage
	0  -  Run Bytes Sent By Job
	0  -  Run Bytes Received By Job
	Partitionable Resources :    Usage  Request Allocated
	   Cpus                 :                 1         1
	   Disk (KB)            :        1        1 140448584
	   Memory (MB)          :     6540     8192     21265
...
009 (14403.086.000) 07/29 12:01:20 Job was aborted by the user.
	via condor_rm (by user jferiante)
...
