000 (14403.065.000) 07/28 17:54:24 Job submitted from host: <144.92.142.140:9620?sock=9267_cb64_3>
...
001 (14403.065.000) 07/28 18:31:49 Job executing on host: <144.92.142.155:9620?sock=2739_f5d7_3>
...
006 (14403.065.000) 07/28 18:31:58 Image size of job updated: 27880
	28  -  MemoryUsage of job (MB)
	27880  -  ResidentSetSize of job (KB)
...
006 (14403.065.000) 07/28 18:36:59 Image size of job updated: 2873300
	2806  -  MemoryUsage of job (MB)
	2873300  -  ResidentSetSize of job (KB)
...
006 (14403.065.000) 07/28 18:42:00 Image size of job updated: 5918008
	5780  -  MemoryUsage of job (MB)
	5918008  -  ResidentSetSize of job (KB)
...
006 (14403.065.000) 07/28 18:47:00 Image size of job updated: 7591472
	7414  -  MemoryUsage of job (MB)
	7591472  -  ResidentSetSize of job (KB)
...
006 (14403.065.000) 07/29 04:03:01 Image size of job updated: 7591528
	7414  -  MemoryUsage of job (MB)
	7591528  -  ResidentSetSize of job (KB)
...
004 (14403.065.000) 07/29 12:01:20 Job was evicted.
	(0) Job was not checkpointed.
		Usr 0 17:20:58, Sys 0 00:00:17  -  Run Remote Usage
		Usr 0 00:00:00, Sys 0 00:00:00  -  Run Local Usage
	0  -  Run Bytes Sent By Job
	0  -  Run Bytes Received By Job
	Partitionable Resources :    Usage  Request Allocated
	   Cpus                 :                 1         1
	   Disk (KB)            :        1        1 140442283
	   Memory (MB)          :     7414     8192     21265
...
009 (14403.065.000) 07/29 12:01:20 Job was aborted by the user.
	via condor_rm (by user jferiante)
...
