000 (14400.011.000) 07/28 17:53:14 Job submitted from host: <144.92.142.140:9620?sock=9267_cb64_3>
...
001 (14400.011.000) 07/28 17:55:41 Job executing on host: <144.92.142.146:9620?sock=3552_510a_3>
...
006 (14400.011.000) 07/28 17:55:49 Image size of job updated: 2504
	3  -  MemoryUsage of job (MB)
	2504  -  ResidentSetSize of job (KB)
...
006 (14400.011.000) 07/28 18:00:49 Image size of job updated: 262416
	257  -  MemoryUsage of job (MB)
	262416  -  ResidentSetSize of job (KB)
...
006 (14400.011.000) 07/28 18:05:50 Image size of job updated: 262532
	257  -  MemoryUsage of job (MB)
	262532  -  ResidentSetSize of job (KB)
...
006 (14400.011.000) 07/28 18:10:50 Image size of job updated: 262548
	257  -  MemoryUsage of job (MB)
	262548  -  ResidentSetSize of job (KB)
...
006 (14400.011.000) 07/28 18:15:50 Image size of job updated: 262556
	257  -  MemoryUsage of job (MB)
	262556  -  ResidentSetSize of job (KB)
...
005 (14400.011.000) 07/28 18:20:47 Job terminated.
	(1) Normal termination (return value 0)
		Usr 0 00:21:23, Sys 0 00:00:01  -  Run Remote Usage
		Usr 0 00:00:00, Sys 0 00:00:00  -  Run Local Usage
		Usr 0 00:21:23, Sys 0 00:00:01  -  Total Remote Usage
		Usr 0 00:00:00, Sys 0 00:00:00  -  Total Local Usage
	0  -  Run Bytes Sent By Job
	0  -  Run Bytes Received By Job
	0  -  Total Bytes Sent By Job
	0  -  Total Bytes Received By Job
	Partitionable Resources :    Usage  Request Allocated
	   Cpus                 :                 1         1
	   Disk (KB)            :        1        1  20391408
	   Memory (MB)          :      257     2048      2683
...
