_CONDOR_JOB_IWD /mnt/ws/home/jferiante
Cluster 14400
Process 6
RunningOn slot14@opt-a018.discovery.wisc.edu
python sk_random_forests.py tox21 6
Running Scikit Learn Random Forests for tox21.........
Building data for target: nr-ppar-gamma, fold: 0
Running random forests for target: nr-ppar-gamma
target:nr-ppar-gamma fold:0 predicted: 2907 wrong: 909 pct correct: 0.687306501548, auc: 0.880069599588
Results for nr-ppar-gamma: accuracy: 0.687306501548, auc: 0.880069599588
Building data for target: nr-ppar-gamma, fold: 1
Running random forests for target: nr-ppar-gamma
target:nr-ppar-gamma fold:1 predicted: 2907 wrong: 834 pct correct: 0.71310629515, auc: 0.801705619522
Results for nr-ppar-gamma: accuracy: 0.700206398349, auc: 0.840887609555
Building data for target: nr-ppar-gamma, fold: 2
Running random forests for target: nr-ppar-gamma
target:nr-ppar-gamma fold:2 predicted: 2907 wrong: 820 pct correct: 0.717922256622, auc: 0.867639055966
Results for nr-ppar-gamma: accuracy: 0.70611168444, auc: 0.849804758359
Building data for target: nr-ppar-gamma, fold: 3
Running random forests for target: nr-ppar-gamma
target:nr-ppar-gamma fold:3 predicted: 2907 wrong: 969 pct correct: 0.666666666667, auc: 0.864803517214
Results for nr-ppar-gamma: accuracy: 0.696250429997, auc: 0.853554448072
Building data for target: nr-ppar-gamma, fold: 4
Running random forests for target: nr-ppar-gamma
target:nr-ppar-gamma fold:4 predicted: 2970 wrong: 679 pct correct: 0.77138047138, auc: 0.893006562756
Results for nr-ppar-gamma: accuracy: 0.711276438273, auc: 0.861444871009
####################  Results for Tox21 ####################
nr-ppar-gamma accuracy: 0.711276438273, auc:0.861444871009
############################################################
runtime: 626.24 secs.
