000 (14400.008.000) 07/28 17:53:14 Job submitted from host: <144.92.142.140:9620?sock=9267_cb64_3>
...
001 (14400.008.000) 07/28 17:55:36 Job executing on host: <144.92.142.146:9620?sock=3552_510a_3>
...
006 (14400.008.000) 07/28 17:55:45 Image size of job updated: 3492
	4  -  MemoryUsage of job (MB)
	3492  -  ResidentSetSize of job (KB)
...
006 (14400.008.000) 07/28 18:00:46 Image size of job updated: 280404
	274  -  MemoryUsage of job (MB)
	280404  -  ResidentSetSize of job (KB)
...
006 (14400.008.000) 07/28 18:05:47 Image size of job updated: 280928
	275  -  MemoryUsage of job (MB)
	280928  -  ResidentSetSize of job (KB)
...
005 (14400.008.000) 07/28 18:18:55 Job terminated.
	(1) Normal termination (return value 0)
		Usr 0 00:20:08, Sys 0 00:00:02  -  Run Remote Usage
		Usr 0 00:00:00, Sys 0 00:00:00  -  Run Local Usage
		Usr 0 00:20:08, Sys 0 00:00:02  -  Total Remote Usage
		Usr 0 00:00:00, Sys 0 00:00:00  -  Total Local Usage
	0  -  Run Bytes Sent By Job
	0  -  Run Bytes Received By Job
	0  -  Total Bytes Sent By Job
	0  -  Total Bytes Received By Job
	Partitionable Resources :    Usage  Request Allocated
	   Cpus                 :                 1         1
	   Disk (KB)            :        1        1  20336842
	   Memory (MB)          :      275     2048      2683
...
