000 (14400.000.000) 07/28 17:53:14 Job submitted from host: <144.92.142.140:9620?sock=9267_cb64_3>
...
001 (14400.000.000) 07/28 17:53:31 Job executing on host: <144.92.142.162:9620?sock=10446_6bfc_3>
...
006 (14400.000.000) 07/28 17:53:40 Image size of job updated: 5192
	6  -  MemoryUsage of job (MB)
	5192  -  ResidentSetSize of job (KB)
...
006 (14400.000.000) 07/28 17:58:40 Image size of job updated: 242160
	237  -  MemoryUsage of job (MB)
	242160  -  ResidentSetSize of job (KB)
...
005 (14400.000.000) 07/28 18:07:30 Job terminated.
	(1) Normal termination (return value 0)
		Usr 0 00:11:03, Sys 0 00:00:00  -  Run Remote Usage
		Usr 0 00:00:00, Sys 0 00:00:00  -  Run Local Usage
		Usr 0 00:11:03, Sys 0 00:00:00  -  Total Remote Usage
		Usr 0 00:00:00, Sys 0 00:00:00  -  Total Local Usage
	0  -  Run Bytes Sent By Job
	0  -  Run Bytes Received By Job
	0  -  Total Bytes Sent By Job
	0  -  Total Bytes Received By Job
	Partitionable Resources :    Usage  Request Allocated
	   Cpus                 :                 1         1
	   Disk (KB)            :        1        1  34877912
	   Memory (MB)          :      237     2048      3228
...
