000 (14400.007.000) 07/28 17:53:14 Job submitted from host: <144.92.142.140:9620?sock=9267_cb64_3>
...
001 (14400.007.000) 07/28 17:54:32 Job executing on host: <144.92.142.180:9620?sock=7678_2498_3>
...
006 (14400.007.000) 07/28 17:54:41 Image size of job updated: 3120
	4  -  MemoryUsage of job (MB)
	3120  -  ResidentSetSize of job (KB)
...
006 (14400.007.000) 07/28 17:59:42 Image size of job updated: 201676
	197  -  MemoryUsage of job (MB)
	201676  -  ResidentSetSize of job (KB)
...
006 (14400.007.000) 07/28 18:04:42 Image size of job updated: 202040
	198  -  MemoryUsage of job (MB)
	202040  -  ResidentSetSize of job (KB)
...
006 (14400.007.000) 07/28 18:07:59 Image size of job updated: 202076
	198  -  MemoryUsage of job (MB)
	202040  -  ResidentSetSize of job (KB)
...
005 (14400.007.000) 07/28 18:07:59 Job terminated.
	(1) Normal termination (return value 0)
		Usr 0 00:08:43, Sys 0 00:00:00  -  Run Remote Usage
		Usr 0 00:00:00, Sys 0 00:00:00  -  Run Local Usage
		Usr 0 00:08:43, Sys 0 00:00:00  -  Total Remote Usage
		Usr 0 00:00:00, Sys 0 00:00:00  -  Total Local Usage
	0  -  Run Bytes Sent By Job
	0  -  Run Bytes Received By Job
	0  -  Total Bytes Sent By Job
	0  -  Total Bytes Received By Job
	Partitionable Resources :    Usage  Request Allocated
	   Cpus                 :                 1         1
	   Disk (KB)            :        1        1  37427764
	   Memory (MB)          :      198     2048      3228
...
