_CONDOR_JOB_IWD /mnt/ws/home/jferiante
Cluster 14404
Process 6
RunningOn slot8@galaxy-01.discovery.wisc.edu
python th_deep_belief_net.py tox21 6
Running Theano Learn Deep Belief Net for tox21, target: nr-ppar-gamma.........
... building the model
... getting the pretraining functions
... pre-training the model
Pre-training layer 0, epoch 0, cost  -77.2250337917
Pre-training layer 0, epoch 1, cost  -46.6177988791
Pre-training layer 0, epoch 2, cost  -41.0137151622
Pre-training layer 0, epoch 3, cost  -37.2662175505
Pre-training layer 0, epoch 4, cost  -34.4827804918
Pre-training layer 0, epoch 5, cost  -32.217446144
Pre-training layer 0, epoch 6, cost  -30.535915992
Pre-training layer 0, epoch 7, cost  -29.2136456242
Pre-training layer 1, epoch 0, cost  -1367.49724454
Pre-training layer 1, epoch 1, cost  -1348.22817724
Pre-training layer 1, epoch 2, cost  -1345.52307942
Pre-training layer 1, epoch 3, cost  -1344.71016303
Pre-training layer 1, epoch 4, cost  -1344.28778285
Pre-training layer 1, epoch 5, cost  -1343.95920157
Pre-training layer 1, epoch 6, cost  -1343.67950595
Pre-training layer 1, epoch 7, cost  -1343.46499912
... getting the finetuning functions
... finetuning the model
     epoch 1, minibatch 87/87, best error 37.241379 %, best_auc: 0.621434
     epoch 4, minibatch 87/87, best error 36.448276 %, best_auc: 0.621434
     epoch 6, minibatch 87/87, best error 38.310345 %, best_auc: 0.621434
     epoch 7, minibatch 87/87, best error 38.620690 %, best_auc: 0.621434
     epoch 9, minibatch 87/87, best error 40.275862 %, best_auc: 0.621434
     epoch 10, minibatch 87/87, best error 41.586207 %, best_auc: 0.621434
     epoch 11, minibatch 87/87, best error 40.827586 %, best_auc: 0.621434
     epoch 12, minibatch 87/87, best error 39.862069 %, best_auc: 0.621434
     epoch 13, minibatch 87/87, best error 39.275862 %, best_auc: 0.621434
     epoch 14, minibatch 87/87, best error 38.827586 %, best_auc: 0.621434
     epoch 15, minibatch 87/87, best error 38.965517 %, best_auc: 0.621434
Optimization complete with best validation score of 31.724138 %, obtained at iteration 1305, with test performance 38.965517 %, and best_auc: 0.621434
runtime: 4129.46 secs.
