Running Theano Learn Deep Belief Net for tox21, target: sr-hse.........
... building the model
... getting the pretraining functions
... pre-training the model
Pre-training layer 0, epoch 0, cost  -75.5472929386
Pre-training layer 0, epoch 1, cost  -47.2238058449
Pre-training layer 0, epoch 2, cost  -42.553120467
Pre-training layer 0, epoch 3, cost  -39.0946049968
Pre-training layer 0, epoch 4, cost  -36.4813823376
Pre-training layer 0, epoch 5, cost  -34.1117296576
Pre-training layer 1, epoch 0, cost  -1371.00858128
Pre-training layer 1, epoch 1, cost  -1355.65635228
Pre-training layer 1, epoch 2, cost  -1353.37196617
Pre-training layer 1, epoch 3, cost  -1352.82403391
Pre-training layer 1, epoch 4, cost  -1352.49389691
Pre-training layer 1, epoch 5, cost  -1352.00203053
The pretraining code for file th_deep_belief_net.py ran for 0.74m
... getting the finetuning functions
... finetuning the model
epoch 1, minibatch 90/90, validation error 50.466667 %
     epoch 1, minibatch 90/90, best error 49.833333 %, best_auc: 0.514960
epoch 2, minibatch 90/90, validation error 50.233333 %
     new best AUC!: 0.517719680465
     epoch 2, minibatch 90/90, best error 49.533333 %, best_auc: 0.517720
epoch 3, minibatch 90/90, validation error 49.333333 %
     epoch 3, minibatch 90/90, best error 48.666667 %, best_auc: 0.517720
epoch 4, minibatch 90/90, validation error 48.833333 %
     new best AUC!: 0.518296831403
     epoch 4, minibatch 90/90, best error 47.900000 %, best_auc: 0.518297
epoch 5, minibatch 90/90, validation error 48.833333 %
     epoch 5, minibatch 90/90, best error 48.466667 %, best_auc: 0.518297
epoch 6, minibatch 90/90, validation error 49.133333 %
epoch 7, minibatch 90/90, validation error 48.233333 %
     epoch 7, minibatch 90/90, best error 50.933333 %, best_auc: 0.518297
epoch 8, minibatch 90/90, validation error 47.933333 %
     epoch 8, minibatch 90/90, best error 50.533333 %, best_auc: 0.518297
epoch 9, minibatch 90/90, validation error 47.866667 %
     epoch 9, minibatch 90/90, best error 50.400000 %, best_auc: 0.518297
epoch 10, minibatch 90/90, validation error 47.800000 %
     epoch 10, minibatch 90/90, best error 50.300000 %, best_auc: 0.518297
epoch 11, minibatch 90/90, validation error 47.800000 %
epoch 12, minibatch 90/90, validation error 47.766667 %
     epoch 12, minibatch 90/90, best error 50.266667 %, best_auc: 0.518297
epoch 13, minibatch 90/90, validation error 47.600000 %
     epoch 13, minibatch 90/90, best error 50.200000 %, best_auc: 0.518297
epoch 14, minibatch 90/90, validation error 47.533333 %
     epoch 14, minibatch 90/90, best error 50.166667 %, best_auc: 0.518297
epoch 15, minibatch 90/90, validation error 47.500000 %
     epoch 15, minibatch 90/90, best error 50.100000 %, best_auc: 0.518297
epoch 16, minibatch 90/90, validation error 48.000000 %
epoch 17, minibatch 90/90, validation error 47.966667 %
epoch 18, minibatch 90/90, validation error 47.966667 %
epoch 19, minibatch 90/90, validation error 47.966667 %
epoch 20, minibatch 90/90, validation error 47.966667 %
epoch 21, minibatch 90/90, validation error 47.933333 %
epoch 22, minibatch 90/90, validation error 47.866667 %
epoch 23, minibatch 90/90, validation error 47.833333 %
epoch 24, minibatch 90/90, validation error 47.833333 %
epoch 25, minibatch 90/90, validation error 47.833333 %
epoch 26, minibatch 90/90, validation error 47.800000 %
epoch 27, minibatch 90/90, validation error 47.800000 %
epoch 28, minibatch 90/90, validation error 47.800000 %
epoch 29, minibatch 90/90, validation error 47.800000 %
epoch 30, minibatch 90/90, validation error 47.866667 %
epoch 31, minibatch 90/90, validation error 47.900000 %
epoch 32, minibatch 90/90, validation error 47.933333 %
epoch 33, minibatch 90/90, validation error 47.966667 %
epoch 34, minibatch 90/90, validation error 48.033333 %
epoch 35, minibatch 90/90, validation error 48.066667 %
epoch 36, minibatch 90/90, validation error 48.066667 %
     new best AUC!: 0.520888277338
epoch 37, minibatch 90/90, validation error 48.066667 %
     new best AUC!: 0.524832779116
epoch 38, minibatch 90/90, validation error 48.000000 %
     new best AUC!: 0.526342544815
epoch 39, minibatch 90/90, validation error 47.966667 %
     new best AUC!: 0.527309559301
epoch 40, minibatch 90/90, validation error 47.966667 %
     new best AUC!: 0.527802622023
epoch 41, minibatch 90/90, validation error 47.933333 %
     new best AUC!: 0.529935404961
epoch 42, minibatch 90/90, validation error 47.933333 %
     new best AUC!: 0.531059129305
epoch 43, minibatch 90/90, validation error 47.900000 %
     new best AUC!: 0.533283644842
epoch 44, minibatch 90/90, validation error 47.900000 %
     new best AUC!: 0.535469938463
epoch 45, minibatch 90/90, validation error 47.966667 %
epoch 46, minibatch 90/90, validation error 48.000000 %
     new best AUC!: 0.536650995681
epoch 47, minibatch 90/90, validation error 48.033333 %
epoch 48, minibatch 90/90, validation error 48.000000 %
     new best AUC!: 0.537224324428
epoch 49, minibatch 90/90, validation error 47.900000 %
     new best AUC!: 0.537858808241
epoch 50, minibatch 90/90, validation error 47.866667 %
     new best AUC!: 0.538149294806
epoch 51, minibatch 90/90, validation error 47.833333 %
     new best AUC!: 0.539548216948
epoch 52, minibatch 90/90, validation error 47.866667 %
     new best AUC!: 0.540882161832
epoch 53, minibatch 90/90, validation error 47.833333 %
epoch 54, minibatch 90/90, validation error 47.800000 %
     new best AUC!: 0.540981538814
epoch 55, minibatch 90/90, validation error 47.766667 %
     new best AUC!: 0.541126782097
epoch 56, minibatch 90/90, validation error 47.766667 %
epoch 57, minibatch 90/90, validation error 47.733333 %
epoch 58, minibatch 90/90, validation error 47.733333 %
epoch 59, minibatch 90/90, validation error 47.666667 %
epoch 60, minibatch 90/90, validation error 47.666667 %
     new best AUC!: 0.541990597409
epoch 61, minibatch 90/90, validation error 47.666667 %
     new best AUC!: 0.542193173566
epoch 62, minibatch 90/90, validation error 47.600000 %
     new best AUC!: 0.542693880671
epoch 63, minibatch 90/90, validation error 47.600000 %
     new best AUC!: 0.543389519551
epoch 64, minibatch 90/90, validation error 47.600000 %
     new best AUC!: 0.544631731835
epoch 65, minibatch 90/90, validation error 47.600000 %
epoch 66, minibatch 90/90, validation error 47.566667 %
epoch 67, minibatch 90/90, validation error 47.566667 %
epoch 68, minibatch 90/90, validation error 47.566667 %
epoch 69, minibatch 90/90, validation error 47.533333 %
epoch 70, minibatch 90/90, validation error 47.533333 %
epoch 71, minibatch 90/90, validation error 47.500000 %
epoch 72, minibatch 90/90, validation error 47.500000 %
epoch 73, minibatch 90/90, validation error 47.500000 %
epoch 74, minibatch 90/90, validation error 47.500000 %
epoch 75, minibatch 90/90, validation error 47.500000 %
epoch 76, minibatch 90/90, validation error 47.466667 %
     epoch 76, minibatch 90/90, best error 49.300000 %, best_auc: 0.544632
epoch 77, minibatch 90/90, validation error 47.466667 %
epoch 78, minibatch 90/90, validation error 47.466667 %
epoch 79, minibatch 90/90, validation error 47.466667 %
epoch 80, minibatch 90/90, validation error 47.466667 %
epoch 81, minibatch 90/90, validation error 47.466667 %
epoch 82, minibatch 90/90, validation error 47.466667 %
epoch 83, minibatch 90/90, validation error 47.466667 %
epoch 84, minibatch 90/90, validation error 47.466667 %
epoch 85, minibatch 90/90, validation error 47.466667 %
epoch 86, minibatch 90/90, validation error 47.466667 %
epoch 87, minibatch 90/90, validation error 47.466667 %
epoch 88, minibatch 90/90, validation error 47.466667 %
epoch 89, minibatch 90/90, validation error 47.433333 %
     epoch 89, minibatch 90/90, best error 49.866667 %, best_auc: 0.544632
epoch 90, minibatch 90/90, validation error 47.433333 %
     new best AUC!: 0.545006306616
epoch 91, minibatch 90/90, validation error 47.433333 %
epoch 92, minibatch 90/90, validation error 47.433333 %
     new best AUC!: 0.547146733937
epoch 93, minibatch 90/90, validation error 47.433333 %
epoch 94, minibatch 90/90, validation error 47.433333 %
epoch 95, minibatch 90/90, validation error 47.433333 %
epoch 96, minibatch 90/90, validation error 47.433333 %
epoch 97, minibatch 90/90, validation error 47.433333 %
epoch 98, minibatch 90/90, validation error 47.433333 %
     new best AUC!: 0.548465390055
epoch 99, minibatch 90/90, validation error 47.466667 %
     new best AUC!: 0.548599166762
epoch 100, minibatch 90/90, validation error 47.466667 %
     new best AUC!: 0.548702365937
epoch 101, minibatch 90/90, validation error 47.466667 %
     new best AUC!: 0.549260405917
epoch 102, minibatch 90/90, validation error 47.466667 %
epoch 103, minibatch 90/90, validation error 47.466667 %
     new best AUC!: 0.549447693307
epoch 104, minibatch 90/90, validation error 47.466667 %
     new best AUC!: 0.549745824256
epoch 105, minibatch 90/90, validation error 47.466667 %
     new best AUC!: 0.549887245346
epoch 106, minibatch 90/90, validation error 47.466667 %
     new best AUC!: 0.555494400489
epoch 107, minibatch 90/90, validation error 47.466667 %
epoch 108, minibatch 90/90, validation error 47.466667 %
epoch 109, minibatch 90/90, validation error 47.466667 %
epoch 110, minibatch 90/90, validation error 47.533333 %
epoch 111, minibatch 90/90, validation error 47.566667 %
     new best AUC!: 0.556411726484
epoch 112, minibatch 90/90, validation error 47.700000 %
epoch 113, minibatch 90/90, validation error 47.300000 %
     epoch 113, minibatch 90/90, best error 49.166667 %, best_auc: 0.556412
epoch 114, minibatch 90/90, validation error 47.466667 %
     new best AUC!: 0.557103543172
epoch 115, minibatch 90/90, validation error 46.966667 %
     new best AUC!: 0.559580323357
     epoch 115, minibatch 90/90, best error 48.933333 %, best_auc: 0.559580
epoch 116, minibatch 90/90, validation error 46.900000 %
     new best AUC!: 0.560581737568
     epoch 116, minibatch 90/90, best error 48.833333 %, best_auc: 0.560582
epoch 117, minibatch 90/90, validation error 46.833333 %
     new best AUC!: 0.560921912625
     epoch 117, minibatch 90/90, best error 48.200000 %, best_auc: 0.560922
epoch 118, minibatch 90/90, validation error 46.800000 %
     new best AUC!: 0.561713106295
     epoch 118, minibatch 90/90, best error 47.533333 %, best_auc: 0.561713
epoch 119, minibatch 90/90, validation error 46.766667 %
     new best AUC!: 0.566941864465
     epoch 119, minibatch 90/90, best error 47.466667 %, best_auc: 0.566942
epoch 120, minibatch 90/90, validation error 46.233333 %
     epoch 120, minibatch 90/90, best error 47.500000 %, best_auc: 0.566942
epoch 121, minibatch 90/90, validation error 46.200000 %
     new best AUC!: 0.570431525437
     epoch 121, minibatch 90/90, best error 47.466667 %, best_auc: 0.570432
epoch 122, minibatch 90/90, validation error 46.200000 %
epoch 123, minibatch 90/90, validation error 46.266667 %
     new best AUC!: 0.572770706723
epoch 124, minibatch 90/90, validation error 45.800000 %
     new best AUC!: 0.574616825288
     epoch 124, minibatch 90/90, best error 47.633333 %, best_auc: 0.574617
epoch 125, minibatch 90/90, validation error 44.700000 %
     new best AUC!: 0.576917784658
     epoch 125, minibatch 90/90, best error 47.100000 %, best_auc: 0.576918
epoch 126, minibatch 90/90, validation error 44.833333 %
     new best AUC!: 0.579127011428
epoch 127, minibatch 90/90, validation error 44.933333 %
     new best AUC!: 0.581072506975
epoch 128, minibatch 90/90, validation error 44.966667 %
     new best AUC!: 0.58268547185
epoch 129, minibatch 90/90, validation error 44.966667 %
     new best AUC!: 0.5840805718
epoch 130, minibatch 90/90, validation error 44.500000 %
     new best AUC!: 0.585513893667
     epoch 130, minibatch 90/90, best error 47.266667 %, best_auc: 0.585514
epoch 131, minibatch 90/90, validation error 44.633333 %
     new best AUC!: 0.587046592516
epoch 132, minibatch 90/90, validation error 44.700000 %
     new best AUC!: 0.588873600122
epoch 133, minibatch 90/90, validation error 44.733333 %
     new best AUC!: 0.590887895119
epoch 134, minibatch 90/90, validation error 44.133333 %
     new best AUC!: 0.593234720789
     epoch 134, minibatch 90/90, best error 46.966667 %, best_auc: 0.593235
epoch 135, minibatch 90/90, validation error 44.266667 %
     new best AUC!: 0.595673279058
epoch 136, minibatch 90/90, validation error 43.800000 %
     new best AUC!: 0.598539922792
     epoch 136, minibatch 90/90, best error 45.500000 %, best_auc: 0.598540
epoch 137, minibatch 90/90, validation error 43.366667 %
     new best AUC!: 0.601249856668
     epoch 137, minibatch 90/90, best error 44.600000 %, best_auc: 0.601250
epoch 138, minibatch 90/90, validation error 43.466667 %
     new best AUC!: 0.60413561136
epoch 139, minibatch 90/90, validation error 41.733333 %
     new best AUC!: 0.607132209609
     epoch 139, minibatch 90/90, best error 44.666667 %, best_auc: 0.607132
epoch 140, minibatch 90/90, validation error 41.733333 %
     new best AUC!: 0.610518671406
epoch 141, minibatch 90/90, validation error 41.566667 %
     new best AUC!: 0.615579253144
     epoch 141, minibatch 90/90, best error 44.500000 %, best_auc: 0.615579
epoch 142, minibatch 90/90, validation error 40.733333 %
     new best AUC!: 0.621041165004
     epoch 142, minibatch 90/90, best error 44.366667 %, best_auc: 0.621041
epoch 143, minibatch 90/90, validation error 40.066667 %
     new best AUC!: 0.627565646141
     epoch 143, minibatch 90/90, best error 44.100000 %, best_auc: 0.627566
epoch 144, minibatch 90/90, validation error 40.566667 %
     new best AUC!: 0.635160340939
epoch 145, minibatch 90/90, validation error 39.833333 %
     new best AUC!: 0.642701525054
     epoch 145, minibatch 90/90, best error 44.166667 %, best_auc: 0.642702
epoch 146, minibatch 90/90, validation error 39.766667 %
     new best AUC!: 0.649229828384
     epoch 146, minibatch 90/90, best error 43.533333 %, best_auc: 0.649230
epoch 147, minibatch 90/90, validation error 39.800000 %
     new best AUC!: 0.656614302641
epoch 148, minibatch 90/90, validation error 39.433333 %
     new best AUC!: 0.663264916103
     epoch 148, minibatch 90/90, best error 42.833333 %, best_auc: 0.663265
epoch 149, minibatch 90/90, validation error 39.600000 %
     new best AUC!: 0.669701486833
epoch 150, minibatch 90/90, validation error 38.766667 %
     new best AUC!: 0.676543209877
     epoch 150, minibatch 90/90, best error 40.466667 %, best_auc: 0.676543
epoch 151, minibatch 90/90, validation error 38.333333 %
     new best AUC!: 0.685051408478
     epoch 151, minibatch 90/90, best error 38.400000 %, best_auc: 0.685051
epoch 152, minibatch 90/90, validation error 36.666667 %
     new best AUC!: 0.69330734243
     epoch 152, minibatch 90/90, best error 36.333333 %, best_auc: 0.693307
epoch 153, minibatch 90/90, validation error 34.700000 %
     new best AUC!: 0.700309597523
     epoch 153, minibatch 90/90, best error 35.433333 %, best_auc: 0.700310
epoch 154, minibatch 90/90, validation error 33.233333 %
     new best AUC!: 0.707235408783
     epoch 154, minibatch 90/90, best error 34.566667 %, best_auc: 0.707235
epoch 155, minibatch 90/90, validation error 32.666667 %
     new best AUC!: 0.714612238658
     epoch 155, minibatch 90/90, best error 34.633333 %, best_auc: 0.714612
epoch 156, minibatch 90/90, validation error 32.933333 %
     new best AUC!: 0.719367045064
epoch 157, minibatch 90/90, validation error 31.100000 %
     new best AUC!: 0.722302488247
     epoch 157, minibatch 90/90, best error 33.166667 %, best_auc: 0.722302
epoch 158, minibatch 90/90, validation error 32.500000 %
     new best AUC!: 0.724978022398
epoch 159, minibatch 90/90, validation error 31.166667 %
     new best AUC!: 0.728104575163
epoch 160, minibatch 90/90, validation error 31.100000 %
     new best AUC!: 0.731139395329
epoch 161, minibatch 90/90, validation error 29.600000 %
          epoch 161, minibatch 90/90, best error 33.133333 %, best_auc: 0.731139
epoch 162, minibatch 90/90, validation error 35.333333 %
     new best AUC!: 0.735565493254
epoch 163, minibatch 90/90, validation error 42.933333 %
     new best AUC!: 0.736746550472
epoch 164, minibatch 90/90, validation error 39.533333 %
     new best AUC!: 0.738546802737
epoch 165, minibatch 90/90, validation error 42.366667 %
     new best AUC!: 0.739746970913
epoch 166, minibatch 90/90, validation error 40.600000 %
     new best AUC!: 0.742223751099
epoch 167, minibatch 90/90, validation error 40.600000 %
     new best AUC!: 0.743943737339
epoch 168, minibatch 90/90, validation error 38.966667 %
     new best AUC!: 0.745067461683
epoch 169, minibatch 90/90, validation error 31.800000 %
epoch 170, minibatch 90/90, validation error 36.033333 %
epoch 171, minibatch 90/90, validation error 38.433333 %
epoch 172, minibatch 90/90, validation error 37.933333 %
     new best AUC!: 0.745468791805
     

_CONDOR_JOB_IWD /mnt/ws/home/jferiante
Cluster 14404
Process 9
RunningOn slot22@galaxy-01.discovery.wisc.edu
python th_deep_belief_net.py tox21 9
Running Theano Learn Deep Belief Net for tox21, target: sr-hse.........
... building the model
... getting the pretraining functions
... pre-training the model
Pre-training layer 0, epoch 0, cost  -75.545593587
Pre-training layer 0, epoch 1, cost  -47.2146242394
Pre-training layer 0, epoch 2, cost  -42.5439219457
Pre-training layer 0, epoch 3, cost  -39.0559400687
Pre-training layer 0, epoch 4, cost  -36.5023114243
Pre-training layer 0, epoch 5, cost  -34.1961555989
Pre-training layer 0, epoch 6, cost  -32.2675447619
Pre-training layer 0, epoch 7, cost  -30.7532395846
Pre-training layer 1, epoch 0, cost  -1370.73908191
Pre-training layer 1, epoch 1, cost  -1355.27695949
Pre-training layer 1, epoch 2, cost  -1352.99229024
Pre-training layer 1, epoch 3, cost  -1352.56536974
Pre-training layer 1, epoch 4, cost  -1352.48823121
Pre-training layer 1, epoch 5, cost  -1352.47284735
Pre-training layer 1, epoch 6, cost  -1352.46606055
Pre-training layer 1, epoch 7, cost  -1352.4684585
... getting the finetuning functions
... finetuning the model
     epoch 1, minibatch 90/90, best error 49.866667 %, best_auc: 0.497626
     new best AUC!: 0.505798264725
     new best AUC!: 0.511508619042
Optimization complete with best validation score of 49.866667 %, obtained at iteration 90, with test performance 49.866667 %, and best_auc: 0.511509
runtime: 3528.60 secs.
