_CONDOR_JOB_IWD /mnt/ws/home/jferiante
Cluster 14404
Process 5
RunningOn slot3@galaxy-01.discovery.wisc.edu
python th_deep_belief_net.py tox21 5
Running Theano Learn Deep Belief Net for tox21, target: nr-er.........
... building the model
... getting the pretraining functions
... pre-training the model
Pre-training layer 0, epoch 0, cost  -80.48604019
Pre-training layer 0, epoch 1, cost  -50.4480418432
Pre-training layer 0, epoch 2, cost  -46.5666950844
Pre-training layer 0, epoch 3, cost  -43.2671239899
Pre-training layer 0, epoch 4, cost  -40.9707941
Pre-training layer 0, epoch 5, cost  -38.7664911282
Pre-training layer 0, epoch 6, cost  -37.0065954689
Pre-training layer 0, epoch 7, cost  -35.3964162656
Pre-training layer 1, epoch 0, cost  -1367.5863569
Pre-training layer 1, epoch 1, cost  -1347.69184798
Pre-training layer 1, epoch 2, cost  -1345.06950612
Pre-training layer 1, epoch 3, cost  -1344.40133396
Pre-training layer 1, epoch 4, cost  -1344.10514539
Pre-training layer 1, epoch 5, cost  -1343.9335777
Pre-training layer 1, epoch 6, cost  -1343.81618244
Pre-training layer 1, epoch 7, cost  -1343.72319409
... getting the finetuning functions
... finetuning the model
     epoch 1, minibatch 79/79, best error 40.000000 %, best_auc: 0.635419
     new best AUC!: 0.637107459655
     epoch 2, minibatch 79/79, best error 38.961538 %, best_auc: 0.637107
     epoch 3, minibatch 79/79, best error 39.192308 %, best_auc: 0.637107
     new best AUC!: 0.637551770101
     new best AUC!: 0.638011948777
     new best AUC!: 0.638249972231
     epoch 9, minibatch 79/79, best error 38.230769 %, best_auc: 0.638250
     new best AUC!: 0.641191545407
     epoch 10, minibatch 79/79, best error 38.307692 %, best_auc: 0.641192
     epoch 11, minibatch 79/79, best error 38.076923 %, best_auc: 0.641192
     epoch 12, minibatch 79/79, best error 38.307692 %, best_auc: 0.641192
     new best AUC!: 0.641584284105
     epoch 14, minibatch 79/79, best error 37.653846 %, best_auc: 0.641584
     new best AUC!: 0.642044462781
     epoch 15, minibatch 79/79, best error 37.500000 %, best_auc: 0.642044
     new best AUC!: 0.643169123598
     epoch 16, minibatch 79/79, best error 37.461538 %, best_auc: 0.643169
     new best AUC!: 0.643353591774
     new best AUC!: 0.643549961123
     new best AUC!: 0.644482219648
     new best AUC!: 0.646005569749
     epoch 20, minibatch 79/79, best error 37.423077 %, best_auc: 0.646006
     epoch 21, minibatch 79/79, best error 37.384615 %, best_auc: 0.646006
     new best AUC!: 0.647056840001
     epoch 22, minibatch 79/79, best error 37.423077 %, best_auc: 0.647057
     epoch 24, minibatch 79/79, best error 37.307692 %, best_auc: 0.647057
     epoch 25, minibatch 79/79, best error 37.307692 %, best_auc: 0.647057
     new best AUC!: 0.649341865152
     epoch 27, minibatch 79/79, best error 37.115385 %, best_auc: 0.649342
     epoch 28, minibatch 79/79, best error 37.384615 %, best_auc: 0.649342
     new best AUC!: 0.649526333328
     epoch 29, minibatch 79/79, best error 37.384615 %, best_auc: 0.649526
     epoch 30, minibatch 79/79, best error 37.346154 %, best_auc: 0.649526
     new best AUC!: 0.649710801504
     new best AUC!: 0.650954474048
     new best AUC!: 0.651277789238
     epoch 33, minibatch 79/79, best error 36.846154 %, best_auc: 0.651278
     new best AUC!: 0.652130706612
     new best AUC!: 0.652392532411
     new best AUC!: 0.653608435551
     new best AUC!: 0.654116218918
     new best AUC!: 0.654459369397
     new best AUC!: 0.654604166997
     new best AUC!: 0.655383693807
     new best AUC!: 0.655570145512
     new best AUC!: 0.657585410749
     new best AUC!: 0.658144765864
     new best AUC!: 0.658987765595
     new best AUC!: 0.659850600613
     new best AUC!: 0.661647677685
     new best AUC!: 0.661701232961
     new best AUC!: 0.663553848839
     new best AUC!: 0.663670877037
     new best AUC!: 0.664190561577
     new best AUC!: 0.668242910868
     new best AUC!: 0.668943096526
     new best AUC!: 0.670533886606
     new best AUC!: 0.67143440867
     new best AUC!: 0.672912137609
     new best AUC!: 0.673273139847
     new best AUC!: 0.675042447516
     epoch 69, minibatch 79/79, best error 35.730769 %, best_auc: 0.675042
     new best AUC!: 0.676522159983
     epoch 70, minibatch 79/79, best error 35.653846 %, best_auc: 0.676522
     new best AUC!: 0.67761508434
     new best AUC!: 0.677698392548
     new best AUC!: 0.67853940875
     new best AUC!: 0.679112648566
     new best AUC!: 0.680596328092
     new best AUC!: 0.681080309113
     new best AUC!: 0.682930941462
     new best AUC!: 0.683000364969
     new best AUC!: 0.684198416351
     epoch 80, minibatch 79/79, best error 35.692308 %, best_auc: 0.684198
     new best AUC!: 0.685182246624
     epoch 81, minibatch 79/79, best error 35.692308 %, best_auc: 0.685182
     new best AUC!: 0.686152192196
     new best AUC!: 0.686967422523
     new best AUC!: 0.687971088085
     new best AUC!: 0.689083847728
     new best AUC!: 0.690113299164
     new best AUC!: 0.690420746124
     new best AUC!: 0.692360637268
     new best AUC!: 0.693334549898
     new best AUC!: 0.694859883527
     new best AUC!: 0.696143226646
     new best AUC!: 0.696335628937
     new best AUC!: 0.699086783351
     new best AUC!: 0.699679858455
     new best AUC!: 0.701086180358
     new best AUC!: 0.702432996398
     new best AUC!: 0.704511734556
     new best AUC!: 0.706029134071
     new best AUC!: 0.707548517114
     new best AUC!: 0.708968723718
     new best AUC!: 0.710313556229
     new best AUC!: 0.711707976959
     new best AUC!: 0.712723543693
     new best AUC!: 0.715159317031
     epoch 104, minibatch 79/79, best error 33.653846 %, best_auc: 0.715159
     new best AUC!: 0.716040003808
     epoch 105, minibatch 79/79, best error 33.269231 %, best_auc: 0.716040
     new best AUC!: 0.717940224377
     new best AUC!: 0.71900537933
     epoch 107, minibatch 79/79, best error 33.615385 %, best_auc: 0.719005
     new best AUC!: 0.720554515305
     new best AUC!: 0.721702978467
     epoch 109, minibatch 79/79, best error 33.115385 %, best_auc: 0.721703
     new best AUC!: 0.722672924039
     epoch 110, minibatch 79/79, best error 32.692308 %, best_auc: 0.722673
     new best AUC!: 0.723767831924
     new best AUC!: 0.724787365715
     new best AUC!: 0.725828718323
     new best AUC!: 0.726762960377
     new best AUC!: 0.72764959774
     new best AUC!: 0.728496564528
     new best AUC!: 0.729633126517
     new best AUC!: 0.731465907107
     new best AUC!: 0.733072565417
     epoch 120, minibatch 79/79, best error 30.730769 %, best_auc: 0.733073
     new best AUC!: 0.733842174582
     epoch 121, minibatch 79/79, best error 30.615385 %, best_auc: 0.733842
     new best AUC!: 0.734778400165
     epoch 122, minibatch 79/79, best error 30.653846 %, best_auc: 0.734778
     new best AUC!: 0.736351338485
     new best AUC!: 0.737222107618
     new best AUC!: 0.737289547597
     new best AUC!: 0.738267427284
     new best AUC!: 0.740913454672
     new best AUC!: 0.741349831003
     epoch 132, minibatch 79/79, best error 29.961538 %, best_auc: 0.741350
     new best AUC!: 0.741413303924
     epoch 133, minibatch 79/79, best error 29.846154 %, best_auc: 0.741413
     epoch 134, minibatch 79/79, best error 29.769231 %, best_auc: 0.741413
     new best AUC!: 0.741746536759
     new best AUC!: 0.742067868421
     new best AUC!: 0.742256303654
     epoch 141, minibatch 79/79, best error 29.730769 %, best_auc: 0.742256
     new best AUC!: 0.74275020232
     epoch 142, minibatch 79/79, best error 29.461538 %, best_auc: 0.742750
     new best AUC!: 0.743380964471
     new best AUC!: 0.743906599597
     new best AUC!: 0.744608768784
     new best AUC!: 0.745544994367
     new best AUC!: 0.745963518939
     new best AUC!: 0.747036608007
     new best AUC!: 0.747167520906
     new best AUC!: 0.747346038496
     new best AUC!: 0.747720925435
     epoch 156, minibatch 79/79, best error 27.961538 %, best_auc: 0.747721
     new best AUC!: 0.748655167489
     epoch 157, minibatch 79/79, best error 28.000000 %, best_auc: 0.748655
     new best AUC!: 0.74873450864
     epoch 158, minibatch 79/79, best error 28.115385 %, best_auc: 0.748735
     new best AUC!: 0.748863438011
     epoch 161, minibatch 79/79, best error 28.538462 %, best_auc: 0.748863
     epoch 164, minibatch 79/79, best error 28.538462 %, best_auc: 0.748863
     new best AUC!: 0.749391056665
     new best AUC!: 0.749442628414
     new best AUC!: 0.74952990368
     new best AUC!: 0.749652882464
     new best AUC!: 0.749732223615
     new best AUC!: 0.749769910662
     new best AUC!: 0.749944461194
     new best AUC!: 0.749986115299
     new best AUC!: 0.750099176439
Optimization complete with best validation score of 31.769231 %, obtained at iteration 12956, with test performance 28.538462 %, and best_auc: 0.750099
runtime: 27158.90 secs.
