000 (14398.011.000) 07/28 17:53:02 Job submitted from host: <144.92.142.140:9620?sock=9267_cb64_3>
...
001 (14398.011.000) 07/28 17:53:13 Job executing on host: <144.92.142.170:9620?sock=8495_73f6_4>
...
006 (14398.011.000) 07/28 17:53:22 Image size of job updated: 5064
	5  -  MemoryUsage of job (MB)
	5064  -  ResidentSetSize of job (KB)
...
006 (14398.011.000) 07/28 17:56:20 Image size of job updated: 221560
	5  -  MemoryUsage of job (MB)
	5064  -  ResidentSetSize of job (KB)
...
005 (14398.011.000) 07/28 17:56:20 Job terminated.
	(1) Normal termination (return value 0)
		Usr 0 00:01:10, Sys 0 00:00:01  -  Run Remote Usage
		Usr 0 00:00:00, Sys 0 00:00:00  -  Run Local Usage
		Usr 0 00:01:10, Sys 0 00:00:01  -  Total Remote Usage
		Usr 0 00:00:00, Sys 0 00:00:00  -  Total Local Usage
	0  -  Run Bytes Sent By Job
	0  -  Run Bytes Received By Job
	0  -  Total Bytes Sent By Job
	0  -  Total Bytes Received By Job
	Partitionable Resources :    Usage  Request Allocated
	   Cpus                 :                 1         4
	   Disk (KB)            :        1        1 163137440
	   Memory (MB)          :        5     2048     21508
...
