000 (14398.033.000) 07/28 17:53:02 Job submitted from host: <144.92.142.140:9620?sock=9267_cb64_3>
...
001 (14398.033.000) 07/28 17:53:21 Job executing on host: <144.92.142.178:9620?sock=3470_c397_3>
...
006 (14398.033.000) 07/28 17:53:30 Image size of job updated: 7916
	8  -  MemoryUsage of job (MB)
	7916  -  ResidentSetSize of job (KB)
...
006 (14398.033.000) 07/28 17:58:31 Image size of job updated: 40452
	40  -  MemoryUsage of job (MB)
	40452  -  ResidentSetSize of job (KB)
...
006 (14398.033.000) 07/28 18:00:28 Image size of job updated: 42820
	40  -  MemoryUsage of job (MB)
	40452  -  ResidentSetSize of job (KB)
...
005 (14398.033.000) 07/28 18:00:28 Job terminated.
	(1) Normal termination (return value 1)
		Usr 0 00:00:00, Sys 0 00:00:00  -  Run Remote Usage
		Usr 0 00:00:00, Sys 0 00:00:00  -  Run Local Usage
		Usr 0 00:00:00, Sys 0 00:00:00  -  Total Remote Usage
		Usr 0 00:00:00, Sys 0 00:00:00  -  Total Local Usage
	0  -  Run Bytes Sent By Job
	0  -  Run Bytes Received By Job
	0  -  Total Bytes Sent By Job
	0  -  Total Bytes Received By Job
	Partitionable Resources :    Usage  Request Allocated
	   Cpus                 :                 1         1
	   Disk (KB)            :        1        1  48717535
	   Memory (MB)          :       40     2048      4031
...
