000 (14398.007.000) 07/28 17:53:02 Job submitted from host: <144.92.142.140:9620?sock=9267_cb64_3>
...
001 (14398.007.000) 07/28 17:53:13 Job executing on host: <144.92.142.192:9620?sock=11062_0af0_13>
...
006 (14398.007.000) 07/28 17:53:22 Image size of job updated: 5260
	6  -  MemoryUsage of job (MB)
	5260  -  ResidentSetSize of job (KB)
...
006 (14398.007.000) 07/28 17:56:57 Image size of job updated: 278932
	6  -  MemoryUsage of job (MB)
	5260  -  ResidentSetSize of job (KB)
...
005 (14398.007.000) 07/28 17:56:57 Job terminated.
	(1) Normal termination (return value 0)
		Usr 0 00:02:15, Sys 0 00:00:01  -  Run Remote Usage
		Usr 0 00:00:00, Sys 0 00:00:00  -  Run Local Usage
		Usr 0 00:02:15, Sys 0 00:00:01  -  Total Remote Usage
		Usr 0 00:00:00, Sys 0 00:00:00  -  Total Local Usage
	0  -  Run Bytes Sent By Job
	0  -  Run Bytes Received By Job
	0  -  Total Bytes Sent By Job
	0  -  Total Bytes Received By Job
	Partitionable Resources :    Usage  Request Allocated
	   Cpus                 :                 1         1
	   Disk (KB)            :        1        1  36037729
	   Memory (MB)          :        6     2048      3228
...
