000 (14398.026.000) 07/28 17:53:02 Job submitted from host: <144.92.142.140:9620?sock=9267_cb64_3>
...
001 (14398.026.000) 07/28 17:54:50 Job executing on host: <144.92.142.178:9620?sock=3470_c397_3>
...
006 (14398.026.000) 07/28 17:54:59 Image size of job updated: 1516
	2  -  MemoryUsage of job (MB)
	1516  -  ResidentSetSize of job (KB)
...
006 (14398.026.000) 07/28 17:59:59 Image size of job updated: 16588
	17  -  MemoryUsage of job (MB)
	16588  -  ResidentSetSize of job (KB)
...
006 (14398.026.000) 07/28 18:03:21 Image size of job updated: 586384
	17  -  MemoryUsage of job (MB)
	16588  -  ResidentSetSize of job (KB)
...
005 (14398.026.000) 07/28 18:03:21 Job terminated.
	(1) Normal termination (return value 1)
		Usr 0 00:00:00, Sys 0 00:00:00  -  Run Remote Usage
		Usr 0 00:00:00, Sys 0 00:00:00  -  Run Local Usage
		Usr 0 00:00:00, Sys 0 00:00:00  -  Total Remote Usage
		Usr 0 00:00:00, Sys 0 00:00:00  -  Total Local Usage
	0  -  Run Bytes Sent By Job
	0  -  Run Bytes Received By Job
	0  -  Total Bytes Sent By Job
	0  -  Total Bytes Received By Job
	Partitionable Resources :    Usage  Request Allocated
	   Cpus                 :                 1         1
	   Disk (KB)            :        1        1  48717544
	   Memory (MB)          :       17     2048      4031
...
