000 (14398.030.000) 07/28 17:53:02 Job submitted from host: <144.92.142.140:9620?sock=9267_cb64_3>
...
001 (14398.030.000) 07/28 17:53:35 Job executing on host: <144.92.142.178:9620?sock=3470_c397_3>
...
006 (14398.030.000) 07/28 17:53:43 Image size of job updated: 3504
	4  -  MemoryUsage of job (MB)
	3504  -  ResidentSetSize of job (KB)
...
006 (14398.030.000) 07/28 17:58:43 Image size of job updated: 32952
	33  -  MemoryUsage of job (MB)
	32952  -  ResidentSetSize of job (KB)
...
006 (14398.030.000) 07/28 18:01:32 Image size of job updated: 586384
	33  -  MemoryUsage of job (MB)
	32952  -  ResidentSetSize of job (KB)
...
005 (14398.030.000) 07/28 18:01:32 Job terminated.
	(1) Normal termination (return value 1)
		Usr 0 00:00:00, Sys 0 00:00:00  -  Run Remote Usage
		Usr 0 00:00:00, Sys 0 00:00:00  -  Run Local Usage
		Usr 0 00:00:00, Sys 0 00:00:00  -  Total Remote Usage
		Usr 0 00:00:00, Sys 0 00:00:00  -  Total Local Usage
	0  -  Run Bytes Sent By Job
	0  -  Run Bytes Received By Job
	0  -  Total Bytes Sent By Job
	0  -  Total Bytes Received By Job
	Partitionable Resources :    Usage  Request Allocated
	   Cpus                 :                 1         1
	   Disk (KB)            :        1        1  48717544
	   Memory (MB)          :       33     2048      4031
...
