000 (14398.002.000) 07/28 17:53:01 Job submitted from host: <144.92.142.140:9620?sock=9267_cb64_3>
...
001 (14398.002.000) 07/28 17:53:15 Job executing on host: <144.92.142.178:9620?sock=3470_c397_3>
...
006 (14398.002.000) 07/28 17:53:24 Image size of job updated: 3624
	4  -  MemoryUsage of job (MB)
	3624  -  ResidentSetSize of job (KB)
...
006 (14398.002.000) 07/28 17:58:25 Image size of job updated: 40448
	40  -  MemoryUsage of job (MB)
	40448  -  ResidentSetSize of job (KB)
...
006 (14398.002.000) 07/28 18:01:32 Image size of job updated: 1761632
	40  -  MemoryUsage of job (MB)
	40448  -  ResidentSetSize of job (KB)
...
005 (14398.002.000) 07/28 18:01:32 Job terminated.
	(1) Normal termination (return value 0)
		Usr 0 00:01:05, Sys 0 00:00:01  -  Run Remote Usage
		Usr 0 00:00:00, Sys 0 00:00:00  -  Run Local Usage
		Usr 0 00:01:05, Sys 0 00:00:01  -  Total Remote Usage
		Usr 0 00:00:00, Sys 0 00:00:00  -  Total Local Usage
	0  -  Run Bytes Sent By Job
	0  -  Run Bytes Received By Job
	0  -  Total Bytes Sent By Job
	0  -  Total Bytes Received By Job
	Partitionable Resources :    Usage  Request Allocated
	   Cpus                 :                 1         1
	   Disk (KB)            :        1        1  47952734
	   Memory (MB)          :       40     2048      4031
...
