000 (14398.017.000) 07/28 17:53:02 Job submitted from host: <144.92.142.140:9620?sock=9267_cb64_3>
...
001 (14398.017.000) 07/28 17:54:07 Job executing on host: <144.92.142.180:9620?sock=7678_2498_3>
...
006 (14398.017.000) 07/28 17:54:16 Image size of job updated: 3444
	4  -  MemoryUsage of job (MB)
	3444  -  ResidentSetSize of job (KB)
...
006 (14398.017.000) 07/28 17:58:20 Image size of job updated: 42896
	4  -  MemoryUsage of job (MB)
	3444  -  ResidentSetSize of job (KB)
...
005 (14398.017.000) 07/28 17:58:20 Job terminated.
	(1) Normal termination (return value 1)
		Usr 0 00:00:00, Sys 0 00:00:00  -  Run Remote Usage
		Usr 0 00:00:00, Sys 0 00:00:00  -  Run Local Usage
		Usr 0 00:00:00, Sys 0 00:00:00  -  Total Remote Usage
		Usr 0 00:00:00, Sys 0 00:00:00  -  Total Local Usage
	0  -  Run Bytes Sent By Job
	0  -  Run Bytes Received By Job
	0  -  Total Bytes Sent By Job
	0  -  Total Bytes Received By Job
	Partitionable Resources :    Usage  Request Allocated
	   Cpus                 :                 1         1
	   Disk (KB)            :        1        1  37427764
	   Memory (MB)          :        4     2048      3228
...
