000 (14398.018.000) 07/28 17:53:02 Job submitted from host: <144.92.142.140:9620?sock=9267_cb64_3>
...
001 (14398.018.000) 07/28 17:54:08 Job executing on host: <144.92.142.192:9620?sock=11062_0af0_13>
...
006 (14398.018.000) 07/28 17:54:17 Image size of job updated: 3456
	4  -  MemoryUsage of job (MB)
	3456  -  ResidentSetSize of job (KB)
...
006 (14398.018.000) 07/28 17:59:15 Image size of job updated: 106220
	4  -  MemoryUsage of job (MB)
	3456  -  ResidentSetSize of job (KB)
...
005 (14398.018.000) 07/28 17:59:15 Job terminated.
	(1) Normal termination (return value 1)
		Usr 0 00:00:00, Sys 0 00:00:00  -  Run Remote Usage
		Usr 0 00:00:00, Sys 0 00:00:00  -  Run Local Usage
		Usr 0 00:00:00, Sys 0 00:00:00  -  Total Remote Usage
		Usr 0 00:00:00, Sys 0 00:00:00  -  Total Local Usage
	0  -  Run Bytes Sent By Job
	0  -  Run Bytes Received By Job
	0  -  Total Bytes Sent By Job
	0  -  Total Bytes Received By Job
	Partitionable Resources :    Usage  Request Allocated
	   Cpus                 :                 1         4
	   Disk (KB)            :        1        1  36114251
	   Memory (MB)          :        4     2048     12915
...
