000 (14407.114.000) 07/28 17:55:14 Job submitted from host: <144.92.142.140:9620?sock=9267_cb64_3>
...
001 (14407.114.000) 07/29 04:11:34 Job executing on host: <144.92.142.156:9620?sock=7917_a1a6_3>
...
006 (14407.114.000) 07/29 04:11:42 Image size of job updated: 32884
	33  -  MemoryUsage of job (MB)
	32884  -  ResidentSetSize of job (KB)
...
006 (14407.114.000) 07/29 04:16:42 Image size of job updated: 254304
	249  -  MemoryUsage of job (MB)
	254304  -  ResidentSetSize of job (KB)
...
006 (14407.114.000) 07/29 04:26:43 Image size of job updated: 347800
	340  -  MemoryUsage of job (MB)
	347800  -  ResidentSetSize of job (KB)
...
006 (14407.114.000) 07/29 04:31:43 Image size of job updated: 349648
	342  -  MemoryUsage of job (MB)
	349648  -  ResidentSetSize of job (KB)
...
006 (14407.114.000) 07/29 04:36:43 Image size of job updated: 349700
	342  -  MemoryUsage of job (MB)
	349700  -  ResidentSetSize of job (KB)
...
006 (14407.114.000) 07/29 04:41:44 Image size of job updated: 351096
	343  -  MemoryUsage of job (MB)
	351096  -  ResidentSetSize of job (KB)
...
006 (14407.114.000) 07/29 04:46:45 Image size of job updated: 352776
	345  -  MemoryUsage of job (MB)
	352776  -  ResidentSetSize of job (KB)
...
006 (14407.114.000) 07/29 04:51:45 Image size of job updated: 353588
	346  -  MemoryUsage of job (MB)
	353588  -  ResidentSetSize of job (KB)
...
006 (14407.114.000) 07/29 05:06:47 Image size of job updated: 403068
	394  -  MemoryUsage of job (MB)
	403068  -  ResidentSetSize of job (KB)
...
006 (14407.114.000) 07/29 05:41:50 Image size of job updated: 403128
	394  -  MemoryUsage of job (MB)
	403128  -  ResidentSetSize of job (KB)
...
005 (14407.114.000) 07/29 06:46:01 Job terminated.
	(1) Normal termination (return value 0)
		Usr 0 03:07:00, Sys 0 00:13:03  -  Run Remote Usage
		Usr 0 00:00:00, Sys 0 00:00:00  -  Run Local Usage
		Usr 0 03:07:00, Sys 0 00:13:03  -  Total Remote Usage
		Usr 0 00:00:00, Sys 0 00:00:00  -  Total Local Usage
	0  -  Run Bytes Sent By Job
	0  -  Run Bytes Received By Job
	0  -  Total Bytes Sent By Job
	0  -  Total Bytes Received By Job
	Partitionable Resources :    Usage  Request Allocated
	   Cpus                 :                 1         1
	   Disk (KB)            :        1        1 140448130
	   Memory (MB)          :      394     8192     21265
...
