000 (14407.056.000) 07/28 17:55:13 Job submitted from host: <144.92.142.140:9620?sock=9267_cb64_3>
...
001 (14407.056.000) 07/29 01:46:08 Job executing on host: <144.92.142.156:9620?sock=7917_a1a6_3>
...
006 (14407.056.000) 07/29 01:46:16 Image size of job updated: 31616
	31  -  MemoryUsage of job (MB)
	31616  -  ResidentSetSize of job (KB)
...
006 (14407.056.000) 07/29 01:51:16 Image size of job updated: 3075676
	3004  -  MemoryUsage of job (MB)
	3075676  -  ResidentSetSize of job (KB)
...
006 (14407.056.000) 07/29 01:56:16 Image size of job updated: 5251964
	5129  -  MemoryUsage of job (MB)
	5251964  -  ResidentSetSize of job (KB)
...
006 (14407.056.000) 07/29 02:01:17 Image size of job updated: 6059924
	5918  -  MemoryUsage of job (MB)
	6059924  -  ResidentSetSize of job (KB)
...
006 (14407.056.000) 07/29 02:06:18 Image size of job updated: 6059964
	5918  -  MemoryUsage of job (MB)
	6059964  -  ResidentSetSize of job (KB)
...
006 (14407.056.000) 07/29 02:11:18 Image size of job updated: 6060004
	5918  -  MemoryUsage of job (MB)
	6060004  -  ResidentSetSize of job (KB)
...
006 (14407.056.000) 07/29 02:16:19 Image size of job updated: 6060040
	5919  -  MemoryUsage of job (MB)
	6060040  -  ResidentSetSize of job (KB)
...
006 (14407.056.000) 07/29 02:21:20 Image size of job updated: 6060080
	5919  -  MemoryUsage of job (MB)
	6060080  -  ResidentSetSize of job (KB)
...
006 (14407.056.000) 07/29 02:26:20 Image size of job updated: 6060124
	5919  -  MemoryUsage of job (MB)
	6060124  -  ResidentSetSize of job (KB)
...
006 (14407.056.000) 07/29 06:01:42 Image size of job updated: 6060128
	5919  -  MemoryUsage of job (MB)
	6060128  -  ResidentSetSize of job (KB)
...
006 (14407.056.000) 07/29 06:41:47 Image size of job updated: 6070152
	5928  -  MemoryUsage of job (MB)
	6070152  -  ResidentSetSize of job (KB)
...
006 (14407.056.000) 07/29 09:02:03 Image size of job updated: 6075676
	5934  -  MemoryUsage of job (MB)
	6075676  -  ResidentSetSize of job (KB)
...
006 (14407.056.000) 07/29 09:12:04 Image size of job updated: 6075736
	5934  -  MemoryUsage of job (MB)
	6075736  -  ResidentSetSize of job (KB)
...
006 (14407.056.000) 07/29 09:17:05 Image size of job updated: 6273888
	6127  -  MemoryUsage of job (MB)
	6273888  -  ResidentSetSize of job (KB)
...
006 (14407.056.000) 07/29 09:32:06 Image size of job updated: 6275848
	6129  -  MemoryUsage of job (MB)
	6275848  -  ResidentSetSize of job (KB)
...
006 (14407.056.000) 07/29 09:42:07 Image size of job updated: 6276096
	6129  -  MemoryUsage of job (MB)
	6276096  -  ResidentSetSize of job (KB)
...
006 (14407.056.000) 07/29 09:57:09 Image size of job updated: 6276208
	6130  -  MemoryUsage of job (MB)
	6276208  -  ResidentSetSize of job (KB)
...
006 (14407.056.000) 07/29 10:07:10 Image size of job updated: 6276504
	6130  -  MemoryUsage of job (MB)
	6276504  -  ResidentSetSize of job (KB)
...
006 (14407.056.000) 07/29 10:22:12 Image size of job updated: 6276608
	6130  -  MemoryUsage of job (MB)
	6276608  -  ResidentSetSize of job (KB)
...
006 (14407.056.000) 07/29 10:32:13 Image size of job updated: 6276816
	6130  -  MemoryUsage of job (MB)
	6276816  -  ResidentSetSize of job (KB)
...
006 (14407.056.000) 07/29 10:42:14 Image size of job updated: 6277080
	6130  -  MemoryUsage of job (MB)
	6277080  -  ResidentSetSize of job (KB)
...
006 (14407.056.000) 07/29 11:07:17 Image size of job updated: 6277264
	6131  -  MemoryUsage of job (MB)
	6277264  -  ResidentSetSize of job (KB)
...
006 (14407.056.000) 07/29 11:17:19 Image size of job updated: 6277584
	6131  -  MemoryUsage of job (MB)
	6277584  -  ResidentSetSize of job (KB)
...
005 (14407.056.000) 07/29 11:25:27 Job terminated.
	(1) Normal termination (return value 0)
		Usr 0 12:24:29, Sys 0 01:00:40  -  Run Remote Usage
		Usr 0 00:00:00, Sys 0 00:00:00  -  Run Local Usage
		Usr 0 12:24:29, Sys 0 01:00:40  -  Total Remote Usage
		Usr 0 00:00:00, Sys 0 00:00:00  -  Total Local Usage
	0  -  Run Bytes Sent By Job
	0  -  Run Bytes Received By Job
	0  -  Total Bytes Sent By Job
	0  -  Total Bytes Received By Job
	Partitionable Resources :    Usage  Request Allocated
	   Cpus                 :                 1         1
	   Disk (KB)            :        1        1 140433402
	   Memory (MB)          :     6131     8192     21265
...
