013 (14387.046.000) 07/28 18:09:41 Job was released.
	via condor_release (by user jferiante)
...
001 (14387.046.000) 07/28 18:10:19 Job executing on host: <144.92.142.181:9620?sock=7576_d24e_3>
...
007 (14387.046.000) 07/28 18:10:19 Shadow exception!
	Error from slot3@opt-a016.discovery.wisc.edu: Failed to execute '/mnt/ws/home/jferiante/wid_jobs/th_deep_belief_net/wid-stnn_dbn-pcba.sh': (errno=2: 'No such file or directory')
	0  -  Run Bytes Sent By Job
	0  -  Run Bytes Received By Job
...
012 (14387.046.000) 07/28 18:10:19 Job was held.
	Error from slot3@opt-a016.discovery.wisc.edu: Failed to execute '/mnt/ws/home/jferiante/wid_jobs/th_deep_belief_net/wid-stnn_dbn-pcba.sh': (errno=2: 'No such file or directory')
	Code 6 Subcode 2
...
013 (14387.046.000) 07/28 18:10:36 Job was released.
	via condor_release (by user jferiante)
...
001 (14387.046.000) 07/28 18:11:17 Job executing on host: <144.92.142.136:9620?sock=6083_9576_4>
...
007 (14387.046.000) 07/28 18:11:17 Shadow exception!
	Error from slot12@roy-exec-1.discovery.wisc.edu: Failed to execute '/mnt/ws/home/jferiante/wid_jobs/th_deep_belief_net/wid-stnn_dbn-pcba.sh': (errno=2: 'No such file or directory')
	0  -  Run Bytes Sent By Job
	0  -  Run Bytes Received By Job
...
012 (14387.046.000) 07/28 18:11:17 Job was held.
	Error from slot12@roy-exec-1.discovery.wisc.edu: Failed to execute '/mnt/ws/home/jferiante/wid_jobs/th_deep_belief_net/wid-stnn_dbn-pcba.sh': (errno=2: 'No such file or directory')
	Code 6 Subcode 2
...
013 (14387.046.000) 07/28 19:07:45 Job was released.
	via condor_release (by user jferiante)
...
001 (14387.046.000) 07/28 19:08:38 Job executing on host: <144.92.142.162:9620?sock=10446_6bfc_3>
...
007 (14387.046.000) 07/28 19:08:38 Shadow exception!
	Error from slot6@opt-a002.discovery.wisc.edu: Failed to execute '/mnt/ws/home/jferiante/wid_jobs/th_deep_belief_net/wid-stnn_dbn-pcba.sh': (errno=2: 'No such file or directory')
	0  -  Run Bytes Sent By Job
	0  -  Run Bytes Received By Job
...
012 (14387.046.000) 07/28 19:08:38 Job was held.
	Error from slot6@opt-a002.discovery.wisc.edu: Failed to execute '/mnt/ws/home/jferiante/wid_jobs/th_deep_belief_net/wid-stnn_dbn-pcba.sh': (errno=2: 'No such file or directory')
	Code 6 Subcode 2
...
013 (14387.046.000) 07/28 19:37:52 Job was released.
	via condor_release (by user jferiante)
...
001 (14387.046.000) 07/28 19:47:19 Job executing on host: <144.92.142.164:9620?sock=10436_0991_3>
...
007 (14387.046.000) 07/28 19:47:19 Shadow exception!
	Error from slot6@opt-a004.discovery.wisc.edu: Failed to execute '/mnt/ws/home/jferiante/wid_jobs/th_deep_belief_net/wid-stnn_dbn-pcba.sh': (errno=2: 'No such file or directory')
	0  -  Run Bytes Sent By Job
	0  -  Run Bytes Received By Job
...
012 (14387.046.000) 07/28 19:47:19 Job was held.
	Error from slot6@opt-a004.discovery.wisc.edu: Failed to execute '/mnt/ws/home/jferiante/wid_jobs/th_deep_belief_net/wid-stnn_dbn-pcba.sh': (errno=2: 'No such file or directory')
	Code 6 Subcode 2
...
009 (14387.046.000) 07/29 12:01:22 Job was aborted by the user.
	via condor_rm (by user jferiante)
...
