000 (14407.110.000) 07/28 17:55:13 Job submitted from host: <144.92.142.140:9620?sock=9267_cb64_3>
...
001 (14407.110.000) 07/29 03:44:02 Job executing on host: <144.92.142.155:9620?sock=2739_f5d7_3>
...
006 (14407.110.000) 07/29 03:44:11 Image size of job updated: 35244
	35  -  MemoryUsage of job (MB)
	35244  -  ResidentSetSize of job (KB)
...
006 (14407.110.000) 07/29 03:49:12 Image size of job updated: 250180
	245  -  MemoryUsage of job (MB)
	250180  -  ResidentSetSize of job (KB)
...
006 (14407.110.000) 07/29 03:59:12 Image size of job updated: 341568
	334  -  MemoryUsage of job (MB)
	341568  -  ResidentSetSize of job (KB)
...
006 (14407.110.000) 07/29 04:04:13 Image size of job updated: 345496
	338  -  MemoryUsage of job (MB)
	345496  -  ResidentSetSize of job (KB)
...
006 (14407.110.000) 07/29 04:09:13 Image size of job updated: 345756
	338  -  MemoryUsage of job (MB)
	345756  -  ResidentSetSize of job (KB)
...
006 (14407.110.000) 07/29 04:14:13 Image size of job updated: 346532
	339  -  MemoryUsage of job (MB)
	346532  -  ResidentSetSize of job (KB)
...
006 (14407.110.000) 07/29 04:19:14 Image size of job updated: 348284
	341  -  MemoryUsage of job (MB)
	348284  -  ResidentSetSize of job (KB)
...
006 (14407.110.000) 07/29 04:24:15 Image size of job updated: 350272
	343  -  MemoryUsage of job (MB)
	350272  -  ResidentSetSize of job (KB)
...
006 (14407.110.000) 07/29 04:39:17 Image size of job updated: 350296
	343  -  MemoryUsage of job (MB)
	350296  -  ResidentSetSize of job (KB)
...
006 (14407.110.000) 07/29 04:44:17 Image size of job updated: 351604
	344  -  MemoryUsage of job (MB)
	351604  -  ResidentSetSize of job (KB)
...
006 (14407.110.000) 07/29 05:04:18 Image size of job updated: 351816
	344  -  MemoryUsage of job (MB)
	351816  -  ResidentSetSize of job (KB)
...
006 (14407.110.000) 07/29 05:59:25 Image size of job updated: 351824
	344  -  MemoryUsage of job (MB)
	351824  -  ResidentSetSize of job (KB)
...
006 (14407.110.000) 07/29 06:12:10 Image size of job updated: 1539480
	344  -  MemoryUsage of job (MB)
	351824  -  ResidentSetSize of job (KB)
...
005 (14407.110.000) 07/29 06:12:10 Job terminated.
	(1) Normal termination (return value 0)
		Usr 0 03:09:59, Sys 0 00:13:05  -  Run Remote Usage
		Usr 0 00:00:00, Sys 0 00:00:00  -  Run Local Usage
		Usr 0 03:09:59, Sys 0 00:13:05  -  Total Remote Usage
		Usr 0 00:00:00, Sys 0 00:00:00  -  Total Local Usage
	0  -  Run Bytes Sent By Job
	0  -  Run Bytes Received By Job
	0  -  Total Bytes Sent By Job
	0  -  Total Bytes Received By Job
	Partitionable Resources :    Usage  Request Allocated
	   Cpus                 :                 1         1
	   Disk (KB)            :        1        1 140438986
	   Memory (MB)          :      344     8192     21265
...
