000 (14407.020.000) 07/28 17:55:13 Job submitted from host: <144.92.142.140:9620?sock=9267_cb64_3>
...
001 (14407.020.000) 07/28 19:18:01 Job executing on host: <144.92.142.156:9620?sock=7917_a1a6_3>
...
006 (14407.020.000) 07/28 19:18:10 Image size of job updated: 31504
	31  -  MemoryUsage of job (MB)
	31504  -  ResidentSetSize of job (KB)
...
006 (14407.020.000) 07/28 19:23:10 Image size of job updated: 2577512
	2518  -  MemoryUsage of job (MB)
	2577512  -  ResidentSetSize of job (KB)
...
006 (14407.020.000) 07/28 19:28:10 Image size of job updated: 3102192
	3030  -  MemoryUsage of job (MB)
	3102192  -  ResidentSetSize of job (KB)
...
006 (14407.020.000) 07/28 19:33:11 Image size of job updated: 3102236
	3030  -  MemoryUsage of job (MB)
	3102236  -  ResidentSetSize of job (KB)
...
006 (14407.020.000) 07/28 19:38:12 Image size of job updated: 3102284
	3030  -  MemoryUsage of job (MB)
	3102284  -  ResidentSetSize of job (KB)
...
006 (14407.020.000) 07/28 20:13:15 Image size of job updated: 3102292
	3030  -  MemoryUsage of job (MB)
	3102292  -  ResidentSetSize of job (KB)
...
006 (14407.020.000) 07/28 20:33:17 Image size of job updated: 3102300
	3030  -  MemoryUsage of job (MB)
	3102300  -  ResidentSetSize of job (KB)
...
006 (14407.020.000) 07/28 21:48:25 Image size of job updated: 3102304
	3030  -  MemoryUsage of job (MB)
	3102304  -  ResidentSetSize of job (KB)
...
006 (14407.020.000) 07/28 23:33:35 Image size of job updated: 3107660
	3035  -  MemoryUsage of job (MB)
	3107660  -  ResidentSetSize of job (KB)
...
006 (14407.020.000) 07/28 23:38:35 Image size of job updated: 3313040
	3236  -  MemoryUsage of job (MB)
	3313040  -  ResidentSetSize of job (KB)
...
006 (14407.020.000) 07/28 23:48:37 Image size of job updated: 3315008
	3238  -  MemoryUsage of job (MB)
	3315008  -  ResidentSetSize of job (KB)
...
006 (14407.020.000) 07/28 23:53:37 Image size of job updated: 3795860
	3707  -  MemoryUsage of job (MB)
	3795860  -  ResidentSetSize of job (KB)
...
006 (14407.020.000) 07/29 00:08:39 Image size of job updated: 4735568
	4625  -  MemoryUsage of job (MB)
	4735568  -  ResidentSetSize of job (KB)
...
006 (14407.020.000) 07/29 01:23:48 Image size of job updated: 4736444
	4626  -  MemoryUsage of job (MB)
	4736444  -  ResidentSetSize of job (KB)
...
006 (14407.020.000) 07/29 01:43:47 Image size of job updated: 5231048
	4626  -  MemoryUsage of job (MB)
	4736444  -  ResidentSetSize of job (KB)
...
005 (14407.020.000) 07/29 01:43:47 Job terminated.
	(1) Normal termination (return value 0)
		Usr 0 08:06:57, Sys 0 00:37:19  -  Run Remote Usage
		Usr 0 00:00:00, Sys 0 00:00:00  -  Run Local Usage
		Usr 0 08:06:57, Sys 0 00:37:19  -  Total Remote Usage
		Usr 0 00:00:00, Sys 0 00:00:00  -  Total Local Usage
	0  -  Run Bytes Sent By Job
	0  -  Run Bytes Received By Job
	0  -  Total Bytes Sent By Job
	0  -  Total Bytes Received By Job
	Partitionable Resources :    Usage  Request Allocated
	   Cpus                 :                 1         1
	   Disk (KB)            :        1        1 140448580
	   Memory (MB)          :     4626     8192     21265
...
