000 (14407.028.000) 07/28 17:55:13 Job submitted from host: <144.92.142.140:9620?sock=9267_cb64_3>
...
001 (14407.028.000) 07/28 19:52:57 Job executing on host: <144.92.142.136:9620?sock=6083_9576_4>
...
006 (14407.028.000) 07/28 19:53:06 Image size of job updated: 37968
	38  -  MemoryUsage of job (MB)
	37968  -  ResidentSetSize of job (KB)
...
006 (14407.028.000) 07/28 19:58:07 Image size of job updated: 3721716
	3634  -  MemoryUsage of job (MB)
	3721168  -  ResidentSetSize of job (KB)
...
006 (14407.028.000) 07/28 20:03:07 Image size of job updated: 3937208
	3845  -  MemoryUsage of job (MB)
	3936660  -  ResidentSetSize of job (KB)
...
006 (14407.028.000) 07/28 20:08:08 Image size of job updated: 3972408
	3879  -  MemoryUsage of job (MB)
	3971860  -  ResidentSetSize of job (KB)
...
006 (14407.028.000) 07/28 20:13:09 Image size of job updated: 3983048
	3890  -  MemoryUsage of job (MB)
	3982500  -  ResidentSetSize of job (KB)
...
006 (14407.028.000) 07/28 20:53:12 Image size of job updated: 3983088
	3890  -  MemoryUsage of job (MB)
	3982540  -  ResidentSetSize of job (KB)
...
006 (14407.028.000) 07/28 20:58:13 Image size of job updated: 3987216
	3894  -  MemoryUsage of job (MB)
	3986668  -  ResidentSetSize of job (KB)
...
006 (14407.028.000) 07/28 22:28:22 Image size of job updated: 3994000
	3900  -  MemoryUsage of job (MB)
	3993264  -  ResidentSetSize of job (KB)
...
006 (14407.028.000) 07/28 22:33:22 Image size of job updated: 3997448
	3904  -  MemoryUsage of job (MB)
	3996680  -  ResidentSetSize of job (KB)
...
006 (14407.028.000) 07/28 22:38:22 Image size of job updated: 4018516
	3924  -  MemoryUsage of job (MB)
	4017748  -  ResidentSetSize of job (KB)
...
006 (14407.028.000) 07/28 22:43:23 Image size of job updated: 4019556
	3925  -  MemoryUsage of job (MB)
	4018788  -  ResidentSetSize of job (KB)
...
006 (14407.028.000) 07/28 22:48:24 Image size of job updated: 4019596
	3925  -  MemoryUsage of job (MB)
	4018828  -  ResidentSetSize of job (KB)
...
006 (14407.028.000) 07/28 22:58:25 Image size of job updated: 4019604
	3925  -  MemoryUsage of job (MB)
	4018836  -  ResidentSetSize of job (KB)
...
006 (14407.028.000) 07/28 23:13:26 Image size of job updated: 4019688
	3925  -  MemoryUsage of job (MB)
	4018920  -  ResidentSetSize of job (KB)
...
006 (14407.028.000) 07/28 23:18:27 Image size of job updated: 4019852
	3925  -  MemoryUsage of job (MB)
	4019084  -  ResidentSetSize of job (KB)
...
006 (14407.028.000) 07/28 23:38:29 Image size of job updated: 4019940
	3925  -  MemoryUsage of job (MB)
	4019172  -  ResidentSetSize of job (KB)
...
006 (14407.028.000) 07/28 23:43:29 Image size of job updated: 4041032
	3946  -  MemoryUsage of job (MB)
	4040264  -  ResidentSetSize of job (KB)
...
006 (14407.028.000) 07/28 23:53:31 Image size of job updated: 4064352
	3969  -  MemoryUsage of job (MB)
	4063584  -  ResidentSetSize of job (KB)
...
006 (14407.028.000) 07/28 23:58:31 Image size of job updated: 4081292
	3985  -  MemoryUsage of job (MB)
	4080524  -  ResidentSetSize of job (KB)
...
006 (14407.028.000) 07/29 00:03:31 Image size of job updated: 4096180
	4000  -  MemoryUsage of job (MB)
	4095412  -  ResidentSetSize of job (KB)
...
006 (14407.028.000) 07/29 00:08:32 Image size of job updated: 4096492
	4000  -  MemoryUsage of job (MB)
	4095724  -  ResidentSetSize of job (KB)
...
005 (14407.028.000) 07/29 00:13:04 Job terminated.
	(1) Normal termination (return value 0)
		Usr 0 22:06:11, Sys 0 02:29:45  -  Run Remote Usage
		Usr 0 00:00:00, Sys 0 00:00:00  -  Run Local Usage
		Usr 0 22:06:11, Sys 0 02:29:45  -  Total Remote Usage
		Usr 0 00:00:00, Sys 0 00:00:00  -  Total Local Usage
	0  -  Run Bytes Sent By Job
	0  -  Run Bytes Received By Job
	0  -  Total Bytes Sent By Job
	0  -  Total Bytes Received By Job
	Partitionable Resources :    Usage  Request Allocated
	   Cpus                 :                 1         1
	   Disk (KB)            :        1        1  26194291
	   Memory (MB)          :     4000     8192     12288
...
