000 (14407.099.000) 07/28 17:55:13 Job submitted from host: <144.92.142.140:9620?sock=9267_cb64_3>
...
001 (14407.099.000) 07/29 02:52:21 Job executing on host: <144.92.142.151:9620?sock=7917_a1a6_3>
...
006 (14407.099.000) 07/29 02:52:30 Image size of job updated: 36764
	36  -  MemoryUsage of job (MB)
	36764  -  ResidentSetSize of job (KB)
...
006 (14407.099.000) 07/29 02:57:31 Image size of job updated: 3884408
	3794  -  MemoryUsage of job (MB)
	3884408  -  ResidentSetSize of job (KB)
...
006 (14407.099.000) 07/29 03:02:31 Image size of job updated: 4363400
	4262  -  MemoryUsage of job (MB)
	4363400  -  ResidentSetSize of job (KB)
...
006 (14407.099.000) 07/29 03:07:31 Image size of job updated: 4363440
	4262  -  MemoryUsage of job (MB)
	4363440  -  ResidentSetSize of job (KB)
...
006 (14407.099.000) 07/29 03:12:32 Image size of job updated: 4363480
	4262  -  MemoryUsage of job (MB)
	4363480  -  ResidentSetSize of job (KB)
...
006 (14407.099.000) 07/29 03:17:33 Image size of job updated: 4363520
	4262  -  MemoryUsage of job (MB)
	4363520  -  ResidentSetSize of job (KB)
...
006 (14407.099.000) 07/29 03:22:33 Image size of job updated: 4363556
	4262  -  MemoryUsage of job (MB)
	4363556  -  ResidentSetSize of job (KB)
...
006 (14407.099.000) 07/29 03:52:36 Image size of job updated: 4363596
	4262  -  MemoryUsage of job (MB)
	4363596  -  ResidentSetSize of job (KB)
...
006 (14407.099.000) 07/29 06:22:53 Image size of job updated: 4363600
	4262  -  MemoryUsage of job (MB)
	4363600  -  ResidentSetSize of job (KB)
...
006 (14407.099.000) 07/29 08:53:09 Image size of job updated: 4370024
	4268  -  MemoryUsage of job (MB)
	4370024  -  ResidentSetSize of job (KB)
...
006 (14407.099.000) 07/29 08:58:09 Image size of job updated: 4370028
	4268  -  MemoryUsage of job (MB)
	4370028  -  ResidentSetSize of job (KB)
...
006 (14407.099.000) 07/29 09:03:09 Image size of job updated: 4563944
	4457  -  MemoryUsage of job (MB)
	4563944  -  ResidentSetSize of job (KB)
...
006 (14407.099.000) 07/29 09:18:10 Image size of job updated: 4564812
	4458  -  MemoryUsage of job (MB)
	4564812  -  ResidentSetSize of job (KB)
...
006 (14407.099.000) 07/29 09:28:12 Image size of job updated: 4575036
	4468  -  MemoryUsage of job (MB)
	4575036  -  ResidentSetSize of job (KB)
...
006 (14407.099.000) 07/29 09:38:12 Image size of job updated: 4575040
	4468  -  MemoryUsage of job (MB)
	4575040  -  ResidentSetSize of job (KB)
...
006 (14407.099.000) 07/29 09:58:14 Image size of job updated: 4575168
	4468  -  MemoryUsage of job (MB)
	4575168  -  ResidentSetSize of job (KB)
...
006 (14407.099.000) 07/29 10:08:15 Image size of job updated: 4575180
	4468  -  MemoryUsage of job (MB)
	4575180  -  ResidentSetSize of job (KB)
...
006 (14407.099.000) 07/29 10:28:17 Image size of job updated: 4575712
	4469  -  MemoryUsage of job (MB)
	4575712  -  ResidentSetSize of job (KB)
...
006 (14407.099.000) 07/29 10:43:18 Image size of job updated: 4575844
	4469  -  MemoryUsage of job (MB)
	4575844  -  ResidentSetSize of job (KB)
...
005 (14407.099.000) 07/29 10:46:46 Job terminated.
	(1) Normal termination (return value 0)
		Usr 0 09:28:08, Sys 0 01:36:53  -  Run Remote Usage
		Usr 0 00:00:00, Sys 0 00:00:00  -  Run Local Usage
		Usr 0 09:28:08, Sys 0 01:36:53  -  Total Remote Usage
		Usr 0 00:00:00, Sys 0 00:00:00  -  Total Local Usage
	0  -  Run Bytes Sent By Job
	0  -  Run Bytes Received By Job
	0  -  Total Bytes Sent By Job
	0  -  Total Bytes Received By Job
	Partitionable Resources :    Usage  Request Allocated
	   Cpus                 :                 1         1
	   Disk (KB)            :        1        1 140425363
	   Memory (MB)          :     4469     8192     21265
...
