000 (14407.030.000) 07/28 17:55:13 Job submitted from host: <144.92.142.140:9620?sock=9267_cb64_3>
...
001 (14407.030.000) 07/28 20:05:00 Job executing on host: <144.92.142.192:9620?sock=11062_0af0_13>
...
006 (14407.030.000) 07/28 20:05:08 Image size of job updated: 21740
	22  -  MemoryUsage of job (MB)
	21740  -  ResidentSetSize of job (KB)
...
006 (14407.030.000) 07/28 20:10:08 Image size of job updated: 1320692
	1290  -  MemoryUsage of job (MB)
	1320692  -  ResidentSetSize of job (KB)
...
006 (14407.030.000) 07/28 20:15:08 Image size of job updated: 1320696
	1290  -  MemoryUsage of job (MB)
	1320696  -  ResidentSetSize of job (KB)
...
006 (14407.030.000) 07/28 20:30:09 Image size of job updated: 1323512
	1293  -  MemoryUsage of job (MB)
	1323512  -  ResidentSetSize of job (KB)
...
006 (14407.030.000) 07/28 20:40:10 Image size of job updated: 1329664
	1299  -  MemoryUsage of job (MB)
	1329664  -  ResidentSetSize of job (KB)
...
006 (14407.030.000) 07/28 21:00:13 Image size of job updated: 1332784
	1302  -  MemoryUsage of job (MB)
	1332784  -  ResidentSetSize of job (KB)
...
006 (14407.030.000) 07/28 21:05:13 Image size of job updated: 1336156
	1305  -  MemoryUsage of job (MB)
	1336156  -  ResidentSetSize of job (KB)
...
006 (14407.030.000) 07/28 21:10:13 Image size of job updated: 1897896
	1854  -  MemoryUsage of job (MB)
	1897896  -  ResidentSetSize of job (KB)
...
005 (14407.030.000) 07/28 22:05:22 Job terminated.
	(1) Normal termination (return value 0)
		Usr 1 07:34:49, Sys 0 03:24:34  -  Run Remote Usage
		Usr 0 00:00:00, Sys 0 00:00:00  -  Run Local Usage
		Usr 1 07:34:49, Sys 0 03:24:34  -  Total Remote Usage
		Usr 0 00:00:00, Sys 0 00:00:00  -  Total Local Usage
	0  -  Run Bytes Sent By Job
	0  -  Run Bytes Received By Job
	0  -  Total Bytes Sent By Job
	0  -  Total Bytes Received By Job
	Partitionable Resources :    Usage  Request Allocated
	   Cpus                 :                 1         4
	   Disk (KB)            :        1        1  37428486
	   Memory (MB)          :     1854     8192     12915
...
