013 (14387.104.000) 07/28 18:09:41 Job was released.
	via condor_release (by user jferiante)
...
001 (14387.104.000) 07/28 18:10:25 Job executing on host: <144.92.142.155:9620?sock=2739_f5d7_3>
...
007 (14387.104.000) 07/28 18:10:25 Shadow exception!
	Error from slot11@wid-005.discovery.wisc.edu: Failed to execute '/mnt/ws/home/jferiante/wid_jobs/th_deep_belief_net/wid-stnn_dbn-pcba.sh': (errno=2: 'No such file or directory')
	0  -  Run Bytes Sent By Job
	0  -  Run Bytes Received By Job
...
012 (14387.104.000) 07/28 18:10:25 Job was held.
	Error from slot11@wid-005.discovery.wisc.edu: Failed to execute '/mnt/ws/home/jferiante/wid_jobs/th_deep_belief_net/wid-stnn_dbn-pcba.sh': (errno=2: 'No such file or directory')
	Code 6 Subcode 2
...
013 (14387.104.000) 07/28 18:10:36 Job was released.
	via condor_release (by user jferiante)
...
001 (14387.104.000) 07/28 18:11:25 Job executing on host: <144.92.142.136:9620?sock=6083_9576_4>
...
007 (14387.104.000) 07/28 18:11:25 Shadow exception!
	Error from slot12@roy-exec-1.discovery.wisc.edu: Failed to execute '/mnt/ws/home/jferiante/wid_jobs/th_deep_belief_net/wid-stnn_dbn-pcba.sh': (errno=2: 'No such file or directory')
	0  -  Run Bytes Sent By Job
	0  -  Run Bytes Received By Job
...
012 (14387.104.000) 07/28 18:11:25 Job was held.
	Error from slot12@roy-exec-1.discovery.wisc.edu: Failed to execute '/mnt/ws/home/jferiante/wid_jobs/th_deep_belief_net/wid-stnn_dbn-pcba.sh': (errno=2: 'No such file or directory')
	Code 6 Subcode 2
...
013 (14387.104.000) 07/28 19:07:45 Job was released.
	via condor_release (by user jferiante)
...
001 (14387.104.000) 07/28 19:08:46 Job executing on host: <144.92.142.161:9620?sock=10442_34dc_3>
...
007 (14387.104.000) 07/28 19:08:46 Shadow exception!
	Error from slot5@opt-a001.discovery.wisc.edu: Failed to execute '/mnt/ws/home/jferiante/wid_jobs/th_deep_belief_net/wid-stnn_dbn-pcba.sh': (errno=2: 'No such file or directory')
	0  -  Run Bytes Sent By Job
	0  -  Run Bytes Received By Job
...
012 (14387.104.000) 07/28 19:08:46 Job was held.
	Error from slot5@opt-a001.discovery.wisc.edu: Failed to execute '/mnt/ws/home/jferiante/wid_jobs/th_deep_belief_net/wid-stnn_dbn-pcba.sh': (errno=2: 'No such file or directory')
	Code 6 Subcode 2
...
013 (14387.104.000) 07/28 19:37:52 Job was released.
	via condor_release (by user jferiante)
...
001 (14387.104.000) 07/28 19:47:26 Job executing on host: <144.92.142.164:9620?sock=10436_0991_3>
...
007 (14387.104.000) 07/28 19:47:26 Shadow exception!
	Error from slot6@opt-a004.discovery.wisc.edu: Failed to execute '/mnt/ws/home/jferiante/wid_jobs/th_deep_belief_net/wid-stnn_dbn-pcba.sh': (errno=2: 'No such file or directory')
	0  -  Run Bytes Sent By Job
	0  -  Run Bytes Received By Job
...
012 (14387.104.000) 07/28 19:47:26 Job was held.
	Error from slot6@opt-a004.discovery.wisc.edu: Failed to execute '/mnt/ws/home/jferiante/wid_jobs/th_deep_belief_net/wid-stnn_dbn-pcba.sh': (errno=2: 'No such file or directory')
	Code 6 Subcode 2
...
009 (14387.104.000) 07/29 12:01:22 Job was aborted by the user.
	via condor_rm (by user jferiante)
...
