000 (14407.016.000) 07/28 17:55:13 Job submitted from host: <144.92.142.140:9620?sock=9267_cb64_3>
...
001 (14407.016.000) 07/28 19:14:03 Job executing on host: <144.92.142.151:9620?sock=7917_a1a6_3>
...
006 (14407.016.000) 07/28 19:14:11 Image size of job updated: 32228
	32  -  MemoryUsage of job (MB)
	32228  -  ResidentSetSize of job (KB)
...
006 (14407.016.000) 07/28 19:19:11 Image size of job updated: 2404672
	2349  -  MemoryUsage of job (MB)
	2404672  -  ResidentSetSize of job (KB)
...
006 (14407.016.000) 07/28 19:24:12 Image size of job updated: 3456836
	3376  -  MemoryUsage of job (MB)
	3456836  -  ResidentSetSize of job (KB)
...
006 (14407.016.000) 07/28 19:29:13 Image size of job updated: 3456876
	3376  -  MemoryUsage of job (MB)
	3456876  -  ResidentSetSize of job (KB)
...
006 (14407.016.000) 07/28 19:34:13 Image size of job updated: 3456916
	3376  -  MemoryUsage of job (MB)
	3456916  -  ResidentSetSize of job (KB)
...
006 (14407.016.000) 07/28 19:39:14 Image size of job updated: 3456960
	3376  -  MemoryUsage of job (MB)
	3456960  -  ResidentSetSize of job (KB)
...
006 (14407.016.000) 07/28 19:59:17 Image size of job updated: 3456964
	3376  -  MemoryUsage of job (MB)
	3456964  -  ResidentSetSize of job (KB)
...
006 (14407.016.000) 07/28 20:59:22 Image size of job updated: 3456968
	3376  -  MemoryUsage of job (MB)
	3456968  -  ResidentSetSize of job (KB)
...
006 (14407.016.000) 07/28 21:59:28 Image size of job updated: 3456972
	3376  -  MemoryUsage of job (MB)
	3456972  -  ResidentSetSize of job (KB)
...
006 (14407.016.000) 07/28 23:49:40 Image size of job updated: 3462436
	3382  -  MemoryUsage of job (MB)
	3462436  -  ResidentSetSize of job (KB)
...
006 (14407.016.000) 07/28 23:54:40 Image size of job updated: 3999740
	3906  -  MemoryUsage of job (MB)
	3999740  -  ResidentSetSize of job (KB)
...
006 (14407.016.000) 07/29 00:04:41 Image size of job updated: 5243760
	5121  -  MemoryUsage of job (MB)
	5243760  -  ResidentSetSize of job (KB)
...
006 (14407.016.000) 07/29 01:04:47 Image size of job updated: 5245476
	5123  -  MemoryUsage of job (MB)
	5245476  -  ResidentSetSize of job (KB)
...
006 (14407.016.000) 07/29 01:54:52 Image size of job updated: 5246000
	5124  -  MemoryUsage of job (MB)
	5246000  -  ResidentSetSize of job (KB)
...
006 (14407.016.000) 07/29 02:19:54 Image size of job updated: 5246420
	5124  -  MemoryUsage of job (MB)
	5246420  -  ResidentSetSize of job (KB)
...
005 (14407.016.000) 07/29 02:50:36 Job terminated.
	(1) Normal termination (return value 0)
		Usr 0 09:01:20, Sys 0 01:32:40  -  Run Remote Usage
		Usr 0 00:00:00, Sys 0 00:00:00  -  Run Local Usage
		Usr 0 09:01:20, Sys 0 01:32:40  -  Total Remote Usage
		Usr 0 00:00:00, Sys 0 00:00:00  -  Total Local Usage
	0  -  Run Bytes Sent By Job
	0  -  Run Bytes Received By Job
	0  -  Total Bytes Sent By Job
	0  -  Total Bytes Received By Job
	Partitionable Resources :    Usage  Request Allocated
	   Cpus                 :                 1         1
	   Disk (KB)            :        1        1 140448582
	   Memory (MB)          :     5124     8192     21265
...
