000 (14407.095.000) 07/28 17:55:13 Job submitted from host: <144.92.142.140:9620?sock=9267_cb64_3>
...
001 (14407.095.000) 07/29 03:17:33 Job executing on host: <144.92.142.164:9620?sock=10436_0991_3>
...
006 (14407.095.000) 07/29 03:17:41 Image size of job updated: 27768
	28  -  MemoryUsage of job (MB)
	27768  -  ResidentSetSize of job (KB)
...
006 (14407.095.000) 07/29 03:22:41 Image size of job updated: 2598656
	2538  -  MemoryUsage of job (MB)
	2598656  -  ResidentSetSize of job (KB)
...
006 (14407.095.000) 07/29 03:27:42 Image size of job updated: 5841516
	5705  -  MemoryUsage of job (MB)
	5841516  -  ResidentSetSize of job (KB)
...
006 (14407.095.000) 07/29 03:32:42 Image size of job updated: 6879900
	6719  -  MemoryUsage of job (MB)
	6879900  -  ResidentSetSize of job (KB)
...
006 (14407.095.000) 07/29 03:37:42 Image size of job updated: 7072044
	6907  -  MemoryUsage of job (MB)
	7072044  -  ResidentSetSize of job (KB)
...
006 (14407.095.000) 07/29 03:42:43 Image size of job updated: 7072148
	6907  -  MemoryUsage of job (MB)
	7072148  -  ResidentSetSize of job (KB)
...
006 (14407.095.000) 07/29 03:57:44 Image size of job updated: 7072168
	6907  -  MemoryUsage of job (MB)
	7072168  -  ResidentSetSize of job (KB)
...
006 (14407.095.000) 07/29 04:17:46 Image size of job updated: 7072200
	6907  -  MemoryUsage of job (MB)
	7072200  -  ResidentSetSize of job (KB)
...
006 (14407.095.000) 07/29 04:47:49 Image size of job updated: 7074904
	6910  -  MemoryUsage of job (MB)
	7074904  -  ResidentSetSize of job (KB)
...
006 (14407.095.000) 07/29 04:52:49 Image size of job updated: 7112632
	6946  -  MemoryUsage of job (MB)
	7112632  -  ResidentSetSize of job (KB)
...
006 (14407.095.000) 07/29 05:07:50 Image size of job updated: 7112688
	6946  -  MemoryUsage of job (MB)
	7112688  -  ResidentSetSize of job (KB)
...
006 (14407.095.000) 07/29 05:22:52 Image size of job updated: 7120960
	6955  -  MemoryUsage of job (MB)
	7120960  -  ResidentSetSize of job (KB)
...
006 (14407.095.000) 07/29 06:48:01 Image size of job updated: 7127392
	6961  -  MemoryUsage of job (MB)
	7127392  -  ResidentSetSize of job (KB)
...
006 (14407.095.000) 07/29 06:53:02 Image size of job updated: 7127476
	6961  -  MemoryUsage of job (MB)
	7127476  -  ResidentSetSize of job (KB)
...
006 (14407.095.000) 07/29 06:58:03 Image size of job updated: 7135940
	6969  -  MemoryUsage of job (MB)
	7135940  -  ResidentSetSize of job (KB)
...
006 (14407.095.000) 07/29 07:03:03 Image size of job updated: 7136380
	6970  -  MemoryUsage of job (MB)
	7136380  -  ResidentSetSize of job (KB)
...
006 (14407.095.000) 07/29 07:08:03 Image size of job updated: 7136520
	6970  -  MemoryUsage of job (MB)
	7136520  -  ResidentSetSize of job (KB)
...
006 (14407.095.000) 07/29 07:23:04 Image size of job updated: 7136544
	6970  -  MemoryUsage of job (MB)
	7136544  -  ResidentSetSize of job (KB)
...
006 (14407.095.000) 07/29 07:33:06 Image size of job updated: 7145592
	6979  -  MemoryUsage of job (MB)
	7145592  -  ResidentSetSize of job (KB)
...
006 (14407.095.000) 07/29 07:38:06 Image size of job updated: 7146448
	6979  -  MemoryUsage of job (MB)
	7146448  -  ResidentSetSize of job (KB)
...
005 (14407.095.000) 07/29 07:40:24 Job terminated.
	(1) Normal termination (return value 0)
		Usr 4 14:03:20, Sys 0 08:42:59  -  Run Remote Usage
		Usr 0 00:00:00, Sys 0 00:00:00  -  Run Local Usage
		Usr 4 14:03:20, Sys 0 08:42:59  -  Total Remote Usage
		Usr 0 00:00:00, Sys 0 00:00:00  -  Total Local Usage
	0  -  Run Bytes Sent By Job
	0  -  Run Bytes Received By Job
	0  -  Total Bytes Sent By Job
	0  -  Total Bytes Received By Job
	Partitionable Resources :    Usage  Request Allocated
	   Cpus                 :                 1         4
	   Disk (KB)            :        1        1  34974615
	   Memory (MB)          :     6979     8192     12915
...
