000 (14407.068.000) 07/28 17:55:13 Job submitted from host: <144.92.142.140:9620?sock=9267_cb64_3>
...
001 (14407.068.000) 07/29 01:11:09 Job executing on host: <144.92.142.151:9620?sock=7917_a1a6_3>
...
006 (14407.068.000) 07/29 01:11:18 Image size of job updated: 16840
	17  -  MemoryUsage of job (MB)
	16840  -  ResidentSetSize of job (KB)
...
006 (14407.068.000) 07/29 01:16:19 Image size of job updated: 3250860
	3175  -  MemoryUsage of job (MB)
	3250860  -  ResidentSetSize of job (KB)
...
006 (14407.068.000) 07/29 01:21:20 Image size of job updated: 5688852
	5556  -  MemoryUsage of job (MB)
	5688852  -  ResidentSetSize of job (KB)
...
006 (14407.068.000) 07/29 01:26:20 Image size of job updated: 5688892
	5556  -  MemoryUsage of job (MB)
	5688892  -  ResidentSetSize of job (KB)
...
006 (14407.068.000) 07/29 01:31:21 Image size of job updated: 5688936
	5556  -  MemoryUsage of job (MB)
	5688936  -  ResidentSetSize of job (KB)
...
006 (14407.068.000) 07/29 01:36:22 Image size of job updated: 5688976
	5556  -  MemoryUsage of job (MB)
	5688976  -  ResidentSetSize of job (KB)
...
006 (14407.068.000) 07/29 01:41:22 Image size of job updated: 5689020
	5556  -  MemoryUsage of job (MB)
	5689020  -  ResidentSetSize of job (KB)
...
006 (14407.068.000) 07/29 02:51:28 Image size of job updated: 5689028
	5556  -  MemoryUsage of job (MB)
	5689028  -  ResidentSetSize of job (KB)
...
006 (14407.068.000) 07/29 04:26:39 Image size of job updated: 5689032
	5556  -  MemoryUsage of job (MB)
	5689032  -  ResidentSetSize of job (KB)
...
006 (14407.068.000) 07/29 06:36:53 Image size of job updated: 5695476
	5562  -  MemoryUsage of job (MB)
	5695476  -  ResidentSetSize of job (KB)
...
006 (14407.068.000) 07/29 06:46:54 Image size of job updated: 5891120
	5754  -  MemoryUsage of job (MB)
	5891120  -  ResidentSetSize of job (KB)
...
006 (14407.068.000) 07/29 06:56:55 Image size of job updated: 7135616
	6969  -  MemoryUsage of job (MB)
	7135616  -  ResidentSetSize of job (KB)
...
005 (14407.068.000) 07/29 08:43:57 Job terminated.
	(1) Normal termination (return value 0)
		Usr 0 08:44:27, Sys 0 01:31:16  -  Run Remote Usage
		Usr 0 00:00:00, Sys 0 00:00:00  -  Run Local Usage
		Usr 0 08:44:27, Sys 0 01:31:16  -  Total Remote Usage
		Usr 0 00:00:00, Sys 0 00:00:00  -  Total Local Usage
	0  -  Run Bytes Sent By Job
	0  -  Run Bytes Received By Job
	0  -  Total Bytes Sent By Job
	0  -  Total Bytes Received By Job
	Partitionable Resources :    Usage  Request Allocated
	   Cpus                 :                 1         1
	   Disk (KB)            :        1        1 140448582
	   Memory (MB)          :     6969     8192     21265
...
