000 (14407.006.000) 07/28 17:55:13 Job submitted from host: <144.92.142.140:9620?sock=9267_cb64_3>
...
001 (14407.006.000) 07/28 18:59:09 Job executing on host: <144.92.142.161:9620?sock=10442_34dc_3>
...
006 (14407.006.000) 07/28 18:59:18 Image size of job updated: 26600
	26  -  MemoryUsage of job (MB)
	26600  -  ResidentSetSize of job (KB)
...
006 (14407.006.000) 07/28 19:04:18 Image size of job updated: 4968932
	4853  -  MemoryUsage of job (MB)
	4968932  -  ResidentSetSize of job (KB)
...
005 (14407.006.000) 07/28 22:15:03 Job terminated.
	(1) Normal termination (return value 0)
		Usr 2 19:37:43, Sys 0 06:05:41  -  Run Remote Usage
		Usr 0 00:00:00, Sys 0 00:00:00  -  Run Local Usage
		Usr 2 19:37:43, Sys 0 06:05:41  -  Total Remote Usage
		Usr 0 00:00:00, Sys 0 00:00:00  -  Total Local Usage
	0  -  Run Bytes Sent By Job
	0  -  Run Bytes Received By Job
	0  -  Total Bytes Sent By Job
	0  -  Total Bytes Received By Job
	Partitionable Resources :    Usage  Request Allocated
	   Cpus                 :                 1         4
	   Disk (KB)            :        1        1  34974600
	   Memory (MB)          :     4853     8192     12915
...
