000 (14407.011.000) 07/28 17:55:13 Job submitted from host: <144.92.142.140:9620?sock=9267_cb64_3>
...
001 (14407.011.000) 07/28 19:06:33 Job executing on host: <144.92.142.156:9620?sock=7917_a1a6_3>
...
006 (14407.011.000) 07/28 19:06:42 Image size of job updated: 37920
	38  -  MemoryUsage of job (MB)
	37920  -  ResidentSetSize of job (KB)
...
006 (14407.011.000) 07/28 19:11:43 Image size of job updated: 2585024
	2525  -  MemoryUsage of job (MB)
	2585024  -  ResidentSetSize of job (KB)
...
006 (14407.011.000) 07/28 19:16:44 Image size of job updated: 3102628
	3030  -  MemoryUsage of job (MB)
	3102628  -  ResidentSetSize of job (KB)
...
006 (14407.011.000) 07/28 19:21:44 Image size of job updated: 3102684
	3030  -  MemoryUsage of job (MB)
	3102684  -  ResidentSetSize of job (KB)
...
006 (14407.011.000) 07/28 19:26:45 Image size of job updated: 3102728
	3031  -  MemoryUsage of job (MB)
	3102728  -  ResidentSetSize of job (KB)
...
006 (14407.011.000) 07/28 19:31:46 Image size of job updated: 3102740
	3031  -  MemoryUsage of job (MB)
	3102740  -  ResidentSetSize of job (KB)
...
006 (14407.011.000) 07/28 23:12:07 Image size of job updated: 3108300
	3036  -  MemoryUsage of job (MB)
	3108300  -  ResidentSetSize of job (KB)
...
006 (14407.011.000) 07/28 23:22:08 Image size of job updated: 3312624
	3235  -  MemoryUsage of job (MB)
	3312624  -  ResidentSetSize of job (KB)
...
006 (14407.011.000) 07/28 23:27:09 Image size of job updated: 4728296
	4618  -  MemoryUsage of job (MB)
	4728296  -  ResidentSetSize of job (KB)
...
006 (14407.011.000) 07/28 23:42:11 Image size of job updated: 4728748
	4618  -  MemoryUsage of job (MB)
	4728748  -  ResidentSetSize of job (KB)
...
006 (14407.011.000) 07/29 00:22:14 Image size of job updated: 4729524
	4619  -  MemoryUsage of job (MB)
	4729524  -  ResidentSetSize of job (KB)
...
005 (14407.011.000) 07/29 01:23:12 Job terminated.
	(1) Normal termination (return value 0)
		Usr 0 07:49:44, Sys 0 00:35:34  -  Run Remote Usage
		Usr 0 00:00:00, Sys 0 00:00:00  -  Run Local Usage
		Usr 0 07:49:44, Sys 0 00:35:34  -  Total Remote Usage
		Usr 0 00:00:00, Sys 0 00:00:00  -  Total Local Usage
	0  -  Run Bytes Sent By Job
	0  -  Run Bytes Received By Job
	0  -  Total Bytes Sent By Job
	0  -  Total Bytes Received By Job
	Partitionable Resources :    Usage  Request Allocated
	   Cpus                 :                 1         1
	   Disk (KB)            :        1        1 140448582
	   Memory (MB)          :     4619     8192     21265
...
